{
  "repair_begin": "2021-05-07 07:45:05.227026",
  "repair_end": "2021-05-07 07:59:20.231459",
  "patches": [
    {
      "target_file": "src/service.c",
      "fix": "",
      "edits": [
        "113a114,120\n> #include <stdio.h>\n> FILE *fp = fopen(\"/data/SearchRepair/ShoutCTF_0/outputs/service.c_output.txt\", \"w\");\n> unsigned char *buffer_afs;\n> int i_afs;\n> fprintf(fp, \"input start:\\n\");\n> fprintf(fp, \"--------------------------------\\n\");\n> fflush(fp);\n115a123,125\n> fprintf(fp, \"input start:\\n\");\n> fclose(fp);\n> if(0);\n",
        "111a112,118\n> #include <stdio.h>\n> FILE *fp = fopen(\"/data/SearchRepair/ShoutCTF_0/outputs/service.c_output.txt\", \"w\");\n> unsigned char *buffer_afs;\n> int i_afs;\n> fprintf(fp, \"input start:\\n\");\n> fprintf(fp, \"--------------------------------\\n\");\n> fflush(fp);\n113a121,123\n> fprintf(fp, \"input start:\\n\");\n> fclose(fp);\n> if(0);\n"
      ]
    }
  ],
  "compilations": 3,
  "failed_compilations": 2,
  "outcomes": {
    "7a654e14": {
      "compiles": [
        0
      ]
    },
    "sanity_check": {
      "compiles": [
        0
      ],
      "pos_tests": {
        "p1": [
          {
            "outcome": 1,
            "code": 0,
            "duration": 25
          }
        ],
        "p2": [
          {
            "outcome": 1,
            "code": 0,
            "duration": 3
          }
        ],
        "p3": [
          {
            "outcome": 1,
            "code": 0,
            "duration": 4
          }
        ],
        "p4": [
          {
            "outcome": 0,
            "code": 3,
            "duration": 29
          }
        ],
        "p5": [
          {
            "outcome": 1,
            "code": 0,
            "duration": 34
          }
        ],
        "p6": [
          {
            "outcome": 1,
            "code": 0,
            "duration": 5
          }
        ],
        "p7": [
          {
            "outcome": 1,
            "code": 0,
            "duration": 11
          }
        ],
        "p8": [
          {
            "outcome": 1,
            "code": 0,
            "duration": 1
          }
        ],
        "p9": [
          {
            "outcome": 1,
            "code": 0,
            "duration": 31
          }
        ],
        "p10": [
          {
            "outcome": 1,
            "code": 0,
            "duration": 8
          }
        ],
        "p11": [
          {
            "outcome": 1,
            "code": 0,
            "duration": 22
          }
        ],
        "p12": [
          {
            "outcome": 1,
            "code": 0,
            "duration": 9
          }
        ],
        "p13": [
          {
            "outcome": 1,
            "code": 0,
            "duration": 11
          }
        ],
        "p14": [
          {
            "outcome": 1,
            "code": 0,
            "duration": 7
          }
        ],
        "p15": [
          {
            "outcome": 1,
            "code": 0,
            "duration": 1
          }
        ],
        "p16": [
          {
            "outcome": 1,
            "code": 0,
            "duration": 18
          }
        ],
        "p17": [
          {
            "outcome": 1,
            "code": 0,
            "duration": 18
          }
        ],
        "p18": [
          {
            "outcome": 0,
            "code": 3,
            "duration": 25
          }
        ],
        "p19": [
          {
            "outcome": 1,
            "code": 0,
            "duration": 20
          }
        ],
        "p20": [
          {
            "outcome": 1,
            "code": 0,
            "duration": 12
          }
        ]
      },
      "neg_tests": {
        "n1": [
          {
            "outcome": 1,
            "code": 0,
            "duration": 55
          }
        ]
      }
    },
    "fault_localization": {
      "compiles": [
        0
      ],
      "pos_tests": {
        "p1": [
          {
            "outcome": 1,
            "code": 0,
            "duration": 26
          }
        ],
        "p2": [
          {
            "outcome": 1,
            "code": 0,
            "duration": 3
          }
        ],
        "p3": [
          {
            "outcome": 1,
            "code": 0,
            "duration": 4
          }
        ],
        "p5": [
          {
            "outcome": 1,
            "code": 0,
            "duration": 31
          }
        ],
        "p6": [
          {
            "outcome": 1,
            "code": 0,
            "duration": 5
          }
        ],
        "p7": [
          {
            "outcome": 1,
            "code": 0,
            "duration": 17
          }
        ],
        "p8": [
          {
            "outcome": 1,
            "code": 0,
            "duration": 1
          }
        ],
        "p9": [
          {
            "outcome": 0,
            "code": 3,
            "duration": 31
          }
        ],
        "p10": [
          {
            "outcome": 1,
            "code": 0,
            "duration": 8
          }
        ],
        "p11": [
          {
            "outcome": 1,
            "code": 0,
            "duration": 20
          }
        ],
        "p12": [
          {
            "outcome": 1,
            "code": 0,
            "duration": 9
          }
        ],
        "p13": [
          {
            "outcome": 1,
            "code": 0,
            "duration": 8
          }
        ],
        "p14": [
          {
            "outcome": 1,
            "code": 0,
            "duration": 5
          }
        ],
        "p15": [
          {
            "outcome": 1,
            "code": 0,
            "duration": 1
          }
        ],
        "p16": [
          {
            "outcome": 1,
            "code": 0,
            "duration": 19
          }
        ],
        "p17": [
          {
            "outcome": 1,
            "code": 0,
            "duration": 7
          }
        ],
        "p19": [
          {
            "outcome": 0,
            "code": 3,
            "duration": 21
          }
        ],
        "p20": [
          {
            "outcome": 1,
            "code": 0,
            "duration": 13
          }
        ],
        "p4": [
          {
            "outcome": 0,
            "code": 3,
            "duration": 29
          }
        ],
        "p18": [
          {
            "outcome": 0,
            "code": 3,
            "duration": 25
          }
        ]
      },
      "neg_tests": {
        "n1": []
      }
    },
    "fdf6de85": {
      "compiles": [
        1
      ],
      "msg": [
        "In file included from /usr/include/stdio.h:864,\n                 from /data/SearchRepair/ShoutCTF_0/ShoutCTF/src/service.c:114:\n/usr/include/bits/stdio.h: In function \u2018cgc_handle_register_user\u2019:\n/usr/include/bits/stdio.h:47:1: error: nested function \u2018getchar\u2019 declared \u2018extern\u2019\n   47 | getchar (void)\n      | ^~~~~~~\n/usr/include/bits/stdio.h:47:1: error: static declaration of \u2018getchar\u2019 follows non-static declaration\nIn file included from /data/SearchRepair/ShoutCTF_0/ShoutCTF/src/service.c:114:\n/usr/include/stdio.h:492:12: note: previous declaration of \u2018getchar\u2019 was here\n  492 | extern int getchar (void);\n      |            ^~~~~~~\nIn file included from /usr/include/stdio.h:864,\n                 from /data/SearchRepair/ShoutCTF_0/ShoutCTF/src/service.c:114:\n/usr/include/bits/stdio.h:56:1: error: nested function \u2018fgetc_unlocked\u2019 declared \u2018extern\u2019\n   56 | fgetc_unlocked (FILE *__fp)\n      | ^~~~~~~~~~~~~~\n/usr/include/bits/stdio.h:56:1: error: static declaration of \u2018fgetc_unlocked\u2019 follows non-static declaration\nIn file included from /data/SearchRepair/ShoutCTF_0/ShoutCTF/src/service.c:114:\n/usr/include/stdio.h:510:12: note: previous declaration of \u2018fgetc_unlocked\u2019 was here\n  510 | extern int fgetc_unlocked (FILE *__stream);\n      |            ^~~~~~~~~~~~~~\nIn file included from /usr/include/stdio.h:864,\n                 from /data/SearchRepair/ShoutCTF_0/ShoutCTF/src/service.c:114:\n/usr/include/bits/stdio.h:66:1: error: nested function \u2018getc_unlocked\u2019 declared \u2018extern\u2019\n   66 | getc_unlocked (FILE *__fp)\n      | ^~~~~~~~~~~~~\n/usr/include/bits/stdio.h:66:1: error: static declaration of \u2018getc_unlocked\u2019 follows non-static declaration\nIn file included from /data/SearchRepair/ShoutCTF_0/ShoutCTF/src/service.c:114:\n/usr/include/stdio.h:499:12: note: previous declaration of \u2018getc_unlocked\u2019 was here\n  499 | extern int getc_unlocked (FILE *__stream);\n      |            ^~~~~~~~~~~~~\nIn file included from /usr/include/stdio.h:864,\n                 from /data/SearchRepair/ShoutCTF_0/ShoutCTF/src/service.c:114:\n/usr/include/bits/stdio.h:73:1: error: nested function \u2018getchar_unlocked\u2019 declared \u2018extern\u2019\n   73 | getchar_unlocked (void)\n      | ^~~~~~~~~~~~~~~~\n/usr/include/bits/stdio.h:73:1: error: static declaration of \u2018getchar_unlocked\u2019 follows non-static declaration\nIn file included from /data/SearchRepair/ShoutCTF_0/ShoutCTF/src/service.c:114:\n/usr/include/stdio.h:500:12: note: previous declaration of \u2018getchar_unlocked\u2019 was here\n  500 | extern int getchar_unlocked (void);\n      |            ^~~~~~~~~~~~~~~~\nIn file included from /usr/include/stdio.h:864,\n                 from /data/SearchRepair/ShoutCTF_0/ShoutCTF/src/service.c:114:\n/usr/include/bits/stdio.h:82:1: error: nested function \u2018putchar\u2019 declared \u2018extern\u2019\n   82 | putchar (int __c)\n      | ^~~~~~~\n/usr/include/bits/stdio.h:82:1: error: static declaration of \u2018putchar\u2019 follows non-static declaration\nIn file included from /data/SearchRepair/ShoutCTF_0/ShoutCTF/src/service.c:114:\n/usr/include/stdio.h:528:12: note: previous declaration of \u2018putchar\u2019 was here\n  528 | extern int putchar (int __c);\n      |            ^~~~~~~\nIn file included from /usr/include/stdio.h:864,\n                 from /data/SearchRepair/ShoutCTF_0/ShoutCTF/src/service.c:114:\n/usr/include/bits/stdio.h:91:1: error: nested function \u2018fputc_unlocked\u2019 declared \u2018extern\u2019\n   91 | fputc_unlocked (int __c, FILE *__stream)\n      | ^~~~~~~~~~~~~~\n/usr/include/bits/stdio.h:91:1: error: static declaration of \u2018fputc_unlocked\u2019 follows non-static declaration\nIn file included from /data/SearchRepair/ShoutCTF_0/ShoutCTF/src/service.c:114:\n/usr/include/stdio.h:537:12: note: previous declaration of \u2018fputc_unlocked\u2019 was here\n  537 | extern int fputc_unlocked (int __c, FILE *__stream);\n      |            ^~~~~~~~~~~~~~\nIn file included from /usr/include/stdio.h:864,\n                 from /data/SearchRepair/ShoutCTF_0/ShoutCTF/src/service.c:114:\n/usr/include/bits/stdio.h:101:1: error: nested function \u2018putc_unlocked\u2019 declared \u2018extern\u2019\n  101 | putc_unlocked (int __c, FILE *__stream)\n      | ^~~~~~~~~~~~~\n/usr/include/bits/stdio.h:101:1: error: static declaration of \u2018putc_unlocked\u2019 follows non-static declaration\nIn file included from /data/SearchRepair/ShoutCTF_0/ShoutCTF/src/service.c:114:\n/usr/include/stdio.h:545:12: note: previous declaration of \u2018putc_unlocked\u2019 was here\n  545 | extern int putc_unlocked (int __c, FILE *__stream);\n      |            ^~~~~~~~~~~~~\nIn file included from /usr/include/stdio.h:864,\n                 from /data/SearchRepair/ShoutCTF_0/ShoutCTF/src/service.c:114:\n/usr/include/bits/stdio.h:108:1: error: nested function \u2018putchar_unlocked\u2019 declared \u2018extern\u2019\n  108 | putchar_unlocked (int __c)\n      | ^~~~~~~~~~~~~~~~\n/usr/include/bits/stdio.h:108:1: error: static declaration of \u2018putchar_unlocked\u2019 follows non-static declaration\nIn file included from /data/SearchRepair/ShoutCTF_0/ShoutCTF/src/service.c:114:\n/usr/include/stdio.h:546:12: note: previous declaration of \u2018putchar_unlocked\u2019 was here\n  546 | extern int putchar_unlocked (int __c);\n      |            ^~~~~~~~~~~~~~~~\nIn file included from /usr/include/features.h:461,\n                 from /usr/include/bits/libc-header-start.h:33,\n                 from /usr/include/stdio.h:27,\n                 from /data/SearchRepair/ShoutCTF_0/ShoutCTF/src/service.c:114:\n/usr/include/bits/stdio.h:128:1: error: nested function \u2018feof_unlocked\u2019 declared \u2018extern\u2019\n  128 | __NTH (feof_unlocked (FILE *__stream))\n      | ^~~~~\n/usr/include/bits/stdio.h:128:1: error: static declaration of \u2018feof_unlocked\u2019 follows non-static declaration\nIn file included from /data/SearchRepair/ShoutCTF_0/ShoutCTF/src/service.c:114:\n/usr/include/stdio.h:766:12: note: previous declaration of \u2018feof_unlocked\u2019 was here\n  766 | extern int feof_unlocked (FILE *__stream) __THROW __wur;\n      |            ^~~~~~~~~~~~~\nIn file included from /usr/include/features.h:461,\n                 from /usr/include/bits/libc-header-start.h:33,\n                 from /usr/include/stdio.h:27,\n                 from /data/SearchRepair/ShoutCTF_0/ShoutCTF/src/service.c:114:\n/usr/include/bits/stdio.h:135:1: error: nested function \u2018ferror_unlocked\u2019 declared \u2018extern\u2019\n  135 | __NTH (ferror_unlocked (FILE *__stream))\n      | ^~~~~\n/usr/include/bits/stdio.h:135:1: error: static declaration of \u2018ferror_unlocked\u2019 follows non-static declaration\nIn file included from /data/SearchRepair/ShoutCTF_0/ShoutCTF/src/service.c:114:\n/usr/include/stdio.h:767:12: note: previous declaration of \u2018ferror_unlocked\u2019 was here\n  767 | extern int ferror_unlocked (FILE *__stream) __THROW __wur;\n      |            ^~~~~~~~~~~~~~~\nIn file included from /usr/include/features.h:461,\n                 from /usr/include/bits/libc-header-start.h:33,\n                 from /usr/include/stdio.h:27,\n                 from /data/SearchRepair/ShoutCTF_0/ShoutCTF/src/service.c:114:\n/usr/include/bits/stdio2.h:34:1: error: nested function \u2018sprintf\u2019 declared \u2018extern\u2019\n   34 | __NTH (sprintf (char *__restrict __s, const char *__restrict __fmt, ...))\n      | ^~~~~\n/usr/include/bits/stdio2.h:34:1: error: static declaration of \u2018sprintf\u2019 follows non-static declaration\nIn file included from /data/SearchRepair/ShoutCTF_0/ShoutCTF/src/service.c:114:\n/usr/include/stdio.h:334:12: note: previous declaration of \u2018sprintf\u2019 was here\n  334 | extern int sprintf (char *__restrict __s,\n      |            ^~~~~~~\nIn file included from /usr/include/features.h:461,\n                 from /usr/include/bits/libc-header-start.h:33,\n                 from /usr/include/stdio.h:27,\n                 from /data/SearchRepair/ShoutCTF_0/ShoutCTF/src/service.c:114:\n/usr/include/bits/stdio2.h:46:1: error: nested function \u2018vsprintf\u2019 declared \u2018extern\u2019\n   46 | __NTH (vsprintf (char *__restrict __s, const char *__restrict __fmt,\n      | ^~~~~\n/usr/include/bits/stdio2.h:46:1: error: static declaration of \u2018vsprintf\u2019 follows non-static declaration\nIn file included from /data/SearchRepair/ShoutCTF_0/ShoutCTF/src/service.c:114:\n/usr/include/stdio.h:349:12: note: previous declaration of \u2018vsprintf\u2019 was here\n  349 | extern int vsprintf (char *__restrict __s, const char *__restrict __format,\n      |            ^~~~~~~~\nIn file included from /usr/include/features.h:461,\n                 from /usr/include/bits/libc-header-start.h:33,\n                 from /usr/include/stdio.h:27,\n                 from /data/SearchRepair/ShoutCTF_0/ShoutCTF/src/service.c:114:\n/usr/include/bits/stdio2.h:64:1: error: nested function \u2018snprintf\u2019 declared \u2018extern\u2019\n   64 | __NTH (snprintf (char *__restrict __s, size_t __n,\n      | ^~~~~\n/usr/include/bits/stdio2.h:64:1: error: static declaration of \u2018snprintf\u2019 follows non-static declaration\nIn file included from /data/SearchRepair/ShoutCTF_0/ShoutCTF/src/service.c:114:\n/usr/include/stdio.h:354:12: note: previous declaration of \u2018snprintf\u2019 was here\n  354 | extern int snprintf (char *__restrict __s, size_t __maxlen,\n      |            ^~~~~~~~\nIn file included from /usr/include/features.h:461,\n                 from /usr/include/bits/libc-header-start.h:33,\n                 from /usr/include/stdio.h:27,\n                 from /data/SearchRepair/ShoutCTF_0/ShoutCTF/src/service.c:114:\n/usr/include/bits/stdio2.h:77:1: error: nested function \u2018vsnprintf\u2019 declared \u2018extern\u2019\n   77 | __NTH (vsnprintf (char *__restrict __s, size_t __n,\n      | ^~~~~\n/usr/include/bits/stdio2.h:77:1: error: static declaration of \u2018vsnprintf\u2019 follows non-static declaration\nIn file included from /data/SearchRepair/ShoutCTF_0/ShoutCTF/src/service.c:114:\n/usr/include/stdio.h:358:12: note: previous declaration of \u2018vsnprintf\u2019 was here\n  358 | extern int vsnprintf (char *__restrict __s, size_t __maxlen,\n      |            ^~~~~~~~~\nIn file included from /usr/include/stdio.h:867,\n                 from /data/SearchRepair/ShoutCTF_0/ShoutCTF/src/service.c:114:\n/usr/include/bits/stdio2.h:98:1: error: nested function \u2018fprintf\u2019 declared \u2018extern\u2019\n   98 | fprintf (FILE *__restrict __stream, const char *__restrict __fmt, ...)\n      | ^~~~~~~\n/usr/include/bits/stdio2.h:98:1: error: static declaration of \u2018fprintf\u2019 follows non-static declaration\nIn file included from /data/SearchRepair/ShoutCTF_0/ShoutCTF/src/service.c:114:\n/usr/include/stdio.h:326:12: note: previous declaration of \u2018fprintf\u2019 was here\n  326 | extern int fprintf (FILE *__restrict __stream,\n      |            ^~~~~~~\nIn file included from /usr/include/stdio.h:867,\n                 from /data/SearchRepair/ShoutCTF_0/ShoutCTF/src/service.c:114:\n/usr/include/bits/stdio2.h:105:1: error: nested function \u2018printf\u2019 declared \u2018extern\u2019\n  105 | printf (const char *__restrict __fmt, ...)\n      | ^~~~~~\n/usr/include/bits/stdio2.h:105:1: error: static declaration of \u2018printf\u2019 follows non-static declaration\nIn file included from /data/SearchRepair/ShoutCTF_0/ShoutCTF/src/service.c:114:\n/usr/include/stdio.h:332:12: note: previous declaration of \u2018printf\u2019 was here\n  332 | extern int printf (const char *__restrict __format, ...);\n      |            ^~~~~~\nIn file included from /usr/include/stdio.h:867,\n                 from /data/SearchRepair/ShoutCTF_0/ShoutCTF/src/service.c:114:\n/usr/include/bits/stdio2.h:117:1: error: nested function \u2018vprintf\u2019 declared \u2018extern\u2019\n  117 | vprintf (const char *__restrict __fmt, __gnuc_va_list __ap)\n      | ^~~~~~~\n/usr/include/bits/stdio2.h:117:1: error: static declaration of \u2018vprintf\u2019 follows non-static declaration\nIn file included from /data/SearchRepair/ShoutCTF_0/ShoutCTF/src/service.c:114:\n/usr/include/stdio.h:347:12: note: previous declaration of \u2018vprintf\u2019 was here\n  347 | extern int vprintf (const char *__restrict __format, __gnuc_va_list __arg);\n      |            ^~~~~~~\nIn file included from /usr/include/stdio.h:867,\n                 from /data/SearchRepair/ShoutCTF_0/ShoutCTF/src/service.c:114:\n/usr/include/bits/stdio2.h:127:1: error: nested function \u2018vfprintf\u2019 declared \u2018extern\u2019\n  127 | vfprintf (FILE *__restrict __stream,\n      | ^~~~~~~~\n/usr/include/bits/stdio2.h:127:1: error: static declaration of \u2018vfprintf\u2019 follows non-static declaration\nIn file included from /data/SearchRepair/ShoutCTF_0/ShoutCTF/src/service.c:114:\n/usr/include/stdio.h:341:12: note: previous declaration of \u2018vfprintf\u2019 was here\n  341 | extern int vfprintf (FILE *__restrict __s, const char *__restrict __format,\n      |            ^~~~~~~~\nIn file included from /usr/include/stdio.h:867,\n                 from /data/SearchRepair/ShoutCTF_0/ShoutCTF/src/service.c:114:\n/usr/include/bits/stdio2.h:142:1: error: nested function \u2018dprintf\u2019 declared \u2018extern\u2019\n  142 | dprintf (int __fd, const char *__restrict __fmt, ...)\n      | ^~~~~~~\n/usr/include/bits/stdio2.h:142:1: error: static declaration of \u2018dprintf\u2019 follows non-static declaration\nIn file included from /data/SearchRepair/ShoutCTF_0/ShoutCTF/src/service.c:114:\n/usr/include/stdio.h:382:12: note: previous declaration of \u2018dprintf\u2019 was here\n  382 | extern int dprintf (int __fd, const char *__restrict __fmt, ...)\n      |            ^~~~~~~\nIn file included from /usr/include/stdio.h:867,\n                 from /data/SearchRepair/ShoutCTF_0/ShoutCTF/src/service.c:114:\n/usr/include/bits/stdio2.h:153:1: error: nested function \u2018vdprintf\u2019 declared \u2018extern\u2019\n  153 | vdprintf (int __fd, const char *__restrict __fmt, __gnuc_va_list __ap)\n      | ^~~~~~~~\n/usr/include/bits/stdio2.h:153:1: error: static declaration of \u2018vdprintf\u2019 follows non-static declaration\nIn file included from /data/SearchRepair/ShoutCTF_0/ShoutCTF/src/service.c:114:\n/usr/include/stdio.h:379:12: note: previous declaration of \u2018vdprintf\u2019 was here\n  379 | extern int vdprintf (int __fd, const char *__restrict __fmt,\n      |            ^~~~~~~~\nIn file included from /usr/include/stdio.h:867,\n                 from /data/SearchRepair/ShoutCTF_0/ShoutCTF/src/service.c:114:\n/usr/include/bits/stdio2.h:235:1: error: nested function \u2018gets\u2019 declared \u2018extern\u2019\n  235 | gets (char *__str)\n      | ^~~~\n/usr/include/bits/stdio2.h:235:1: error: static declaration of \u2018gets\u2019 follows non-static declaration\nIn file included from /data/SearchRepair/ShoutCTF_0/ShoutCTF/src/service.c:114:\n/usr/include/stdio.h:577:14: note: previous declaration of \u2018gets\u2019 was here\n  577 | extern char *gets (char *__s) __wur __attribute_deprecated__;\n      |              ^~~~\nIn file included from /usr/include/stdio.h:867,\n                 from /data/SearchRepair/ShoutCTF_0/ShoutCTF/src/service.c:114:\n/usr/include/bits/stdio2.h:255:1: error: nested function \u2018fgets\u2019 declared \u2018extern\u2019\n  255 | fgets (char *__restrict __s, int __n, FILE *__restrict __stream)\n      | ^~~~~\n/usr/include/bits/stdio2.h:255:1: error: static declaration of \u2018fgets\u2019 follows non-static declaration\nIn file included from /data/SearchRepair/ShoutCTF_0/ShoutCTF/src/service.c:114:\n/usr/include/stdio.h:564:14: note: previous declaration of \u2018fgets\u2019 was here\n  564 | extern char *fgets (char *__restrict __s, int __n, FILE *__restrict __stream)\n      |              ^~~~~\nIn file included from /usr/include/stdio.h:867,\n                 from /data/SearchRepair/ShoutCTF_0/ShoutCTF/src/service.c:114:\n/usr/include/bits/stdio2.h:284:1: error: nested function \u2018fread\u2019 declared \u2018extern\u2019\n  284 | fread (void *__restrict __ptr, size_t __size, size_t __n,\n      | ^~~~~\n/usr/include/bits/stdio2.h:284:1: error: static declaration of \u2018fread\u2019 follows non-static declaration\nIn file included from /data/SearchRepair/ShoutCTF_0/ShoutCTF/src/service.c:114:\n/usr/include/stdio.h:646:15: note: previous declaration of \u2018fread\u2019 was here\n  646 | extern size_t fread (void *__restrict __ptr, size_t __size,\n      |               ^~~~~\nIn file included from /usr/include/stdio.h:867,\n                 from /data/SearchRepair/ShoutCTF_0/ShoutCTF/src/service.c:114:\n/usr/include/bits/stdio2.h:345:1: error: nested function \u2018fread_unlocked\u2019 declared \u2018extern\u2019\n  345 | fread_unlocked (void *__restrict __ptr, size_t __size, size_t __n,\n      | ^~~~~~~~~~~~~~\n/usr/include/bits/stdio2.h:345:1: error: static declaration of \u2018fread_unlocked\u2019 follows non-static declaration\nIn file included from /data/SearchRepair/ShoutCTF_0/ShoutCTF/src/service.c:114:\n/usr/include/stdio.h:673:15: note: previous declaration of \u2018fread_unlocked\u2019 was here\n  673 | extern size_t fread_unlocked (void *__restrict __ptr, size_t __size,\n      |               ^~~~~~~~~~~~~~\nmake[2]: *** [ShoutCTF/CMakeFiles/ShoutCTF.dir/build.make:544: ShoutCTF/CMakeFiles/ShoutCTF.dir/src/service.c.o] Error 1\nmake[1]: *** [CMakeFiles/Makefile2:270: ShoutCTF/CMakeFiles/ShoutCTF.dir/all] Error 2\nmake: *** [Makefile:84: all] Error 2\n"
      ]
    },
    "23655b7f": {
      "compiles": [
        1
      ],
      "msg": [
        "In file included from /usr/include/stdio.h:864,\n                 from /data/SearchRepair/ShoutCTF_0/ShoutCTF/src/service.c:112:\n/usr/include/bits/stdio.h: In function \u2018cgc_handle_register_user\u2019:\n/usr/include/bits/stdio.h:47:1: error: nested function \u2018getchar\u2019 declared \u2018extern\u2019\n   47 | getchar (void)\n      | ^~~~~~~\n/usr/include/bits/stdio.h:47:1: error: static declaration of \u2018getchar\u2019 follows non-static declaration\nIn file included from /data/SearchRepair/ShoutCTF_0/ShoutCTF/src/service.c:112:\n/usr/include/stdio.h:492:12: note: previous declaration of \u2018getchar\u2019 was here\n  492 | extern int getchar (void);\n      |            ^~~~~~~\nIn file included from /usr/include/stdio.h:864,\n                 from /data/SearchRepair/ShoutCTF_0/ShoutCTF/src/service.c:112:\n/usr/include/bits/stdio.h:56:1: error: nested function \u2018fgetc_unlocked\u2019 declared \u2018extern\u2019\n   56 | fgetc_unlocked (FILE *__fp)\n      | ^~~~~~~~~~~~~~\n/usr/include/bits/stdio.h:56:1: error: static declaration of \u2018fgetc_unlocked\u2019 follows non-static declaration\nIn file included from /data/SearchRepair/ShoutCTF_0/ShoutCTF/src/service.c:112:\n/usr/include/stdio.h:510:12: note: previous declaration of \u2018fgetc_unlocked\u2019 was here\n  510 | extern int fgetc_unlocked (FILE *__stream);\n      |            ^~~~~~~~~~~~~~\nIn file included from /usr/include/stdio.h:864,\n                 from /data/SearchRepair/ShoutCTF_0/ShoutCTF/src/service.c:112:\n/usr/include/bits/stdio.h:66:1: error: nested function \u2018getc_unlocked\u2019 declared \u2018extern\u2019\n   66 | getc_unlocked (FILE *__fp)\n      | ^~~~~~~~~~~~~\n/usr/include/bits/stdio.h:66:1: error: static declaration of \u2018getc_unlocked\u2019 follows non-static declaration\nIn file included from /data/SearchRepair/ShoutCTF_0/ShoutCTF/src/service.c:112:\n/usr/include/stdio.h:499:12: note: previous declaration of \u2018getc_unlocked\u2019 was here\n  499 | extern int getc_unlocked (FILE *__stream);\n      |            ^~~~~~~~~~~~~\nIn file included from /usr/include/stdio.h:864,\n                 from /data/SearchRepair/ShoutCTF_0/ShoutCTF/src/service.c:112:\n/usr/include/bits/stdio.h:73:1: error: nested function \u2018getchar_unlocked\u2019 declared \u2018extern\u2019\n   73 | getchar_unlocked (void)\n      | ^~~~~~~~~~~~~~~~\n/usr/include/bits/stdio.h:73:1: error: static declaration of \u2018getchar_unlocked\u2019 follows non-static declaration\nIn file included from /data/SearchRepair/ShoutCTF_0/ShoutCTF/src/service.c:112:\n/usr/include/stdio.h:500:12: note: previous declaration of \u2018getchar_unlocked\u2019 was here\n  500 | extern int getchar_unlocked (void);\n      |            ^~~~~~~~~~~~~~~~\nIn file included from /usr/include/stdio.h:864,\n                 from /data/SearchRepair/ShoutCTF_0/ShoutCTF/src/service.c:112:\n/usr/include/bits/stdio.h:82:1: error: nested function \u2018putchar\u2019 declared \u2018extern\u2019\n   82 | putchar (int __c)\n      | ^~~~~~~\n/usr/include/bits/stdio.h:82:1: error: static declaration of \u2018putchar\u2019 follows non-static declaration\nIn file included from /data/SearchRepair/ShoutCTF_0/ShoutCTF/src/service.c:112:\n/usr/include/stdio.h:528:12: note: previous declaration of \u2018putchar\u2019 was here\n  528 | extern int putchar (int __c);\n      |            ^~~~~~~\nIn file included from /usr/include/stdio.h:864,\n                 from /data/SearchRepair/ShoutCTF_0/ShoutCTF/src/service.c:112:\n/usr/include/bits/stdio.h:91:1: error: nested function \u2018fputc_unlocked\u2019 declared \u2018extern\u2019\n   91 | fputc_unlocked (int __c, FILE *__stream)\n      | ^~~~~~~~~~~~~~\n/usr/include/bits/stdio.h:91:1: error: static declaration of \u2018fputc_unlocked\u2019 follows non-static declaration\nIn file included from /data/SearchRepair/ShoutCTF_0/ShoutCTF/src/service.c:112:\n/usr/include/stdio.h:537:12: note: previous declaration of \u2018fputc_unlocked\u2019 was here\n  537 | extern int fputc_unlocked (int __c, FILE *__stream);\n      |            ^~~~~~~~~~~~~~\nIn file included from /usr/include/stdio.h:864,\n                 from /data/SearchRepair/ShoutCTF_0/ShoutCTF/src/service.c:112:\n/usr/include/bits/stdio.h:101:1: error: nested function \u2018putc_unlocked\u2019 declared \u2018extern\u2019\n  101 | putc_unlocked (int __c, FILE *__stream)\n      | ^~~~~~~~~~~~~\n/usr/include/bits/stdio.h:101:1: error: static declaration of \u2018putc_unlocked\u2019 follows non-static declaration\nIn file included from /data/SearchRepair/ShoutCTF_0/ShoutCTF/src/service.c:112:\n/usr/include/stdio.h:545:12: note: previous declaration of \u2018putc_unlocked\u2019 was here\n  545 | extern int putc_unlocked (int __c, FILE *__stream);\n      |            ^~~~~~~~~~~~~\nIn file included from /usr/include/stdio.h:864,\n                 from /data/SearchRepair/ShoutCTF_0/ShoutCTF/src/service.c:112:\n/usr/include/bits/stdio.h:108:1: error: nested function \u2018putchar_unlocked\u2019 declared \u2018extern\u2019\n  108 | putchar_unlocked (int __c)\n      | ^~~~~~~~~~~~~~~~\n/usr/include/bits/stdio.h:108:1: error: static declaration of \u2018putchar_unlocked\u2019 follows non-static declaration\nIn file included from /data/SearchRepair/ShoutCTF_0/ShoutCTF/src/service.c:112:\n/usr/include/stdio.h:546:12: note: previous declaration of \u2018putchar_unlocked\u2019 was here\n  546 | extern int putchar_unlocked (int __c);\n      |            ^~~~~~~~~~~~~~~~\nIn file included from /usr/include/features.h:461,\n                 from /usr/include/bits/libc-header-start.h:33,\n                 from /usr/include/stdio.h:27,\n                 from /data/SearchRepair/ShoutCTF_0/ShoutCTF/src/service.c:112:\n/usr/include/bits/stdio.h:128:1: error: nested function \u2018feof_unlocked\u2019 declared \u2018extern\u2019\n  128 | __NTH (feof_unlocked (FILE *__stream))\n      | ^~~~~\n/usr/include/bits/stdio.h:128:1: error: static declaration of \u2018feof_unlocked\u2019 follows non-static declaration\nIn file included from /data/SearchRepair/ShoutCTF_0/ShoutCTF/src/service.c:112:\n/usr/include/stdio.h:766:12: note: previous declaration of \u2018feof_unlocked\u2019 was here\n  766 | extern int feof_unlocked (FILE *__stream) __THROW __wur;\n      |            ^~~~~~~~~~~~~\nIn file included from /usr/include/features.h:461,\n                 from /usr/include/bits/libc-header-start.h:33,\n                 from /usr/include/stdio.h:27,\n                 from /data/SearchRepair/ShoutCTF_0/ShoutCTF/src/service.c:112:\n/usr/include/bits/stdio.h:135:1: error: nested function \u2018ferror_unlocked\u2019 declared \u2018extern\u2019\n  135 | __NTH (ferror_unlocked (FILE *__stream))\n      | ^~~~~\n/usr/include/bits/stdio.h:135:1: error: static declaration of \u2018ferror_unlocked\u2019 follows non-static declaration\nIn file included from /data/SearchRepair/ShoutCTF_0/ShoutCTF/src/service.c:112:\n/usr/include/stdio.h:767:12: note: previous declaration of \u2018ferror_unlocked\u2019 was here\n  767 | extern int ferror_unlocked (FILE *__stream) __THROW __wur;\n      |            ^~~~~~~~~~~~~~~\nIn file included from /usr/include/features.h:461,\n                 from /usr/include/bits/libc-header-start.h:33,\n                 from /usr/include/stdio.h:27,\n                 from /data/SearchRepair/ShoutCTF_0/ShoutCTF/src/service.c:112:\n/usr/include/bits/stdio2.h:34:1: error: nested function \u2018sprintf\u2019 declared \u2018extern\u2019\n   34 | __NTH (sprintf (char *__restrict __s, const char *__restrict __fmt, ...))\n      | ^~~~~\n/usr/include/bits/stdio2.h:34:1: error: static declaration of \u2018sprintf\u2019 follows non-static declaration\nIn file included from /data/SearchRepair/ShoutCTF_0/ShoutCTF/src/service.c:112:\n/usr/include/stdio.h:334:12: note: previous declaration of \u2018sprintf\u2019 was here\n  334 | extern int sprintf (char *__restrict __s,\n      |            ^~~~~~~\nIn file included from /usr/include/features.h:461,\n                 from /usr/include/bits/libc-header-start.h:33,\n                 from /usr/include/stdio.h:27,\n                 from /data/SearchRepair/ShoutCTF_0/ShoutCTF/src/service.c:112:\n/usr/include/bits/stdio2.h:46:1: error: nested function \u2018vsprintf\u2019 declared \u2018extern\u2019\n   46 | __NTH (vsprintf (char *__restrict __s, const char *__restrict __fmt,\n      | ^~~~~\n/usr/include/bits/stdio2.h:46:1: error: static declaration of \u2018vsprintf\u2019 follows non-static declaration\nIn file included from /data/SearchRepair/ShoutCTF_0/ShoutCTF/src/service.c:112:\n/usr/include/stdio.h:349:12: note: previous declaration of \u2018vsprintf\u2019 was here\n  349 | extern int vsprintf (char *__restrict __s, const char *__restrict __format,\n      |            ^~~~~~~~\nIn file included from /usr/include/features.h:461,\n                 from /usr/include/bits/libc-header-start.h:33,\n                 from /usr/include/stdio.h:27,\n                 from /data/SearchRepair/ShoutCTF_0/ShoutCTF/src/service.c:112:\n/usr/include/bits/stdio2.h:64:1: error: nested function \u2018snprintf\u2019 declared \u2018extern\u2019\n   64 | __NTH (snprintf (char *__restrict __s, size_t __n,\n      | ^~~~~\n/usr/include/bits/stdio2.h:64:1: error: static declaration of \u2018snprintf\u2019 follows non-static declaration\nIn file included from /data/SearchRepair/ShoutCTF_0/ShoutCTF/src/service.c:112:\n/usr/include/stdio.h:354:12: note: previous declaration of \u2018snprintf\u2019 was here\n  354 | extern int snprintf (char *__restrict __s, size_t __maxlen,\n      |            ^~~~~~~~\nIn file included from /usr/include/features.h:461,\n                 from /usr/include/bits/libc-header-start.h:33,\n                 from /usr/include/stdio.h:27,\n                 from /data/SearchRepair/ShoutCTF_0/ShoutCTF/src/service.c:112:\n/usr/include/bits/stdio2.h:77:1: error: nested function \u2018vsnprintf\u2019 declared \u2018extern\u2019\n   77 | __NTH (vsnprintf (char *__restrict __s, size_t __n,\n      | ^~~~~\n/usr/include/bits/stdio2.h:77:1: error: static declaration of \u2018vsnprintf\u2019 follows non-static declaration\nIn file included from /data/SearchRepair/ShoutCTF_0/ShoutCTF/src/service.c:112:\n/usr/include/stdio.h:358:12: note: previous declaration of \u2018vsnprintf\u2019 was here\n  358 | extern int vsnprintf (char *__restrict __s, size_t __maxlen,\n      |            ^~~~~~~~~\nIn file included from /usr/include/stdio.h:867,\n                 from /data/SearchRepair/ShoutCTF_0/ShoutCTF/src/service.c:112:\n/usr/include/bits/stdio2.h:98:1: error: nested function \u2018fprintf\u2019 declared \u2018extern\u2019\n   98 | fprintf (FILE *__restrict __stream, const char *__restrict __fmt, ...)\n      | ^~~~~~~\n/usr/include/bits/stdio2.h:98:1: error: static declaration of \u2018fprintf\u2019 follows non-static declaration\nIn file included from /data/SearchRepair/ShoutCTF_0/ShoutCTF/src/service.c:112:\n/usr/include/stdio.h:326:12: note: previous declaration of \u2018fprintf\u2019 was here\n  326 | extern int fprintf (FILE *__restrict __stream,\n      |            ^~~~~~~\nIn file included from /usr/include/stdio.h:867,\n                 from /data/SearchRepair/ShoutCTF_0/ShoutCTF/src/service.c:112:\n/usr/include/bits/stdio2.h:105:1: error: nested function \u2018printf\u2019 declared \u2018extern\u2019\n  105 | printf (const char *__restrict __fmt, ...)\n      | ^~~~~~\n/usr/include/bits/stdio2.h:105:1: error: static declaration of \u2018printf\u2019 follows non-static declaration\nIn file included from /data/SearchRepair/ShoutCTF_0/ShoutCTF/src/service.c:112:\n/usr/include/stdio.h:332:12: note: previous declaration of \u2018printf\u2019 was here\n  332 | extern int printf (const char *__restrict __format, ...);\n      |            ^~~~~~\nIn file included from /usr/include/stdio.h:867,\n                 from /data/SearchRepair/ShoutCTF_0/ShoutCTF/src/service.c:112:\n/usr/include/bits/stdio2.h:117:1: error: nested function \u2018vprintf\u2019 declared \u2018extern\u2019\n  117 | vprintf (const char *__restrict __fmt, __gnuc_va_list __ap)\n      | ^~~~~~~\n/usr/include/bits/stdio2.h:117:1: error: static declaration of \u2018vprintf\u2019 follows non-static declaration\nIn file included from /data/SearchRepair/ShoutCTF_0/ShoutCTF/src/service.c:112:\n/usr/include/stdio.h:347:12: note: previous declaration of \u2018vprintf\u2019 was here\n  347 | extern int vprintf (const char *__restrict __format, __gnuc_va_list __arg);\n      |            ^~~~~~~\nIn file included from /usr/include/stdio.h:867,\n                 from /data/SearchRepair/ShoutCTF_0/ShoutCTF/src/service.c:112:\n/usr/include/bits/stdio2.h:127:1: error: nested function \u2018vfprintf\u2019 declared \u2018extern\u2019\n  127 | vfprintf (FILE *__restrict __stream,\n      | ^~~~~~~~\n/usr/include/bits/stdio2.h:127:1: error: static declaration of \u2018vfprintf\u2019 follows non-static declaration\nIn file included from /data/SearchRepair/ShoutCTF_0/ShoutCTF/src/service.c:112:\n/usr/include/stdio.h:341:12: note: previous declaration of \u2018vfprintf\u2019 was here\n  341 | extern int vfprintf (FILE *__restrict __s, const char *__restrict __format,\n      |            ^~~~~~~~\nIn file included from /usr/include/stdio.h:867,\n                 from /data/SearchRepair/ShoutCTF_0/ShoutCTF/src/service.c:112:\n/usr/include/bits/stdio2.h:142:1: error: nested function \u2018dprintf\u2019 declared \u2018extern\u2019\n  142 | dprintf (int __fd, const char *__restrict __fmt, ...)\n      | ^~~~~~~\n/usr/include/bits/stdio2.h:142:1: error: static declaration of \u2018dprintf\u2019 follows non-static declaration\nIn file included from /data/SearchRepair/ShoutCTF_0/ShoutCTF/src/service.c:112:\n/usr/include/stdio.h:382:12: note: previous declaration of \u2018dprintf\u2019 was here\n  382 | extern int dprintf (int __fd, const char *__restrict __fmt, ...)\n      |            ^~~~~~~\nIn file included from /usr/include/stdio.h:867,\n                 from /data/SearchRepair/ShoutCTF_0/ShoutCTF/src/service.c:112:\n/usr/include/bits/stdio2.h:153:1: error: nested function \u2018vdprintf\u2019 declared \u2018extern\u2019\n  153 | vdprintf (int __fd, const char *__restrict __fmt, __gnuc_va_list __ap)\n      | ^~~~~~~~\n/usr/include/bits/stdio2.h:153:1: error: static declaration of \u2018vdprintf\u2019 follows non-static declaration\nIn file included from /data/SearchRepair/ShoutCTF_0/ShoutCTF/src/service.c:112:\n/usr/include/stdio.h:379:12: note: previous declaration of \u2018vdprintf\u2019 was here\n  379 | extern int vdprintf (int __fd, const char *__restrict __fmt,\n      |            ^~~~~~~~\nIn file included from /usr/include/stdio.h:867,\n                 from /data/SearchRepair/ShoutCTF_0/ShoutCTF/src/service.c:112:\n/usr/include/bits/stdio2.h:235:1: error: nested function \u2018gets\u2019 declared \u2018extern\u2019\n  235 | gets (char *__str)\n      | ^~~~\n/usr/include/bits/stdio2.h:235:1: error: static declaration of \u2018gets\u2019 follows non-static declaration\nIn file included from /data/SearchRepair/ShoutCTF_0/ShoutCTF/src/service.c:112:\n/usr/include/stdio.h:577:14: note: previous declaration of \u2018gets\u2019 was here\n  577 | extern char *gets (char *__s) __wur __attribute_deprecated__;\n      |              ^~~~\nIn file included from /usr/include/stdio.h:867,\n                 from /data/SearchRepair/ShoutCTF_0/ShoutCTF/src/service.c:112:\n/usr/include/bits/stdio2.h:255:1: error: nested function \u2018fgets\u2019 declared \u2018extern\u2019\n  255 | fgets (char *__restrict __s, int __n, FILE *__restrict __stream)\n      | ^~~~~\n/usr/include/bits/stdio2.h:255:1: error: static declaration of \u2018fgets\u2019 follows non-static declaration\nIn file included from /data/SearchRepair/ShoutCTF_0/ShoutCTF/src/service.c:112:\n/usr/include/stdio.h:564:14: note: previous declaration of \u2018fgets\u2019 was here\n  564 | extern char *fgets (char *__restrict __s, int __n, FILE *__restrict __stream)\n      |              ^~~~~\nIn file included from /usr/include/stdio.h:867,\n                 from /data/SearchRepair/ShoutCTF_0/ShoutCTF/src/service.c:112:\n/usr/include/bits/stdio2.h:284:1: error: nested function \u2018fread\u2019 declared \u2018extern\u2019\n  284 | fread (void *__restrict __ptr, size_t __size, size_t __n,\n      | ^~~~~\n/usr/include/bits/stdio2.h:284:1: error: static declaration of \u2018fread\u2019 follows non-static declaration\nIn file included from /data/SearchRepair/ShoutCTF_0/ShoutCTF/src/service.c:112:\n/usr/include/stdio.h:646:15: note: previous declaration of \u2018fread\u2019 was here\n  646 | extern size_t fread (void *__restrict __ptr, size_t __size,\n      |               ^~~~~\nIn file included from /usr/include/stdio.h:867,\n                 from /data/SearchRepair/ShoutCTF_0/ShoutCTF/src/service.c:112:\n/usr/include/bits/stdio2.h:345:1: error: nested function \u2018fread_unlocked\u2019 declared \u2018extern\u2019\n  345 | fread_unlocked (void *__restrict __ptr, size_t __size, size_t __n,\n      | ^~~~~~~~~~~~~~\n/usr/include/bits/stdio2.h:345:1: error: static declaration of \u2018fread_unlocked\u2019 follows non-static declaration\nIn file included from /data/SearchRepair/ShoutCTF_0/ShoutCTF/src/service.c:112:\n/usr/include/stdio.h:673:15: note: previous declaration of \u2018fread_unlocked\u2019 was here\n  673 | extern size_t fread_unlocked (void *__restrict __ptr, size_t __size,\n      |               ^~~~~~~~~~~~~~\nmake[2]: *** [ShoutCTF/CMakeFiles/ShoutCTF.dir/build.make:544: ShoutCTF/CMakeFiles/ShoutCTF.dir/src/service.c.o] Error 1\nmake[1]: *** [CMakeFiles/Makefile2:270: ShoutCTF/CMakeFiles/ShoutCTF.dir/all] Error 2\nmake: *** [Makefile:84: all] Error 2\n"
      ]
    }
  },
  "neg_tests": 1,
  "pos_tests": 20,
  "passed_neg_tests": 1,
  "passed_pos_tests": 34,
  "failed_neg_tests": 0,
  "failed_pos_tests": 6,
  "duration": 855.004433,
  "errors": [
    "Unexpected crash",
    "Unexpected crash"
  ]
}