{
  "repair_begin": "2021-05-07 11:38:57.582102",
  "repair_end": "2021-05-07 12:38:57.611371",
  "patches": [
    {
      "target_file": "src/main.c",
      "fix": "",
      "edits": [
        "310c310,313\n< \n---\n> if((<0){\n> return res ; \n> }\n> }\n394c397,398\n< \n---\n> if (!cgc_gWords(sret))\n> ();\n",
        "310c310,311\n< \n---\n> if (!s2(s2))\n> ( i);\n394c395,396\n< \n---\n> if (!cgc_gWords(buf))\n> return ;\n",
        "310c310\n< \n---\n> void r();\n394c394\n< \n---\n> READLINE(buf);\n",
        "310c310,311\n< \n---\n> uint32_t r ;\n> }\n394c395\n< \n---\n> READLINE(&);\n",
        "312d311\n< \n394c393\n< \n---\n> cgc_transmit_all(buf);\n",
        "310c310,312\n< \n---\n> if((<0){\n> * r=0 ; \n> }\n394c396,397\n< \n---\n> if (!cgc_gWords )\n> (buf);\n",
        "310c310\n< \n---\n> return(( src,len);\n394c394\n< \n---\n> temp=0 ;\n",
        "310c310,311\n< \n---\n> if((==s2 )\n> ( src,len);\n394c395,396\n< \n---\n> if(!cgc_gWords())\n> ;\n",
        "310c310\n< \n---\n> void r(src);\n394c394\n< \n---\n> buf(exception);\n",
        "310c310\n< \n---\n> uint32_t r=false ;\n394c394\n< \n---\n> buf(PR_TRUE);\n",
        "310c310,312\n< \n---\n> if (!s2(src.len))\n> {\n> }\n394c396,397\n< \n---\n> if (!cgc_gWords(buf))\n> rv ;\n",
        "310c310,311\n< \n---\n> if (!s2(s1))\n> ( src,len);\n393a395,396\n> if (!cgc_gWords(buf))\n> ();\n",
        "310c310,311\n< \n---\n> if (!s2(src.len ()) )\n> return ;\n393a395\n> buf(FINAL_RND_MSG ()) ;\n",
        "310c310\n< \n---\n> {\n394c394\n< \n---\n> buf(false);\n",
        "309a310,313\n> if((<0)\n> {\n> return(; \n> }\n394c398,399\n< \n---\n> if(FINAL_RND_MSG==0 )\n> ( buf);\n",
        "310c310,311\n< \n---\n> if((<0)\n> goto ; \n394c395\n< \n---\n> cgc_transmit_all(&);\n",
        "310c310\n< \n---\n> if(( ){( src,len);\n393a394\n> buf(FINAL_RND_MSG);\n",
        "310c310\n< \n---\n> uint32_t r(src,len);\n394c394\n< \n---\n> return 1 ;\n",
        "310c310,311\n< \n---\n> if((<0)\n> ( src,len); \n394c395,396\n< \n---\n> buf(FINAL_RND_MSG);\n> ();\n",
        "310c310\n< \n---\n> uint32_t r ;\n394c394\n< \n---\n> buf();\n",
        "310c310\n< \n---\n> uint32_t r(src.uint32_t ()) ;\n394c394\n< \n---\n> buf(- NEXT_WORD_MSG);\n",
        "310c310\n< \n---\n> return(( i);\n394c394\n< \n---\n> buf(256);\n",
        "310c310,312\n< \n---\n> if(( src&src)==0)\n> {\n> }\n394c396,397\n< \n---\n> if (!cgc_gWords(cgc_gWords))\n> ();\n",
        "310c310,311\n< \n---\n> if (!s2(src))\n> ();\n394c395\n< \n---\n> sret(&);\n",
        "310c310,311\n< \n---\n> if (!s2(src.len))\n> ( src);\n394c395,396\n< \n---\n> if (!cgc_gWords(buf))\n> ();\n",
        "310c310,311\n< \n---\n> if (!s2(src))\n> ( src);\n394c395,396\n< \n---\n> if(FINAL_RND_MSG(buf))\n> ();\n",
        "310c310\n< \n---\n> void r(src,len);\n394c394\n< \n---\n> temp scriptBlocker ;\n",
        "310c310\n< \n---\n> else{\n394c394\n< \n---\n> cgc_scramble(buf);\n",
        "312a313\n> \n391a393\n> \n",
        "310c310,311\n< \n---\n> if (!s2(src.len ()) )\n> return false ;\n394c395,396\n< \n---\n> if (!cgc_gWords(FINAL_RND_MSG))\n> ;\n",
        "310c310,312\n< \n---\n> if((<0 ){\n> return(-); \n> }\n394c396,397\n< \n---\n> if (!cgc_gWords(buf))\n> =0 ;\n",
        "310c310,311\n< \n---\n> if (!s2(src.len))\n> ( src);\n394c395,396\n< \n---\n> if(FINAL_RND_MSG ()) )\n> ();\n",
        "310c310,311\n< \n---\n> {\n> }\n394c395\n< \n---\n> cgc_transmit_str(&);\n",
        "310c310,311\n< \n---\n> if (!s2.IS_VALID_CHAR ())\n> (src);\n394c395,396\n< \n---\n> if (!cgc_gWords(FINAL_RND_MSG))\n> return ;\n",
        "310c310\n< \n---\n> void\n394c394\n< \n---\n> return(;\n",
        "310c310\n< \n---\n> void r(src);\n394a395\n> ();\n",
        "310c310,311\n< \n---\n> if(( src<len)) \n> ( src,len); \n394c395,396\n< \n---\n> if(FINAL_RND_MSG==0 )\n> ( buf);\n",
        "310c310,312\n< \n---\n> void r(src,len)\n> {\n> }\n394,395c396\n< \n< \n---\n> buf\n",
        "310c310,311\n< \n---\n> void r ;\n> }\n394c395\n< \n---\n> buf(temp);\n",
        "310c310,312\n< \n---\n> if((<0)\n> {\n> }\n394c396\n< \n---\n> LOSE_MSG(buf);\n",
        "310c310,313\n< \n---\n> if((<0)\n> {\n> return(; \n> }\n394c397\n< \n---\n> READLINE(&temp);\n",
        "310c310,311\n< \n---\n> if (!s2(src.len ()) )\n> ;\n394c395,396\n< \n---\n> if (!cgc_gWords(cgc_gWords))\n> return ;\n",
        "310c310\n< \n---\n> return\n394c394\n< \n---\n> buf(0);\n",
        "310c310\n< \n---\n> return(( src.len ()) ;\n394c394\n< \n---\n> cgc_gWords(&);\n",
        "310c310,312\n< \n---\n> if(( src<0)) \n> {\n> }\n394c396,397\n< \n---\n> buf(buf);\n> ();\n",
        "310c310\n< \n---\n> void r(s1);\n394c394\n< \n---\n> cgc_transmit_str();\n",
        "310c310\n< \n---\n> ]\n394c394\n< \n---\n> cgc_transmit_str(buf);\n",
        "310c310,312\n< \n---\n> if(!s2.IS_VALID_CHAR())\n> {\n> }\n394c396\n< \n---\n> buf(sizeof(buf)) ;\n",
        "310c310,311\n< \n---\n> if((==0 )\n> ( i);\n394c395\n< \n---\n> BUF_SIZE();\n",
        "310c310\n< \n---\n> static\n394c394\n< \n---\n> static\n",
        "310c310\n< \n---\n> return(( src,0);\n394c394\n< \n---\n> cgc_gWords(buf);\n",
        "310c310\n< \n---\n> )\n394c394\n< \n---\n> buf(this);\n",
        "310c310,311\n< \n---\n> if (!s2(src,s2))\n> ( i);\n394c395,396\n< \n---\n> if (!cgc_gWords(FINAL_RND_MSG))\n> ();\n",
        "310c310\n< \n---\n> return(( src);\n394c394\n< \n---\n> buf(FINAL_RND_MSG ()));\n",
        "310c310\n< \n---\n> void r(1);\n394c394\n< \n---\n> ];\n",
        "310c310,311\n< \n---\n> if((<0)\n> {\n394c395\n< \n---\n> LOSE_MSG(&);\n",
        "310c310,314\n< \n---\n> if((<0)\n> {\n> return res ; \n> }\n> }\n394c398,399\n< \n---\n> if (!BUF_SIZE(buf))\n> ();\n",
        "310c310,311\n< \n---\n> if(( src<0)) \n> ( src,len); \n394c395,396\n< \n---\n> if (!cgc_gWords(BUF_SIZE))\n> ();\n",
        "310,311c310\n< \n< \n---\n> src\n394c393\n< \n---\n> buf(FINAL_RND_MSG);\n",
        "310c310,311\n< \n---\n> if (!s2(src.len))\n> ( i);\n394c395,396\n< \n---\n> if(FINAL_RND_MSG )\n> ( buf);\n",
        "310c310,311\n< \n---\n> if((<0)\n> ( src); \n394a396\n> (&temp);\n",
        "310c310,311\n< \n---\n> if((<0)\n> ( i); \n394c395\n< \n---\n> buf(obj);\n",
        "310c310\n< \n---\n> uint32_t r=0 ;\n394c394\n< \n---\n> BUF_SIZE(&);\n",
        "309a310,312\n> if((<0){\n> return res ; \n> }\n394c397,398\n< \n---\n> if (!cgc_gWords(buf))\n> ;\n",
        "310c310\n< \n---\n> void r(i);\n394c394\n< \n---\n> buf(&temp);\n",
        "309a310,312\n> if((<0 ){\n> return(-); \n> }\n394c397,398\n< \n---\n> if(buf==0 )\n> ( buf);\n",
        "310c310,311\n< \n---\n> if (!s2(s1))\n> ( i);\n394c395,396\n< \n---\n> if (!cgc_gWords(buf))\n> ();\n",
        "309a310,313\n> if((<0)\n> {\n> return res ; \n> }\n393a398\n> buf(FINAL_RND_MSG ()));\n",
        "310c310,311\n< \n---\n> if (!s2(src))\n> ( i);\n394c395\n< \n---\n> sret(buf);\n",
        "310c310,311\n< \n---\n> if (!s2(src.len ()) )\n> {\n394c395,396\n< \n---\n> if (!cgc_gWords(buf,cgc_gWords))\n> return ;\n",
        "310c310,311\n< \n---\n> if (!s2.IS_VALID_CHAR ())\n> (i);\n394c395\n< \n---\n> buf(FINAL_RND_MSG (&c)) ;\n",
        "310c310,312\n< \n---\n> if((==0)\n> {\n> }\n394c396\n< \n---\n> cgc_transmit_str(&temp);\n",
        "310c310,311\n< \n---\n> if((==0 )\n> ( src);\n394c395\n< \n---\n> BUF_SIZE(&temp);\n",
        "310c310\n< \n---\n> void r ;\n394a395\n> (buf);\n",
        "310c310\n< \n---\n> uint32_t r\n394c394\n< \n---\n> buf(FINAL_RND_MSG ()) ;\n",
        "310c310\n< \n---\n> 1)\n394c394\n< \n---\n> buf(true);\n",
        "309a310,311\n> {\n> }\n394c396\n< \n---\n> cgc_scramble(&);\n",
        "310c310,311\n< \n---\n> if (!s2(i))\n> ( i);\n393a395\n> buf(buf);\n",
        "310c310,312\n< \n---\n> if((<0){\n> return res ; \n> }\n394c396\n< \n---\n> buf(FINAL_RND_MSG(buf)) ;\n",
        "310c310,311\n< \n---\n> if(((src.IS_VALID_CHAR ()) )\n> ();\n394a396,397\n> if (!cgc_gWords(buf))\n> ();\n",
        "310c310,311\n< \n---\n> if(( src<0)) \n> ( src,len); \n394c395,396\n< \n---\n> if(FINAL_RND_MSG ()) )\n> ( buf);\n",
        "310c310,313\n< \n---\n> if((<0)\n> {\n> return(r); \n> }\n394c397,398\n< \n---\n> if (!cgc_gWords(LOSE_MSG))\n> ();\n",
        "310c310,311\n< \n---\n> if (!s2(s1))\n> ();\n394c395\n< \n---\n> cgc_scramble(&temp);\n",
        "310c310,311\n< \n---\n> if (!s2(src))\n> ( src,len);\n394c395,396\n< \n---\n> if(FINAL_RND_MSG<0)\n> ( buf); \n",
        "310c310,313\n< \n---\n> if((<0)\n> {\n> return res ; \n> }\n394c397\n< \n---\n> buf(FINAL_RND_MSG);\n",
        "310c310\n< \n---\n> uint32_t r(i);\n394c394\n< \n---\n> buf(PR_FALSE);\n",
        "310c310,311\n< \n---\n> if(( src&src)==0)\n> {\n394c395,397\n< \n---\n> if (!cgc_gWords(buf))\n> {\n> }\n",
        "310c310,311\n< \n---\n> if((<0)\n> (); \n394c395\n< \n---\n> READLINE();\n",
        "310c310,311\n< \n---\n> if (!s2(src->len))\n> ( i);\n394c395,396\n< \n---\n> if(FINAL_RND_MSG ())\n> ;\n",
        "",
        "310c310\n< \n---\n> void r(i[i]);\n394c394\n< \n---\n> buf=0 ;\n",
        "310c310,311\n< \n---\n> if((==s2 )\n> ( i);\n394c395\n< \n---\n> bool(( buf);\n",
        "310c310,311\n< \n---\n> if (!s2(src.len))\n> ();\n394c395,396\n< \n---\n> if(FINAL_RND_MSG(buf))\n> ( buf);\n",
        "310c310\n< \n---\n> void r\n394c394\n< \n---\n> BUF_SIZE(buf);\n",
        "310c310,311\n< \n---\n> if((==0 )\n> ( src,len);\n394c395,396\n< \n---\n> if (!cgc_gWords(buf))\n> return NS_ERROR_OUT_OF_MEMORY ;\n",
        "310c310\n< \n---\n> void(src);\n394c394\n< \n---\n> buf scriptBlocker ;\n",
        "310c310\n< \n---\n> void r(src.uint32_t ()) ;\n394c394\n< \n---\n> return(( buf);\n",
        "310c310\n< \n---\n> return(;\n394a395\n> (&);\n",
        "310c310\n< \n---\n> }\n394c394\n< \n---\n> buf(buf);\n",
        "310c310\n< \n---\n> void r=0 ;\n394c394\n< \n---\n> }\n"
      ]
    }
  ],
  "compilations": 4,
  "failed_compilations": 97,
  "outcomes": {
    "sanity_check": {
      "compiles": [
        0
      ],
      "pos_tests": {
        "p1": [
          {
            "outcome": 1,
            "code": 0,
            "duration": 1
          }
        ],
        "p2": [
          {
            "outcome": 1,
            "code": 0,
            "duration": 1
          }
        ],
        "p3": [
          {
            "outcome": 1,
            "code": 0,
            "duration": 0
          }
        ],
        "p4": [
          {
            "outcome": 1,
            "code": 0,
            "duration": 0
          }
        ],
        "p5": [
          {
            "outcome": 1,
            "code": 0,
            "duration": 1
          }
        ],
        "p6": [
          {
            "outcome": 1,
            "code": 0,
            "duration": 0
          }
        ],
        "p7": [
          {
            "outcome": 1,
            "code": 0,
            "duration": 1
          }
        ],
        "p8": [
          {
            "outcome": 1,
            "code": 0,
            "duration": 0
          }
        ],
        "p9": [
          {
            "outcome": 1,
            "code": 0,
            "duration": 0
          }
        ],
        "p10": [
          {
            "outcome": 1,
            "code": 0,
            "duration": 0
          }
        ],
        "p11": [
          {
            "outcome": 1,
            "code": 0,
            "duration": 0
          }
        ],
        "p12": [
          {
            "outcome": 1,
            "code": 0,
            "duration": 0
          }
        ],
        "p13": [
          {
            "outcome": 1,
            "code": 0,
            "duration": 0
          }
        ],
        "p14": [
          {
            "outcome": 1,
            "code": 0,
            "duration": 1
          }
        ],
        "p15": [
          {
            "outcome": 1,
            "code": 0,
            "duration": 0
          }
        ],
        "p16": [
          {
            "outcome": 1,
            "code": 0,
            "duration": 0
          }
        ],
        "p17": [
          {
            "outcome": 1,
            "code": 0,
            "duration": 0
          }
        ],
        "p18": [
          {
            "outcome": 1,
            "code": 0,
            "duration": 0
          }
        ],
        "p19": [
          {
            "outcome": 1,
            "code": 0,
            "duration": 0
          }
        ],
        "p20": [
          {
            "outcome": 1,
            "code": 0,
            "duration": 1
          }
        ]
      },
      "neg_tests": {
        "n1": [
          {
            "outcome": 0,
            "code": 0,
            "duration": 0
          }
        ]
      }
    },
    "5903ae6f": {
      "compiles": [
        0
      ],
      "pos_tests": {},
      "neg_tests": {
        "n1": [
          {
            "outcome": 0,
            "code": 0,
            "duration": 0
          }
        ]
      }
    },
    "7d432669": {
      "compiles": [
        0
      ],
      "pos_tests": {},
      "neg_tests": {
        "n1": [
          {
            "outcome": 0,
            "code": 0,
            "duration": 0
          }
        ]
      }
    },
    "b5519a6a": {
      "compiles": [
        1
      ],
      "msg": [
        "/data/CquenceR/WordCompletion_0/patches/000002/src/main.c:310:4: error: expected ';' after expression\nsrc\n   ^\n   ;\n/data/CquenceR/WordCompletion_0/patches/000002/src/main.c:393:4: error: called object type 'char [64]' is not a function or function pointer\nbuf(FINAL_RND_MSG);\n~~~^\n2 errors generated.\n"
      ]
    },
    "6733d3a2": {
      "compiles": [
        1
      ],
      "msg": [
        "/data/CquenceR/WordCompletion_0/patches/000003/src/main.c:314:35: error: initializer element is not a compile-time constant\n  uint32_t r = (cgc_RANDOM() % 3) + 2;\n               ~~~~~~~~~~~~~~~~~~~^~~\n/data/CquenceR/WordCompletion_0/patches/000003/src/main.c:316:3: error: expected identifier or '('\n  while ( (src[i] != '\\0') && (i < len) )\n  ^\n/data/CquenceR/WordCompletion_0/patches/000003/src/main.c:335:3: error: variable length array declaration not allowed at file scope\n  dst[i] = '\\0';\n  ^   ~\n/data/CquenceR/WordCompletion_0/patches/000003/src/main.c:336:1: error: extraneous closing brace ('}')\n}\n^\n/data/CquenceR/WordCompletion_0/patches/000003/src/main.c:394:4: error: called object type 'char [64]' is not a function or function pointer\nbuf(buf);\n~~~^\n5 errors generated.\n"
      ]
    },
    "cb95fced": {
      "compiles": [
        1
      ],
      "msg": [
        "/data/CquenceR/WordCompletion_0/patches/000004/src/main.c:314:12: error: redefinition of 'r'\n  uint32_t r = (cgc_RANDOM() % 3) + 2;\n           ^\n/data/CquenceR/WordCompletion_0/patches/000004/src/main.c:310:10: note: previous definition is here\nuint32_t r ;\n         ^\n/data/CquenceR/WordCompletion_0/patches/000004/src/main.c:394:4: error: called object type 'char [64]' is not a function or function pointer\nbuf();\n~~~^\n2 errors generated.\n"
      ]
    },
    "c8d920b9": {
      "compiles": [
        1
      ],
      "msg": [
        "/data/CquenceR/WordCompletion_0/patches/000005/src/main.c:397:31: error: expected ')'\n  cgc_scramble(buf, cgc_gWords[i], BUF_SIZE);\n                              ^\n/data/CquenceR/WordCompletion_0/patches/000005/src/main.c:397:15: note: to match this '('\n  cgc_scramble(buf, cgc_gWords[i], BUF_SIZE);\n              ^\n/data/CquenceR/WordCompletion_0/patches/000005/src/main.c:397:16: error: a parameter list without types is only allowed in a function definition\n  cgc_scramble(buf, cgc_gWords[i], BUF_SIZE);\n               ^\n/data/CquenceR/WordCompletion_0/patches/000005/src/main.c:394:1: error: function declared in block scope cannot have 'static' storage class\nstatic\n^\n3 errors generated.\n"
      ]
    },
    "663f69b5": {
      "compiles": [
        1
      ],
      "msg": [
        "/data/CquenceR/WordCompletion_0/patches/000006/src/main.c:339:1: error: function definition is not allowed here\n{\n^\n/data/CquenceR/WordCompletion_0/patches/000006/src/main.c:415:1: error: expected '}'\n^\n/data/CquenceR/WordCompletion_0/patches/000006/src/main.c:305:1: note: to match this '{'\n{\n^\n2 errors generated.\n"
      ]
    },
    "3777055c": {
      "compiles": [
        1
      ],
      "msg": [
        "/data/CquenceR/WordCompletion_0/patches/000007/src/main.c:310:8: error: a parameter list without types is only allowed in a function definition\nvoid r(i);\n       ^\n/data/CquenceR/WordCompletion_0/patches/000007/src/main.c:314:12: error: redefinition of 'r' as different kind of symbol\n  uint32_t r = (cgc_RANDOM() % 3) + 2;\n           ^\n/data/CquenceR/WordCompletion_0/patches/000007/src/main.c:310:6: note: previous definition is here\nvoid r(i);\n     ^\n/data/CquenceR/WordCompletion_0/patches/000007/src/main.c:394:4: error: called object type 'char [64]' is not a function or function pointer\nbuf(&temp);\n~~~^\n3 errors generated.\n"
      ]
    },
    "f740e04f": {
      "compiles": [
        1
      ],
      "msg": [
        "/data/CquenceR/WordCompletion_0/patches/000008/src/main.c:310:6: error: variable has incomplete type 'void'\nvoid r ;\n     ^\n/data/CquenceR/WordCompletion_0/patches/000008/src/main.c:314:12: error: redefinition of 'r'\n  uint32_t r = (cgc_RANDOM() % 3) + 2;\n           ^\n/data/CquenceR/WordCompletion_0/patches/000008/src/main.c:310:6: note: previous definition is here\nvoid r ;\n     ^\n2 errors generated.\n"
      ]
    },
    "217a9c48": {
      "compiles": [
        1
      ],
      "msg": [
        "/data/CquenceR/WordCompletion_0/patches/000009/src/main.c:310:8: error: expected expression\nreturn(;\n       ^\n/data/CquenceR/WordCompletion_0/patches/000009/src/main.c:395:3: error: expected expression\n(&);\n  ^\n2 errors generated.\n"
      ]
    },
    "1cc8c1a9": {
      "compiles": [
        1
      ],
      "msg": [
        "/data/CquenceR/WordCompletion_0/patches/000010/src/main.c:310:1: error: expected expression\n]\n^\n/data/CquenceR/WordCompletion_0/patches/000010/src/main.c:316:16: error: use of undeclared identifier 'i'\n  while ( (src[i] != '\\0') && (i < len) )\n               ^\n/data/CquenceR/WordCompletion_0/patches/000010/src/main.c:316:32: error: use of undeclared identifier 'i'\n  while ( (src[i] != '\\0') && (i < len) )\n                               ^\n/data/CquenceR/WordCompletion_0/patches/000010/src/main.c:318:27: error: use of undeclared identifier 'i'\n    if (IS_VALID_CHAR(src[i]))\n                          ^\n/data/CquenceR/WordCompletion_0/patches/000010/src/main.c:318:27: error: use of undeclared identifier 'i'\n/data/CquenceR/WordCompletion_0/patches/000010/src/main.c:318:27: error: use of undeclared identifier 'i'\n/data/CquenceR/WordCompletion_0/patches/000010/src/main.c:318:27: error: use of undeclared identifier 'i'\n/data/CquenceR/WordCompletion_0/patches/000010/src/main.c:318:27: error: use of undeclared identifier 'i'\n/data/CquenceR/WordCompletion_0/patches/000010/src/main.c:318:27: error: use of undeclared identifier 'i'\n/data/CquenceR/WordCompletion_0/patches/000010/src/main.c:320:11: error: use of undeclared identifier 'i'\n      if (i % r)\n          ^\n/data/CquenceR/WordCompletion_0/patches/000010/src/main.c:322:13: error: use of undeclared identifier 'i'\n        dst[i] = src[i];\n            ^\n/data/CquenceR/WordCompletion_0/patches/000010/src/main.c:322:22: error: use of undeclared identifier 'i'\n        dst[i] = src[i];\n                     ^\n/data/CquenceR/WordCompletion_0/patches/000010/src/main.c:326:13: error: use of undeclared identifier 'i'\n        dst[i] = '_';\n            ^\n/data/CquenceR/WordCompletion_0/patches/000010/src/main.c:331:11: error: use of undeclared identifier 'i'\n      dst[i] = src[i];\n          ^\n/data/CquenceR/WordCompletion_0/patches/000010/src/main.c:331:20: error: use of undeclared identifier 'i'\n      dst[i] = src[i];\n                   ^\n/data/CquenceR/WordCompletion_0/patches/000010/src/main.c:333:5: error: use of undeclared identifier 'i'\n    i++;\n    ^\n/data/CquenceR/WordCompletion_0/patches/000010/src/main.c:335:7: error: use of undeclared identifier 'i'\n  dst[i] = '\\0';\n      ^\n17 errors generated.\n"
      ]
    },
    "2b904b86": {
      "compiles": [
        1
      ],
      "msg": [
        "/data/CquenceR/WordCompletion_0/patches/000011/src/main.c:395:19: error: expected expression\ncgc_transmit_str(&);\n                  ^\n1 error generated.\n"
      ]
    },
    "e11cdf8f": {
      "compiles": [
        1
      ],
      "msg": [
        "/data/CquenceR/WordCompletion_0/patches/000012/src/main.c:313:3: error: cannot combine with previous 'void' declaration specifier\n  int i = 0;\n  ^\n/data/CquenceR/WordCompletion_0/patches/000012/src/main.c:313:7: error: variable has incomplete type 'void'\n  int i = 0;\n      ^\n/data/CquenceR/WordCompletion_0/patches/000012/src/main.c:394:8: error: expected expression\nreturn(;\n       ^\n3 errors generated.\n"
      ]
    },
    "5710901a": {
      "compiles": [
        1
      ],
      "msg": [
        "/data/CquenceR/WordCompletion_0/patches/000013/src/main.c:310:1: error: expected expression\n)\n^\n/data/CquenceR/WordCompletion_0/patches/000013/src/main.c:316:16: error: use of undeclared identifier 'i'\n  while ( (src[i] != '\\0') && (i < len) )\n               ^\n/data/CquenceR/WordCompletion_0/patches/000013/src/main.c:316:32: error: use of undeclared identifier 'i'\n  while ( (src[i] != '\\0') && (i < len) )\n                               ^\n/data/CquenceR/WordCompletion_0/patches/000013/src/main.c:318:27: error: use of undeclared identifier 'i'\n    if (IS_VALID_CHAR(src[i]))\n                          ^\n/data/CquenceR/WordCompletion_0/patches/000013/src/main.c:318:27: error: use of undeclared identifier 'i'\n/data/CquenceR/WordCompletion_0/patches/000013/src/main.c:318:27: error: use of undeclared identifier 'i'\n/data/CquenceR/WordCompletion_0/patches/000013/src/main.c:318:27: error: use of undeclared identifier 'i'\n/data/CquenceR/WordCompletion_0/patches/000013/src/main.c:318:27: error: use of undeclared identifier 'i'\n/data/CquenceR/WordCompletion_0/patches/000013/src/main.c:318:27: error: use of undeclared identifier 'i'\n/data/CquenceR/WordCompletion_0/patches/000013/src/main.c:320:11: error: use of undeclared identifier 'i'\n      if (i % r)\n          ^\n/data/CquenceR/WordCompletion_0/patches/000013/src/main.c:322:13: error: use of undeclared identifier 'i'\n        dst[i] = src[i];\n            ^\n/data/CquenceR/WordCompletion_0/patches/000013/src/main.c:322:22: error: use of undeclared identifier 'i'\n        dst[i] = src[i];\n                     ^\n/data/CquenceR/WordCompletion_0/patches/000013/src/main.c:326:13: error: use of undeclared identifier 'i'\n        dst[i] = '_';\n            ^\n/data/CquenceR/WordCompletion_0/patches/000013/src/main.c:331:11: error: use of undeclared identifier 'i'\n      dst[i] = src[i];\n          ^\n/data/CquenceR/WordCompletion_0/patches/000013/src/main.c:331:20: error: use of undeclared identifier 'i'\n      dst[i] = src[i];\n                   ^\n/data/CquenceR/WordCompletion_0/patches/000013/src/main.c:333:5: error: use of undeclared identifier 'i'\n    i++;\n    ^\n/data/CquenceR/WordCompletion_0/patches/000013/src/main.c:335:7: error: use of undeclared identifier 'i'\n  dst[i] = '\\0';\n      ^\n/data/CquenceR/WordCompletion_0/patches/000013/src/main.c:394:4: error: called object type 'char [64]' is not a function or function pointer\nbuf(this);\n~~~^\n/data/CquenceR/WordCompletion_0/patches/000013/src/main.c:394:5: error: use of undeclared identifier 'this'\nbuf(this);\n    ^\n19 errors generated.\n"
      ]
    },
    "b21d654c": {
      "compiles": [
        1
      ],
      "msg": [
        "/data/CquenceR/WordCompletion_0/patches/000014/src/main.c:313:3: error: expected expression\n  int i = 0;\n  ^\n/data/CquenceR/WordCompletion_0/patches/000014/src/main.c:316:16: error: use of undeclared identifier 'i'\n  while ( (src[i] != '\\0') && (i < len) )\n               ^\n/data/CquenceR/WordCompletion_0/patches/000014/src/main.c:316:32: error: use of undeclared identifier 'i'\n  while ( (src[i] != '\\0') && (i < len) )\n                               ^\n/data/CquenceR/WordCompletion_0/patches/000014/src/main.c:318:27: error: use of undeclared identifier 'i'\n    if (IS_VALID_CHAR(src[i]))\n                          ^\n/data/CquenceR/WordCompletion_0/patches/000014/src/main.c:318:27: error: use of undeclared identifier 'i'\n/data/CquenceR/WordCompletion_0/patches/000014/src/main.c:318:27: error: use of undeclared identifier 'i'\n/data/CquenceR/WordCompletion_0/patches/000014/src/main.c:318:27: error: use of undeclared identifier 'i'\n/data/CquenceR/WordCompletion_0/patches/000014/src/main.c:318:27: error: use of undeclared identifier 'i'\n/data/CquenceR/WordCompletion_0/patches/000014/src/main.c:318:27: error: use of undeclared identifier 'i'\n/data/CquenceR/WordCompletion_0/patches/000014/src/main.c:320:11: error: use of undeclared identifier 'i'\n      if (i % r)\n          ^\n/data/CquenceR/WordCompletion_0/patches/000014/src/main.c:322:13: error: use of undeclared identifier 'i'\n        dst[i] = src[i];\n            ^\n/data/CquenceR/WordCompletion_0/patches/000014/src/main.c:322:22: error: use of undeclared identifier 'i'\n        dst[i] = src[i];\n                     ^\n/data/CquenceR/WordCompletion_0/patches/000014/src/main.c:326:13: error: use of undeclared identifier 'i'\n        dst[i] = '_';\n            ^\n/data/CquenceR/WordCompletion_0/patches/000014/src/main.c:331:11: error: use of undeclared identifier 'i'\n      dst[i] = src[i];\n          ^\n/data/CquenceR/WordCompletion_0/patches/000014/src/main.c:331:20: error: use of undeclared identifier 'i'\n      dst[i] = src[i];\n                   ^\n/data/CquenceR/WordCompletion_0/patches/000014/src/main.c:333:5: error: use of undeclared identifier 'i'\n    i++;\n    ^\n/data/CquenceR/WordCompletion_0/patches/000014/src/main.c:335:7: error: use of undeclared identifier 'i'\n  dst[i] = '\\0';\n      ^\n/data/CquenceR/WordCompletion_0/patches/000014/src/main.c:394:4: error: called object type 'char [64]' is not a function or function pointer\nbuf(0);\n~~~^\n18 errors generated.\n"
      ]
    },
    "5a40967e": {
      "compiles": [
        1
      ],
      "msg": [
        "/data/CquenceR/WordCompletion_0/patches/000015/src/main.c:310:12: error: a parameter list without types is only allowed in a function definition\nuint32_t r(i);\n           ^\n/data/CquenceR/WordCompletion_0/patches/000015/src/main.c:314:12: error: redefinition of 'r' as different kind of symbol\n  uint32_t r = (cgc_RANDOM() % 3) + 2;\n           ^\n/data/CquenceR/WordCompletion_0/patches/000015/src/main.c:310:10: note: previous definition is here\nuint32_t r(i);\n         ^\n/data/CquenceR/WordCompletion_0/patches/000015/src/main.c:394:4: error: called object type 'char [64]' is not a function or function pointer\nbuf(PR_FALSE);\n~~~^\n/data/CquenceR/WordCompletion_0/patches/000015/src/main.c:394:5: error: use of undeclared identifier 'PR_FALSE'\nbuf(PR_FALSE);\n    ^\n4 errors generated.\n"
      ]
    },
    "c3226e59": {
      "compiles": [
        1
      ],
      "msg": [
        "/data/CquenceR/WordCompletion_0/patches/000016/src/main.c:310:6: error: variable has incomplete type 'void'\nvoid r\n     ^\n/data/CquenceR/WordCompletion_0/patches/000016/src/main.c:310:7: error: expected ';' at end of declaration\nvoid r\n      ^\n      ;\n/data/CquenceR/WordCompletion_0/patches/000016/src/main.c:314:12: error: redefinition of 'r'\n  uint32_t r = (cgc_RANDOM() % 3) + 2;\n           ^\n/data/CquenceR/WordCompletion_0/patches/000016/src/main.c:310:6: note: previous definition is here\nvoid r\n     ^\n/data/CquenceR/WordCompletion_0/patches/000016/src/main.c:394:9: error: called object type 'int' is not a function or function pointer\nBUF_SIZE(buf);\n~~~~~~~~^\n4 errors generated.\n"
      ]
    },
    "87a932fa": {
      "compiles": [
        1
      ],
      "msg": [
        "/data/CquenceR/WordCompletion_0/patches/000017/src/main.c:314:12: error: redefinition of 'r' as different kind of symbol\n  uint32_t r = (cgc_RANDOM() % 3) + 2;\n           ^\n/data/CquenceR/WordCompletion_0/patches/000017/src/main.c:310:6: note: previous definition is here\nvoid r();\n     ^\n/data/CquenceR/WordCompletion_0/patches/000017/src/main.c:320:13: error: invalid operands to binary expression ('int' and 'void ()')\n      if (i % r)\n          ~ ^ ~\n/data/CquenceR/WordCompletion_0/patches/000017/src/main.c:394:13: error: too few arguments provided to function-like macro invocation\nREADLINE(buf);\n            ^\n/data/CquenceR/WordCompletion_0/patches/000017/src/main.c:341:9: note: macro 'READLINE' defined here\n#define READLINE(_buf, _len) do { sret = cgc_readline(_buf, _len); if (sret == 0) { cgc__terminate(1); } } while (0)\n        ^\n/data/CquenceR/WordCompletion_0/patches/000017/src/main.c:394:1: error: use of undeclared identifier 'READLINE'\nREADLINE(buf);\n^\n4 errors generated.\n"
      ]
    },
    "09158ddb": {
      "compiles": [
        1
      ],
      "msg": [
        "/data/CquenceR/WordCompletion_0/patches/000018/src/main.c:314:12: error: redefinition of 'r'\n  uint32_t r = (cgc_RANDOM() % 3) + 2;\n           ^\n/data/CquenceR/WordCompletion_0/patches/000018/src/main.c:310:10: note: previous definition is here\nuint32_t r=0 ;\n         ^\n/data/CquenceR/WordCompletion_0/patches/000018/src/main.c:394:11: error: expected expression\nBUF_SIZE(&);\n          ^\n2 errors generated.\n"
      ]
    },
    "7088ab5b": {
      "compiles": [
        1
      ],
      "msg": [
        "/data/CquenceR/WordCompletion_0/patches/000019/src/main.c:315:35: error: initializer element is not a compile-time constant\n  uint32_t r = (cgc_RANDOM() % 3) + 2;\n               ~~~~~~~~~~~~~~~~~~~^~~\n/data/CquenceR/WordCompletion_0/patches/000019/src/main.c:317:3: error: expected identifier or '('\n  while ( (src[i] != '\\0') && (i < len) )\n  ^\n/data/CquenceR/WordCompletion_0/patches/000019/src/main.c:336:3: error: variable length array declaration not allowed at file scope\n  dst[i] = '\\0';\n  ^   ~\n/data/CquenceR/WordCompletion_0/patches/000019/src/main.c:337:1: error: extraneous closing brace ('}')\n}\n^\n/data/CquenceR/WordCompletion_0/patches/000019/src/main.c:395:11: error: too few arguments provided to function-like macro invocation\nREADLINE(&);\n          ^\n/data/CquenceR/WordCompletion_0/patches/000019/src/main.c:342:9: note: macro 'READLINE' defined here\n#define READLINE(_buf, _len) do { sret = cgc_readline(_buf, _len); if (sret == 0) { cgc__terminate(1); } } while (0)\n        ^\n/data/CquenceR/WordCompletion_0/patches/000019/src/main.c:395:1: error: use of undeclared identifier 'READLINE'\nREADLINE(&);\n^\n6 errors generated.\n"
      ]
    },
    "ec91360d": {
      "compiles": [
        1
      ],
      "msg": [
        "/data/CquenceR/WordCompletion_0/patches/000020/src/main.c:310:6: error: variable has incomplete type 'void'\nvoid r=0 ;\n     ^\n/data/CquenceR/WordCompletion_0/patches/000020/src/main.c:314:12: error: redefinition of 'r'\n  uint32_t r = (cgc_RANDOM() % 3) + 2;\n           ^\n/data/CquenceR/WordCompletion_0/patches/000020/src/main.c:310:6: note: previous definition is here\nvoid r=0 ;\n     ^\n/data/CquenceR/WordCompletion_0/patches/000020/src/main.c:397:31: error: expected ')'\n  cgc_scramble(buf, cgc_gWords[i], BUF_SIZE);\n                              ^\n/data/CquenceR/WordCompletion_0/patches/000020/src/main.c:397:15: note: to match this '('\n  cgc_scramble(buf, cgc_gWords[i], BUF_SIZE);\n              ^\n/data/CquenceR/WordCompletion_0/patches/000020/src/main.c:397:16: error: a parameter list without types is only allowed in a function definition\n  cgc_scramble(buf, cgc_gWords[i], BUF_SIZE);\n               ^\n/data/CquenceR/WordCompletion_0/patches/000020/src/main.c:399:20: error: a parameter list without types is only allowed in a function definition\n  cgc_transmit_str(buf);\n                   ^\n/data/CquenceR/WordCompletion_0/patches/000020/src/main.c:400:20: error: expected parameter declarator\n  cgc_transmit_all(&c, 1);\n                   ^\n/data/CquenceR/WordCompletion_0/patches/000020/src/main.c:400:20: error: expected ')'\n/data/CquenceR/WordCompletion_0/patches/000020/src/main.c:400:19: note: to match this '('\n  cgc_transmit_all(&c, 1);\n                  ^\n/data/CquenceR/WordCompletion_0/patches/000020/src/main.c:400:3: error: conflicting types for 'cgc_transmit_all'\n  cgc_transmit_all(&c, 1);\n  ^\n/data/CquenceR/WordCompletion_0/patches/000020/src/main.c:34:12: note: previous definition is here\ncgc_size_t cgc_transmit_all(char* buf, cgc_size_t size)\n           ^\n/data/CquenceR/WordCompletion_0/patches/000020/src/main.c:401:3: error: expected identifier or '('\n  READLINE(buf, BUF_SIZE);\n  ^\n/data/CquenceR/WordCompletion_0/patches/000020/src/main.c:341:30: note: expanded from macro 'READLINE'\n#define READLINE(_buf, _len) do { sret = cgc_readline(_buf, _len); if (sret == 0) { cgc__terminate(1); } } while (0)\n                             ^\n/data/CquenceR/WordCompletion_0/patches/000020/src/main.c:401:3: error: expected identifier or '('\n/data/CquenceR/WordCompletion_0/patches/000020/src/main.c:341:108: note: expanded from macro 'READLINE'\n#define READLINE(_buf, _len) do { sret = cgc_readline(_buf, _len); if (sret == 0) { cgc__terminate(1); } } while (0)\n                                                                                                           ^\n/data/CquenceR/WordCompletion_0/patches/000020/src/main.c:403:7: error: use of undeclared identifier 'sret'\n  buf[sret-1] = '\\0';\n      ^\n/data/CquenceR/WordCompletion_0/patches/000020/src/main.c:405:3: error: expected identifier or '('\n  if (cgc_strcmp(buf, cgc_gWords[i]) != 0)\n  ^\n/data/CquenceR/WordCompletion_0/patches/000020/src/main.c:409:3: error: expected identifier or '('\n  else\n  ^\n/data/CquenceR/WordCompletion_0/patches/000020/src/main.c:413:3: error: expected identifier or '('\n  return (0);\n  ^\n/data/CquenceR/WordCompletion_0/patches/000020/src/main.c:414:1: error: extraneous closing brace ('}')\n}\n^\n15 errors generated.\n"
      ]
    },
    "368fca26": {
      "compiles": [
        1
      ],
      "msg": [
        "/data/CquenceR/WordCompletion_0/patches/000021/src/main.c:310:10: error: use of undeclared identifier 'i'\nreturn(( i);\n         ^\n/data/CquenceR/WordCompletion_0/patches/000021/src/main.c:394:4: error: called object type 'char [64]' is not a function or function pointer\nbuf(256);\n~~~^\n2 errors generated.\n"
      ]
    },
    "2373b320": {
      "compiles": [
        1
      ],
      "msg": [
        "/data/CquenceR/WordCompletion_0/patches/000022/src/main.c:310:18: error: expected ')'\nreturn(( src,len);\n                 ^\n/data/CquenceR/WordCompletion_0/patches/000022/src/main.c:310:7: note: to match this '('\nreturn(( src,len);\n      ^\n/data/CquenceR/WordCompletion_0/patches/000022/src/main.c:310:1: error: void function 'cgc_scramble' should not return a value [-Wreturn-type]\nreturn(( src,len);\n^      ~~~~~~~~~~\n2 errors generated.\n"
      ]
    },
    "3330e55e": {
      "compiles": [
        1
      ],
      "msg": [
        "/data/CquenceR/WordCompletion_0/patches/000023/src/main.c:310:11: error: expected ';' at end of declaration\nuint32_t r\n          ^\n          ;\n/data/CquenceR/WordCompletion_0/patches/000023/src/main.c:314:12: error: redefinition of 'r'\n  uint32_t r = (cgc_RANDOM() % 3) + 2;\n           ^\n/data/CquenceR/WordCompletion_0/patches/000023/src/main.c:310:10: note: previous definition is here\nuint32_t r\n         ^\n/data/CquenceR/WordCompletion_0/patches/000023/src/main.c:394:19: error: called object type 'char [43]' is not a function or function pointer\nbuf(FINAL_RND_MSG ()) ;\n    ~~~~~~~~~~~~~ ^\n3 errors generated.\n"
      ]
    },
    "0d343864": {
      "compiles": [
        1
      ],
      "msg": [
        "/data/CquenceR/WordCompletion_0/patches/000024/src/main.c:310:1: error: expected expression\nelse{\n^\n/data/CquenceR/WordCompletion_0/patches/000024/src/main.c:415:1: error: expected '}'\n^\n/data/CquenceR/WordCompletion_0/patches/000024/src/main.c:305:1: note: to match this '{'\n{\n^\n2 errors generated.\n"
      ]
    },
    "0a28c0ab": {
      "compiles": [
        1
      ],
      "msg": [
        "/data/CquenceR/WordCompletion_0/patches/000025/src/main.c:310:8: error: a parameter list without types is only allowed in a function definition\nvoid r(src,len);\n       ^\n/data/CquenceR/WordCompletion_0/patches/000025/src/main.c:314:12: error: redefinition of 'r' as different kind of symbol\n  uint32_t r = (cgc_RANDOM() % 3) + 2;\n           ^\n/data/CquenceR/WordCompletion_0/patches/000025/src/main.c:310:6: note: previous definition is here\nvoid r(src,len);\n     ^\n/data/CquenceR/WordCompletion_0/patches/000025/src/main.c:394:5: error: expected ';' after expression\ntemp scriptBlocker ;\n    ^\n    ;\n/data/CquenceR/WordCompletion_0/patches/000025/src/main.c:394:6: error: use of undeclared identifier 'scriptBlocker'\ntemp scriptBlocker ;\n     ^\n4 errors generated.\n"
      ]
    },
    "f2c0e8e2": {
      "compiles": [
        1
      ],
      "msg": [
        "/data/CquenceR/WordCompletion_0/patches/000026/src/main.c:310:2: error: expected ';' after expression\n1)\n ^\n ;\n/data/CquenceR/WordCompletion_0/patches/000026/src/main.c:310:2: error: expected expression\n/data/CquenceR/WordCompletion_0/patches/000026/src/main.c:316:16: error: use of undeclared identifier 'i'\n  while ( (src[i] != '\\0') && (i < len) )\n               ^\n/data/CquenceR/WordCompletion_0/patches/000026/src/main.c:316:32: error: use of undeclared identifier 'i'\n  while ( (src[i] != '\\0') && (i < len) )\n                               ^\n/data/CquenceR/WordCompletion_0/patches/000026/src/main.c:318:27: error: use of undeclared identifier 'i'\n    if (IS_VALID_CHAR(src[i]))\n                          ^\n/data/CquenceR/WordCompletion_0/patches/000026/src/main.c:318:27: error: use of undeclared identifier 'i'\n/data/CquenceR/WordCompletion_0/patches/000026/src/main.c:318:27: error: use of undeclared identifier 'i'\n/data/CquenceR/WordCompletion_0/patches/000026/src/main.c:318:27: error: use of undeclared identifier 'i'\n/data/CquenceR/WordCompletion_0/patches/000026/src/main.c:318:27: error: use of undeclared identifier 'i'\n/data/CquenceR/WordCompletion_0/patches/000026/src/main.c:318:27: error: use of undeclared identifier 'i'\n/data/CquenceR/WordCompletion_0/patches/000026/src/main.c:320:11: error: use of undeclared identifier 'i'\n      if (i % r)\n          ^\n/data/CquenceR/WordCompletion_0/patches/000026/src/main.c:322:13: error: use of undeclared identifier 'i'\n        dst[i] = src[i];\n            ^\n/data/CquenceR/WordCompletion_0/patches/000026/src/main.c:322:22: error: use of undeclared identifier 'i'\n        dst[i] = src[i];\n                     ^\n/data/CquenceR/WordCompletion_0/patches/000026/src/main.c:326:13: error: use of undeclared identifier 'i'\n        dst[i] = '_';\n            ^\n/data/CquenceR/WordCompletion_0/patches/000026/src/main.c:331:11: error: use of undeclared identifier 'i'\n      dst[i] = src[i];\n          ^\n/data/CquenceR/WordCompletion_0/patches/000026/src/main.c:331:20: error: use of undeclared identifier 'i'\n      dst[i] = src[i];\n                   ^\n/data/CquenceR/WordCompletion_0/patches/000026/src/main.c:333:5: error: use of undeclared identifier 'i'\n    i++;\n    ^\n/data/CquenceR/WordCompletion_0/patches/000026/src/main.c:335:7: error: use of undeclared identifier 'i'\n  dst[i] = '\\0';\n      ^\n/data/CquenceR/WordCompletion_0/patches/000026/src/main.c:394:4: error: called object type 'char [64]' is not a function or function pointer\nbuf(true);\n~~~^\nfatal error: too many errors emitted, stopping now [-ferror-limit=]\n20 errors generated.\n"
      ]
    },
    "b14485ae": {
      "compiles": [
        1
      ],
      "msg": [
        "/data/CquenceR/WordCompletion_0/patches/000027/src/main.c:396:15: error: expected expression\ncgc_scramble(&);\n              ^\n1 error generated.\n"
      ]
    },
    "392bb0a4": {
      "compiles": [
        1
      ],
      "msg": [
        "/data/CquenceR/WordCompletion_0/patches/000028/src/main.c:310:8: error: a parameter list without types is only allowed in a function definition\nvoid r(src);\n       ^\n/data/CquenceR/WordCompletion_0/patches/000028/src/main.c:314:12: error: redefinition of 'r' as different kind of symbol\n  uint32_t r = (cgc_RANDOM() % 3) + 2;\n           ^\n/data/CquenceR/WordCompletion_0/patches/000028/src/main.c:310:6: note: previous definition is here\nvoid r(src);\n     ^\n/data/CquenceR/WordCompletion_0/patches/000028/src/main.c:394:4: error: called object type 'char [64]' is not a function or function pointer\nbuf(exception);\n~~~^\n/data/CquenceR/WordCompletion_0/patches/000028/src/main.c:394:5: error: use of undeclared identifier 'exception'\nbuf(exception);\n    ^\n4 errors generated.\n"
      ]
    },
    "77ccca30": {
      "compiles": [
        1
      ],
      "msg": [
        "/data/CquenceR/WordCompletion_0/patches/000029/src/main.c:310:6: error: variable has incomplete type 'void'\nvoid(src);\n     ^\n/data/CquenceR/WordCompletion_0/patches/000029/src/main.c:394:4: error: expected ';' after expression\nbuf scriptBlocker ;\n   ^\n   ;\n/data/CquenceR/WordCompletion_0/patches/000029/src/main.c:394:5: error: use of undeclared identifier 'scriptBlocker'\nbuf scriptBlocker ;\n    ^\n3 errors generated.\n"
      ]
    },
    "7f96d3ab": {
      "compiles": [
        1
      ],
      "msg": [
        "/data/CquenceR/WordCompletion_0/patches/000030/src/main.c:310:8: error: a parameter list without types is only allowed in a function definition\nvoid r(src);\n       ^\n/data/CquenceR/WordCompletion_0/patches/000030/src/main.c:314:12: error: redefinition of 'r' as different kind of symbol\n  uint32_t r = (cgc_RANDOM() % 3) + 2;\n           ^\n/data/CquenceR/WordCompletion_0/patches/000030/src/main.c:310:6: note: previous definition is here\nvoid r(src);\n     ^\n/data/CquenceR/WordCompletion_0/patches/000030/src/main.c:395:2: error: expected expression\n();\n ^\n3 errors generated.\n"
      ]
    },
    "03da9098": {
      "compiles": [
        1
      ],
      "msg": [
        "/data/CquenceR/WordCompletion_0/patches/000031/src/main.c:310:8: error: expected parameter declarator\nvoid r(1);\n       ^\n/data/CquenceR/WordCompletion_0/patches/000031/src/main.c:310:8: error: expected ')'\n/data/CquenceR/WordCompletion_0/patches/000031/src/main.c:310:7: note: to match this '('\nvoid r(1);\n      ^\n/data/CquenceR/WordCompletion_0/patches/000031/src/main.c:314:12: error: redefinition of 'r' as different kind of symbol\n  uint32_t r = (cgc_RANDOM() % 3) + 2;\n           ^\n/data/CquenceR/WordCompletion_0/patches/000031/src/main.c:310:6: note: previous definition is here\nvoid r(1);\n     ^\n/data/CquenceR/WordCompletion_0/patches/000031/src/main.c:320:13: error: invalid operands to binary expression ('int' and 'void ()')\n      if (i % r)\n          ~ ^ ~\n/data/CquenceR/WordCompletion_0/patches/000031/src/main.c:394:1: error: expected expression\n];\n^\n5 errors generated.\n"
      ]
    },
    "cb33b944": {
      "compiles": [
        1
      ],
      "msg": [
        "/data/CquenceR/WordCompletion_0/patches/000032/src/main.c:310:14: error: expected ')'\nreturn(( src);\n             ^\n/data/CquenceR/WordCompletion_0/patches/000032/src/main.c:310:7: note: to match this '('\nreturn(( src);\n      ^\n/data/CquenceR/WordCompletion_0/patches/000032/src/main.c:310:1: error: void function 'cgc_scramble' should not return a value [-Wreturn-type]\nreturn(( src);\n^      ~~~~~~\n/data/CquenceR/WordCompletion_0/patches/000032/src/main.c:394:19: error: called object type 'char [43]' is not a function or function pointer\nbuf(FINAL_RND_MSG ()));\n    ~~~~~~~~~~~~~ ^\n3 errors generated.\n"
      ]
    },
    "39a99f2b": {
      "compiles": [
        1
      ],
      "msg": [
        "/data/CquenceR/WordCompletion_0/patches/000033/src/main.c:310:8: error: a parameter list without types is only allowed in a function definition\nvoid r(s1);\n       ^\n/data/CquenceR/WordCompletion_0/patches/000033/src/main.c:314:12: error: redefinition of 'r' as different kind of symbol\n  uint32_t r = (cgc_RANDOM() % 3) + 2;\n           ^\n/data/CquenceR/WordCompletion_0/patches/000033/src/main.c:310:6: note: previous definition is here\nvoid r(s1);\n     ^\n/data/CquenceR/WordCompletion_0/patches/000033/src/main.c:394:18: error: too few arguments to function call, single argument 'buf' was not specified\ncgc_transmit_str();\n~~~~~~~~~~~~~~~~ ^\n/data/CquenceR/WordCompletion_0/patches/000033/src/main.c:58:1: note: 'cgc_transmit_str' declared here\ncgc_size_t cgc_transmit_str(char* buf)\n^\n3 errors generated.\n"
      ]
    },
    "81f9715d": {
      "compiles": [
        1
      ],
      "msg": [
        "/data/CquenceR/WordCompletion_0/patches/000034/src/main.c:310:6: error: variable has incomplete type 'void'\nvoid r ;\n     ^\n/data/CquenceR/WordCompletion_0/patches/000034/src/main.c:315:35: error: initializer element is not a compile-time constant\n  uint32_t r = (cgc_RANDOM() % 3) + 2;\n               ~~~~~~~~~~~~~~~~~~~^~~\n/data/CquenceR/WordCompletion_0/patches/000034/src/main.c:317:3: error: expected identifier or '('\n  while ( (src[i] != '\\0') && (i < len) )\n  ^\n/data/CquenceR/WordCompletion_0/patches/000034/src/main.c:336:3: error: variable length array declaration not allowed at file scope\n  dst[i] = '\\0';\n  ^   ~\n/data/CquenceR/WordCompletion_0/patches/000034/src/main.c:337:1: error: extraneous closing brace ('}')\n}\n^\n/data/CquenceR/WordCompletion_0/patches/000034/src/main.c:395:4: error: called object type 'char [64]' is not a function or function pointer\nbuf(temp);\n~~~^\n6 errors generated.\n"
      ]
    },
    "bb46b470": {
      "compiles": [
        1
      ],
      "msg": [
        "/data/CquenceR/WordCompletion_0/patches/000035/src/main.c:310:12: error: use of undeclared identifier 'false'; did you mean 'else'?\nuint32_t r=false ;\n           ^~~~~\n           else\n/data/CquenceR/WordCompletion_0/patches/000035/src/main.c:310:12: error: expected expression\n/data/CquenceR/WordCompletion_0/patches/000035/src/main.c:314:12: error: redefinition of 'r'\n  uint32_t r = (cgc_RANDOM() % 3) + 2;\n           ^\n/data/CquenceR/WordCompletion_0/patches/000035/src/main.c:310:10: note: previous definition is here\nuint32_t r=false ;\n         ^\n/data/CquenceR/WordCompletion_0/patches/000035/src/main.c:394:4: error: called object type 'char [64]' is not a function or function pointer\nbuf(PR_TRUE);\n~~~^\n/data/CquenceR/WordCompletion_0/patches/000035/src/main.c:394:5: error: use of undeclared identifier 'PR_TRUE'\nbuf(PR_TRUE);\n    ^\n5 errors generated.\n"
      ]
    },
    "1c02d5f5": {
      "compiles": [
        1
      ],
      "msg": [
        "/data/CquenceR/WordCompletion_0/patches/000036/src/main.c:393:21: error: too few arguments to function call, expected 2, have 1\ncgc_transmit_all(buf);\n~~~~~~~~~~~~~~~~    ^\n/data/CquenceR/WordCompletion_0/patches/000036/src/main.c:34:1: note: 'cgc_transmit_all' declared here\ncgc_size_t cgc_transmit_all(char* buf, cgc_size_t size)\n^\n1 error generated.\n"
      ]
    },
    "024ab6d9": {
      "compiles": [
        1
      ],
      "msg": [
        "/data/CquenceR/WordCompletion_0/patches/000037/src/main.c:310:16: error: expected ')'\nreturn(( src,0);\n               ^\n/data/CquenceR/WordCompletion_0/patches/000037/src/main.c:310:7: note: to match this '('\nreturn(( src,0);\n      ^\n/data/CquenceR/WordCompletion_0/patches/000037/src/main.c:310:1: error: void function 'cgc_scramble' should not return a value [-Wreturn-type]\nreturn(( src,0);\n^      ~~~~~~~~\n/data/CquenceR/WordCompletion_0/patches/000037/src/main.c:394:11: error: called object type 'char **' is not a function or function pointer\ncgc_gWords(buf);\n~~~~~~~~~~^\n3 errors generated.\n"
      ]
    },
    "1df2c13f": {
      "compiles": [
        1
      ],
      "msg": [
        "/data/CquenceR/WordCompletion_0/patches/000038/src/main.c:310:5: error: expected expression\nif((<0)\n    ^\n/data/CquenceR/WordCompletion_0/patches/000038/src/main.c:395:19: error: expected expression\ncgc_transmit_all(&);\n                  ^\n2 errors generated.\n"
      ]
    },
    "af623bd6": {
      "compiles": [
        1
      ],
      "msg": [
        "/data/CquenceR/WordCompletion_0/patches/000039/src/main.c:310:12: error: a parameter list without types is only allowed in a function definition\nuint32_t r(src,len);\n           ^\n/data/CquenceR/WordCompletion_0/patches/000039/src/main.c:314:12: error: redefinition of 'r' as different kind of symbol\n  uint32_t r = (cgc_RANDOM() % 3) + 2;\n           ^\n/data/CquenceR/WordCompletion_0/patches/000039/src/main.c:310:10: note: previous definition is here\nuint32_t r(src,len);\n         ^\n2 errors generated.\n"
      ]
    },
    "4e02179a": {
      "compiles": [
        1
      ],
      "msg": [
        "/data/CquenceR/WordCompletion_0/patches/000040/src/main.c:310:13: error: member reference base type 'char *' is not a structure or union\nreturn(( src.len ()) ;\n         ~~~^~~~\n/data/CquenceR/WordCompletion_0/patches/000040/src/main.c:394:13: error: expected expression\ncgc_gWords(&);\n            ^\n2 errors generated.\n"
      ]
    },
    "e811c527": {
      "compiles": [
        1
      ],
      "msg": [
        "/data/CquenceR/WordCompletion_0/patches/000041/src/main.c:310:10: error: use of undeclared identifier 'i'\nvoid r(i[i]);\n         ^\n/data/CquenceR/WordCompletion_0/patches/000041/src/main.c:314:12: error: redefinition of 'r' as different kind of symbol\n  uint32_t r = (cgc_RANDOM() % 3) + 2;\n           ^\n/data/CquenceR/WordCompletion_0/patches/000041/src/main.c:310:6: note: previous definition is here\nvoid r(i[i]);\n     ^\n/data/CquenceR/WordCompletion_0/patches/000041/src/main.c:394:4: error: array type 'char [64]' is not assignable\nbuf=0 ;\n~~~^\n3 errors generated.\n"
      ]
    },
    "470d528e": {
      "compiles": [
        1
      ],
      "msg": [
        "/data/CquenceR/WordCompletion_0/patches/000042/src/main.c:310:5: error: expected expression\nif((<0){\n    ^\n/data/CquenceR/WordCompletion_0/patches/000042/src/main.c:318:16: error: use of undeclared identifier 'i'\n  while ( (src[i] != '\\0') && (i < len) )\n               ^\n/data/CquenceR/WordCompletion_0/patches/000042/src/main.c:318:32: error: use of undeclared identifier 'i'\n  while ( (src[i] != '\\0') && (i < len) )\n                               ^\n/data/CquenceR/WordCompletion_0/patches/000042/src/main.c:320:27: error: use of undeclared identifier 'i'\n    if (IS_VALID_CHAR(src[i]))\n                          ^\n/data/CquenceR/WordCompletion_0/patches/000042/src/main.c:320:27: error: use of undeclared identifier 'i'\n/data/CquenceR/WordCompletion_0/patches/000042/src/main.c:320:27: error: use of undeclared identifier 'i'\n/data/CquenceR/WordCompletion_0/patches/000042/src/main.c:320:27: error: use of undeclared identifier 'i'\n/data/CquenceR/WordCompletion_0/patches/000042/src/main.c:320:27: error: use of undeclared identifier 'i'\n/data/CquenceR/WordCompletion_0/patches/000042/src/main.c:320:27: error: use of undeclared identifier 'i'\n/data/CquenceR/WordCompletion_0/patches/000042/src/main.c:322:11: error: use of undeclared identifier 'i'\n      if (i % r)\n          ^\n/data/CquenceR/WordCompletion_0/patches/000042/src/main.c:324:13: error: use of undeclared identifier 'i'\n        dst[i] = src[i];\n            ^\n/data/CquenceR/WordCompletion_0/patches/000042/src/main.c:324:22: error: use of undeclared identifier 'i'\n        dst[i] = src[i];\n                     ^\n/data/CquenceR/WordCompletion_0/patches/000042/src/main.c:328:13: error: use of undeclared identifier 'i'\n        dst[i] = '_';\n            ^\n/data/CquenceR/WordCompletion_0/patches/000042/src/main.c:333:11: error: use of undeclared identifier 'i'\n      dst[i] = src[i];\n          ^\n/data/CquenceR/WordCompletion_0/patches/000042/src/main.c:333:20: error: use of undeclared identifier 'i'\n      dst[i] = src[i];\n                   ^\n/data/CquenceR/WordCompletion_0/patches/000042/src/main.c:335:5: error: use of undeclared identifier 'i'\n    i++;\n    ^\n/data/CquenceR/WordCompletion_0/patches/000042/src/main.c:337:7: error: use of undeclared identifier 'i'\n  dst[i] = '\\0';\n      ^\n/data/CquenceR/WordCompletion_0/patches/000042/src/main.c:396:18: error: called object type 'char [43]' is not a function or function pointer\nbuf(FINAL_RND_MSG(buf)) ;\n    ~~~~~~~~~~~~~^\n18 errors generated.\n"
      ]
    },
    "ebc2b8ac": {
      "compiles": [
        1
      ],
      "msg": [
        "/data/CquenceR/WordCompletion_0/patches/000043/src/main.c:310:5: error: expected expression\nif((==0 )\n    ^\n/data/CquenceR/WordCompletion_0/patches/000043/src/main.c:311:3: error: use of undeclared identifier 'i'\n( i);\n  ^\n/data/CquenceR/WordCompletion_0/patches/000043/src/main.c:395:9: error: called object type 'int' is not a function or function pointer\nBUF_SIZE();\n~~~~~~~~^\n3 errors generated.\n"
      ]
    },
    "2e0687a4": {
      "compiles": [
        1
      ],
      "msg": [
        "/data/CquenceR/WordCompletion_0/patches/000044/src/main.c:310:5: error: expected expression\nif((<0)\n    ^\n/data/CquenceR/WordCompletion_0/patches/000044/src/main.c:318:16: error: use of undeclared identifier 'i'\n  while ( (src[i] != '\\0') && (i < len) )\n               ^\n/data/CquenceR/WordCompletion_0/patches/000044/src/main.c:318:32: error: use of undeclared identifier 'i'\n  while ( (src[i] != '\\0') && (i < len) )\n                               ^\n/data/CquenceR/WordCompletion_0/patches/000044/src/main.c:320:27: error: use of undeclared identifier 'i'\n    if (IS_VALID_CHAR(src[i]))\n                          ^\n/data/CquenceR/WordCompletion_0/patches/000044/src/main.c:320:27: error: use of undeclared identifier 'i'\n/data/CquenceR/WordCompletion_0/patches/000044/src/main.c:320:27: error: use of undeclared identifier 'i'\n/data/CquenceR/WordCompletion_0/patches/000044/src/main.c:320:27: error: use of undeclared identifier 'i'\n/data/CquenceR/WordCompletion_0/patches/000044/src/main.c:320:27: error: use of undeclared identifier 'i'\n/data/CquenceR/WordCompletion_0/patches/000044/src/main.c:320:27: error: use of undeclared identifier 'i'\n/data/CquenceR/WordCompletion_0/patches/000044/src/main.c:322:11: error: use of undeclared identifier 'i'\n      if (i % r)\n          ^\n/data/CquenceR/WordCompletion_0/patches/000044/src/main.c:324:13: error: use of undeclared identifier 'i'\n        dst[i] = src[i];\n            ^\n/data/CquenceR/WordCompletion_0/patches/000044/src/main.c:324:22: error: use of undeclared identifier 'i'\n        dst[i] = src[i];\n                     ^\n/data/CquenceR/WordCompletion_0/patches/000044/src/main.c:328:13: error: use of undeclared identifier 'i'\n        dst[i] = '_';\n            ^\n/data/CquenceR/WordCompletion_0/patches/000044/src/main.c:333:11: error: use of undeclared identifier 'i'\n      dst[i] = src[i];\n          ^\n/data/CquenceR/WordCompletion_0/patches/000044/src/main.c:333:20: error: use of undeclared identifier 'i'\n      dst[i] = src[i];\n                   ^\n/data/CquenceR/WordCompletion_0/patches/000044/src/main.c:335:5: error: use of undeclared identifier 'i'\n    i++;\n    ^\n/data/CquenceR/WordCompletion_0/patches/000044/src/main.c:337:7: error: use of undeclared identifier 'i'\n  dst[i] = '\\0';\n      ^\n/data/CquenceR/WordCompletion_0/patches/000044/src/main.c:396:9: error: called object type 'char [10]' is not a function or function pointer\nLOSE_MSG(buf);\n~~~~~~~~^\n18 errors generated.\n"
      ]
    },
    "2432b44d": {
      "compiles": [
        1
      ],
      "msg": [
        "/data/CquenceR/WordCompletion_0/patches/000045/src/main.c:310:5: error: expected expression\nif((<0)\n    ^\n/data/CquenceR/WordCompletion_0/patches/000045/src/main.c:395:10: error: too few arguments provided to function-like macro invocation\nREADLINE();\n         ^\n/data/CquenceR/WordCompletion_0/patches/000045/src/main.c:342:9: note: macro 'READLINE' defined here\n#define READLINE(_buf, _len) do { sret = cgc_readline(_buf, _len); if (sret == 0) { cgc__terminate(1); } } while (0)\n        ^\n/data/CquenceR/WordCompletion_0/patches/000045/src/main.c:395:1: error: use of undeclared identifier 'READLINE'\nREADLINE();\n^\n3 errors generated.\n"
      ]
    },
    "15a37b38": {
      "compiles": [
        1
      ],
      "msg": [
        "/data/CquenceR/WordCompletion_0/patches/000046/src/main.c:310:5: error: expected expression\nif((<0)\n    ^\n/data/CquenceR/WordCompletion_0/patches/000046/src/main.c:416:1: error: expected '}'\n^\n/data/CquenceR/WordCompletion_0/patches/000046/src/main.c:305:1: note: to match this '{'\n{\n^\n2 errors generated.\n"
      ]
    },
    "73371adc": {
      "compiles": [
        1
      ],
      "msg": [
        "/data/CquenceR/WordCompletion_0/patches/000047/src/main.c:310:5: error: expected expression\nif((<0)\n    ^\n/data/CquenceR/WordCompletion_0/patches/000047/src/main.c:311:3: error: use of undeclared identifier 'i'\n( i); \n  ^\n/data/CquenceR/WordCompletion_0/patches/000047/src/main.c:395:4: error: called object type 'char [64]' is not a function or function pointer\nbuf(obj);\n~~~^\n/data/CquenceR/WordCompletion_0/patches/000047/src/main.c:395:5: error: use of undeclared identifier 'obj'\nbuf(obj);\n    ^\n4 errors generated.\n"
      ]
    },
    "c5d32280": {
      "compiles": [
        1
      ],
      "msg": [
        "/data/CquenceR/WordCompletion_0/patches/000048/src/main.c:311:3: error: use of undeclared identifier 'i'\n( i);\n  ^\n/data/CquenceR/WordCompletion_0/patches/000048/src/main.c:395:5: error: called object type 'cgc_size_t' (aka 'unsigned long') is not a function or function pointer\nsret(buf);\n~~~~^\n2 errors generated.\n"
      ]
    },
    "4b65c92d": {
      "compiles": [
        1
      ],
      "msg": [
        "/data/CquenceR/WordCompletion_0/patches/000049/src/main.c:310:5: error: expected expression\nif((<0)\n    ^\n1 error generated.\n"
      ]
    },
    "2aa90755": {
      "compiles": [
        1
      ],
      "msg": [
        "/data/CquenceR/WordCompletion_0/patches/000050/src/main.c:311:2: error: expected expression\n();\n ^\n/data/CquenceR/WordCompletion_0/patches/000050/src/main.c:395:7: error: expected expression\nsret(&);\n      ^\n2 errors generated.\n"
      ]
    },
    "38a4a1f8": {
      "compiles": [
        1
      ],
      "msg": [
        "/data/CquenceR/WordCompletion_0/patches/000051/src/main.c:310:5: error: expected expression\nif((<0)\n    ^\n/data/CquenceR/WordCompletion_0/patches/000051/src/main.c:319:16: error: use of undeclared identifier 'i'\n  while ( (src[i] != '\\0') && (i < len) )\n               ^\n/data/CquenceR/WordCompletion_0/patches/000051/src/main.c:319:32: error: use of undeclared identifier 'i'\n  while ( (src[i] != '\\0') && (i < len) )\n                               ^\n/data/CquenceR/WordCompletion_0/patches/000051/src/main.c:321:27: error: use of undeclared identifier 'i'\n    if (IS_VALID_CHAR(src[i]))\n                          ^\n/data/CquenceR/WordCompletion_0/patches/000051/src/main.c:321:27: error: use of undeclared identifier 'i'\n/data/CquenceR/WordCompletion_0/patches/000051/src/main.c:321:27: error: use of undeclared identifier 'i'\n/data/CquenceR/WordCompletion_0/patches/000051/src/main.c:321:27: error: use of undeclared identifier 'i'\n/data/CquenceR/WordCompletion_0/patches/000051/src/main.c:321:27: error: use of undeclared identifier 'i'\n/data/CquenceR/WordCompletion_0/patches/000051/src/main.c:321:27: error: use of undeclared identifier 'i'\n/data/CquenceR/WordCompletion_0/patches/000051/src/main.c:323:11: error: use of undeclared identifier 'i'\n      if (i % r)\n          ^\n/data/CquenceR/WordCompletion_0/patches/000051/src/main.c:325:13: error: use of undeclared identifier 'i'\n        dst[i] = src[i];\n            ^\n/data/CquenceR/WordCompletion_0/patches/000051/src/main.c:325:22: error: use of undeclared identifier 'i'\n        dst[i] = src[i];\n                     ^\n/data/CquenceR/WordCompletion_0/patches/000051/src/main.c:329:13: error: use of undeclared identifier 'i'\n        dst[i] = '_';\n            ^\n/data/CquenceR/WordCompletion_0/patches/000051/src/main.c:334:11: error: use of undeclared identifier 'i'\n      dst[i] = src[i];\n          ^\n/data/CquenceR/WordCompletion_0/patches/000051/src/main.c:334:20: error: use of undeclared identifier 'i'\n      dst[i] = src[i];\n                   ^\n/data/CquenceR/WordCompletion_0/patches/000051/src/main.c:336:5: error: use of undeclared identifier 'i'\n    i++;\n    ^\n/data/CquenceR/WordCompletion_0/patches/000051/src/main.c:338:7: error: use of undeclared identifier 'i'\n  dst[i] = '\\0';\n      ^\n/data/CquenceR/WordCompletion_0/patches/000051/src/main.c:397:4: error: called object type 'char [64]' is not a function or function pointer\nbuf(FINAL_RND_MSG);\n~~~^\n18 errors generated.\n"
      ]
    },
    "bb2ce688": {
      "compiles": [
        1
      ],
      "msg": [
        "/data/CquenceR/WordCompletion_0/patches/000052/src/main.c:311:1: error: function definition is not allowed here\n{\n^\n/data/CquenceR/WordCompletion_0/patches/000052/src/main.c:396:4: error: expected ';' after expression\nbuf\n   ^\n   ;\n2 errors generated.\n"
      ]
    },
    "fce1395a": {
      "compiles": [
        1
      ],
      "msg": [
        "/data/CquenceR/WordCompletion_0/patches/000053/src/main.c:310:5: error: expected expression\nif((==s2 )\n    ^\n/data/CquenceR/WordCompletion_0/patches/000053/src/main.c:310:7: error: use of undeclared identifier 's2'\nif((==s2 )\n      ^\n/data/CquenceR/WordCompletion_0/patches/000053/src/main.c:311:3: error: use of undeclared identifier 'i'\n( i);\n  ^\n/data/CquenceR/WordCompletion_0/patches/000053/src/main.c:395:12: error: expected ')'\nbool(( buf);\n           ^\n/data/CquenceR/WordCompletion_0/patches/000053/src/main.c:395:5: note: to match this '('\nbool(( buf);\n    ^\n4 errors generated.\n"
      ]
    },
    "252ee8fd": {
      "compiles": [
        1
      ],
      "msg": [
        "/data/CquenceR/WordCompletion_0/patches/000054/src/main.c:310:5: error: expected expression\nif((==0)\n    ^\n/data/CquenceR/WordCompletion_0/patches/000054/src/main.c:318:16: error: use of undeclared identifier 'i'\n  while ( (src[i] != '\\0') && (i < len) )\n               ^\n/data/CquenceR/WordCompletion_0/patches/000054/src/main.c:318:32: error: use of undeclared identifier 'i'\n  while ( (src[i] != '\\0') && (i < len) )\n                               ^\n/data/CquenceR/WordCompletion_0/patches/000054/src/main.c:320:27: error: use of undeclared identifier 'i'\n    if (IS_VALID_CHAR(src[i]))\n                          ^\n/data/CquenceR/WordCompletion_0/patches/000054/src/main.c:320:27: error: use of undeclared identifier 'i'\n/data/CquenceR/WordCompletion_0/patches/000054/src/main.c:320:27: error: use of undeclared identifier 'i'\n/data/CquenceR/WordCompletion_0/patches/000054/src/main.c:320:27: error: use of undeclared identifier 'i'\n/data/CquenceR/WordCompletion_0/patches/000054/src/main.c:320:27: error: use of undeclared identifier 'i'\n/data/CquenceR/WordCompletion_0/patches/000054/src/main.c:320:27: error: use of undeclared identifier 'i'\n/data/CquenceR/WordCompletion_0/patches/000054/src/main.c:322:11: error: use of undeclared identifier 'i'\n      if (i % r)\n          ^\n/data/CquenceR/WordCompletion_0/patches/000054/src/main.c:324:13: error: use of undeclared identifier 'i'\n        dst[i] = src[i];\n            ^\n/data/CquenceR/WordCompletion_0/patches/000054/src/main.c:324:22: error: use of undeclared identifier 'i'\n        dst[i] = src[i];\n                     ^\n/data/CquenceR/WordCompletion_0/patches/000054/src/main.c:328:13: error: use of undeclared identifier 'i'\n        dst[i] = '_';\n            ^\n/data/CquenceR/WordCompletion_0/patches/000054/src/main.c:333:11: error: use of undeclared identifier 'i'\n      dst[i] = src[i];\n          ^\n/data/CquenceR/WordCompletion_0/patches/000054/src/main.c:333:20: error: use of undeclared identifier 'i'\n      dst[i] = src[i];\n                   ^\n/data/CquenceR/WordCompletion_0/patches/000054/src/main.c:335:5: error: use of undeclared identifier 'i'\n    i++;\n    ^\n/data/CquenceR/WordCompletion_0/patches/000054/src/main.c:337:7: error: use of undeclared identifier 'i'\n  dst[i] = '\\0';\n      ^\n17 errors generated.\n"
      ]
    },
    "909a7d39": {
      "compiles": [
        1
      ],
      "msg": [
        "/data/CquenceR/WordCompletion_0/patches/000055/src/main.c:310:8: error: unknown type name 'src'\nvoid r(src.uint32_t ()) ;\n       ^\n/data/CquenceR/WordCompletion_0/patches/000055/src/main.c:310:11: error: expected ')'\nvoid r(src.uint32_t ()) ;\n          ^\n/data/CquenceR/WordCompletion_0/patches/000055/src/main.c:310:7: note: to match this '('\nvoid r(src.uint32_t ()) ;\n      ^\n/data/CquenceR/WordCompletion_0/patches/000055/src/main.c:314:12: error: redefinition of 'r' as different kind of symbol\n  uint32_t r = (cgc_RANDOM() % 3) + 2;\n           ^\n/data/CquenceR/WordCompletion_0/patches/000055/src/main.c:310:6: note: previous definition is here\nvoid r(src.uint32_t ()) ;\n     ^\n/data/CquenceR/WordCompletion_0/patches/000055/src/main.c:394:14: error: expected ')'\nreturn(( buf);\n             ^\n/data/CquenceR/WordCompletion_0/patches/000055/src/main.c:394:7: note: to match this '('\nreturn(( buf);\n      ^\n4 errors generated.\n"
      ]
    },
    "e6d72b07": {
      "compiles": [
        1
      ],
      "msg": [
        "/data/CquenceR/WordCompletion_0/patches/000056/src/main.c:310:12: error: unknown type name 'src'\nuint32_t r(src.uint32_t ()) ;\n           ^\n/data/CquenceR/WordCompletion_0/patches/000056/src/main.c:310:15: error: expected ')'\nuint32_t r(src.uint32_t ()) ;\n              ^\n/data/CquenceR/WordCompletion_0/patches/000056/src/main.c:310:11: note: to match this '('\nuint32_t r(src.uint32_t ()) ;\n          ^\n/data/CquenceR/WordCompletion_0/patches/000056/src/main.c:314:12: error: redefinition of 'r' as different kind of symbol\n  uint32_t r = (cgc_RANDOM() % 3) + 2;\n           ^\n/data/CquenceR/WordCompletion_0/patches/000056/src/main.c:310:10: note: previous definition is here\nuint32_t r(src.uint32_t ()) ;\n         ^\n/data/CquenceR/WordCompletion_0/patches/000056/src/main.c:394:5: error: invalid argument type 'char *' to unary expression\nbuf(- NEXT_WORD_MSG);\n    ^ ~~~~~~~~~~~~~\n4 errors generated.\n"
      ]
    },
    "8fefd2b1": {
      "compiles": [
        1
      ],
      "msg": [
        "/data/CquenceR/WordCompletion_0/patches/000057/src/main.c:310:9: error: use of undeclared identifier 's1'\nif (!s2(s1))\n        ^\n/data/CquenceR/WordCompletion_0/patches/000057/src/main.c:311:3: error: use of undeclared identifier 'i'\n( i);\n  ^\n/data/CquenceR/WordCompletion_0/patches/000057/src/main.c:395:16: error: called object type 'char **' is not a function or function pointer\nif (!cgc_gWords(buf))\n     ~~~~~~~~~~^\n/data/CquenceR/WordCompletion_0/patches/000057/src/main.c:396:2: error: expected expression\n();\n ^\n4 errors generated.\n"
      ]
    },
    "d39c5626": {
      "compiles": [
        1
      ],
      "msg": [
        "/data/CquenceR/WordCompletion_0/patches/000058/src/main.c:310:5: error: expected expression\nif((==0 )\n    ^\n/data/CquenceR/WordCompletion_0/patches/000058/src/main.c:395:9: error: called object type 'int' is not a function or function pointer\nBUF_SIZE(&temp);\n~~~~~~~~^\n2 errors generated.\n"
      ]
    },
    "79c5c3ba": {
      "compiles": [
        1
      ],
      "msg": [
        "/data/CquenceR/WordCompletion_0/patches/000059/src/main.c:310:5: error: expected expression\nif((<0)\n    ^\n/data/CquenceR/WordCompletion_0/patches/000059/src/main.c:319:16: error: use of undeclared identifier 'i'\n  while ( (src[i] != '\\0') && (i < len) )\n               ^\n/data/CquenceR/WordCompletion_0/patches/000059/src/main.c:319:32: error: use of undeclared identifier 'i'\n  while ( (src[i] != '\\0') && (i < len) )\n                               ^\n/data/CquenceR/WordCompletion_0/patches/000059/src/main.c:321:27: error: use of undeclared identifier 'i'\n    if (IS_VALID_CHAR(src[i]))\n                          ^\n/data/CquenceR/WordCompletion_0/patches/000059/src/main.c:321:27: error: use of undeclared identifier 'i'\n/data/CquenceR/WordCompletion_0/patches/000059/src/main.c:321:27: error: use of undeclared identifier 'i'\n/data/CquenceR/WordCompletion_0/patches/000059/src/main.c:321:27: error: use of undeclared identifier 'i'\n/data/CquenceR/WordCompletion_0/patches/000059/src/main.c:321:27: error: use of undeclared identifier 'i'\n/data/CquenceR/WordCompletion_0/patches/000059/src/main.c:321:27: error: use of undeclared identifier 'i'\n/data/CquenceR/WordCompletion_0/patches/000059/src/main.c:323:11: error: use of undeclared identifier 'i'\n      if (i % r)\n          ^\n/data/CquenceR/WordCompletion_0/patches/000059/src/main.c:325:13: error: use of undeclared identifier 'i'\n        dst[i] = src[i];\n            ^\n/data/CquenceR/WordCompletion_0/patches/000059/src/main.c:325:22: error: use of undeclared identifier 'i'\n        dst[i] = src[i];\n                     ^\n/data/CquenceR/WordCompletion_0/patches/000059/src/main.c:329:13: error: use of undeclared identifier 'i'\n        dst[i] = '_';\n            ^\n/data/CquenceR/WordCompletion_0/patches/000059/src/main.c:334:11: error: use of undeclared identifier 'i'\n      dst[i] = src[i];\n          ^\n/data/CquenceR/WordCompletion_0/patches/000059/src/main.c:334:20: error: use of undeclared identifier 'i'\n      dst[i] = src[i];\n                   ^\n/data/CquenceR/WordCompletion_0/patches/000059/src/main.c:336:5: error: use of undeclared identifier 'i'\n    i++;\n    ^\n/data/CquenceR/WordCompletion_0/patches/000059/src/main.c:338:7: error: use of undeclared identifier 'i'\n  dst[i] = '\\0';\n      ^\n/data/CquenceR/WordCompletion_0/patches/000059/src/main.c:397:15: error: too few arguments provided to function-like macro invocation\nREADLINE(&temp);\n              ^\n/data/CquenceR/WordCompletion_0/patches/000059/src/main.c:344:9: note: macro 'READLINE' defined here\n#define READLINE(_buf, _len) do { sret = cgc_readline(_buf, _len); if (sret == 0) { cgc__terminate(1); } } while (0)\n        ^\n/data/CquenceR/WordCompletion_0/patches/000059/src/main.c:397:1: error: use of undeclared identifier 'READLINE'\nREADLINE(&temp);\n^\n19 errors generated.\n"
      ]
    },
    "a3bfcbfa": {
      "compiles": [
        1
      ],
      "msg": [
        "/data/CquenceR/WordCompletion_0/patches/000060/src/main.c:310:6: error: expected expression\nif(( ){( src,len);\n     ^\n/data/CquenceR/WordCompletion_0/patches/000060/src/main.c:416:1: error: expected '}'\n^\n/data/CquenceR/WordCompletion_0/patches/000060/src/main.c:305:1: note: to match this '{'\n{\n^\n2 errors generated.\n"
      ]
    },
    "db14ebf0": {
      "compiles": [
        1
      ],
      "msg": [
        "/data/CquenceR/WordCompletion_0/patches/000061/src/main.c:310:9: error: use of undeclared identifier 'i'\nif (!s2(i))\n        ^\n/data/CquenceR/WordCompletion_0/patches/000061/src/main.c:311:3: error: use of undeclared identifier 'i'\n( i);\n  ^\n/data/CquenceR/WordCompletion_0/patches/000061/src/main.c:395:4: error: called object type 'char [64]' is not a function or function pointer\nbuf(buf);\n~~~^\n3 errors generated.\n"
      ]
    },
    "3226f594": {
      "compiles": [
        1
      ],
      "msg": [
        "/data/CquenceR/WordCompletion_0/patches/000062/src/main.c:310:9: error: use of undeclared identifier 's1'\nif (!s2(s1))\n        ^\n/data/CquenceR/WordCompletion_0/patches/000062/src/main.c:311:2: error: expected expression\n();\n ^\n/data/CquenceR/WordCompletion_0/patches/000062/src/main.c:395:19: error: too few arguments to function call, expected 3, have 1\ncgc_scramble(&temp);\n~~~~~~~~~~~~      ^\n/data/CquenceR/WordCompletion_0/patches/000062/src/main.c:304:1: note: 'cgc_scramble' declared here\nvoid cgc_scramble(char* dst, char* src, cgc_size_t len)\n^\n3 errors generated.\n"
      ]
    },
    "c9d2309f": {
      "compiles": [
        1
      ],
      "msg": [
        "/data/CquenceR/WordCompletion_0/patches/000063/src/main.c:311:3: error: use of undeclared identifier 'i'\n( i);\n  ^\n/data/CquenceR/WordCompletion_0/patches/000063/src/main.c:395:16: error: called object type 'char **' is not a function or function pointer\nif (!cgc_gWords(buf))\n     ~~~~~~~~~~^\n/data/CquenceR/WordCompletion_0/patches/000063/src/main.c:396:1: error: non-void function 'main' should return a value [-Wreturn-type]\nreturn ;\n^\n3 errors generated.\n"
      ]
    },
    "1654c541": {
      "compiles": [
        1
      ],
      "msg": [
        "/data/CquenceR/WordCompletion_0/patches/000064/src/main.c:310:9: error: expected identifier\nif (!s2.IS_VALID_CHAR ())\n        ^\n/data/CquenceR/WordCompletion_0/patches/000064/src/main.c:10:27: note: expanded from macro 'IS_VALID_CHAR'\n#define IS_VALID_CHAR(_c) ( ((_c >= 'a') && (_c <= 'z')) || ((_c >= 'A') && (_c <= 'Z')) || ((_c >= '0') && (_c <= '9')) )\n                          ^\n/data/CquenceR/WordCompletion_0/patches/000064/src/main.c:310:6: error: use of undeclared identifier 's2'\nif (!s2.IS_VALID_CHAR ())\n     ^\n/data/CquenceR/WordCompletion_0/patches/000064/src/main.c:310:9: error: expected expression\nif (!s2.IS_VALID_CHAR ())\n        ^\n/data/CquenceR/WordCompletion_0/patches/000064/src/main.c:10:34: note: expanded from macro 'IS_VALID_CHAR'\n#define IS_VALID_CHAR(_c) ( ((_c >= 'a') && (_c <= 'z')) || ((_c >= 'A') && (_c <= 'Z')) || ((_c >= '0') && (_c <= '9')) )\n                                 ^\n/data/CquenceR/WordCompletion_0/patches/000064/src/main.c:310:9: error: expected expression\n/data/CquenceR/WordCompletion_0/patches/000064/src/main.c:10:49: note: expanded from macro 'IS_VALID_CHAR'\n#define IS_VALID_CHAR(_c) ( ((_c >= 'a') && (_c <= 'z')) || ((_c >= 'A') && (_c <= 'Z')) || ((_c >= '0') && (_c <= '9')) )\n                                                ^\n/data/CquenceR/WordCompletion_0/patches/000064/src/main.c:310:9: error: expected expression\n/data/CquenceR/WordCompletion_0/patches/000064/src/main.c:10:66: note: expanded from macro 'IS_VALID_CHAR'\n#define IS_VALID_CHAR(_c) ( ((_c >= 'a') && (_c <= 'z')) || ((_c >= 'A') && (_c <= 'Z')) || ((_c >= '0') && (_c <= '9')) )\n                                                                 ^\n/data/CquenceR/WordCompletion_0/patches/000064/src/main.c:310:9: error: expected expression\n/data/CquenceR/WordCompletion_0/patches/000064/src/main.c:10:81: note: expanded from macro 'IS_VALID_CHAR'\n#define IS_VALID_CHAR(_c) ( ((_c >= 'a') && (_c <= 'z')) || ((_c >= 'A') && (_c <= 'Z')) || ((_c >= '0') && (_c <= '9')) )\n                                                                                ^\n/data/CquenceR/WordCompletion_0/patches/000064/src/main.c:310:9: error: expected expression\n/data/CquenceR/WordCompletion_0/patches/000064/src/main.c:10:98: note: expanded from macro 'IS_VALID_CHAR'\n#define IS_VALID_CHAR(_c) ( ((_c >= 'a') && (_c <= 'z')) || ((_c >= 'A') && (_c <= 'Z')) || ((_c >= '0') && (_c <= '9')) )\n                                                                                                 ^\n/data/CquenceR/WordCompletion_0/patches/000064/src/main.c:310:9: error: expected expression\n/data/CquenceR/WordCompletion_0/patches/000064/src/main.c:10:113: note: expanded from macro 'IS_VALID_CHAR'\n#define IS_VALID_CHAR(_c) ( ((_c >= 'a') && (_c <= 'z')) || ((_c >= 'A') && (_c <= 'Z')) || ((_c >= '0') && (_c <= '9')) )\n                                                                                                                ^\n/data/CquenceR/WordCompletion_0/patches/000064/src/main.c:311:2: error: use of undeclared identifier 'i'\n(i);\n ^\n/data/CquenceR/WordCompletion_0/patches/000064/src/main.c:395:19: error: called object type 'char [43]' is not a function or function pointer\nbuf(FINAL_RND_MSG (&c)) ;\n    ~~~~~~~~~~~~~ ^\n10 errors generated.\n"
      ]
    },
    "6a50e487": {
      "compiles": [
        1
      ],
      "msg": [
        "/data/CquenceR/WordCompletion_0/patches/000065/src/main.c:310:8: error: expected identifier\nif(!s2.IS_VALID_CHAR())\n       ^\n/data/CquenceR/WordCompletion_0/patches/000065/src/main.c:10:27: note: expanded from macro 'IS_VALID_CHAR'\n#define IS_VALID_CHAR(_c) ( ((_c >= 'a') && (_c <= 'z')) || ((_c >= 'A') && (_c <= 'Z')) || ((_c >= '0') && (_c <= '9')) )\n                          ^\n/data/CquenceR/WordCompletion_0/patches/000065/src/main.c:310:5: error: use of undeclared identifier 's2'\nif(!s2.IS_VALID_CHAR())\n    ^\n/data/CquenceR/WordCompletion_0/patches/000065/src/main.c:310:8: error: expected expression\nif(!s2.IS_VALID_CHAR())\n       ^\n/data/CquenceR/WordCompletion_0/patches/000065/src/main.c:10:34: note: expanded from macro 'IS_VALID_CHAR'\n#define IS_VALID_CHAR(_c) ( ((_c >= 'a') && (_c <= 'z')) || ((_c >= 'A') && (_c <= 'Z')) || ((_c >= '0') && (_c <= '9')) )\n                                 ^\n/data/CquenceR/WordCompletion_0/patches/000065/src/main.c:310:8: error: expected expression\n/data/CquenceR/WordCompletion_0/patches/000065/src/main.c:10:49: note: expanded from macro 'IS_VALID_CHAR'\n#define IS_VALID_CHAR(_c) ( ((_c >= 'a') && (_c <= 'z')) || ((_c >= 'A') && (_c <= 'Z')) || ((_c >= '0') && (_c <= '9')) )\n                                                ^\n/data/CquenceR/WordCompletion_0/patches/000065/src/main.c:310:8: error: expected expression\n/data/CquenceR/WordCompletion_0/patches/000065/src/main.c:10:66: note: expanded from macro 'IS_VALID_CHAR'\n#define IS_VALID_CHAR(_c) ( ((_c >= 'a') && (_c <= 'z')) || ((_c >= 'A') && (_c <= 'Z')) || ((_c >= '0') && (_c <= '9')) )\n                                                                 ^\n/data/CquenceR/WordCompletion_0/patches/000065/src/main.c:310:8: error: expected expression\n/data/CquenceR/WordCompletion_0/patches/000065/src/main.c:10:81: note: expanded from macro 'IS_VALID_CHAR'\n#define IS_VALID_CHAR(_c) ( ((_c >= 'a') && (_c <= 'z')) || ((_c >= 'A') && (_c <= 'Z')) || ((_c >= '0') && (_c <= '9')) )\n                                                                                ^\n/data/CquenceR/WordCompletion_0/patches/000065/src/main.c:310:8: error: expected expression\n/data/CquenceR/WordCompletion_0/patches/000065/src/main.c:10:98: note: expanded from macro 'IS_VALID_CHAR'\n#define IS_VALID_CHAR(_c) ( ((_c >= 'a') && (_c <= 'z')) || ((_c >= 'A') && (_c <= 'Z')) || ((_c >= '0') && (_c <= '9')) )\n                                                                                                 ^\n/data/CquenceR/WordCompletion_0/patches/000065/src/main.c:310:8: error: expected expression\n/data/CquenceR/WordCompletion_0/patches/000065/src/main.c:10:113: note: expanded from macro 'IS_VALID_CHAR'\n#define IS_VALID_CHAR(_c) ( ((_c >= 'a') && (_c <= 'z')) || ((_c >= 'A') && (_c <= 'Z')) || ((_c >= '0') && (_c <= '9')) )\n                                                                                                                ^\n/data/CquenceR/WordCompletion_0/patches/000065/src/main.c:396:4: error: called object type 'char [64]' is not a function or function pointer\nbuf(sizeof(buf)) ;\n~~~^\n9 errors generated.\n"
      ]
    },
    "2678117b": {
      "compiles": [
        1
      ],
      "msg": [
        "/data/CquenceR/WordCompletion_0/patches/000066/src/main.c:310:5: error: expected expression\nif((<0){\n    ^\n/data/CquenceR/WordCompletion_0/patches/000066/src/main.c:319:16: error: use of undeclared identifier 'i'\n  while ( (src[i] != '\\0') && (i < len) )\n               ^\n/data/CquenceR/WordCompletion_0/patches/000066/src/main.c:319:32: error: use of undeclared identifier 'i'\n  while ( (src[i] != '\\0') && (i < len) )\n                               ^\n/data/CquenceR/WordCompletion_0/patches/000066/src/main.c:321:27: error: use of undeclared identifier 'i'\n    if (IS_VALID_CHAR(src[i]))\n                          ^\n/data/CquenceR/WordCompletion_0/patches/000066/src/main.c:321:27: error: use of undeclared identifier 'i'\n/data/CquenceR/WordCompletion_0/patches/000066/src/main.c:321:27: error: use of undeclared identifier 'i'\n/data/CquenceR/WordCompletion_0/patches/000066/src/main.c:321:27: error: use of undeclared identifier 'i'\n/data/CquenceR/WordCompletion_0/patches/000066/src/main.c:321:27: error: use of undeclared identifier 'i'\n/data/CquenceR/WordCompletion_0/patches/000066/src/main.c:321:27: error: use of undeclared identifier 'i'\n/data/CquenceR/WordCompletion_0/patches/000066/src/main.c:323:11: error: use of undeclared identifier 'i'\n      if (i % r)\n          ^\n/data/CquenceR/WordCompletion_0/patches/000066/src/main.c:325:13: error: use of undeclared identifier 'i'\n        dst[i] = src[i];\n            ^\n/data/CquenceR/WordCompletion_0/patches/000066/src/main.c:325:22: error: use of undeclared identifier 'i'\n        dst[i] = src[i];\n                     ^\n/data/CquenceR/WordCompletion_0/patches/000066/src/main.c:329:13: error: use of undeclared identifier 'i'\n        dst[i] = '_';\n            ^\n/data/CquenceR/WordCompletion_0/patches/000066/src/main.c:334:11: error: use of undeclared identifier 'i'\n      dst[i] = src[i];\n          ^\n/data/CquenceR/WordCompletion_0/patches/000066/src/main.c:334:20: error: use of undeclared identifier 'i'\n      dst[i] = src[i];\n                   ^\n/data/CquenceR/WordCompletion_0/patches/000066/src/main.c:336:5: error: use of undeclared identifier 'i'\n    i++;\n    ^\n/data/CquenceR/WordCompletion_0/patches/000066/src/main.c:338:7: error: use of undeclared identifier 'i'\n  dst[i] = '\\0';\n      ^\n/data/CquenceR/WordCompletion_0/patches/000066/src/main.c:397:16: error: called object type 'char **' is not a function or function pointer\nif (!cgc_gWords(buf))\n     ~~~~~~~~~~^\n18 errors generated.\n"
      ]
    },
    "7e6471c2": {
      "compiles": [
        1
      ],
      "msg": [
        "/data/CquenceR/WordCompletion_0/patches/000067/src/main.c:310:5: error: expected expression\nif((<0 ){\n    ^\n/data/CquenceR/WordCompletion_0/patches/000067/src/main.c:318:16: error: use of undeclared identifier 'i'\n  while ( (src[i] != '\\0') && (i < len) )\n               ^\n/data/CquenceR/WordCompletion_0/patches/000067/src/main.c:318:32: error: use of undeclared identifier 'i'\n  while ( (src[i] != '\\0') && (i < len) )\n                               ^\n/data/CquenceR/WordCompletion_0/patches/000067/src/main.c:320:27: error: use of undeclared identifier 'i'\n    if (IS_VALID_CHAR(src[i]))\n                          ^\n/data/CquenceR/WordCompletion_0/patches/000067/src/main.c:320:27: error: use of undeclared identifier 'i'\n/data/CquenceR/WordCompletion_0/patches/000067/src/main.c:320:27: error: use of undeclared identifier 'i'\n/data/CquenceR/WordCompletion_0/patches/000067/src/main.c:320:27: error: use of undeclared identifier 'i'\n/data/CquenceR/WordCompletion_0/patches/000067/src/main.c:320:27: error: use of undeclared identifier 'i'\n/data/CquenceR/WordCompletion_0/patches/000067/src/main.c:320:27: error: use of undeclared identifier 'i'\n/data/CquenceR/WordCompletion_0/patches/000067/src/main.c:322:11: error: use of undeclared identifier 'i'\n      if (i % r)\n          ^\n/data/CquenceR/WordCompletion_0/patches/000067/src/main.c:324:13: error: use of undeclared identifier 'i'\n        dst[i] = src[i];\n            ^\n/data/CquenceR/WordCompletion_0/patches/000067/src/main.c:324:22: error: use of undeclared identifier 'i'\n        dst[i] = src[i];\n                     ^\n/data/CquenceR/WordCompletion_0/patches/000067/src/main.c:328:13: error: use of undeclared identifier 'i'\n        dst[i] = '_';\n            ^\n/data/CquenceR/WordCompletion_0/patches/000067/src/main.c:333:11: error: use of undeclared identifier 'i'\n      dst[i] = src[i];\n          ^\n/data/CquenceR/WordCompletion_0/patches/000067/src/main.c:333:20: error: use of undeclared identifier 'i'\n      dst[i] = src[i];\n                   ^\n/data/CquenceR/WordCompletion_0/patches/000067/src/main.c:335:5: error: use of undeclared identifier 'i'\n    i++;\n    ^\n/data/CquenceR/WordCompletion_0/patches/000067/src/main.c:337:7: error: use of undeclared identifier 'i'\n  dst[i] = '\\0';\n      ^\n/data/CquenceR/WordCompletion_0/patches/000067/src/main.c:396:16: error: called object type 'char **' is not a function or function pointer\nif (!cgc_gWords(buf))\n     ~~~~~~~~~~^\n/data/CquenceR/WordCompletion_0/patches/000067/src/main.c:397:1: error: expected expression\n=0 ;\n^\n19 errors generated.\n"
      ]
    },
    "19c51b59": {
      "compiles": [
        1
      ],
      "msg": [
        "/data/CquenceR/WordCompletion_0/patches/000068/src/main.c:310:5: error: expected expression\nif((<0)\n    ^\n/data/CquenceR/WordCompletion_0/patches/000068/src/main.c:395:4: error: called object type 'char [64]' is not a function or function pointer\nbuf(FINAL_RND_MSG);\n~~~^\n/data/CquenceR/WordCompletion_0/patches/000068/src/main.c:396:2: error: expected expression\n();\n ^\n3 errors generated.\n"
      ]
    },
    "908e6ad5": {
      "compiles": [
        1
      ],
      "msg": [
        "/data/CquenceR/WordCompletion_0/patches/000069/src/main.c:310:12: error: member reference base type 'char *' is not a structure or union\nif (!s2(src.len))\n        ~~~^~~~\n/data/CquenceR/WordCompletion_0/patches/000069/src/main.c:311:3: error: use of undeclared identifier 'i'\n( i);\n  ^\n2 errors generated.\n"
      ]
    },
    "197a0421": {
      "compiles": [
        1
      ],
      "msg": [
        "/data/CquenceR/WordCompletion_0/patches/000070/src/main.c:310:12: error: member reference base type 'char *' is not a structure or union\nif (!s2(src.len ()) )\n        ~~~^~~~\n/data/CquenceR/WordCompletion_0/patches/000070/src/main.c:395:19: error: called object type 'char [43]' is not a function or function pointer\nbuf(FINAL_RND_MSG ()) ;\n    ~~~~~~~~~~~~~ ^\n2 errors generated.\n"
      ]
    },
    "060a172c": {
      "compiles": [
        1
      ],
      "msg": [
        "/data/CquenceR/WordCompletion_0/patches/000071/src/main.c:310:5: error: expected expression\nif((==0 )\n    ^\n/data/CquenceR/WordCompletion_0/patches/000071/src/main.c:395:16: error: called object type 'char **' is not a function or function pointer\nif (!cgc_gWords(buf))\n     ~~~~~~~~~~^\n/data/CquenceR/WordCompletion_0/patches/000071/src/main.c:396:8: error: use of undeclared identifier 'NS_ERROR_OUT_OF_MEMORY'\nreturn NS_ERROR_OUT_OF_MEMORY ;\n       ^\n3 errors generated.\n"
      ]
    },
    "8688cf77": {
      "compiles": [
        1
      ],
      "msg": [
        "/data/CquenceR/WordCompletion_0/patches/000072/src/main.c:396:4: error: called object type 'char [64]' is not a function or function pointer\nbuf(buf);\n~~~^\n/data/CquenceR/WordCompletion_0/patches/000072/src/main.c:397:2: error: expected expression\n();\n ^\n2 errors generated.\n"
      ]
    },
    "e3520411": {
      "compiles": [
        1
      ],
      "msg": [
        "/data/CquenceR/WordCompletion_0/patches/000073/src/main.c:395:17: error: called object type 'char [43]' is not a function or function pointer\nif(FINAL_RND_MSG(buf))\n   ~~~~~~~~~~~~~^\n/data/CquenceR/WordCompletion_0/patches/000073/src/main.c:396:2: error: expected expression\n();\n ^\n2 errors generated.\n"
      ]
    },
    "d49fb97d": {
      "compiles": [
        1
      ],
      "msg": [
        "/data/CquenceR/WordCompletion_0/patches/000074/src/main.c:311:3: error: use of undeclared identifier 'i'\n( i);\n  ^\n/data/CquenceR/WordCompletion_0/patches/000074/src/main.c:395:16: error: called object type 'char **' is not a function or function pointer\nif (!cgc_gWords(FINAL_RND_MSG))\n     ~~~~~~~~~~^\n/data/CquenceR/WordCompletion_0/patches/000074/src/main.c:396:2: error: expected expression\n();\n ^\n3 errors generated.\n"
      ]
    },
    "278fea9d": {
      "compiles": [
        1
      ],
      "msg": [
        "/data/CquenceR/WordCompletion_0/patches/000075/src/main.c:310:12: error: member reference base type 'char' is not a structure or union\nif (!s2(src->len))\n        ~~~^ ~~~\n/data/CquenceR/WordCompletion_0/patches/000075/src/main.c:311:3: error: use of undeclared identifier 'i'\n( i);\n  ^\n/data/CquenceR/WordCompletion_0/patches/000075/src/main.c:395:18: error: called object type 'char [43]' is not a function or function pointer\nif(FINAL_RND_MSG ())\n   ~~~~~~~~~~~~~ ^\n3 errors generated.\n"
      ]
    },
    "136bd139": {
      "compiles": [
        1
      ],
      "msg": [
        "/data/CquenceR/WordCompletion_0/patches/000076/src/main.c:310:5: error: expected expression\nif((<0)\n    ^\n/data/CquenceR/WordCompletion_0/patches/000076/src/main.c:320:16: error: use of undeclared identifier 'i'\n  while ( (src[i] != '\\0') && (i < len) )\n               ^\n/data/CquenceR/WordCompletion_0/patches/000076/src/main.c:320:32: error: use of undeclared identifier 'i'\n  while ( (src[i] != '\\0') && (i < len) )\n                               ^\n/data/CquenceR/WordCompletion_0/patches/000076/src/main.c:322:27: error: use of undeclared identifier 'i'\n    if (IS_VALID_CHAR(src[i]))\n                          ^\n/data/CquenceR/WordCompletion_0/patches/000076/src/main.c:322:27: error: use of undeclared identifier 'i'\n/data/CquenceR/WordCompletion_0/patches/000076/src/main.c:322:27: error: use of undeclared identifier 'i'\n/data/CquenceR/WordCompletion_0/patches/000076/src/main.c:322:27: error: use of undeclared identifier 'i'\n/data/CquenceR/WordCompletion_0/patches/000076/src/main.c:322:27: error: use of undeclared identifier 'i'\n/data/CquenceR/WordCompletion_0/patches/000076/src/main.c:322:27: error: use of undeclared identifier 'i'\n/data/CquenceR/WordCompletion_0/patches/000076/src/main.c:324:11: error: use of undeclared identifier 'i'\n      if (i % r)\n          ^\n/data/CquenceR/WordCompletion_0/patches/000076/src/main.c:326:13: error: use of undeclared identifier 'i'\n        dst[i] = src[i];\n            ^\n/data/CquenceR/WordCompletion_0/patches/000076/src/main.c:326:22: error: use of undeclared identifier 'i'\n        dst[i] = src[i];\n                     ^\n/data/CquenceR/WordCompletion_0/patches/000076/src/main.c:330:13: error: use of undeclared identifier 'i'\n        dst[i] = '_';\n            ^\n/data/CquenceR/WordCompletion_0/patches/000076/src/main.c:335:11: error: use of undeclared identifier 'i'\n      dst[i] = src[i];\n          ^\n/data/CquenceR/WordCompletion_0/patches/000076/src/main.c:335:20: error: use of undeclared identifier 'i'\n      dst[i] = src[i];\n                   ^\n/data/CquenceR/WordCompletion_0/patches/000076/src/main.c:337:5: error: use of undeclared identifier 'i'\n    i++;\n    ^\n/data/CquenceR/WordCompletion_0/patches/000076/src/main.c:339:7: error: use of undeclared identifier 'i'\n  dst[i] = '\\0';\n      ^\n/data/CquenceR/WordCompletion_0/patches/000076/src/main.c:398:19: error: called object type 'char [43]' is not a function or function pointer\nbuf(FINAL_RND_MSG ()));\n    ~~~~~~~~~~~~~ ^\n18 errors generated.\n"
      ]
    },
    "da941b62": {
      "compiles": [
        1
      ],
      "msg": [
        "/data/CquenceR/WordCompletion_0/patches/000077/src/main.c:310:9: error: invalid operands to binary expression ('char *' and 'char *')\nif(( src&src)==0)\n     ~~~^~~~\n/data/CquenceR/WordCompletion_0/patches/000077/src/main.c:396:16: error: called object type 'char **' is not a function or function pointer\nif (!cgc_gWords(cgc_gWords))\n     ~~~~~~~~~~^\n/data/CquenceR/WordCompletion_0/patches/000077/src/main.c:397:2: error: expected expression\n();\n ^\n3 errors generated.\n"
      ]
    },
    "6e1fa4d3": {
      "compiles": [
        1
      ],
      "msg": [
        "/data/CquenceR/WordCompletion_0/patches/000078/src/main.c:310:5: error: expected expression\nif((==s2 )\n    ^\n/data/CquenceR/WordCompletion_0/patches/000078/src/main.c:310:7: error: use of undeclared identifier 's2'\nif((==s2 )\n      ^\n/data/CquenceR/WordCompletion_0/patches/000078/src/main.c:395:15: error: called object type 'char **' is not a function or function pointer\nif(!cgc_gWords())\n    ~~~~~~~~~~^\n3 errors generated.\n"
      ]
    },
    "d935e5b0": {
      "compiles": [
        1
      ],
      "msg": [
        "/data/CquenceR/WordCompletion_0/patches/000079/src/main.c:310:5: error: expected expression\nif((<0)\n    ^\n/data/CquenceR/WordCompletion_0/patches/000079/src/main.c:320:16: error: use of undeclared identifier 'i'\n  while ( (src[i] != '\\0') && (i < len) )\n               ^\n/data/CquenceR/WordCompletion_0/patches/000079/src/main.c:320:32: error: use of undeclared identifier 'i'\n  while ( (src[i] != '\\0') && (i < len) )\n                               ^\n/data/CquenceR/WordCompletion_0/patches/000079/src/main.c:322:27: error: use of undeclared identifier 'i'\n    if (IS_VALID_CHAR(src[i]))\n                          ^\n/data/CquenceR/WordCompletion_0/patches/000079/src/main.c:322:27: error: use of undeclared identifier 'i'\n/data/CquenceR/WordCompletion_0/patches/000079/src/main.c:322:27: error: use of undeclared identifier 'i'\n/data/CquenceR/WordCompletion_0/patches/000079/src/main.c:322:27: error: use of undeclared identifier 'i'\n/data/CquenceR/WordCompletion_0/patches/000079/src/main.c:322:27: error: use of undeclared identifier 'i'\n/data/CquenceR/WordCompletion_0/patches/000079/src/main.c:322:27: error: use of undeclared identifier 'i'\n/data/CquenceR/WordCompletion_0/patches/000079/src/main.c:324:11: error: use of undeclared identifier 'i'\n      if (i % r)\n          ^\n/data/CquenceR/WordCompletion_0/patches/000079/src/main.c:326:13: error: use of undeclared identifier 'i'\n        dst[i] = src[i];\n            ^\n/data/CquenceR/WordCompletion_0/patches/000079/src/main.c:326:22: error: use of undeclared identifier 'i'\n        dst[i] = src[i];\n                     ^\n/data/CquenceR/WordCompletion_0/patches/000079/src/main.c:330:13: error: use of undeclared identifier 'i'\n        dst[i] = '_';\n            ^\n/data/CquenceR/WordCompletion_0/patches/000079/src/main.c:335:11: error: use of undeclared identifier 'i'\n      dst[i] = src[i];\n          ^\n/data/CquenceR/WordCompletion_0/patches/000079/src/main.c:335:20: error: use of undeclared identifier 'i'\n      dst[i] = src[i];\n                   ^\n/data/CquenceR/WordCompletion_0/patches/000079/src/main.c:337:5: error: use of undeclared identifier 'i'\n    i++;\n    ^\n/data/CquenceR/WordCompletion_0/patches/000079/src/main.c:339:7: error: use of undeclared identifier 'i'\n  dst[i] = '\\0';\n      ^\n17 errors generated.\n"
      ]
    },
    "0795a2db": {
      "compiles": [
        1
      ],
      "msg": [
        "/data/CquenceR/WordCompletion_0/patches/000080/src/main.c:310:12: error: member reference base type 'char *' is not a structure or union\nif (!s2(src.len))\n        ~~~^~~~\n/data/CquenceR/WordCompletion_0/patches/000080/src/main.c:311:2: error: expected expression\n();\n ^\n/data/CquenceR/WordCompletion_0/patches/000080/src/main.c:395:17: error: called object type 'char [43]' is not a function or function pointer\nif(FINAL_RND_MSG(buf))\n   ~~~~~~~~~~~~~^\n3 errors generated.\n"
      ]
    },
    "edfd5e91": {
      "compiles": [
        1
      ],
      "msg": [
        "/data/CquenceR/WordCompletion_0/patches/000081/src/main.c:310:12: error: member reference base type 'char *' is not a structure or union\nif (!s2(src.len))\n        ~~~^~~~\n/data/CquenceR/WordCompletion_0/patches/000081/src/main.c:396:16: error: called object type 'char **' is not a function or function pointer\nif (!cgc_gWords(buf))\n     ~~~~~~~~~~^\n/data/CquenceR/WordCompletion_0/patches/000081/src/main.c:397:1: error: use of undeclared identifier 'rv'\nrv ;\n^\n3 errors generated.\n"
      ]
    },
    "c54b0403": {
      "compiles": [
        1
      ],
      "msg": [
        "/data/CquenceR/WordCompletion_0/patches/000082/src/main.c:310:9: error: expected identifier\nif (!s2.IS_VALID_CHAR ())\n        ^\n/data/CquenceR/WordCompletion_0/patches/000082/src/main.c:10:27: note: expanded from macro 'IS_VALID_CHAR'\n#define IS_VALID_CHAR(_c) ( ((_c >= 'a') && (_c <= 'z')) || ((_c >= 'A') && (_c <= 'Z')) || ((_c >= '0') && (_c <= '9')) )\n                          ^\n/data/CquenceR/WordCompletion_0/patches/000082/src/main.c:310:6: error: use of undeclared identifier 's2'\nif (!s2.IS_VALID_CHAR ())\n     ^\n/data/CquenceR/WordCompletion_0/patches/000082/src/main.c:310:9: error: expected expression\nif (!s2.IS_VALID_CHAR ())\n        ^\n/data/CquenceR/WordCompletion_0/patches/000082/src/main.c:10:34: note: expanded from macro 'IS_VALID_CHAR'\n#define IS_VALID_CHAR(_c) ( ((_c >= 'a') && (_c <= 'z')) || ((_c >= 'A') && (_c <= 'Z')) || ((_c >= '0') && (_c <= '9')) )\n                                 ^\n/data/CquenceR/WordCompletion_0/patches/000082/src/main.c:310:9: error: expected expression\n/data/CquenceR/WordCompletion_0/patches/000082/src/main.c:10:49: note: expanded from macro 'IS_VALID_CHAR'\n#define IS_VALID_CHAR(_c) ( ((_c >= 'a') && (_c <= 'z')) || ((_c >= 'A') && (_c <= 'Z')) || ((_c >= '0') && (_c <= '9')) )\n                                                ^\n/data/CquenceR/WordCompletion_0/patches/000082/src/main.c:310:9: error: expected expression\n/data/CquenceR/WordCompletion_0/patches/000082/src/main.c:10:66: note: expanded from macro 'IS_VALID_CHAR'\n#define IS_VALID_CHAR(_c) ( ((_c >= 'a') && (_c <= 'z')) || ((_c >= 'A') && (_c <= 'Z')) || ((_c >= '0') && (_c <= '9')) )\n                                                                 ^\n/data/CquenceR/WordCompletion_0/patches/000082/src/main.c:310:9: error: expected expression\n/data/CquenceR/WordCompletion_0/patches/000082/src/main.c:10:81: note: expanded from macro 'IS_VALID_CHAR'\n#define IS_VALID_CHAR(_c) ( ((_c >= 'a') && (_c <= 'z')) || ((_c >= 'A') && (_c <= 'Z')) || ((_c >= '0') && (_c <= '9')) )\n                                                                                ^\n/data/CquenceR/WordCompletion_0/patches/000082/src/main.c:310:9: error: expected expression\n/data/CquenceR/WordCompletion_0/patches/000082/src/main.c:10:98: note: expanded from macro 'IS_VALID_CHAR'\n#define IS_VALID_CHAR(_c) ( ((_c >= 'a') && (_c <= 'z')) || ((_c >= 'A') && (_c <= 'Z')) || ((_c >= '0') && (_c <= '9')) )\n                                                                                                 ^\n/data/CquenceR/WordCompletion_0/patches/000082/src/main.c:310:9: error: expected expression\n/data/CquenceR/WordCompletion_0/patches/000082/src/main.c:10:113: note: expanded from macro 'IS_VALID_CHAR'\n#define IS_VALID_CHAR(_c) ( ((_c >= 'a') && (_c <= 'z')) || ((_c >= 'A') && (_c <= 'Z')) || ((_c >= '0') && (_c <= '9')) )\n                                                                                                                ^\n/data/CquenceR/WordCompletion_0/patches/000082/src/main.c:395:16: error: called object type 'char **' is not a function or function pointer\nif (!cgc_gWords(FINAL_RND_MSG))\n     ~~~~~~~~~~^\n/data/CquenceR/WordCompletion_0/patches/000082/src/main.c:396:1: error: non-void function 'main' should return a value [-Wreturn-type]\nreturn ;\n^\n10 errors generated.\n"
      ]
    },
    "1684c537": {
      "compiles": [
        1
      ],
      "msg": [
        "/data/CquenceR/WordCompletion_0/patches/000083/src/main.c:310:9: error: invalid operands to binary expression ('char *' and 'char *')\nif(( src&src)==0)\n     ~~~^~~~\n/data/CquenceR/WordCompletion_0/patches/000083/src/main.c:340:1: error: function definition is not allowed here\n{\n^\n/data/CquenceR/WordCompletion_0/patches/000083/src/main.c:418:1: error: expected '}'\n^\n/data/CquenceR/WordCompletion_0/patches/000083/src/main.c:305:1: note: to match this '{'\n{\n^\n3 errors generated.\n"
      ]
    },
    "049dc7b9": {
      "compiles": [
        1
      ],
      "msg": [
        "/data/CquenceR/WordCompletion_0/patches/000084/src/main.c:310:5: error: expected expression\nif((<0){\n    ^\n/data/CquenceR/WordCompletion_0/patches/000084/src/main.c:318:16: error: use of undeclared identifier 'i'\n  while ( (src[i] != '\\0') && (i < len) )\n               ^\n/data/CquenceR/WordCompletion_0/patches/000084/src/main.c:318:32: error: use of undeclared identifier 'i'\n  while ( (src[i] != '\\0') && (i < len) )\n                               ^\n/data/CquenceR/WordCompletion_0/patches/000084/src/main.c:320:27: error: use of undeclared identifier 'i'\n    if (IS_VALID_CHAR(src[i]))\n                          ^\n/data/CquenceR/WordCompletion_0/patches/000084/src/main.c:320:27: error: use of undeclared identifier 'i'\n/data/CquenceR/WordCompletion_0/patches/000084/src/main.c:320:27: error: use of undeclared identifier 'i'\n/data/CquenceR/WordCompletion_0/patches/000084/src/main.c:320:27: error: use of undeclared identifier 'i'\n/data/CquenceR/WordCompletion_0/patches/000084/src/main.c:320:27: error: use of undeclared identifier 'i'\n/data/CquenceR/WordCompletion_0/patches/000084/src/main.c:320:27: error: use of undeclared identifier 'i'\n/data/CquenceR/WordCompletion_0/patches/000084/src/main.c:322:11: error: use of undeclared identifier 'i'\n      if (i % r)\n          ^\n/data/CquenceR/WordCompletion_0/patches/000084/src/main.c:324:13: error: use of undeclared identifier 'i'\n        dst[i] = src[i];\n            ^\n/data/CquenceR/WordCompletion_0/patches/000084/src/main.c:324:22: error: use of undeclared identifier 'i'\n        dst[i] = src[i];\n                     ^\n/data/CquenceR/WordCompletion_0/patches/000084/src/main.c:328:13: error: use of undeclared identifier 'i'\n        dst[i] = '_';\n            ^\n/data/CquenceR/WordCompletion_0/patches/000084/src/main.c:333:11: error: use of undeclared identifier 'i'\n      dst[i] = src[i];\n          ^\n/data/CquenceR/WordCompletion_0/patches/000084/src/main.c:333:20: error: use of undeclared identifier 'i'\n      dst[i] = src[i];\n                   ^\n/data/CquenceR/WordCompletion_0/patches/000084/src/main.c:335:5: error: use of undeclared identifier 'i'\n    i++;\n    ^\n/data/CquenceR/WordCompletion_0/patches/000084/src/main.c:337:7: error: use of undeclared identifier 'i'\n  dst[i] = '\\0';\n      ^\n17 errors generated.\n"
      ]
    },
    "cdc6266c": {
      "compiles": [
        1
      ],
      "msg": [
        "/data/CquenceR/WordCompletion_0/patches/000085/src/main.c:310:12: error: member reference base type 'char *' is not a structure or union\nif (!s2(src.len))\n        ~~~^~~~\n/data/CquenceR/WordCompletion_0/patches/000085/src/main.c:395:18: error: called object type 'char [43]' is not a function or function pointer\nif(FINAL_RND_MSG ()) )\n   ~~~~~~~~~~~~~ ^\n/data/CquenceR/WordCompletion_0/patches/000085/src/main.c:395:22: error: extraneous ')' after condition, expected a statement\nif(FINAL_RND_MSG ()) )\n                     ^\n/data/CquenceR/WordCompletion_0/patches/000085/src/main.c:396:2: error: expected expression\n();\n ^\n4 errors generated.\n"
      ]
    },
    "0fcd557f": {
      "compiles": [
        1
      ],
      "msg": [
        "/data/CquenceR/WordCompletion_0/patches/000086/src/main.c:310:5: error: expected expression\nif((<0)\n    ^\n/data/CquenceR/WordCompletion_0/patches/000086/src/main.c:319:16: error: use of undeclared identifier 'i'\n  while ( (src[i] != '\\0') && (i < len) )\n               ^\n/data/CquenceR/WordCompletion_0/patches/000086/src/main.c:319:32: error: use of undeclared identifier 'i'\n  while ( (src[i] != '\\0') && (i < len) )\n                               ^\n/data/CquenceR/WordCompletion_0/patches/000086/src/main.c:321:27: error: use of undeclared identifier 'i'\n    if (IS_VALID_CHAR(src[i]))\n                          ^\n/data/CquenceR/WordCompletion_0/patches/000086/src/main.c:321:27: error: use of undeclared identifier 'i'\n/data/CquenceR/WordCompletion_0/patches/000086/src/main.c:321:27: error: use of undeclared identifier 'i'\n/data/CquenceR/WordCompletion_0/patches/000086/src/main.c:321:27: error: use of undeclared identifier 'i'\n/data/CquenceR/WordCompletion_0/patches/000086/src/main.c:321:27: error: use of undeclared identifier 'i'\n/data/CquenceR/WordCompletion_0/patches/000086/src/main.c:321:27: error: use of undeclared identifier 'i'\n/data/CquenceR/WordCompletion_0/patches/000086/src/main.c:323:11: error: use of undeclared identifier 'i'\n      if (i % r)\n          ^\n/data/CquenceR/WordCompletion_0/patches/000086/src/main.c:325:13: error: use of undeclared identifier 'i'\n        dst[i] = src[i];\n            ^\n/data/CquenceR/WordCompletion_0/patches/000086/src/main.c:325:22: error: use of undeclared identifier 'i'\n        dst[i] = src[i];\n                     ^\n/data/CquenceR/WordCompletion_0/patches/000086/src/main.c:329:13: error: use of undeclared identifier 'i'\n        dst[i] = '_';\n            ^\n/data/CquenceR/WordCompletion_0/patches/000086/src/main.c:334:11: error: use of undeclared identifier 'i'\n      dst[i] = src[i];\n          ^\n/data/CquenceR/WordCompletion_0/patches/000086/src/main.c:334:20: error: use of undeclared identifier 'i'\n      dst[i] = src[i];\n                   ^\n/data/CquenceR/WordCompletion_0/patches/000086/src/main.c:336:5: error: use of undeclared identifier 'i'\n    i++;\n    ^\n/data/CquenceR/WordCompletion_0/patches/000086/src/main.c:338:7: error: use of undeclared identifier 'i'\n  dst[i] = '\\0';\n      ^\n/data/CquenceR/WordCompletion_0/patches/000086/src/main.c:397:16: error: called object type 'char **' is not a function or function pointer\nif (!cgc_gWords(LOSE_MSG))\n     ~~~~~~~~~~^\n/data/CquenceR/WordCompletion_0/patches/000086/src/main.c:398:2: error: expected expression\n();\n ^\n19 errors generated.\n"
      ]
    },
    "23c04bcf": {
      "compiles": [
        1
      ],
      "msg": [
        "/data/CquenceR/WordCompletion_0/patches/000087/src/main.c:310:12: error: member reference base type 'char *' is not a structure or union\nif (!s2(src.len ()) )\n        ~~~^~~~\n/data/CquenceR/WordCompletion_0/patches/000087/src/main.c:395:16: error: called object type 'char **' is not a function or function pointer\nif (!cgc_gWords(cgc_gWords))\n     ~~~~~~~~~~^\n/data/CquenceR/WordCompletion_0/patches/000087/src/main.c:396:1: error: non-void function 'main' should return a value [-Wreturn-type]\nreturn ;\n^\n3 errors generated.\n"
      ]
    },
    "2a6f3aa5": {
      "compiles": [
        1
      ],
      "msg": [
        "/data/CquenceR/WordCompletion_0/patches/000088/src/main.c:310:5: error: expected expression\nif((<0){\n    ^\n/data/CquenceR/WordCompletion_0/patches/000088/src/main.c:317:35: error: initializer element is not a compile-time constant\n  uint32_t r = (cgc_RANDOM() % 3) + 2;\n               ~~~~~~~~~~~~~~~~~~~^~~\n/data/CquenceR/WordCompletion_0/patches/000088/src/main.c:319:3: error: expected identifier or '('\n  while ( (src[i] != '\\0') && (i < len) )\n  ^\n/data/CquenceR/WordCompletion_0/patches/000088/src/main.c:338:3: error: variable length array declaration not allowed at file scope\n  dst[i] = '\\0';\n  ^   ~\n/data/CquenceR/WordCompletion_0/patches/000088/src/main.c:339:1: error: extraneous closing brace ('}')\n}\n^\n/data/CquenceR/WordCompletion_0/patches/000088/src/main.c:397:16: error: called object type 'char **' is not a function or function pointer\nif (!cgc_gWords(sret))\n     ~~~~~~~~~~^\n/data/CquenceR/WordCompletion_0/patches/000088/src/main.c:398:2: error: expected expression\n();\n ^\n7 errors generated.\n"
      ]
    },
    "024bde88": {
      "compiles": [
        1
      ],
      "msg": [
        "/data/CquenceR/WordCompletion_0/patches/000089/src/main.c:310:12: error: member reference base type 'char *' is not a structure or union\nif (!s2(src.len ()) )\n        ~~~^~~~\n/data/CquenceR/WordCompletion_0/patches/000089/src/main.c:311:8: error: use of undeclared identifier 'false'; did you mean 'else'?\nreturn false ;\n       ^~~~~\n       else\n/data/CquenceR/WordCompletion_0/patches/000089/src/main.c:311:8: error: expected expression\n/data/CquenceR/WordCompletion_0/patches/000089/src/main.c:395:16: error: called object type 'char **' is not a function or function pointer\nif (!cgc_gWords(FINAL_RND_MSG))\n     ~~~~~~~~~~^\n4 errors generated.\n"
      ]
    },
    "50621fff": {
      "compiles": [
        1
      ],
      "msg": [
        "/usr/bin/ld: CMakeFiles/WordCompletion.dir/src/main.c.o: in function `cgc_scramble':\n/data/CquenceR/WordCompletion_0/patches/000090/src/main.c:310: undefined reference to `s2'\nclang: error: linker command failed with exit code 1 (use -v to see invocation)\n"
      ]
    },
    "5fceffa9": {
      "compiles": [
        1
      ],
      "msg": [
        "/data/CquenceR/WordCompletion_0/patches/000091/src/main.c:310:12: error: member reference base type 'char *' is not a structure or union\nif (!s2(src.len))\n        ~~~^~~~\n/data/CquenceR/WordCompletion_0/patches/000091/src/main.c:395:16: error: called object type 'char **' is not a function or function pointer\nif (!cgc_gWords(buf))\n     ~~~~~~~~~~^\n/data/CquenceR/WordCompletion_0/patches/000091/src/main.c:396:2: error: expected expression\n();\n ^\n3 errors generated.\n"
      ]
    },
    "eff55413": {
      "compiles": [
        1
      ],
      "msg": [
        "/data/CquenceR/WordCompletion_0/patches/000092/src/main.c:310:9: error: use of undeclared identifier 's1'\nif (!s2(s1))\n        ^\n/data/CquenceR/WordCompletion_0/patches/000092/src/main.c:395:16: error: called object type 'char **' is not a function or function pointer\nif (!cgc_gWords(buf))\n     ~~~~~~~~~~^\n/data/CquenceR/WordCompletion_0/patches/000092/src/main.c:396:2: error: expected expression\n();\n ^\n3 errors generated.\n"
      ]
    },
    "0dfd996e": {
      "compiles": [
        0
      ],
      "pos_tests": {},
      "neg_tests": {
        "n1": [
          {
            "outcome": 0,
            "code": 0,
            "duration": 0
          }
        ]
      }
    },
    "bc1e46f3": {
      "compiles": [
        1
      ],
      "msg": [
        "/data/CquenceR/WordCompletion_0/patches/000094/src/main.c:395:16: error: called object type 'char **' is not a function or function pointer\nif (!cgc_gWords(BUF_SIZE))\n     ~~~~~~~~~~^\n/data/CquenceR/WordCompletion_0/patches/000094/src/main.c:396:2: error: expected expression\n();\n ^\n2 errors generated.\n"
      ]
    },
    "056fa690": {
      "compiles": [
        1
      ],
      "msg": [
        "/data/CquenceR/WordCompletion_0/patches/000095/src/main.c:310:5: error: expected expression\nif((<0 ){\n    ^\n/data/CquenceR/WordCompletion_0/patches/000095/src/main.c:319:16: error: use of undeclared identifier 'i'\n  while ( (src[i] != '\\0') && (i < len) )\n               ^\n/data/CquenceR/WordCompletion_0/patches/000095/src/main.c:319:32: error: use of undeclared identifier 'i'\n  while ( (src[i] != '\\0') && (i < len) )\n                               ^\n/data/CquenceR/WordCompletion_0/patches/000095/src/main.c:321:27: error: use of undeclared identifier 'i'\n    if (IS_VALID_CHAR(src[i]))\n                          ^\n/data/CquenceR/WordCompletion_0/patches/000095/src/main.c:321:27: error: use of undeclared identifier 'i'\n/data/CquenceR/WordCompletion_0/patches/000095/src/main.c:321:27: error: use of undeclared identifier 'i'\n/data/CquenceR/WordCompletion_0/patches/000095/src/main.c:321:27: error: use of undeclared identifier 'i'\n/data/CquenceR/WordCompletion_0/patches/000095/src/main.c:321:27: error: use of undeclared identifier 'i'\n/data/CquenceR/WordCompletion_0/patches/000095/src/main.c:321:27: error: use of undeclared identifier 'i'\n/data/CquenceR/WordCompletion_0/patches/000095/src/main.c:323:11: error: use of undeclared identifier 'i'\n      if (i % r)\n          ^\n/data/CquenceR/WordCompletion_0/patches/000095/src/main.c:325:13: error: use of undeclared identifier 'i'\n        dst[i] = src[i];\n            ^\n/data/CquenceR/WordCompletion_0/patches/000095/src/main.c:325:22: error: use of undeclared identifier 'i'\n        dst[i] = src[i];\n                     ^\n/data/CquenceR/WordCompletion_0/patches/000095/src/main.c:329:13: error: use of undeclared identifier 'i'\n        dst[i] = '_';\n            ^\n/data/CquenceR/WordCompletion_0/patches/000095/src/main.c:334:11: error: use of undeclared identifier 'i'\n      dst[i] = src[i];\n          ^\n/data/CquenceR/WordCompletion_0/patches/000095/src/main.c:334:20: error: use of undeclared identifier 'i'\n      dst[i] = src[i];\n                   ^\n/data/CquenceR/WordCompletion_0/patches/000095/src/main.c:336:5: error: use of undeclared identifier 'i'\n    i++;\n    ^\n/data/CquenceR/WordCompletion_0/patches/000095/src/main.c:338:7: error: use of undeclared identifier 'i'\n  dst[i] = '\\0';\n      ^\n17 errors generated.\n"
      ]
    },
    "9d85f614": {
      "compiles": [
        1
      ],
      "msg": [
        "/data/CquenceR/WordCompletion_0/patches/000096/src/main.c:310:10: error: expected identifier\nif(((src.IS_VALID_CHAR ()) )\n         ^\n/data/CquenceR/WordCompletion_0/patches/000096/src/main.c:10:27: note: expanded from macro 'IS_VALID_CHAR'\n#define IS_VALID_CHAR(_c) ( ((_c >= 'a') && (_c <= 'z')) || ((_c >= 'A') && (_c <= 'Z')) || ((_c >= '0') && (_c <= '9')) )\n                          ^\n/data/CquenceR/WordCompletion_0/patches/000096/src/main.c:310:10: error: expected expression\n/data/CquenceR/WordCompletion_0/patches/000096/src/main.c:10:34: note: expanded from macro 'IS_VALID_CHAR'\n#define IS_VALID_CHAR(_c) ( ((_c >= 'a') && (_c <= 'z')) || ((_c >= 'A') && (_c <= 'Z')) || ((_c >= '0') && (_c <= '9')) )\n                                 ^\n/data/CquenceR/WordCompletion_0/patches/000096/src/main.c:310:10: error: expected expression\n/data/CquenceR/WordCompletion_0/patches/000096/src/main.c:10:49: note: expanded from macro 'IS_VALID_CHAR'\n#define IS_VALID_CHAR(_c) ( ((_c >= 'a') && (_c <= 'z')) || ((_c >= 'A') && (_c <= 'Z')) || ((_c >= '0') && (_c <= '9')) )\n                                                ^\n/data/CquenceR/WordCompletion_0/patches/000096/src/main.c:310:10: error: expected expression\n/data/CquenceR/WordCompletion_0/patches/000096/src/main.c:10:66: note: expanded from macro 'IS_VALID_CHAR'\n#define IS_VALID_CHAR(_c) ( ((_c >= 'a') && (_c <= 'z')) || ((_c >= 'A') && (_c <= 'Z')) || ((_c >= '0') && (_c <= '9')) )\n                                                                 ^\n/data/CquenceR/WordCompletion_0/patches/000096/src/main.c:310:10: error: expected expression\n/data/CquenceR/WordCompletion_0/patches/000096/src/main.c:10:81: note: expanded from macro 'IS_VALID_CHAR'\n#define IS_VALID_CHAR(_c) ( ((_c >= 'a') && (_c <= 'z')) || ((_c >= 'A') && (_c <= 'Z')) || ((_c >= '0') && (_c <= '9')) )\n                                                                                ^\n/data/CquenceR/WordCompletion_0/patches/000096/src/main.c:310:10: error: expected expression\n/data/CquenceR/WordCompletion_0/patches/000096/src/main.c:10:98: note: expanded from macro 'IS_VALID_CHAR'\n#define IS_VALID_CHAR(_c) ( ((_c >= 'a') && (_c <= 'z')) || ((_c >= 'A') && (_c <= 'Z')) || ((_c >= '0') && (_c <= '9')) )\n                                                                                                 ^\n/data/CquenceR/WordCompletion_0/patches/000096/src/main.c:310:10: error: expected expression\n/data/CquenceR/WordCompletion_0/patches/000096/src/main.c:10:113: note: expanded from macro 'IS_VALID_CHAR'\n#define IS_VALID_CHAR(_c) ( ((_c >= 'a') && (_c <= 'z')) || ((_c >= 'A') && (_c <= 'Z')) || ((_c >= '0') && (_c <= '9')) )\n                                                                                                                ^\n/data/CquenceR/WordCompletion_0/patches/000096/src/main.c:396:16: error: called object type 'char **' is not a function or function pointer\nif (!cgc_gWords(buf))\n     ~~~~~~~~~~^\n/data/CquenceR/WordCompletion_0/patches/000096/src/main.c:397:2: error: expected expression\n();\n ^\n9 errors generated.\n"
      ]
    },
    "ca1ca5a4": {
      "compiles": [
        1
      ],
      "msg": [
        "/data/CquenceR/WordCompletion_0/patches/000097/src/main.c:310:5: error: expected expression\nif((<0)\n    ^\n/data/CquenceR/WordCompletion_0/patches/000097/src/main.c:318:35: error: initializer element is not a compile-time constant\n  uint32_t r = (cgc_RANDOM() % 3) + 2;\n               ~~~~~~~~~~~~~~~~~~~^~~\n/data/CquenceR/WordCompletion_0/patches/000097/src/main.c:320:3: error: expected identifier or '('\n  while ( (src[i] != '\\0') && (i < len) )\n  ^\n/data/CquenceR/WordCompletion_0/patches/000097/src/main.c:339:3: error: variable length array declaration not allowed at file scope\n  dst[i] = '\\0';\n  ^   ~\n/data/CquenceR/WordCompletion_0/patches/000097/src/main.c:340:1: error: extraneous closing brace ('}')\n}\n^\n/data/CquenceR/WordCompletion_0/patches/000097/src/main.c:398:14: error: called object type 'int' is not a function or function pointer\nif (!BUF_SIZE(buf))\n     ~~~~~~~~^\n/data/CquenceR/WordCompletion_0/patches/000097/src/main.c:399:2: error: expected expression\n();\n ^\n7 errors generated.\n"
      ]
    },
    "b6b154ff": {
      "compiles": [
        1
      ],
      "msg": [
        "/data/CquenceR/WordCompletion_0/patches/000098/src/main.c:395:18: error: called object type 'char [43]' is not a function or function pointer\nif(FINAL_RND_MSG ()) )\n   ~~~~~~~~~~~~~ ^\n/data/CquenceR/WordCompletion_0/patches/000098/src/main.c:395:22: error: extraneous ')' after condition, expected a statement\nif(FINAL_RND_MSG ()) )\n                     ^\n2 errors generated.\n"
      ]
    },
    "df7f16a1": {
      "compiles": [
        1
      ],
      "msg": [
        "/data/CquenceR/WordCompletion_0/patches/000099/src/main.c:310:12: error: member reference base type 'char *' is not a structure or union\nif (!s2(src.len ()) )\n        ~~~^~~~\n/data/CquenceR/WordCompletion_0/patches/000099/src/main.c:340:1: error: function definition is not allowed here\n{\n^\n/data/CquenceR/WordCompletion_0/patches/000099/src/main.c:417:1: error: expected '}'\n^\n/data/CquenceR/WordCompletion_0/patches/000099/src/main.c:305:1: note: to match this '{'\n{\n^\n3 errors generated.\n"
      ]
    }
  },
  "neg_tests": 1,
  "pos_tests": 20,
  "passed_neg_tests": 0,
  "passed_pos_tests": 20,
  "failed_neg_tests": 4,
  "failed_pos_tests": 0,
  "duration": 3600.029269,
  "errors": [
    "Return code: 1",
    "Return code: 1",
    "Return code: 1",
    "\u001b[1;31m/data/CquenceR/WordCompletion_0/patches/000002/src/main.c:310:4: error: expected ';' after expression",
    "src",
    "   ^",
    "   ;",
    "/data/CquenceR/WordCompletion_0/patches/000002/src/main.c:393:4: error: called object type 'char [64]' is not a function or function pointer",
    "buf(FINAL_RND_MSG);",
    "~~~^",
    "2 errors generated.\u001b[0m",
    "",
    "\u001b[1;31m/data/CquenceR/WordCompletion_0/patches/000003/src/main.c:314:35: error: initializer element is not a compile-time constant",
    "  uint32_t r = (cgc_RANDOM() % 3) + 2;",
    "               ~~~~~~~~~~~~~~~~~~~^~~",
    "/data/CquenceR/WordCompletion_0/patches/000003/src/main.c:316:3: error: expected identifier or '('",
    "  while ( (src[i] != '\\0') && (i < len) )",
    "  ^",
    "/data/CquenceR/WordCompletion_0/patches/000003/src/main.c:335:3: error: variable length array declaration not allowed at file scope",
    "  dst[i] = '\\0';",
    "  ^   ~",
    "/data/CquenceR/WordCompletion_0/patches/000003/src/main.c:336:1: error: extraneous closing brace ('}')",
    "}",
    "^",
    "/data/CquenceR/WordCompletion_0/patches/000003/src/main.c:394:4: error: called object type 'char [64]' is not a function or function pointer",
    "buf(buf);",
    "~~~^",
    "5 errors generated.\u001b[0m",
    "",
    "\u001b[1;31m/data/CquenceR/WordCompletion_0/patches/000004/src/main.c:314:12: error: redefinition of 'r'",
    "  uint32_t r = (cgc_RANDOM() % 3) + 2;",
    "           ^",
    "/data/CquenceR/WordCompletion_0/patches/000004/src/main.c:310:10: note: previous definition is here",
    "uint32_t r ;",
    "         ^",
    "/data/CquenceR/WordCompletion_0/patches/000004/src/main.c:394:4: error: called object type 'char [64]' is not a function or function pointer",
    "buf();",
    "~~~^",
    "2 errors generated.\u001b[0m",
    "",
    "\u001b[1;31m/data/CquenceR/WordCompletion_0/patches/000005/src/main.c:397:31: error: expected ')'",
    "  cgc_scramble(buf, cgc_gWords[i], BUF_SIZE);",
    "                              ^",
    "/data/CquenceR/WordCompletion_0/patches/000005/src/main.c:397:15: note: to match this '('",
    "  cgc_scramble(buf, cgc_gWords[i], BUF_SIZE);",
    "              ^",
    "/data/CquenceR/WordCompletion_0/patches/000005/src/main.c:397:16: error: a parameter list without types is only allowed in a function definition",
    "  cgc_scramble(buf, cgc_gWords[i], BUF_SIZE);",
    "               ^",
    "/data/CquenceR/WordCompletion_0/patches/000005/src/main.c:394:1: error: function declared in block scope cannot have 'static' storage class",
    "static",
    "^",
    "3 errors generated.\u001b[0m",
    "",
    "\u001b[1;31m/data/CquenceR/WordCompletion_0/patches/000006/src/main.c:339:1: error: function definition is not allowed here",
    "{",
    "^",
    "/data/CquenceR/WordCompletion_0/patches/000006/src/main.c:415:1: error: expected '}'",
    "^",
    "/data/CquenceR/WordCompletion_0/patches/000006/src/main.c:305:1: note: to match this '{'",
    "{",
    "^",
    "2 errors generated.\u001b[0m",
    "",
    "\u001b[1;31m/data/CquenceR/WordCompletion_0/patches/000007/src/main.c:310:8: error: a parameter list without types is only allowed in a function definition",
    "void r(i);",
    "       ^",
    "/data/CquenceR/WordCompletion_0/patches/000007/src/main.c:314:12: error: redefinition of 'r' as different kind of symbol",
    "  uint32_t r = (cgc_RANDOM() % 3) + 2;",
    "           ^",
    "/data/CquenceR/WordCompletion_0/patches/000007/src/main.c:310:6: note: previous definition is here",
    "void r(i);",
    "     ^",
    "/data/CquenceR/WordCompletion_0/patches/000007/src/main.c:394:4: error: called object type 'char [64]' is not a function or function pointer",
    "buf(&temp);",
    "~~~^",
    "3 errors generated.\u001b[0m",
    "",
    "\u001b[1;31m/data/CquenceR/WordCompletion_0/patches/000008/src/main.c:310:6: error: variable has incomplete type 'void'",
    "void r ;",
    "     ^",
    "/data/CquenceR/WordCompletion_0/patches/000008/src/main.c:314:12: error: redefinition of 'r'",
    "  uint32_t r = (cgc_RANDOM() % 3) + 2;",
    "           ^",
    "/data/CquenceR/WordCompletion_0/patches/000008/src/main.c:310:6: note: previous definition is here",
    "void r ;",
    "     ^",
    "2 errors generated.\u001b[0m",
    "",
    "\u001b[1;31m/data/CquenceR/WordCompletion_0/patches/000009/src/main.c:310:8: error: expected expression",
    "return(;",
    "       ^",
    "/data/CquenceR/WordCompletion_0/patches/000009/src/main.c:395:3: error: expected expression",
    "(&);",
    "  ^",
    "2 errors generated.\u001b[0m",
    "",
    "\u001b[1;31m/data/CquenceR/WordCompletion_0/patches/000010/src/main.c:310:1: error: expected expression",
    "]",
    "^",
    "/data/CquenceR/WordCompletion_0/patches/000010/src/main.c:316:16: error: use of undeclared identifier 'i'",
    "  while ( (src[i] != '\\0') && (i < len) )",
    "               ^",
    "/data/CquenceR/WordCompletion_0/patches/000010/src/main.c:316:32: error: use of undeclared identifier 'i'",
    "  while ( (src[i] != '\\0') && (i < len) )",
    "                               ^",
    "/data/CquenceR/WordCompletion_0/patches/000010/src/main.c:318:27: error: use of undeclared identifier 'i'",
    "    if (IS_VALID_CHAR(src[i]))",
    "                          ^",
    "/data/CquenceR/WordCompletion_0/patches/000010/src/main.c:318:27: error: use of undeclared identifier 'i'",
    "/data/CquenceR/WordCompletion_0/patches/000010/src/main.c:318:27: error: use of undeclared identifier 'i'",
    "/data/CquenceR/WordCompletion_0/patches/000010/src/main.c:318:27: error: use of undeclared identifier 'i'",
    "/data/CquenceR/WordCompletion_0/patches/000010/src/main.c:318:27: error: use of undeclared identifier 'i'",
    "/data/CquenceR/WordCompletion_0/patches/000010/src/main.c:318:27: error: use of undeclared identifier 'i'",
    "/data/CquenceR/WordCompletion_0/patches/000010/src/main.c:320:11: error: use of undeclared identifier 'i'",
    "      if (i % r)",
    "          ^",
    "/data/CquenceR/WordCompletion_0/patches/000010/src/main.c:322:13: error: use of undeclared identifier 'i'",
    "        dst[i] = src[i];",
    "            ^",
    "/data/CquenceR/WordCompletion_0/patches/000010/src/main.c:322:22: error: use of undeclared identifier 'i'",
    "        dst[i] = src[i];",
    "                     ^",
    "/data/CquenceR/WordCompletion_0/patches/000010/src/main.c:326:13: error: use of undeclared identifier 'i'",
    "        dst[i] = '_';",
    "            ^",
    "/data/CquenceR/WordCompletion_0/patches/000010/src/main.c:331:11: error: use of undeclared identifier 'i'",
    "      dst[i] = src[i];",
    "          ^",
    "/data/CquenceR/WordCompletion_0/patches/000010/src/main.c:331:20: error: use of undeclared identifier 'i'",
    "      dst[i] = src[i];",
    "                   ^",
    "/data/CquenceR/WordCompletion_0/patches/000010/src/main.c:333:5: error: use of undeclared identifier 'i'",
    "    i++;",
    "    ^",
    "/data/CquenceR/WordCompletion_0/patches/000010/src/main.c:335:7: error: use of undeclared identifier 'i'",
    "  dst[i] = '\\0';",
    "      ^",
    "17 errors generated.\u001b[0m",
    "",
    "\u001b[1;31m/data/CquenceR/WordCompletion_0/patches/000011/src/main.c:395:19: error: expected expression",
    "cgc_transmit_str(&);",
    "                  ^",
    "1 error generated.\u001b[0m",
    "",
    "\u001b[1;31m/data/CquenceR/WordCompletion_0/patches/000012/src/main.c:313:3: error: cannot combine with previous 'void' declaration specifier",
    "  int i = 0;",
    "  ^",
    "/data/CquenceR/WordCompletion_0/patches/000012/src/main.c:313:7: error: variable has incomplete type 'void'",
    "  int i = 0;",
    "      ^",
    "/data/CquenceR/WordCompletion_0/patches/000012/src/main.c:394:8: error: expected expression",
    "return(;",
    "       ^",
    "3 errors generated.\u001b[0m",
    "",
    "\u001b[1;31m/data/CquenceR/WordCompletion_0/patches/000013/src/main.c:310:1: error: expected expression",
    ")",
    "^",
    "/data/CquenceR/WordCompletion_0/patches/000013/src/main.c:316:16: error: use of undeclared identifier 'i'",
    "  while ( (src[i] != '\\0') && (i < len) )",
    "               ^",
    "/data/CquenceR/WordCompletion_0/patches/000013/src/main.c:316:32: error: use of undeclared identifier 'i'",
    "  while ( (src[i] != '\\0') && (i < len) )",
    "                               ^",
    "/data/CquenceR/WordCompletion_0/patches/000013/src/main.c:318:27: error: use of undeclared identifier 'i'",
    "    if (IS_VALID_CHAR(src[i]))",
    "                          ^",
    "/data/CquenceR/WordCompletion_0/patches/000013/src/main.c:318:27: error: use of undeclared identifier 'i'",
    "/data/CquenceR/WordCompletion_0/patches/000013/src/main.c:318:27: error: use of undeclared identifier 'i'",
    "/data/CquenceR/WordCompletion_0/patches/000013/src/main.c:318:27: error: use of undeclared identifier 'i'",
    "/data/CquenceR/WordCompletion_0/patches/000013/src/main.c:318:27: error: use of undeclared identifier 'i'",
    "/data/CquenceR/WordCompletion_0/patches/000013/src/main.c:318:27: error: use of undeclared identifier 'i'",
    "/data/CquenceR/WordCompletion_0/patches/000013/src/main.c:320:11: error: use of undeclared identifier 'i'",
    "      if (i % r)",
    "          ^",
    "/data/CquenceR/WordCompletion_0/patches/000013/src/main.c:322:13: error: use of undeclared identifier 'i'",
    "        dst[i] = src[i];",
    "            ^",
    "/data/CquenceR/WordCompletion_0/patches/000013/src/main.c:322:22: error: use of undeclared identifier 'i'",
    "        dst[i] = src[i];",
    "                     ^",
    "/data/CquenceR/WordCompletion_0/patches/000013/src/main.c:326:13: error: use of undeclared identifier 'i'",
    "        dst[i] = '_';",
    "            ^",
    "/data/CquenceR/WordCompletion_0/patches/000013/src/main.c:331:11: error: use of undeclared identifier 'i'",
    "      dst[i] = src[i];",
    "          ^",
    "/data/CquenceR/WordCompletion_0/patches/000013/src/main.c:331:20: error: use of undeclared identifier 'i'",
    "      dst[i] = src[i];",
    "                   ^",
    "/data/CquenceR/WordCompletion_0/patches/000013/src/main.c:333:5: error: use of undeclared identifier 'i'",
    "    i++;",
    "    ^",
    "/data/CquenceR/WordCompletion_0/patches/000013/src/main.c:335:7: error: use of undeclared identifier 'i'",
    "  dst[i] = '\\0';",
    "      ^",
    "/data/CquenceR/WordCompletion_0/patches/000013/src/main.c:394:4: error: called object type 'char [64]' is not a function or function pointer",
    "buf(this);",
    "~~~^",
    "/data/CquenceR/WordCompletion_0/patches/000013/src/main.c:394:5: error: use of undeclared identifier 'this'",
    "buf(this);",
    "    ^",
    "19 errors generated.\u001b[0m",
    "",
    "\u001b[1;31m/data/CquenceR/WordCompletion_0/patches/000014/src/main.c:313:3: error: expected expression",
    "  int i = 0;",
    "  ^",
    "/data/CquenceR/WordCompletion_0/patches/000014/src/main.c:316:16: error: use of undeclared identifier 'i'",
    "  while ( (src[i] != '\\0') && (i < len) )",
    "               ^",
    "/data/CquenceR/WordCompletion_0/patches/000014/src/main.c:316:32: error: use of undeclared identifier 'i'",
    "  while ( (src[i] != '\\0') && (i < len) )",
    "                               ^",
    "/data/CquenceR/WordCompletion_0/patches/000014/src/main.c:318:27: error: use of undeclared identifier 'i'",
    "    if (IS_VALID_CHAR(src[i]))",
    "                          ^",
    "/data/CquenceR/WordCompletion_0/patches/000014/src/main.c:318:27: error: use of undeclared identifier 'i'",
    "/data/CquenceR/WordCompletion_0/patches/000014/src/main.c:318:27: error: use of undeclared identifier 'i'",
    "/data/CquenceR/WordCompletion_0/patches/000014/src/main.c:318:27: error: use of undeclared identifier 'i'",
    "/data/CquenceR/WordCompletion_0/patches/000014/src/main.c:318:27: error: use of undeclared identifier 'i'",
    "/data/CquenceR/WordCompletion_0/patches/000014/src/main.c:318:27: error: use of undeclared identifier 'i'",
    "/data/CquenceR/WordCompletion_0/patches/000014/src/main.c:320:11: error: use of undeclared identifier 'i'",
    "      if (i % r)",
    "          ^",
    "/data/CquenceR/WordCompletion_0/patches/000014/src/main.c:322:13: error: use of undeclared identifier 'i'",
    "        dst[i] = src[i];",
    "            ^",
    "/data/CquenceR/WordCompletion_0/patches/000014/src/main.c:322:22: error: use of undeclared identifier 'i'",
    "        dst[i] = src[i];",
    "                     ^",
    "/data/CquenceR/WordCompletion_0/patches/000014/src/main.c:326:13: error: use of undeclared identifier 'i'",
    "        dst[i] = '_';",
    "            ^",
    "/data/CquenceR/WordCompletion_0/patches/000014/src/main.c:331:11: error: use of undeclared identifier 'i'",
    "      dst[i] = src[i];",
    "          ^",
    "/data/CquenceR/WordCompletion_0/patches/000014/src/main.c:331:20: error: use of undeclared identifier 'i'",
    "      dst[i] = src[i];",
    "                   ^",
    "/data/CquenceR/WordCompletion_0/patches/000014/src/main.c:333:5: error: use of undeclared identifier 'i'",
    "    i++;",
    "    ^",
    "/data/CquenceR/WordCompletion_0/patches/000014/src/main.c:335:7: error: use of undeclared identifier 'i'",
    "  dst[i] = '\\0';",
    "      ^",
    "/data/CquenceR/WordCompletion_0/patches/000014/src/main.c:394:4: error: called object type 'char [64]' is not a function or function pointer",
    "buf(0);",
    "~~~^",
    "18 errors generated.\u001b[0m",
    "",
    "\u001b[1;31m/data/CquenceR/WordCompletion_0/patches/000015/src/main.c:310:12: error: a parameter list without types is only allowed in a function definition",
    "uint32_t r(i);",
    "           ^",
    "/data/CquenceR/WordCompletion_0/patches/000015/src/main.c:314:12: error: redefinition of 'r' as different kind of symbol",
    "  uint32_t r = (cgc_RANDOM() % 3) + 2;",
    "           ^",
    "/data/CquenceR/WordCompletion_0/patches/000015/src/main.c:310:10: note: previous definition is here",
    "uint32_t r(i);",
    "         ^",
    "/data/CquenceR/WordCompletion_0/patches/000015/src/main.c:394:4: error: called object type 'char [64]' is not a function or function pointer",
    "buf(PR_FALSE);",
    "~~~^",
    "/data/CquenceR/WordCompletion_0/patches/000015/src/main.c:394:5: error: use of undeclared identifier 'PR_FALSE'",
    "buf(PR_FALSE);",
    "    ^",
    "4 errors generated.\u001b[0m",
    "",
    "\u001b[1;31m/data/CquenceR/WordCompletion_0/patches/000016/src/main.c:310:6: error: variable has incomplete type 'void'",
    "void r",
    "     ^",
    "/data/CquenceR/WordCompletion_0/patches/000016/src/main.c:310:7: error: expected ';' at end of declaration",
    "void r",
    "      ^",
    "      ;",
    "/data/CquenceR/WordCompletion_0/patches/000016/src/main.c:314:12: error: redefinition of 'r'",
    "  uint32_t r = (cgc_RANDOM() % 3) + 2;",
    "           ^",
    "/data/CquenceR/WordCompletion_0/patches/000016/src/main.c:310:6: note: previous definition is here",
    "void r",
    "     ^",
    "/data/CquenceR/WordCompletion_0/patches/000016/src/main.c:394:9: error: called object type 'int' is not a function or function pointer",
    "BUF_SIZE(buf);",
    "~~~~~~~~^",
    "4 errors generated.\u001b[0m",
    "",
    "\u001b[1;31m/data/CquenceR/WordCompletion_0/patches/000017/src/main.c:314:12: error: redefinition of 'r' as different kind of symbol",
    "  uint32_t r = (cgc_RANDOM() % 3) + 2;",
    "           ^",
    "/data/CquenceR/WordCompletion_0/patches/000017/src/main.c:310:6: note: previous definition is here",
    "void r();",
    "     ^",
    "/data/CquenceR/WordCompletion_0/patches/000017/src/main.c:320:13: error: invalid operands to binary expression ('int' and 'void ()')",
    "      if (i % r)",
    "          ~ ^ ~",
    "/data/CquenceR/WordCompletion_0/patches/000017/src/main.c:394:13: error: too few arguments provided to function-like macro invocation",
    "READLINE(buf);",
    "            ^",
    "/data/CquenceR/WordCompletion_0/patches/000017/src/main.c:341:9: note: macro 'READLINE' defined here",
    "#define READLINE(_buf, _len) do { sret = cgc_readline(_buf, _len); if (sret == 0) { cgc__terminate(1); } } while (0)",
    "        ^",
    "/data/CquenceR/WordCompletion_0/patches/000017/src/main.c:394:1: error: use of undeclared identifier 'READLINE'",
    "READLINE(buf);",
    "^",
    "4 errors generated.\u001b[0m",
    "",
    "\u001b[1;31m/data/CquenceR/WordCompletion_0/patches/000018/src/main.c:314:12: error: redefinition of 'r'",
    "  uint32_t r = (cgc_RANDOM() % 3) + 2;",
    "           ^",
    "/data/CquenceR/WordCompletion_0/patches/000018/src/main.c:310:10: note: previous definition is here",
    "uint32_t r=0 ;",
    "         ^",
    "/data/CquenceR/WordCompletion_0/patches/000018/src/main.c:394:11: error: expected expression",
    "BUF_SIZE(&);",
    "          ^",
    "2 errors generated.\u001b[0m",
    "",
    "\u001b[1;31m/data/CquenceR/WordCompletion_0/patches/000019/src/main.c:315:35: error: initializer element is not a compile-time constant",
    "  uint32_t r = (cgc_RANDOM() % 3) + 2;",
    "               ~~~~~~~~~~~~~~~~~~~^~~",
    "/data/CquenceR/WordCompletion_0/patches/000019/src/main.c:317:3: error: expected identifier or '('",
    "  while ( (src[i] != '\\0') && (i < len) )",
    "  ^",
    "/data/CquenceR/WordCompletion_0/patches/000019/src/main.c:336:3: error: variable length array declaration not allowed at file scope",
    "  dst[i] = '\\0';",
    "  ^   ~",
    "/data/CquenceR/WordCompletion_0/patches/000019/src/main.c:337:1: error: extraneous closing brace ('}')",
    "}",
    "^",
    "/data/CquenceR/WordCompletion_0/patches/000019/src/main.c:395:11: error: too few arguments provided to function-like macro invocation",
    "READLINE(&);",
    "          ^",
    "/data/CquenceR/WordCompletion_0/patches/000019/src/main.c:342:9: note: macro 'READLINE' defined here",
    "#define READLINE(_buf, _len) do { sret = cgc_readline(_buf, _len); if (sret == 0) { cgc__terminate(1); } } while (0)",
    "        ^",
    "/data/CquenceR/WordCompletion_0/patches/000019/src/main.c:395:1: error: use of undeclared identifier 'READLINE'",
    "READLINE(&);",
    "^",
    "6 errors generated.\u001b[0m",
    "",
    "\u001b[1;31m/data/CquenceR/WordCompletion_0/patches/000020/src/main.c:310:6: error: variable has incomplete type 'void'",
    "void r=0 ;",
    "     ^",
    "/data/CquenceR/WordCompletion_0/patches/000020/src/main.c:314:12: error: redefinition of 'r'",
    "  uint32_t r = (cgc_RANDOM() % 3) + 2;",
    "           ^",
    "/data/CquenceR/WordCompletion_0/patches/000020/src/main.c:310:6: note: previous definition is here",
    "void r=0 ;",
    "     ^",
    "/data/CquenceR/WordCompletion_0/patches/000020/src/main.c:397:31: error: expected ')'",
    "  cgc_scramble(buf, cgc_gWords[i], BUF_SIZE);",
    "                              ^",
    "/data/CquenceR/WordCompletion_0/patches/000020/src/main.c:397:15: note: to match this '('",
    "  cgc_scramble(buf, cgc_gWords[i], BUF_SIZE);",
    "              ^",
    "/data/CquenceR/WordCompletion_0/patches/000020/src/main.c:397:16: error: a parameter list without types is only allowed in a function definition",
    "  cgc_scramble(buf, cgc_gWords[i], BUF_SIZE);",
    "               ^",
    "/data/CquenceR/WordCompletion_0/patches/000020/src/main.c:399:20: error: a parameter list without types is only allowed in a function definition",
    "  cgc_transmit_str(buf);",
    "                   ^",
    "/data/CquenceR/WordCompletion_0/patches/000020/src/main.c:400:20: error: expected parameter declarator",
    "  cgc_transmit_all(&c, 1);",
    "                   ^",
    "/data/CquenceR/WordCompletion_0/patches/000020/src/main.c:400:20: error: expected ')'",
    "/data/CquenceR/WordCompletion_0/patches/000020/src/main.c:400:19: note: to match this '('",
    "  cgc_transmit_all(&c, 1);",
    "                  ^",
    "/data/CquenceR/WordCompletion_0/patches/000020/src/main.c:400:3: error: conflicting types for 'cgc_transmit_all'",
    "  cgc_transmit_all(&c, 1);",
    "  ^",
    "/data/CquenceR/WordCompletion_0/patches/000020/src/main.c:34:12: note: previous definition is here",
    "cgc_size_t cgc_transmit_all(char* buf, cgc_size_t size)",
    "           ^",
    "/data/CquenceR/WordCompletion_0/patches/000020/src/main.c:401:3: error: expected identifier or '('",
    "  READLINE(buf, BUF_SIZE);",
    "  ^",
    "/data/CquenceR/WordCompletion_0/patches/000020/src/main.c:341:30: note: expanded from macro 'READLINE'",
    "#define READLINE(_buf, _len) do { sret = cgc_readline(_buf, _len); if (sret == 0) { cgc__terminate(1); } } while (0)",
    "                             ^",
    "/data/CquenceR/WordCompletion_0/patches/000020/src/main.c:401:3: error: expected identifier or '('",
    "/data/CquenceR/WordCompletion_0/patches/000020/src/main.c:341:108: note: expanded from macro 'READLINE'",
    "#define READLINE(_buf, _len) do { sret = cgc_readline(_buf, _len); if (sret == 0) { cgc__terminate(1); } } while (0)",
    "                                                                                                           ^",
    "/data/CquenceR/WordCompletion_0/patches/000020/src/main.c:403:7: error: use of undeclared identifier 'sret'",
    "  buf[sret-1] = '\\0';",
    "      ^",
    "/data/CquenceR/WordCompletion_0/patches/000020/src/main.c:405:3: error: expected identifier or '('",
    "  if (cgc_strcmp(buf, cgc_gWords[i]) != 0)",
    "  ^",
    "/data/CquenceR/WordCompletion_0/patches/000020/src/main.c:409:3: error: expected identifier or '('",
    "  else",
    "  ^",
    "/data/CquenceR/WordCompletion_0/patches/000020/src/main.c:413:3: error: expected identifier or '('",
    "  return (0);",
    "  ^",
    "/data/CquenceR/WordCompletion_0/patches/000020/src/main.c:414:1: error: extraneous closing brace ('}')",
    "}",
    "^",
    "15 errors generated.\u001b[0m",
    "",
    "\u001b[1;31m/data/CquenceR/WordCompletion_0/patches/000021/src/main.c:310:10: error: use of undeclared identifier 'i'",
    "return(( i);",
    "         ^",
    "/data/CquenceR/WordCompletion_0/patches/000021/src/main.c:394:4: error: called object type 'char [64]' is not a function or function pointer",
    "buf(256);",
    "~~~^",
    "2 errors generated.\u001b[0m",
    "",
    "\u001b[1;31m/data/CquenceR/WordCompletion_0/patches/000022/src/main.c:310:18: error: expected ')'",
    "return(( src,len);",
    "                 ^",
    "/data/CquenceR/WordCompletion_0/patches/000022/src/main.c:310:7: note: to match this '('",
    "return(( src,len);",
    "      ^",
    "/data/CquenceR/WordCompletion_0/patches/000022/src/main.c:310:1: error: void function 'cgc_scramble' should not return a value [-Wreturn-type]",
    "return(( src,len);",
    "^      ~~~~~~~~~~",
    "2 errors generated.\u001b[0m",
    "",
    "\u001b[1;31m/data/CquenceR/WordCompletion_0/patches/000023/src/main.c:310:11: error: expected ';' at end of declaration",
    "uint32_t r",
    "          ^",
    "          ;",
    "/data/CquenceR/WordCompletion_0/patches/000023/src/main.c:314:12: error: redefinition of 'r'",
    "  uint32_t r = (cgc_RANDOM() % 3) + 2;",
    "           ^",
    "/data/CquenceR/WordCompletion_0/patches/000023/src/main.c:310:10: note: previous definition is here",
    "uint32_t r",
    "         ^",
    "/data/CquenceR/WordCompletion_0/patches/000023/src/main.c:394:19: error: called object type 'char [43]' is not a function or function pointer",
    "buf(FINAL_RND_MSG ()) ;",
    "    ~~~~~~~~~~~~~ ^",
    "3 errors generated.\u001b[0m",
    "",
    "\u001b[1;31m/data/CquenceR/WordCompletion_0/patches/000024/src/main.c:310:1: error: expected expression",
    "else{",
    "^",
    "/data/CquenceR/WordCompletion_0/patches/000024/src/main.c:415:1: error: expected '}'",
    "^",
    "/data/CquenceR/WordCompletion_0/patches/000024/src/main.c:305:1: note: to match this '{'",
    "{",
    "^",
    "2 errors generated.\u001b[0m",
    "",
    "\u001b[1;31m/data/CquenceR/WordCompletion_0/patches/000025/src/main.c:310:8: error: a parameter list without types is only allowed in a function definition",
    "void r(src,len);",
    "       ^",
    "/data/CquenceR/WordCompletion_0/patches/000025/src/main.c:314:12: error: redefinition of 'r' as different kind of symbol",
    "  uint32_t r = (cgc_RANDOM() % 3) + 2;",
    "           ^",
    "/data/CquenceR/WordCompletion_0/patches/000025/src/main.c:310:6: note: previous definition is here",
    "void r(src,len);",
    "     ^",
    "/data/CquenceR/WordCompletion_0/patches/000025/src/main.c:394:5: error: expected ';' after expression",
    "temp scriptBlocker ;",
    "    ^",
    "    ;",
    "/data/CquenceR/WordCompletion_0/patches/000025/src/main.c:394:6: error: use of undeclared identifier 'scriptBlocker'",
    "temp scriptBlocker ;",
    "     ^",
    "4 errors generated.\u001b[0m",
    "",
    "\u001b[1;31m/data/CquenceR/WordCompletion_0/patches/000026/src/main.c:310:2: error: expected ';' after expression",
    "1)",
    " ^",
    " ;",
    "/data/CquenceR/WordCompletion_0/patches/000026/src/main.c:310:2: error: expected expression",
    "/data/CquenceR/WordCompletion_0/patches/000026/src/main.c:316:16: error: use of undeclared identifier 'i'",
    "  while ( (src[i] != '\\0') && (i < len) )",
    "               ^",
    "/data/CquenceR/WordCompletion_0/patches/000026/src/main.c:316:32: error: use of undeclared identifier 'i'",
    "  while ( (src[i] != '\\0') && (i < len) )",
    "                               ^",
    "/data/CquenceR/WordCompletion_0/patches/000026/src/main.c:318:27: error: use of undeclared identifier 'i'",
    "    if (IS_VALID_CHAR(src[i]))",
    "                          ^",
    "/data/CquenceR/WordCompletion_0/patches/000026/src/main.c:318:27: error: use of undeclared identifier 'i'",
    "/data/CquenceR/WordCompletion_0/patches/000026/src/main.c:318:27: error: use of undeclared identifier 'i'",
    "/data/CquenceR/WordCompletion_0/patches/000026/src/main.c:318:27: error: use of undeclared identifier 'i'",
    "/data/CquenceR/WordCompletion_0/patches/000026/src/main.c:318:27: error: use of undeclared identifier 'i'",
    "/data/CquenceR/WordCompletion_0/patches/000026/src/main.c:318:27: error: use of undeclared identifier 'i'",
    "/data/CquenceR/WordCompletion_0/patches/000026/src/main.c:320:11: error: use of undeclared identifier 'i'",
    "      if (i % r)",
    "          ^",
    "/data/CquenceR/WordCompletion_0/patches/000026/src/main.c:322:13: error: use of undeclared identifier 'i'",
    "        dst[i] = src[i];",
    "            ^",
    "/data/CquenceR/WordCompletion_0/patches/000026/src/main.c:322:22: error: use of undeclared identifier 'i'",
    "        dst[i] = src[i];",
    "                     ^",
    "/data/CquenceR/WordCompletion_0/patches/000026/src/main.c:326:13: error: use of undeclared identifier 'i'",
    "        dst[i] = '_';",
    "            ^",
    "/data/CquenceR/WordCompletion_0/patches/000026/src/main.c:331:11: error: use of undeclared identifier 'i'",
    "      dst[i] = src[i];",
    "          ^",
    "/data/CquenceR/WordCompletion_0/patches/000026/src/main.c:331:20: error: use of undeclared identifier 'i'",
    "      dst[i] = src[i];",
    "                   ^",
    "/data/CquenceR/WordCompletion_0/patches/000026/src/main.c:333:5: error: use of undeclared identifier 'i'",
    "    i++;",
    "    ^",
    "/data/CquenceR/WordCompletion_0/patches/000026/src/main.c:335:7: error: use of undeclared identifier 'i'",
    "  dst[i] = '\\0';",
    "      ^",
    "/data/CquenceR/WordCompletion_0/patches/000026/src/main.c:394:4: error: called object type 'char [64]' is not a function or function pointer",
    "buf(true);",
    "~~~^",
    "fatal error: too many errors emitted, stopping now [-ferror-limit=]",
    "20 errors generated.\u001b[0m",
    "",
    "\u001b[1;31m/data/CquenceR/WordCompletion_0/patches/000027/src/main.c:396:15: error: expected expression",
    "cgc_scramble(&);",
    "              ^",
    "1 error generated.\u001b[0m",
    "",
    "\u001b[1;31m/data/CquenceR/WordCompletion_0/patches/000028/src/main.c:310:8: error: a parameter list without types is only allowed in a function definition",
    "void r(src);",
    "       ^",
    "/data/CquenceR/WordCompletion_0/patches/000028/src/main.c:314:12: error: redefinition of 'r' as different kind of symbol",
    "  uint32_t r = (cgc_RANDOM() % 3) + 2;",
    "           ^",
    "/data/CquenceR/WordCompletion_0/patches/000028/src/main.c:310:6: note: previous definition is here",
    "void r(src);",
    "     ^",
    "/data/CquenceR/WordCompletion_0/patches/000028/src/main.c:394:4: error: called object type 'char [64]' is not a function or function pointer",
    "buf(exception);",
    "~~~^",
    "/data/CquenceR/WordCompletion_0/patches/000028/src/main.c:394:5: error: use of undeclared identifier 'exception'",
    "buf(exception);",
    "    ^",
    "4 errors generated.\u001b[0m",
    "",
    "\u001b[1;31m/data/CquenceR/WordCompletion_0/patches/000029/src/main.c:310:6: error: variable has incomplete type 'void'",
    "void(src);",
    "     ^",
    "/data/CquenceR/WordCompletion_0/patches/000029/src/main.c:394:4: error: expected ';' after expression",
    "buf scriptBlocker ;",
    "   ^",
    "   ;",
    "/data/CquenceR/WordCompletion_0/patches/000029/src/main.c:394:5: error: use of undeclared identifier 'scriptBlocker'",
    "buf scriptBlocker ;",
    "    ^",
    "3 errors generated.\u001b[0m",
    "",
    "\u001b[1;31m/data/CquenceR/WordCompletion_0/patches/000030/src/main.c:310:8: error: a parameter list without types is only allowed in a function definition",
    "void r(src);",
    "       ^",
    "/data/CquenceR/WordCompletion_0/patches/000030/src/main.c:314:12: error: redefinition of 'r' as different kind of symbol",
    "  uint32_t r = (cgc_RANDOM() % 3) + 2;",
    "           ^",
    "/data/CquenceR/WordCompletion_0/patches/000030/src/main.c:310:6: note: previous definition is here",
    "void r(src);",
    "     ^",
    "/data/CquenceR/WordCompletion_0/patches/000030/src/main.c:395:2: error: expected expression",
    "();",
    " ^",
    "3 errors generated.\u001b[0m",
    "",
    "\u001b[1;31m/data/CquenceR/WordCompletion_0/patches/000031/src/main.c:310:8: error: expected parameter declarator",
    "void r(1);",
    "       ^",
    "/data/CquenceR/WordCompletion_0/patches/000031/src/main.c:310:8: error: expected ')'",
    "/data/CquenceR/WordCompletion_0/patches/000031/src/main.c:310:7: note: to match this '('",
    "void r(1);",
    "      ^",
    "/data/CquenceR/WordCompletion_0/patches/000031/src/main.c:314:12: error: redefinition of 'r' as different kind of symbol",
    "  uint32_t r = (cgc_RANDOM() % 3) + 2;",
    "           ^",
    "/data/CquenceR/WordCompletion_0/patches/000031/src/main.c:310:6: note: previous definition is here",
    "void r(1);",
    "     ^",
    "/data/CquenceR/WordCompletion_0/patches/000031/src/main.c:320:13: error: invalid operands to binary expression ('int' and 'void ()')",
    "      if (i % r)",
    "          ~ ^ ~",
    "/data/CquenceR/WordCompletion_0/patches/000031/src/main.c:394:1: error: expected expression",
    "];",
    "^",
    "5 errors generated.\u001b[0m",
    "",
    "\u001b[1;31m/data/CquenceR/WordCompletion_0/patches/000032/src/main.c:310:14: error: expected ')'",
    "return(( src);",
    "             ^",
    "/data/CquenceR/WordCompletion_0/patches/000032/src/main.c:310:7: note: to match this '('",
    "return(( src);",
    "      ^",
    "/data/CquenceR/WordCompletion_0/patches/000032/src/main.c:310:1: error: void function 'cgc_scramble' should not return a value [-Wreturn-type]",
    "return(( src);",
    "^      ~~~~~~",
    "/data/CquenceR/WordCompletion_0/patches/000032/src/main.c:394:19: error: called object type 'char [43]' is not a function or function pointer",
    "buf(FINAL_RND_MSG ()));",
    "    ~~~~~~~~~~~~~ ^",
    "3 errors generated.\u001b[0m",
    "",
    "\u001b[1;31m/data/CquenceR/WordCompletion_0/patches/000033/src/main.c:310:8: error: a parameter list without types is only allowed in a function definition",
    "void r(s1);",
    "       ^",
    "/data/CquenceR/WordCompletion_0/patches/000033/src/main.c:314:12: error: redefinition of 'r' as different kind of symbol",
    "  uint32_t r = (cgc_RANDOM() % 3) + 2;",
    "           ^",
    "/data/CquenceR/WordCompletion_0/patches/000033/src/main.c:310:6: note: previous definition is here",
    "void r(s1);",
    "     ^",
    "/data/CquenceR/WordCompletion_0/patches/000033/src/main.c:394:18: error: too few arguments to function call, single argument 'buf' was not specified",
    "cgc_transmit_str();",
    "~~~~~~~~~~~~~~~~ ^",
    "/data/CquenceR/WordCompletion_0/patches/000033/src/main.c:58:1: note: 'cgc_transmit_str' declared here",
    "cgc_size_t cgc_transmit_str(char* buf)",
    "^",
    "3 errors generated.\u001b[0m",
    "",
    "\u001b[1;31m/data/CquenceR/WordCompletion_0/patches/000034/src/main.c:310:6: error: variable has incomplete type 'void'",
    "void r ;",
    "     ^",
    "/data/CquenceR/WordCompletion_0/patches/000034/src/main.c:315:35: error: initializer element is not a compile-time constant",
    "  uint32_t r = (cgc_RANDOM() % 3) + 2;",
    "               ~~~~~~~~~~~~~~~~~~~^~~",
    "/data/CquenceR/WordCompletion_0/patches/000034/src/main.c:317:3: error: expected identifier or '('",
    "  while ( (src[i] != '\\0') && (i < len) )",
    "  ^",
    "/data/CquenceR/WordCompletion_0/patches/000034/src/main.c:336:3: error: variable length array declaration not allowed at file scope",
    "  dst[i] = '\\0';",
    "  ^   ~",
    "/data/CquenceR/WordCompletion_0/patches/000034/src/main.c:337:1: error: extraneous closing brace ('}')",
    "}",
    "^",
    "/data/CquenceR/WordCompletion_0/patches/000034/src/main.c:395:4: error: called object type 'char [64]' is not a function or function pointer",
    "buf(temp);",
    "~~~^",
    "6 errors generated.\u001b[0m",
    "",
    "\u001b[1;31m/data/CquenceR/WordCompletion_0/patches/000035/src/main.c:310:12: error: use of undeclared identifier 'false'; did you mean 'else'?",
    "uint32_t r=false ;",
    "           ^~~~~",
    "           else",
    "/data/CquenceR/WordCompletion_0/patches/000035/src/main.c:310:12: error: expected expression",
    "/data/CquenceR/WordCompletion_0/patches/000035/src/main.c:314:12: error: redefinition of 'r'",
    "  uint32_t r = (cgc_RANDOM() % 3) + 2;",
    "           ^",
    "/data/CquenceR/WordCompletion_0/patches/000035/src/main.c:310:10: note: previous definition is here",
    "uint32_t r=false ;",
    "         ^",
    "/data/CquenceR/WordCompletion_0/patches/000035/src/main.c:394:4: error: called object type 'char [64]' is not a function or function pointer",
    "buf(PR_TRUE);",
    "~~~^",
    "/data/CquenceR/WordCompletion_0/patches/000035/src/main.c:394:5: error: use of undeclared identifier 'PR_TRUE'",
    "buf(PR_TRUE);",
    "    ^",
    "5 errors generated.\u001b[0m",
    "",
    "\u001b[1;31m/data/CquenceR/WordCompletion_0/patches/000036/src/main.c:393:21: error: too few arguments to function call, expected 2, have 1",
    "cgc_transmit_all(buf);",
    "~~~~~~~~~~~~~~~~    ^",
    "/data/CquenceR/WordCompletion_0/patches/000036/src/main.c:34:1: note: 'cgc_transmit_all' declared here",
    "cgc_size_t cgc_transmit_all(char* buf, cgc_size_t size)",
    "^",
    "1 error generated.\u001b[0m",
    "",
    "\u001b[1;31m/data/CquenceR/WordCompletion_0/patches/000037/src/main.c:310:16: error: expected ')'",
    "return(( src,0);",
    "               ^",
    "/data/CquenceR/WordCompletion_0/patches/000037/src/main.c:310:7: note: to match this '('",
    "return(( src,0);",
    "      ^",
    "/data/CquenceR/WordCompletion_0/patches/000037/src/main.c:310:1: error: void function 'cgc_scramble' should not return a value [-Wreturn-type]",
    "return(( src,0);",
    "^      ~~~~~~~~",
    "/data/CquenceR/WordCompletion_0/patches/000037/src/main.c:394:11: error: called object type 'char **' is not a function or function pointer",
    "cgc_gWords(buf);",
    "~~~~~~~~~~^",
    "3 errors generated.\u001b[0m",
    "",
    "\u001b[1;31m/data/CquenceR/WordCompletion_0/patches/000038/src/main.c:310:5: error: expected expression",
    "if((<0)",
    "    ^",
    "/data/CquenceR/WordCompletion_0/patches/000038/src/main.c:395:19: error: expected expression",
    "cgc_transmit_all(&);",
    "                  ^",
    "2 errors generated.\u001b[0m",
    "",
    "\u001b[1;31m/data/CquenceR/WordCompletion_0/patches/000039/src/main.c:310:12: error: a parameter list without types is only allowed in a function definition",
    "uint32_t r(src,len);",
    "           ^",
    "/data/CquenceR/WordCompletion_0/patches/000039/src/main.c:314:12: error: redefinition of 'r' as different kind of symbol",
    "  uint32_t r = (cgc_RANDOM() % 3) + 2;",
    "           ^",
    "/data/CquenceR/WordCompletion_0/patches/000039/src/main.c:310:10: note: previous definition is here",
    "uint32_t r(src,len);",
    "         ^",
    "2 errors generated.\u001b[0m",
    "",
    "\u001b[1;31m/data/CquenceR/WordCompletion_0/patches/000040/src/main.c:310:13: error: member reference base type 'char *' is not a structure or union",
    "return(( src.len ()) ;",
    "         ~~~^~~~",
    "/data/CquenceR/WordCompletion_0/patches/000040/src/main.c:394:13: error: expected expression",
    "cgc_gWords(&);",
    "            ^",
    "2 errors generated.\u001b[0m",
    "",
    "\u001b[1;31m/data/CquenceR/WordCompletion_0/patches/000041/src/main.c:310:10: error: use of undeclared identifier 'i'",
    "void r(i[i]);",
    "         ^",
    "/data/CquenceR/WordCompletion_0/patches/000041/src/main.c:314:12: error: redefinition of 'r' as different kind of symbol",
    "  uint32_t r = (cgc_RANDOM() % 3) + 2;",
    "           ^",
    "/data/CquenceR/WordCompletion_0/patches/000041/src/main.c:310:6: note: previous definition is here",
    "void r(i[i]);",
    "     ^",
    "/data/CquenceR/WordCompletion_0/patches/000041/src/main.c:394:4: error: array type 'char [64]' is not assignable",
    "buf=0 ;",
    "~~~^",
    "3 errors generated.\u001b[0m",
    "",
    "\u001b[1;31m/data/CquenceR/WordCompletion_0/patches/000042/src/main.c:310:5: error: expected expression",
    "if((<0){",
    "    ^",
    "/data/CquenceR/WordCompletion_0/patches/000042/src/main.c:318:16: error: use of undeclared identifier 'i'",
    "  while ( (src[i] != '\\0') && (i < len) )",
    "               ^",
    "/data/CquenceR/WordCompletion_0/patches/000042/src/main.c:318:32: error: use of undeclared identifier 'i'",
    "  while ( (src[i] != '\\0') && (i < len) )",
    "                               ^",
    "/data/CquenceR/WordCompletion_0/patches/000042/src/main.c:320:27: error: use of undeclared identifier 'i'",
    "    if (IS_VALID_CHAR(src[i]))",
    "                          ^",
    "/data/CquenceR/WordCompletion_0/patches/000042/src/main.c:320:27: error: use of undeclared identifier 'i'",
    "/data/CquenceR/WordCompletion_0/patches/000042/src/main.c:320:27: error: use of undeclared identifier 'i'",
    "/data/CquenceR/WordCompletion_0/patches/000042/src/main.c:320:27: error: use of undeclared identifier 'i'",
    "/data/CquenceR/WordCompletion_0/patches/000042/src/main.c:320:27: error: use of undeclared identifier 'i'",
    "/data/CquenceR/WordCompletion_0/patches/000042/src/main.c:320:27: error: use of undeclared identifier 'i'",
    "/data/CquenceR/WordCompletion_0/patches/000042/src/main.c:322:11: error: use of undeclared identifier 'i'",
    "      if (i % r)",
    "          ^",
    "/data/CquenceR/WordCompletion_0/patches/000042/src/main.c:324:13: error: use of undeclared identifier 'i'",
    "        dst[i] = src[i];",
    "            ^",
    "/data/CquenceR/WordCompletion_0/patches/000042/src/main.c:324:22: error: use of undeclared identifier 'i'",
    "        dst[i] = src[i];",
    "                     ^",
    "/data/CquenceR/WordCompletion_0/patches/000042/src/main.c:328:13: error: use of undeclared identifier 'i'",
    "        dst[i] = '_';",
    "            ^",
    "/data/CquenceR/WordCompletion_0/patches/000042/src/main.c:333:11: error: use of undeclared identifier 'i'",
    "      dst[i] = src[i];",
    "          ^",
    "/data/CquenceR/WordCompletion_0/patches/000042/src/main.c:333:20: error: use of undeclared identifier 'i'",
    "      dst[i] = src[i];",
    "                   ^",
    "/data/CquenceR/WordCompletion_0/patches/000042/src/main.c:335:5: error: use of undeclared identifier 'i'",
    "    i++;",
    "    ^",
    "/data/CquenceR/WordCompletion_0/patches/000042/src/main.c:337:7: error: use of undeclared identifier 'i'",
    "  dst[i] = '\\0';",
    "      ^",
    "/data/CquenceR/WordCompletion_0/patches/000042/src/main.c:396:18: error: called object type 'char [43]' is not a function or function pointer",
    "buf(FINAL_RND_MSG(buf)) ;",
    "    ~~~~~~~~~~~~~^",
    "18 errors generated.\u001b[0m",
    "",
    "\u001b[1;31m/data/CquenceR/WordCompletion_0/patches/000043/src/main.c:310:5: error: expected expression",
    "if((==0 )",
    "    ^",
    "/data/CquenceR/WordCompletion_0/patches/000043/src/main.c:311:3: error: use of undeclared identifier 'i'",
    "( i);",
    "  ^",
    "/data/CquenceR/WordCompletion_0/patches/000043/src/main.c:395:9: error: called object type 'int' is not a function or function pointer",
    "BUF_SIZE();",
    "~~~~~~~~^",
    "3 errors generated.\u001b[0m",
    "",
    "\u001b[1;31m/data/CquenceR/WordCompletion_0/patches/000044/src/main.c:310:5: error: expected expression",
    "if((<0)",
    "    ^",
    "/data/CquenceR/WordCompletion_0/patches/000044/src/main.c:318:16: error: use of undeclared identifier 'i'",
    "  while ( (src[i] != '\\0') && (i < len) )",
    "               ^",
    "/data/CquenceR/WordCompletion_0/patches/000044/src/main.c:318:32: error: use of undeclared identifier 'i'",
    "  while ( (src[i] != '\\0') && (i < len) )",
    "                               ^",
    "/data/CquenceR/WordCompletion_0/patches/000044/src/main.c:320:27: error: use of undeclared identifier 'i'",
    "    if (IS_VALID_CHAR(src[i]))",
    "                          ^",
    "/data/CquenceR/WordCompletion_0/patches/000044/src/main.c:320:27: error: use of undeclared identifier 'i'",
    "/data/CquenceR/WordCompletion_0/patches/000044/src/main.c:320:27: error: use of undeclared identifier 'i'",
    "/data/CquenceR/WordCompletion_0/patches/000044/src/main.c:320:27: error: use of undeclared identifier 'i'",
    "/data/CquenceR/WordCompletion_0/patches/000044/src/main.c:320:27: error: use of undeclared identifier 'i'",
    "/data/CquenceR/WordCompletion_0/patches/000044/src/main.c:320:27: error: use of undeclared identifier 'i'",
    "/data/CquenceR/WordCompletion_0/patches/000044/src/main.c:322:11: error: use of undeclared identifier 'i'",
    "      if (i % r)",
    "          ^",
    "/data/CquenceR/WordCompletion_0/patches/000044/src/main.c:324:13: error: use of undeclared identifier 'i'",
    "        dst[i] = src[i];",
    "            ^",
    "/data/CquenceR/WordCompletion_0/patches/000044/src/main.c:324:22: error: use of undeclared identifier 'i'",
    "        dst[i] = src[i];",
    "                     ^",
    "/data/CquenceR/WordCompletion_0/patches/000044/src/main.c:328:13: error: use of undeclared identifier 'i'",
    "        dst[i] = '_';",
    "            ^",
    "/data/CquenceR/WordCompletion_0/patches/000044/src/main.c:333:11: error: use of undeclared identifier 'i'",
    "      dst[i] = src[i];",
    "          ^",
    "/data/CquenceR/WordCompletion_0/patches/000044/src/main.c:333:20: error: use of undeclared identifier 'i'",
    "      dst[i] = src[i];",
    "                   ^",
    "/data/CquenceR/WordCompletion_0/patches/000044/src/main.c:335:5: error: use of undeclared identifier 'i'",
    "    i++;",
    "    ^",
    "/data/CquenceR/WordCompletion_0/patches/000044/src/main.c:337:7: error: use of undeclared identifier 'i'",
    "  dst[i] = '\\0';",
    "      ^",
    "/data/CquenceR/WordCompletion_0/patches/000044/src/main.c:396:9: error: called object type 'char [10]' is not a function or function pointer",
    "LOSE_MSG(buf);",
    "~~~~~~~~^",
    "18 errors generated.\u001b[0m",
    "",
    "\u001b[1;31m/data/CquenceR/WordCompletion_0/patches/000045/src/main.c:310:5: error: expected expression",
    "if((<0)",
    "    ^",
    "/data/CquenceR/WordCompletion_0/patches/000045/src/main.c:395:10: error: too few arguments provided to function-like macro invocation",
    "READLINE();",
    "         ^",
    "/data/CquenceR/WordCompletion_0/patches/000045/src/main.c:342:9: note: macro 'READLINE' defined here",
    "#define READLINE(_buf, _len) do { sret = cgc_readline(_buf, _len); if (sret == 0) { cgc__terminate(1); } } while (0)",
    "        ^",
    "/data/CquenceR/WordCompletion_0/patches/000045/src/main.c:395:1: error: use of undeclared identifier 'READLINE'",
    "READLINE();",
    "^",
    "3 errors generated.\u001b[0m",
    "",
    "\u001b[1;31m/data/CquenceR/WordCompletion_0/patches/000046/src/main.c:310:5: error: expected expression",
    "if((<0)",
    "    ^",
    "/data/CquenceR/WordCompletion_0/patches/000046/src/main.c:416:1: error: expected '}'",
    "^",
    "/data/CquenceR/WordCompletion_0/patches/000046/src/main.c:305:1: note: to match this '{'",
    "{",
    "^",
    "2 errors generated.\u001b[0m",
    "",
    "\u001b[1;31m/data/CquenceR/WordCompletion_0/patches/000047/src/main.c:310:5: error: expected expression",
    "if((<0)",
    "    ^",
    "/data/CquenceR/WordCompletion_0/patches/000047/src/main.c:311:3: error: use of undeclared identifier 'i'",
    "( i); ",
    "  ^",
    "/data/CquenceR/WordCompletion_0/patches/000047/src/main.c:395:4: error: called object type 'char [64]' is not a function or function pointer",
    "buf(obj);",
    "~~~^",
    "/data/CquenceR/WordCompletion_0/patches/000047/src/main.c:395:5: error: use of undeclared identifier 'obj'",
    "buf(obj);",
    "    ^",
    "4 errors generated.\u001b[0m",
    "",
    "\u001b[1;31m/data/CquenceR/WordCompletion_0/patches/000048/src/main.c:311:3: error: use of undeclared identifier 'i'",
    "( i);",
    "  ^",
    "/data/CquenceR/WordCompletion_0/patches/000048/src/main.c:395:5: error: called object type 'cgc_size_t' (aka 'unsigned long') is not a function or function pointer",
    "sret(buf);",
    "~~~~^",
    "2 errors generated.\u001b[0m",
    "",
    "\u001b[1;31m/data/CquenceR/WordCompletion_0/patches/000049/src/main.c:310:5: error: expected expression",
    "if((<0)",
    "    ^",
    "1 error generated.\u001b[0m",
    "",
    "\u001b[1;31m/data/CquenceR/WordCompletion_0/patches/000050/src/main.c:311:2: error: expected expression",
    "();",
    " ^",
    "/data/CquenceR/WordCompletion_0/patches/000050/src/main.c:395:7: error: expected expression",
    "sret(&);",
    "      ^",
    "2 errors generated.\u001b[0m",
    "",
    "\u001b[1;31m/data/CquenceR/WordCompletion_0/patches/000051/src/main.c:310:5: error: expected expression",
    "if((<0)",
    "    ^",
    "/data/CquenceR/WordCompletion_0/patches/000051/src/main.c:319:16: error: use of undeclared identifier 'i'",
    "  while ( (src[i] != '\\0') && (i < len) )",
    "               ^",
    "/data/CquenceR/WordCompletion_0/patches/000051/src/main.c:319:32: error: use of undeclared identifier 'i'",
    "  while ( (src[i] != '\\0') && (i < len) )",
    "                               ^",
    "/data/CquenceR/WordCompletion_0/patches/000051/src/main.c:321:27: error: use of undeclared identifier 'i'",
    "    if (IS_VALID_CHAR(src[i]))",
    "                          ^",
    "/data/CquenceR/WordCompletion_0/patches/000051/src/main.c:321:27: error: use of undeclared identifier 'i'",
    "/data/CquenceR/WordCompletion_0/patches/000051/src/main.c:321:27: error: use of undeclared identifier 'i'",
    "/data/CquenceR/WordCompletion_0/patches/000051/src/main.c:321:27: error: use of undeclared identifier 'i'",
    "/data/CquenceR/WordCompletion_0/patches/000051/src/main.c:321:27: error: use of undeclared identifier 'i'",
    "/data/CquenceR/WordCompletion_0/patches/000051/src/main.c:321:27: error: use of undeclared identifier 'i'",
    "/data/CquenceR/WordCompletion_0/patches/000051/src/main.c:323:11: error: use of undeclared identifier 'i'",
    "      if (i % r)",
    "          ^",
    "/data/CquenceR/WordCompletion_0/patches/000051/src/main.c:325:13: error: use of undeclared identifier 'i'",
    "        dst[i] = src[i];",
    "            ^",
    "/data/CquenceR/WordCompletion_0/patches/000051/src/main.c:325:22: error: use of undeclared identifier 'i'",
    "        dst[i] = src[i];",
    "                     ^",
    "/data/CquenceR/WordCompletion_0/patches/000051/src/main.c:329:13: error: use of undeclared identifier 'i'",
    "        dst[i] = '_';",
    "            ^",
    "/data/CquenceR/WordCompletion_0/patches/000051/src/main.c:334:11: error: use of undeclared identifier 'i'",
    "      dst[i] = src[i];",
    "          ^",
    "/data/CquenceR/WordCompletion_0/patches/000051/src/main.c:334:20: error: use of undeclared identifier 'i'",
    "      dst[i] = src[i];",
    "                   ^",
    "/data/CquenceR/WordCompletion_0/patches/000051/src/main.c:336:5: error: use of undeclared identifier 'i'",
    "    i++;",
    "    ^",
    "/data/CquenceR/WordCompletion_0/patches/000051/src/main.c:338:7: error: use of undeclared identifier 'i'",
    "  dst[i] = '\\0';",
    "      ^",
    "/data/CquenceR/WordCompletion_0/patches/000051/src/main.c:397:4: error: called object type 'char [64]' is not a function or function pointer",
    "buf(FINAL_RND_MSG);",
    "~~~^",
    "18 errors generated.\u001b[0m",
    "",
    "\u001b[1;31m/data/CquenceR/WordCompletion_0/patches/000052/src/main.c:311:1: error: function definition is not allowed here",
    "{",
    "^",
    "/data/CquenceR/WordCompletion_0/patches/000052/src/main.c:396:4: error: expected ';' after expression",
    "buf",
    "   ^",
    "   ;",
    "2 errors generated.\u001b[0m",
    "",
    "\u001b[1;31m/data/CquenceR/WordCompletion_0/patches/000053/src/main.c:310:5: error: expected expression",
    "if((==s2 )",
    "    ^",
    "/data/CquenceR/WordCompletion_0/patches/000053/src/main.c:310:7: error: use of undeclared identifier 's2'",
    "if((==s2 )",
    "      ^",
    "/data/CquenceR/WordCompletion_0/patches/000053/src/main.c:311:3: error: use of undeclared identifier 'i'",
    "( i);",
    "  ^",
    "/data/CquenceR/WordCompletion_0/patches/000053/src/main.c:395:12: error: expected ')'",
    "bool(( buf);",
    "           ^",
    "/data/CquenceR/WordCompletion_0/patches/000053/src/main.c:395:5: note: to match this '('",
    "bool(( buf);",
    "    ^",
    "4 errors generated.\u001b[0m",
    "",
    "\u001b[1;31m/data/CquenceR/WordCompletion_0/patches/000054/src/main.c:310:5: error: expected expression",
    "if((==0)",
    "    ^",
    "/data/CquenceR/WordCompletion_0/patches/000054/src/main.c:318:16: error: use of undeclared identifier 'i'",
    "  while ( (src[i] != '\\0') && (i < len) )",
    "               ^",
    "/data/CquenceR/WordCompletion_0/patches/000054/src/main.c:318:32: error: use of undeclared identifier 'i'",
    "  while ( (src[i] != '\\0') && (i < len) )",
    "                               ^",
    "/data/CquenceR/WordCompletion_0/patches/000054/src/main.c:320:27: error: use of undeclared identifier 'i'",
    "    if (IS_VALID_CHAR(src[i]))",
    "                          ^",
    "/data/CquenceR/WordCompletion_0/patches/000054/src/main.c:320:27: error: use of undeclared identifier 'i'",
    "/data/CquenceR/WordCompletion_0/patches/000054/src/main.c:320:27: error: use of undeclared identifier 'i'",
    "/data/CquenceR/WordCompletion_0/patches/000054/src/main.c:320:27: error: use of undeclared identifier 'i'",
    "/data/CquenceR/WordCompletion_0/patches/000054/src/main.c:320:27: error: use of undeclared identifier 'i'",
    "/data/CquenceR/WordCompletion_0/patches/000054/src/main.c:320:27: error: use of undeclared identifier 'i'",
    "/data/CquenceR/WordCompletion_0/patches/000054/src/main.c:322:11: error: use of undeclared identifier 'i'",
    "      if (i % r)",
    "          ^",
    "/data/CquenceR/WordCompletion_0/patches/000054/src/main.c:324:13: error: use of undeclared identifier 'i'",
    "        dst[i] = src[i];",
    "            ^",
    "/data/CquenceR/WordCompletion_0/patches/000054/src/main.c:324:22: error: use of undeclared identifier 'i'",
    "        dst[i] = src[i];",
    "                     ^",
    "/data/CquenceR/WordCompletion_0/patches/000054/src/main.c:328:13: error: use of undeclared identifier 'i'",
    "        dst[i] = '_';",
    "            ^",
    "/data/CquenceR/WordCompletion_0/patches/000054/src/main.c:333:11: error: use of undeclared identifier 'i'",
    "      dst[i] = src[i];",
    "          ^",
    "/data/CquenceR/WordCompletion_0/patches/000054/src/main.c:333:20: error: use of undeclared identifier 'i'",
    "      dst[i] = src[i];",
    "                   ^",
    "/data/CquenceR/WordCompletion_0/patches/000054/src/main.c:335:5: error: use of undeclared identifier 'i'",
    "    i++;",
    "    ^",
    "/data/CquenceR/WordCompletion_0/patches/000054/src/main.c:337:7: error: use of undeclared identifier 'i'",
    "  dst[i] = '\\0';",
    "      ^",
    "17 errors generated.\u001b[0m",
    "",
    "\u001b[1;31m/data/CquenceR/WordCompletion_0/patches/000055/src/main.c:310:8: error: unknown type name 'src'",
    "void r(src.uint32_t ()) ;",
    "       ^",
    "/data/CquenceR/WordCompletion_0/patches/000055/src/main.c:310:11: error: expected ')'",
    "void r(src.uint32_t ()) ;",
    "          ^",
    "/data/CquenceR/WordCompletion_0/patches/000055/src/main.c:310:7: note: to match this '('",
    "void r(src.uint32_t ()) ;",
    "      ^",
    "/data/CquenceR/WordCompletion_0/patches/000055/src/main.c:314:12: error: redefinition of 'r' as different kind of symbol",
    "  uint32_t r = (cgc_RANDOM() % 3) + 2;",
    "           ^",
    "/data/CquenceR/WordCompletion_0/patches/000055/src/main.c:310:6: note: previous definition is here",
    "void r(src.uint32_t ()) ;",
    "     ^",
    "/data/CquenceR/WordCompletion_0/patches/000055/src/main.c:394:14: error: expected ')'",
    "return(( buf);",
    "             ^",
    "/data/CquenceR/WordCompletion_0/patches/000055/src/main.c:394:7: note: to match this '('",
    "return(( buf);",
    "      ^",
    "4 errors generated.\u001b[0m",
    "",
    "\u001b[1;31m/data/CquenceR/WordCompletion_0/patches/000056/src/main.c:310:12: error: unknown type name 'src'",
    "uint32_t r(src.uint32_t ()) ;",
    "           ^",
    "/data/CquenceR/WordCompletion_0/patches/000056/src/main.c:310:15: error: expected ')'",
    "uint32_t r(src.uint32_t ()) ;",
    "              ^",
    "/data/CquenceR/WordCompletion_0/patches/000056/src/main.c:310:11: note: to match this '('",
    "uint32_t r(src.uint32_t ()) ;",
    "          ^",
    "/data/CquenceR/WordCompletion_0/patches/000056/src/main.c:314:12: error: redefinition of 'r' as different kind of symbol",
    "  uint32_t r = (cgc_RANDOM() % 3) + 2;",
    "           ^",
    "/data/CquenceR/WordCompletion_0/patches/000056/src/main.c:310:10: note: previous definition is here",
    "uint32_t r(src.uint32_t ()) ;",
    "         ^",
    "/data/CquenceR/WordCompletion_0/patches/000056/src/main.c:394:5: error: invalid argument type 'char *' to unary expression",
    "buf(- NEXT_WORD_MSG);",
    "    ^ ~~~~~~~~~~~~~",
    "4 errors generated.\u001b[0m",
    "",
    "\u001b[1;31m/data/CquenceR/WordCompletion_0/patches/000057/src/main.c:310:9: error: use of undeclared identifier 's1'",
    "if (!s2(s1))",
    "        ^",
    "/data/CquenceR/WordCompletion_0/patches/000057/src/main.c:311:3: error: use of undeclared identifier 'i'",
    "( i);",
    "  ^",
    "/data/CquenceR/WordCompletion_0/patches/000057/src/main.c:395:16: error: called object type 'char **' is not a function or function pointer",
    "if (!cgc_gWords(buf))",
    "     ~~~~~~~~~~^",
    "/data/CquenceR/WordCompletion_0/patches/000057/src/main.c:396:2: error: expected expression",
    "();",
    " ^",
    "4 errors generated.\u001b[0m",
    "",
    "\u001b[1;31m/data/CquenceR/WordCompletion_0/patches/000058/src/main.c:310:5: error: expected expression",
    "if((==0 )",
    "    ^",
    "/data/CquenceR/WordCompletion_0/patches/000058/src/main.c:395:9: error: called object type 'int' is not a function or function pointer",
    "BUF_SIZE(&temp);",
    "~~~~~~~~^",
    "2 errors generated.\u001b[0m",
    "",
    "\u001b[1;31m/data/CquenceR/WordCompletion_0/patches/000059/src/main.c:310:5: error: expected expression",
    "if((<0)",
    "    ^",
    "/data/CquenceR/WordCompletion_0/patches/000059/src/main.c:319:16: error: use of undeclared identifier 'i'",
    "  while ( (src[i] != '\\0') && (i < len) )",
    "               ^",
    "/data/CquenceR/WordCompletion_0/patches/000059/src/main.c:319:32: error: use of undeclared identifier 'i'",
    "  while ( (src[i] != '\\0') && (i < len) )",
    "                               ^",
    "/data/CquenceR/WordCompletion_0/patches/000059/src/main.c:321:27: error: use of undeclared identifier 'i'",
    "    if (IS_VALID_CHAR(src[i]))",
    "                          ^",
    "/data/CquenceR/WordCompletion_0/patches/000059/src/main.c:321:27: error: use of undeclared identifier 'i'",
    "/data/CquenceR/WordCompletion_0/patches/000059/src/main.c:321:27: error: use of undeclared identifier 'i'",
    "/data/CquenceR/WordCompletion_0/patches/000059/src/main.c:321:27: error: use of undeclared identifier 'i'",
    "/data/CquenceR/WordCompletion_0/patches/000059/src/main.c:321:27: error: use of undeclared identifier 'i'",
    "/data/CquenceR/WordCompletion_0/patches/000059/src/main.c:321:27: error: use of undeclared identifier 'i'",
    "/data/CquenceR/WordCompletion_0/patches/000059/src/main.c:323:11: error: use of undeclared identifier 'i'",
    "      if (i % r)",
    "          ^",
    "/data/CquenceR/WordCompletion_0/patches/000059/src/main.c:325:13: error: use of undeclared identifier 'i'",
    "        dst[i] = src[i];",
    "            ^",
    "/data/CquenceR/WordCompletion_0/patches/000059/src/main.c:325:22: error: use of undeclared identifier 'i'",
    "        dst[i] = src[i];",
    "                     ^",
    "/data/CquenceR/WordCompletion_0/patches/000059/src/main.c:329:13: error: use of undeclared identifier 'i'",
    "        dst[i] = '_';",
    "            ^",
    "/data/CquenceR/WordCompletion_0/patches/000059/src/main.c:334:11: error: use of undeclared identifier 'i'",
    "      dst[i] = src[i];",
    "          ^",
    "/data/CquenceR/WordCompletion_0/patches/000059/src/main.c:334:20: error: use of undeclared identifier 'i'",
    "      dst[i] = src[i];",
    "                   ^",
    "/data/CquenceR/WordCompletion_0/patches/000059/src/main.c:336:5: error: use of undeclared identifier 'i'",
    "    i++;",
    "    ^",
    "/data/CquenceR/WordCompletion_0/patches/000059/src/main.c:338:7: error: use of undeclared identifier 'i'",
    "  dst[i] = '\\0';",
    "      ^",
    "/data/CquenceR/WordCompletion_0/patches/000059/src/main.c:397:15: error: too few arguments provided to function-like macro invocation",
    "READLINE(&temp);",
    "              ^",
    "/data/CquenceR/WordCompletion_0/patches/000059/src/main.c:344:9: note: macro 'READLINE' defined here",
    "#define READLINE(_buf, _len) do { sret = cgc_readline(_buf, _len); if (sret == 0) { cgc__terminate(1); } } while (0)",
    "        ^",
    "/data/CquenceR/WordCompletion_0/patches/000059/src/main.c:397:1: error: use of undeclared identifier 'READLINE'",
    "READLINE(&temp);",
    "^",
    "19 errors generated.\u001b[0m",
    "",
    "\u001b[1;31m/data/CquenceR/WordCompletion_0/patches/000060/src/main.c:310:6: error: expected expression",
    "if(( ){( src,len);",
    "     ^",
    "/data/CquenceR/WordCompletion_0/patches/000060/src/main.c:416:1: error: expected '}'",
    "^",
    "/data/CquenceR/WordCompletion_0/patches/000060/src/main.c:305:1: note: to match this '{'",
    "{",
    "^",
    "2 errors generated.\u001b[0m",
    "",
    "\u001b[1;31m/data/CquenceR/WordCompletion_0/patches/000061/src/main.c:310:9: error: use of undeclared identifier 'i'",
    "if (!s2(i))",
    "        ^",
    "/data/CquenceR/WordCompletion_0/patches/000061/src/main.c:311:3: error: use of undeclared identifier 'i'",
    "( i);",
    "  ^",
    "/data/CquenceR/WordCompletion_0/patches/000061/src/main.c:395:4: error: called object type 'char [64]' is not a function or function pointer",
    "buf(buf);",
    "~~~^",
    "3 errors generated.\u001b[0m",
    "",
    "\u001b[1;31m/data/CquenceR/WordCompletion_0/patches/000062/src/main.c:310:9: error: use of undeclared identifier 's1'",
    "if (!s2(s1))",
    "        ^",
    "/data/CquenceR/WordCompletion_0/patches/000062/src/main.c:311:2: error: expected expression",
    "();",
    " ^",
    "/data/CquenceR/WordCompletion_0/patches/000062/src/main.c:395:19: error: too few arguments to function call, expected 3, have 1",
    "cgc_scramble(&temp);",
    "~~~~~~~~~~~~      ^",
    "/data/CquenceR/WordCompletion_0/patches/000062/src/main.c:304:1: note: 'cgc_scramble' declared here",
    "void cgc_scramble(char* dst, char* src, cgc_size_t len)",
    "^",
    "3 errors generated.\u001b[0m",
    "",
    "\u001b[1;31m/data/CquenceR/WordCompletion_0/patches/000063/src/main.c:311:3: error: use of undeclared identifier 'i'",
    "( i);",
    "  ^",
    "/data/CquenceR/WordCompletion_0/patches/000063/src/main.c:395:16: error: called object type 'char **' is not a function or function pointer",
    "if (!cgc_gWords(buf))",
    "     ~~~~~~~~~~^",
    "/data/CquenceR/WordCompletion_0/patches/000063/src/main.c:396:1: error: non-void function 'main' should return a value [-Wreturn-type]",
    "return ;",
    "^",
    "3 errors generated.\u001b[0m",
    "",
    "\u001b[1;31m/data/CquenceR/WordCompletion_0/patches/000064/src/main.c:310:9: error: expected identifier",
    "if (!s2.IS_VALID_CHAR ())",
    "        ^",
    "/data/CquenceR/WordCompletion_0/patches/000064/src/main.c:10:27: note: expanded from macro 'IS_VALID_CHAR'",
    "#define IS_VALID_CHAR(_c) ( ((_c >= 'a') && (_c <= 'z')) || ((_c >= 'A') && (_c <= 'Z')) || ((_c >= '0') && (_c <= '9')) )",
    "                          ^",
    "/data/CquenceR/WordCompletion_0/patches/000064/src/main.c:310:6: error: use of undeclared identifier 's2'",
    "if (!s2.IS_VALID_CHAR ())",
    "     ^",
    "/data/CquenceR/WordCompletion_0/patches/000064/src/main.c:310:9: error: expected expression",
    "if (!s2.IS_VALID_CHAR ())",
    "        ^",
    "/data/CquenceR/WordCompletion_0/patches/000064/src/main.c:10:34: note: expanded from macro 'IS_VALID_CHAR'",
    "#define IS_VALID_CHAR(_c) ( ((_c >= 'a') && (_c <= 'z')) || ((_c >= 'A') && (_c <= 'Z')) || ((_c >= '0') && (_c <= '9')) )",
    "                                 ^",
    "/data/CquenceR/WordCompletion_0/patches/000064/src/main.c:310:9: error: expected expression",
    "/data/CquenceR/WordCompletion_0/patches/000064/src/main.c:10:49: note: expanded from macro 'IS_VALID_CHAR'",
    "#define IS_VALID_CHAR(_c) ( ((_c >= 'a') && (_c <= 'z')) || ((_c >= 'A') && (_c <= 'Z')) || ((_c >= '0') && (_c <= '9')) )",
    "                                                ^",
    "/data/CquenceR/WordCompletion_0/patches/000064/src/main.c:310:9: error: expected expression",
    "/data/CquenceR/WordCompletion_0/patches/000064/src/main.c:10:66: note: expanded from macro 'IS_VALID_CHAR'",
    "#define IS_VALID_CHAR(_c) ( ((_c >= 'a') && (_c <= 'z')) || ((_c >= 'A') && (_c <= 'Z')) || ((_c >= '0') && (_c <= '9')) )",
    "                                                                 ^",
    "/data/CquenceR/WordCompletion_0/patches/000064/src/main.c:310:9: error: expected expression",
    "/data/CquenceR/WordCompletion_0/patches/000064/src/main.c:10:81: note: expanded from macro 'IS_VALID_CHAR'",
    "#define IS_VALID_CHAR(_c) ( ((_c >= 'a') && (_c <= 'z')) || ((_c >= 'A') && (_c <= 'Z')) || ((_c >= '0') && (_c <= '9')) )",
    "                                                                                ^",
    "/data/CquenceR/WordCompletion_0/patches/000064/src/main.c:310:9: error: expected expression",
    "/data/CquenceR/WordCompletion_0/patches/000064/src/main.c:10:98: note: expanded from macro 'IS_VALID_CHAR'",
    "#define IS_VALID_CHAR(_c) ( ((_c >= 'a') && (_c <= 'z')) || ((_c >= 'A') && (_c <= 'Z')) || ((_c >= '0') && (_c <= '9')) )",
    "                                                                                                 ^",
    "/data/CquenceR/WordCompletion_0/patches/000064/src/main.c:310:9: error: expected expression",
    "/data/CquenceR/WordCompletion_0/patches/000064/src/main.c:10:113: note: expanded from macro 'IS_VALID_CHAR'",
    "#define IS_VALID_CHAR(_c) ( ((_c >= 'a') && (_c <= 'z')) || ((_c >= 'A') && (_c <= 'Z')) || ((_c >= '0') && (_c <= '9')) )",
    "                                                                                                                ^",
    "/data/CquenceR/WordCompletion_0/patches/000064/src/main.c:311:2: error: use of undeclared identifier 'i'",
    "(i);",
    " ^",
    "/data/CquenceR/WordCompletion_0/patches/000064/src/main.c:395:19: error: called object type 'char [43]' is not a function or function pointer",
    "buf(FINAL_RND_MSG (&c)) ;",
    "    ~~~~~~~~~~~~~ ^",
    "10 errors generated.\u001b[0m",
    "",
    "Unexpected crash",
    "Unexpected crash",
    "Unexpected crash",
    "Unexpected crash",
    "Unexpected crash",
    "Unexpected crash",
    "Unexpected crash",
    "Unexpected crash",
    "Unexpected crash",
    "Unexpected crash",
    "Unexpected crash",
    "Unexpected crash",
    "Unexpected crash",
    "Unexpected crash",
    "Unexpected crash",
    "Unexpected crash",
    "Unexpected crash",
    "Unexpected crash",
    "Unexpected crash",
    "Unexpected crash",
    "Unexpected crash",
    "Unexpected crash",
    "Unexpected crash",
    "Unexpected crash",
    "Unexpected crash",
    "Unexpected crash",
    "Unexpected crash",
    "Unexpected crash",
    "Unexpected crash",
    "Unexpected crash",
    "Unexpected crash",
    "Unexpected crash",
    "Unexpected crash",
    "Unexpected crash",
    "Unexpected crash",
    "Unexpected crash",
    "Unexpected crash",
    "Unexpected crash",
    "Unexpected crash",
    "Unexpected crash",
    "Unexpected crash",
    "Unexpected crash",
    "Unexpected crash",
    "Unexpected crash",
    "Unexpected crash",
    "Unexpected crash",
    "Unexpected crash",
    "Unexpected crash",
    "Unexpected crash",
    "Unexpected crash",
    "Unexpected crash",
    "Unexpected crash",
    "Unexpected crash",
    "Unexpected crash",
    "Unexpected crash",
    "Unexpected crash",
    "Unexpected crash",
    "Unexpected crash",
    "Unexpected crash",
    "Unexpected crash",
    "Unexpected crash",
    "Unexpected crash",
    "Unexpected crash",
    "Unexpected crash",
    "Unexpected crash",
    "Unexpected crash",
    "Unexpected crash",
    "Unexpected crash",
    "Unexpected crash",
    "Unexpected crash",
    "Unexpected crash",
    "Unexpected crash",
    "Unexpected crash",
    "Unexpected crash",
    "Unexpected crash",
    "Unexpected crash",
    "Unexpected crash",
    "Unexpected crash",
    "Unexpected crash",
    "Unexpected crash",
    "Unexpected crash",
    "Unexpected crash",
    "Unexpected crash",
    "Unexpected crash",
    "Unexpected crash",
    "Unexpected crash",
    "Unexpected crash",
    "Unexpected crash",
    "Unexpected crash",
    "Unexpected crash",
    "Unexpected crash",
    "Unexpected crash",
    "Unexpected crash",
    "Unexpected crash",
    "Unexpected crash",
    "Unexpected crash",
    "Unexpected crash",
    "Unexpected crash",
    "Unexpected crash"
  ]
}