{
  "repair_begin": "2021-05-08 10:55:09.247328",
  "repair_end": "2021-05-08 11:55:09.275177",
  "patches": [
    {
      "target_file": "src/main.c",
      "fix": "",
      "edits": [
        "381a382,388\n> #include <stdio.h>\n> FILE *fp = fopen(\"/data/SOSRepair/WordCompletion_0/outputs/main.c_output.txt\", \"w\");\n> unsigned char *buffer_afs;\n> int i_afs;\n> fprintf(fp, \"input start:\\n\");\n> fprintf(fp, \"--------------------------------\\n\");\n> fflush(fp);\n385a393,395\n> fprintf(fp, \"input start:\\n\");\n> fclose(fp);\n> if(0);\n",
        "329a330,336\n> #include <stdio.h>\n> FILE *fp = fopen(\"/data/SOSRepair/WordCompletion_0/outputs/main.c_output.txt\", \"w\");\n> unsigned char *buffer_afs;\n> int i_afs;\n> fprintf(fp, \"input start:src:%s:char*_afs_i:%d:int_afs_dst:%s:char*_afs_\\n\", src, i, dst);\n> fprintf(fp, \"--------------------------------\\n\");\n> fflush(fp);\n332a340,342\n> fprintf(fp, \"input start:src:%s:char*_afs_i:%d:int_afs_dst:%s:char*_afs_\\n\", src, i, dst);\n> fclose(fp);\n> if(0);\n",
        "350a351,357\n> #include <stdio.h>\n> FILE *fp = fopen(\"/data/SOSRepair/WordCompletion_0/outputs/main.c_output.txt\", \"w\");\n> unsigned char *buffer_afs;\n> int i_afs;\n> fprintf(fp, \"input start:i:%d:int_afs_buf:%s:char*_afs_sret:cgc_size_t_afs_\\n\", i, buf, sret);\n> fprintf(fp, \"--------------------------------\\n\");\n> fflush(fp);\n353a361,363\n> fprintf(fp, \"input start:i:%d:int_afs_buf:%s:char*_afs_sret:cgc_size_t_afs_\\n\", i, buf, sret);\n> fclose(fp);\n> if(0);\n",
        "324a325,331\n> #include <stdio.h>\n> FILE *fp = fopen(\"/data/SOSRepair/WordCompletion_0/outputs/main.c_output.txt\", \"w\");\n> unsigned char *buffer_afs;\n> int i_afs;\n> fprintf(fp, \"input start:i:%d:int_afs_dst:%s:char*_afs_\\n\", i, dst);\n> fprintf(fp, \"--------------------------------\\n\");\n> fflush(fp);\n327a335,337\n> fprintf(fp, \"input start:i:%d:int_afs_dst:%s:char*_afs_\\n\", i, dst);\n> fclose(fp);\n> if(0);\n",
        "359a360,366\n> #include <stdio.h>\n> FILE *fp = fopen(\"/data/SOSRepair/WordCompletion_0/outputs/main.c_output.txt\", \"w\");\n> unsigned char *buffer_afs;\n> int i_afs;\n> fprintf(fp, \"input start:buf:%s:char*_afs_\\n\", buf);\n> fprintf(fp, \"--------------------------------\\n\");\n> fflush(fp);\n360a368,370\n> fprintf(fp, \"input start:buf:%s:char*_afs_\\n\", buf);\n> fclose(fp);\n> if(0);\n",
        "374,375c374\n<     cgc_scramble(buf, cgc_gWords[temp], BUF_SIZE);\n<     cgc_transmit_str(buf);\n---\n>     ;\n",
        "376a377,383\n> #include <stdio.h>\n> FILE *fp = fopen(\"/data/SOSRepair/WordCompletion_0/outputs/main.c_output.txt\", \"w\");\n> unsigned char *buffer_afs;\n> int i_afs;\n> fprintf(fp, \"input start:buf:%s:char*_afs_sret:cgc_size_t_afs_\\n\", buf, sret);\n> fprintf(fp, \"--------------------------------\\n\");\n> fflush(fp);\n379a387,389\n> fprintf(fp, \"input start:buf:%s:char*_afs_sret:cgc_size_t_afs_\\n\", buf, sret);\n> fclose(fp);\n> if(0);\n",
        "317a318,324\n> #include <stdio.h>\n> FILE *fp = fopen(\"/data/SOSRepair/WordCompletion_0/outputs/main.c_output.txt\", \"w\");\n> unsigned char *buffer_afs;\n> int i_afs;\n> fprintf(fp, \"input start:i:%d:int_afs_src:%s:char*_afs_\\n\", i, src);\n> fprintf(fp, \"--------------------------------\\n\");\n> fflush(fp);\n318a326,328\n> fprintf(fp, \"input start:i:%d:int_afs_src:%s:char*_afs_\\n\", i, src);\n> fclose(fp);\n> if(0);\n",
        "324a325,331\n> #include <stdio.h>\n> FILE *fp = fopen(\"/data/SOSRepair/WordCompletion_0/outputs/main.c_output.txt\", \"w\");\n> unsigned char *buffer_afs;\n> int i_afs;\n> fprintf(fp, \"input start:i:%d:int_afs_dst:%s:char*_afs_\\n\", i, dst);\n> fprintf(fp, \"--------------------------------\\n\");\n> fflush(fp);\n327a335,337\n> fprintf(fp, \"input start:i:%d:int_afs_dst:%s:char*_afs_\\n\", i, dst);\n> fclose(fp);\n> if(0);\n",
        "381a382,388\n> #include <stdio.h>\n> FILE *fp = fopen(\"/data/SOSRepair/WordCompletion_0/outputs/main.c_output.txt\", \"w\");\n> unsigned char *buffer_afs;\n> int i_afs;\n> fprintf(fp, \"input start:\\n\");\n> fprintf(fp, \"--------------------------------\\n\");\n> fflush(fp);\n385a393,395\n> fprintf(fp, \"input start:\\n\");\n> fclose(fp);\n> if(0);\n",
        "317a318,324\n> #include <stdio.h>\n> FILE *fp = fopen(\"/data/SOSRepair/WordCompletion_0/outputs/main.c_output.txt\", \"w\");\n> unsigned char *buffer_afs;\n> int i_afs;\n> fprintf(fp, \"input start:i:%d:int_afs_src:%s:char*_afs_\\n\", i, src);\n> fprintf(fp, \"--------------------------------\\n\");\n> fflush(fp);\n318a326,328\n> fprintf(fp, \"input start:i:%d:int_afs_src:%s:char*_afs_\\n\", i, src);\n> fclose(fp);\n> if(0);\n",
        "349a350,356\n> #include <stdio.h>\n> FILE *fp = fopen(\"/data/SOSRepair/WordCompletion_0/outputs/main.c_output.txt\", \"w\");\n> unsigned char *buffer_afs;\n> int i_afs;\n> fprintf(fp, \"input start:buf:%s:char*_afs_sret:cgc_size_t_afs_\\n\", buf, sret);\n> fprintf(fp, \"--------------------------------\\n\");\n> fflush(fp);\n351a359,361\n> fprintf(fp, \"input start:buf:%s:char*_afs_sret:cgc_size_t_afs_\\n\", buf, sret);\n> fclose(fp);\n> if(0);\n",
        "349a350,356\n> #include <stdio.h>\n> FILE *fp = fopen(\"/data/SOSRepair/WordCompletion_0/outputs/main.c_output.txt\", \"w\");\n> unsigned char *buffer_afs;\n> int i_afs;\n> fprintf(fp, \"input start:buf:%s:char*_afs_sret:cgc_size_t_afs_\\n\", buf, sret);\n> fprintf(fp, \"--------------------------------\\n\");\n> fflush(fp);\n351a359,361\n> fprintf(fp, \"input start:buf:%s:char*_afs_sret:cgc_size_t_afs_\\n\", buf, sret);\n> fclose(fp);\n> if(0);\n",
        "368a369,375\n> #include <stdio.h>\n> FILE *fp = fopen(\"/data/SOSRepair/WordCompletion_0/outputs/main.c_output.txt\", \"w\");\n> unsigned char *buffer_afs;\n> int i_afs;\n> fprintf(fp, \"input start:\\n\");\n> fprintf(fp, \"--------------------------------\\n\");\n> fflush(fp);\n371a379,381\n> fprintf(fp, \"input start:\\n\");\n> fclose(fp);\n> if(0);\n",
        "350a351,357\n> #include <stdio.h>\n> FILE *fp = fopen(\"/data/SOSRepair/WordCompletion_0/outputs/main.c_output.txt\", \"w\");\n> unsigned char *buffer_afs;\n> int i_afs;\n> fprintf(fp, \"input start:i:%d:int_afs_buf:%s:char*_afs_sret:cgc_size_t_afs_\\n\", i, buf, sret);\n> fprintf(fp, \"--------------------------------\\n\");\n> fflush(fp);\n353a361,363\n> fprintf(fp, \"input start:i:%d:int_afs_buf:%s:char*_afs_sret:cgc_size_t_afs_\\n\", i, buf, sret);\n> fclose(fp);\n> if(0);\n",
        "361a362,368\n> #include <stdio.h>\n> FILE *fp = fopen(\"/data/SOSRepair/WordCompletion_0/outputs/main.c_output.txt\", \"w\");\n> unsigned char *buffer_afs;\n> int i_afs;\n> fprintf(fp, \"input start:i:%d:int_afs_\\n\", i);\n> fprintf(fp, \"--------------------------------\\n\");\n> fflush(fp);\n362a370,372\n> fprintf(fp, \"input start:i:%d:int_afs_\\n\", i);\n> fclose(fp);\n> if(0);\n",
        "361a362,368\n> #include <stdio.h>\n> FILE *fp = fopen(\"/data/SOSRepair/WordCompletion_0/outputs/main.c_output.txt\", \"w\");\n> unsigned char *buffer_afs;\n> int i_afs;\n> fprintf(fp, \"input start:i:%d:int_afs_\\n\", i);\n> fprintf(fp, \"--------------------------------\\n\");\n> fflush(fp);\n362a370,372\n> fprintf(fp, \"input start:i:%d:int_afs_\\n\", i);\n> fclose(fp);\n> if(0);\n",
        "298a299,305\n> #include <stdio.h>\n> FILE *fp = fopen(\"/data/SOSRepair/WordCompletion_0/outputs/main.c_output.txt\", \"w\");\n> unsigned char *buffer_afs;\n> int i_afs;\n> fprintf(fp, \"input start:seed:%d:int_afs_gRandRegister:%d:int_afs_\\n\", seed, gRandRegister);\n> fprintf(fp, \"--------------------------------\\n\");\n> fflush(fp);\n302a310,312\n> fprintf(fp, \"input start:seed:%d:int_afs_gRandRegister:%d:int_afs_\\n\", seed, gRandRegister);\n> fclose(fp);\n> if(0);\n",
        "349a350,356\n> #include <stdio.h>\n> FILE *fp = fopen(\"/data/SOSRepair/WordCompletion_0/outputs/main.c_output.txt\", \"w\");\n> unsigned char *buffer_afs;\n> int i_afs;\n> fprintf(fp, \"input start:\\n\");\n> fprintf(fp, \"--------------------------------\\n\");\n> fflush(fp);\n350a358,360\n> fprintf(fp, \"input start:\\n\");\n> fclose(fp);\n> if(0);\n",
        "368a369,375\n> #include <stdio.h>\n> FILE *fp = fopen(\"/data/SOSRepair/WordCompletion_0/outputs/main.c_output.txt\", \"w\");\n> unsigned char *buffer_afs;\n> int i_afs;\n> fprintf(fp, \"input start:\\n\");\n> fprintf(fp, \"--------------------------------\\n\");\n> fflush(fp);\n371a379,381\n> fprintf(fp, \"input start:\\n\");\n> fclose(fp);\n> if(0);\n",
        "350c350\n<   cgc_transmit_str(ENTER_NUM_MSG);\n---\n>   ;\n",
        "334a335,341\n> #include <stdio.h>\n> FILE *fp = fopen(\"/data/SOSRepair/WordCompletion_0/outputs/main.c_output.txt\", \"w\");\n> unsigned char *buffer_afs;\n> int i_afs;\n> fprintf(fp, \"input start:i:%d:int_afs_dst:%s:char*_afs_\\n\", i, dst);\n> fprintf(fp, \"--------------------------------\\n\");\n> fflush(fp);\n335a343,345\n> fprintf(fp, \"input start:i:%d:int_afs_dst:%s:char*_afs_\\n\", i, dst);\n> fclose(fp);\n> if(0);\n",
        "360c360\n<   cgc_my_srand(*((int*)buf));\n---\n>   ;\n",
        "373a374,385\n> #include <stdio.h>\n> FILE *fp = fopen(\"/data/SOSRepair/WordCompletion_0/outputs/main.c_output.txt\", \"w\");\n> unsigned char *buffer_afs;\n> int i_afs;\n> fprintf(fp, \"input start:temp:%d:int_afs_buf:%s:char*_afs_\", temp, buf);\n> buffer_afs = (unsigned char *)cgc_gWords;\n>                 fprintf(fp, \"cgc_gWords:\");\n>                 for (i_afs = 0; i_afs < sizeof(char*); i_afs++)\n>                     fprintf(fp, \"%d,\", (unsigned) buffer_afs[i_afs]);\n>                 fprintf(fp, \":char**_afs_\");\n>                 fprintf(fp, \"\\n\");fprintf(fp, \"--------------------------------\\n\");\n> fflush(fp);\n375a388,395\n> fprintf(fp, \"input start:temp:%d:int_afs_buf:%s:char*_afs_\", temp, buf);\n> buffer_afs = (unsigned char *)cgc_gWords;\n>                 fprintf(fp, \"cgc_gWords:\");\n>                 for (i_afs = 0; i_afs < sizeof(char*); i_afs++)\n>                     fprintf(fp, \"%d,\", (unsigned) buffer_afs[i_afs]);\n>                 fprintf(fp, \":char**_afs_\");\n>                 fprintf(fp, \"\\n\");fclose(fp);\n> if(0);\n",
        "329a330,336\n> #include <stdio.h>\n> FILE *fp = fopen(\"/data/SOSRepair/WordCompletion_0/outputs/main.c_output.txt\", \"w\");\n> unsigned char *buffer_afs;\n> int i_afs;\n> fprintf(fp, \"input start:src:%s:char*_afs_i:%d:int_afs_dst:%s:char*_afs_\\n\", src, i, dst);\n> fprintf(fp, \"--------------------------------\\n\");\n> fflush(fp);\n332a340,342\n> fprintf(fp, \"input start:src:%s:char*_afs_i:%d:int_afs_dst:%s:char*_afs_\\n\", src, i, dst);\n> fclose(fp);\n> if(0);\n",
        "298a299,305\n> #include <stdio.h>\n> FILE *fp = fopen(\"/data/SOSRepair/WordCompletion_0/outputs/main.c_output.txt\", \"w\");\n> unsigned char *buffer_afs;\n> int i_afs;\n> fprintf(fp, \"input start:seed:%d:int_afs_gRandRegister:%d:int_afs_\\n\", seed, gRandRegister);\n> fprintf(fp, \"--------------------------------\\n\");\n> fflush(fp);\n302a310,312\n> fprintf(fp, \"input start:seed:%d:int_afs_gRandRegister:%d:int_afs_\\n\", seed, gRandRegister);\n> fclose(fp);\n> if(0);\n",
        "376a377,383\n> #include <stdio.h>\n> FILE *fp = fopen(\"/data/SOSRepair/WordCompletion_0/outputs/main.c_output.txt\", \"w\");\n> unsigned char *buffer_afs;\n> int i_afs;\n> fprintf(fp, \"input start:buf:%s:char*_afs_sret:cgc_size_t_afs_\\n\", buf, sret);\n> fprintf(fp, \"--------------------------------\\n\");\n> fflush(fp);\n379a387,389\n> fprintf(fp, \"input start:buf:%s:char*_afs_sret:cgc_size_t_afs_\\n\", buf, sret);\n> fclose(fp);\n> if(0);\n"
      ]
    }
  ],
  "compilations": 18,
  "failed_compilations": 12,
  "outcomes": {
    "ce441d7b": {
      "compiles": [
        0
      ]
    },
    "sanity_check": {
      "compiles": [
        0
      ],
      "pos_tests": {
        "p1": [
          {
            "outcome": 1,
            "code": 0,
            "duration": 1
          }
        ],
        "p2": [
          {
            "outcome": 1,
            "code": 0,
            "duration": 1
          }
        ],
        "p3": [
          {
            "outcome": 1,
            "code": 0,
            "duration": 0
          }
        ],
        "p4": [
          {
            "outcome": 1,
            "code": 0,
            "duration": 0
          }
        ],
        "p5": [
          {
            "outcome": 1,
            "code": 0,
            "duration": 1
          }
        ],
        "p6": [
          {
            "outcome": 1,
            "code": 0,
            "duration": 0
          }
        ],
        "p7": [
          {
            "outcome": 1,
            "code": 0,
            "duration": 1
          }
        ],
        "p8": [
          {
            "outcome": 1,
            "code": 0,
            "duration": 0
          }
        ],
        "p9": [
          {
            "outcome": 1,
            "code": 0,
            "duration": 0
          }
        ],
        "p10": [
          {
            "outcome": 1,
            "code": 0,
            "duration": 0
          }
        ],
        "p11": [
          {
            "outcome": 1,
            "code": 0,
            "duration": 0
          }
        ],
        "p12": [
          {
            "outcome": 1,
            "code": 0,
            "duration": 0
          }
        ],
        "p13": [
          {
            "outcome": 1,
            "code": 0,
            "duration": 0
          }
        ],
        "p14": [
          {
            "outcome": 1,
            "code": 0,
            "duration": 1
          }
        ],
        "p15": [
          {
            "outcome": 1,
            "code": 0,
            "duration": 0
          }
        ],
        "p16": [
          {
            "outcome": 1,
            "code": 0,
            "duration": 0
          }
        ],
        "p17": [
          {
            "outcome": 1,
            "code": 0,
            "duration": 0
          }
        ],
        "p18": [
          {
            "outcome": 1,
            "code": 0,
            "duration": 0
          }
        ],
        "p19": [
          {
            "outcome": 1,
            "code": 0,
            "duration": 0
          }
        ],
        "p20": [
          {
            "outcome": 1,
            "code": 0,
            "duration": 0
          }
        ]
      },
      "neg_tests": {
        "n1": [
          {
            "outcome": 0,
            "code": 0,
            "duration": 0
          }
        ]
      }
    },
    "fault_localization": {
      "compiles": [
        0
      ],
      "pos_tests": {
        "p1": [
          {
            "outcome": 1,
            "code": 0,
            "duration": 1
          }
        ],
        "p2": [
          {
            "outcome": 1,
            "code": 0,
            "duration": 1
          }
        ],
        "p3": [
          {
            "outcome": 1,
            "code": 0,
            "duration": 0
          }
        ],
        "p4": [
          {
            "outcome": 1,
            "code": 0,
            "duration": 0
          }
        ],
        "p5": [
          {
            "outcome": 1,
            "code": 0,
            "duration": 1
          }
        ],
        "p6": [
          {
            "outcome": 1,
            "code": 0,
            "duration": 0
          }
        ],
        "p7": [
          {
            "outcome": 1,
            "code": 0,
            "duration": 1
          }
        ],
        "p8": [
          {
            "outcome": 1,
            "code": 0,
            "duration": 0
          }
        ],
        "p9": [
          {
            "outcome": 1,
            "code": 0,
            "duration": 0
          }
        ],
        "p10": [
          {
            "outcome": 1,
            "code": 0,
            "duration": 0
          }
        ],
        "p11": [
          {
            "outcome": 1,
            "code": 0,
            "duration": 0
          }
        ],
        "p12": [
          {
            "outcome": 1,
            "code": 0,
            "duration": 0
          }
        ],
        "p13": [
          {
            "outcome": 1,
            "code": 0,
            "duration": 0
          }
        ],
        "p14": [
          {
            "outcome": 1,
            "code": 0,
            "duration": 1
          }
        ],
        "p15": [
          {
            "outcome": 1,
            "code": 0,
            "duration": 0
          }
        ],
        "p16": [
          {
            "outcome": 1,
            "code": 0,
            "duration": 0
          }
        ],
        "p17": [
          {
            "outcome": 1,
            "code": 0,
            "duration": 0
          }
        ],
        "p18": [
          {
            "outcome": 1,
            "code": 0,
            "duration": 0
          }
        ],
        "p19": [
          {
            "outcome": 1,
            "code": 0,
            "duration": 0
          }
        ],
        "p20": [
          {
            "outcome": 1,
            "code": 0,
            "duration": 0
          }
        ]
      },
      "neg_tests": {
        "n1": [
          {
            "outcome": 0,
            "code": 0,
            "duration": 0
          }
        ]
      }
    },
    "3c880f37": {
      "compiles": [
        0
      ],
      "pos_tests": {
        "p1": [
          {
            "outcome": 1,
            "code": 0,
            "duration": 1
          }
        ],
        "p2": [
          {
            "outcome": 1,
            "code": 0,
            "duration": 1
          }
        ],
        "p3": [
          {
            "outcome": 1,
            "code": 0,
            "duration": 0
          }
        ],
        "p4": [
          {
            "outcome": 1,
            "code": 0,
            "duration": 0
          }
        ],
        "p5": [
          {
            "outcome": 1,
            "code": 0,
            "duration": 1
          }
        ],
        "p6": [
          {
            "outcome": 1,
            "code": 0,
            "duration": 0
          }
        ],
        "p7": [
          {
            "outcome": 1,
            "code": 0,
            "duration": 1
          }
        ],
        "p8": [
          {
            "outcome": 1,
            "code": 0,
            "duration": 0
          }
        ],
        "p9": [
          {
            "outcome": 1,
            "code": 0,
            "duration": 0
          }
        ],
        "p10": [
          {
            "outcome": 1,
            "code": 0,
            "duration": 0
          }
        ],
        "p11": [
          {
            "outcome": 1,
            "code": 0,
            "duration": 0
          }
        ],
        "p12": [
          {
            "outcome": 1,
            "code": 0,
            "duration": 0
          }
        ],
        "p13": [
          {
            "outcome": 1,
            "code": 0,
            "duration": 0
          }
        ],
        "p14": [
          {
            "outcome": 1,
            "code": 0,
            "duration": 1
          }
        ],
        "p15": [
          {
            "outcome": 1,
            "code": 0,
            "duration": 0
          }
        ],
        "p16": [
          {
            "outcome": 1,
            "code": 0,
            "duration": 0
          }
        ],
        "p17": [
          {
            "outcome": 1,
            "code": 0,
            "duration": 0
          }
        ],
        "p18": [
          {
            "outcome": 1,
            "code": 0,
            "duration": 0
          }
        ],
        "p19": [
          {
            "outcome": 1,
            "code": 0,
            "duration": 0
          }
        ],
        "p20": [
          {
            "outcome": 1,
            "code": 0,
            "duration": 0
          }
        ]
      },
      "neg_tests": {}
    },
    "fcde8bec": {
      "compiles": [
        0
      ],
      "pos_tests": {
        "p1": [
          {
            "outcome": 0,
            "code": 3,
            "duration": 16
          }
        ]
      },
      "neg_tests": {
        "n1": [
          {
            "outcome": 1,
            "code": 0,
            "duration": 17
          }
        ]
      }
    },
    "70bcc594": {
      "compiles": [
        0
      ],
      "pos_tests": {
        "p1": [
          {
            "outcome": 1,
            "code": 0,
            "duration": 1
          }
        ],
        "p2": [
          {
            "outcome": 1,
            "code": 0,
            "duration": 1
          }
        ],
        "p3": [
          {
            "outcome": 1,
            "code": 0,
            "duration": 0
          }
        ],
        "p4": [
          {
            "outcome": 1,
            "code": 0,
            "duration": 0
          }
        ],
        "p5": [
          {
            "outcome": 1,
            "code": 0,
            "duration": 1
          }
        ],
        "p6": [
          {
            "outcome": 1,
            "code": 0,
            "duration": 0
          }
        ],
        "p7": [
          {
            "outcome": 1,
            "code": 0,
            "duration": 1
          }
        ],
        "p8": [
          {
            "outcome": 1,
            "code": 0,
            "duration": 0
          }
        ],
        "p9": [
          {
            "outcome": 1,
            "code": 0,
            "duration": 0
          }
        ],
        "p10": [
          {
            "outcome": 1,
            "code": 0,
            "duration": 0
          }
        ],
        "p11": [
          {
            "outcome": 1,
            "code": 0,
            "duration": 0
          }
        ],
        "p12": [
          {
            "outcome": 1,
            "code": 0,
            "duration": 0
          }
        ],
        "p13": [
          {
            "outcome": 1,
            "code": 0,
            "duration": 0
          }
        ],
        "p14": [
          {
            "outcome": 1,
            "code": 0,
            "duration": 1
          }
        ],
        "p15": [
          {
            "outcome": 1,
            "code": 0,
            "duration": 0
          }
        ],
        "p16": [
          {
            "outcome": 1,
            "code": 0,
            "duration": 0
          }
        ],
        "p17": [
          {
            "outcome": 1,
            "code": 0,
            "duration": 0
          }
        ],
        "p18": [
          {
            "outcome": 1,
            "code": 0,
            "duration": 0
          }
        ],
        "p19": [
          {
            "outcome": 1,
            "code": 0,
            "duration": 0
          }
        ],
        "p20": [
          {
            "outcome": 1,
            "code": 0,
            "duration": 0
          }
        ]
      },
      "neg_tests": {}
    },
    "b1c732a6": {
      "compiles": [
        0
      ],
      "pos_tests": {
        "p1": [
          {
            "outcome": 0,
            "code": 6,
            "duration": 0
          }
        ]
      },
      "neg_tests": {
        "n1": [
          {
            "outcome": 1,
            "code": 0,
            "duration": 0
          }
        ]
      }
    },
    "7ed6db9b": {
      "compiles": [
        0
      ],
      "pos_tests": {
        "p1": [
          {
            "outcome": 1,
            "code": 0,
            "duration": 1
          }
        ]
      },
      "neg_tests": {}
    },
    "95d31d18": {
      "compiles": [
        0
      ],
      "pos_tests": {},
      "neg_tests": {
        "n1": [
          {
            "outcome": 0,
            "code": 0,
            "duration": 0
          }
        ]
      }
    },
    "ebdc410e": {
      "compiles": [
        0
      ],
      "pos_tests": {
        "p1": [
          {
            "outcome": 1,
            "code": 0,
            "duration": 1
          }
        ],
        "p2": [
          {
            "outcome": 1,
            "code": 0,
            "duration": 1
          }
        ],
        "p3": [
          {
            "outcome": 1,
            "code": 0,
            "duration": 0
          }
        ],
        "p4": [
          {
            "outcome": 1,
            "code": 0,
            "duration": 0
          }
        ],
        "p5": [
          {
            "outcome": 1,
            "code": 0,
            "duration": 1
          }
        ],
        "p6": [
          {
            "outcome": 1,
            "code": 0,
            "duration": 0
          }
        ],
        "p7": [
          {
            "outcome": 1,
            "code": 0,
            "duration": 1
          }
        ],
        "p8": [
          {
            "outcome": 1,
            "code": 0,
            "duration": 0
          }
        ],
        "p9": [
          {
            "outcome": 1,
            "code": 0,
            "duration": 0
          }
        ],
        "p10": [
          {
            "outcome": 1,
            "code": 0,
            "duration": 0
          }
        ],
        "p11": [
          {
            "outcome": 1,
            "code": 0,
            "duration": 0
          }
        ],
        "p12": [
          {
            "outcome": 1,
            "code": 0,
            "duration": 0
          }
        ],
        "p13": [
          {
            "outcome": 1,
            "code": 0,
            "duration": 0
          }
        ],
        "p14": [
          {
            "outcome": 1,
            "code": 0,
            "duration": 1
          }
        ],
        "p15": [
          {
            "outcome": 1,
            "code": 0,
            "duration": 0
          }
        ],
        "p16": [
          {
            "outcome": 1,
            "code": 0,
            "duration": 0
          }
        ],
        "p17": [
          {
            "outcome": 1,
            "code": 0,
            "duration": 0
          }
        ],
        "p18": [
          {
            "outcome": 1,
            "code": 0,
            "duration": 0
          }
        ],
        "p19": [
          {
            "outcome": 1,
            "code": 0,
            "duration": 0
          }
        ],
        "p20": [
          {
            "outcome": 1,
            "code": 0,
            "duration": 0
          }
        ]
      },
      "neg_tests": {}
    },
    "fa8ecf6d": {
      "compiles": [
        0
      ],
      "pos_tests": {
        "p1": [
          {
            "outcome": 0,
            "code": 3,
            "duration": 16
          }
        ]
      },
      "neg_tests": {
        "n1": [
          {
            "outcome": 1,
            "code": 0,
            "duration": 0
          }
        ]
      }
    },
    "3ed1c7bf": {
      "compiles": [
        1
      ],
      "msg": [
        "In file included from /usr/include/stdio.h:33,\n                 from /data/SOSRepair/WordCompletion_0/WordCompletion/src/main.c:325:\n/usr/lib/gcc/x86_64-linux-gnu/9/include/stddef.h: In function \u2018cgc_scramble\u2019:\n/usr/lib/gcc/x86_64-linux-gnu/9/include/stddef.h:209:1: error: expected expression before \u2018typedef\u2019\n  209 | typedef __SIZE_TYPE__ size_t;\n      | ^~~~~~~\nIn file included from /usr/include/stdio.h:43,\n                 from /data/SOSRepair/WordCompletion_0/WordCompletion/src/main.c:325:\n/usr/include/bits/types/struct_FILE.h:95:3: error: unknown type name \u2018size_t\u2019\n   95 |   size_t __pad5;\n      |   ^~~~~~\n/usr/include/bits/types/struct_FILE.h:98:67: error: \u2018size_t\u2019 undeclared (first use in this function)\n   98 |   char _unused2[15 * sizeof (int) - 4 * sizeof (void *) - sizeof (size_t)];\n      |                                                                   ^~~~~~\n/usr/include/bits/types/struct_FILE.h:1:1: note: \u2018size_t\u2019 is defined in header \u2018<stddef.h>\u2019; did you forget to \u2018#include <stddef.h>\u2019?\n  +++ |+#include <stddef.h>\n    1 | /* Copyright (C) 1991-2020 Free Software Foundation, Inc.\n/usr/include/bits/types/struct_FILE.h:98:67: note: each undeclared identifier is reported only once for each function it appears in\n   98 |   char _unused2[15 * sizeof (int) - 4 * sizeof (void *) - sizeof (size_t)];\n      |                                                                   ^~~~~~\nIn file included from /data/SOSRepair/WordCompletion_0/WordCompletion/src/main.c:325:\n/usr/include/stdio.h:292:35: error: expected declaration specifiers or \u2018...\u2019 before \u2018size_t\u2019\n  292 | extern FILE *fmemopen (void *__s, size_t __len, const char *__modes)\n      |                                   ^~~~~~\n/usr/include/stdio.h:298:47: error: expected declaration specifiers or \u2018...\u2019 before \u2018size_t\u2019\n  298 | extern FILE *open_memstream (char **__bufloc, size_t *__sizeloc) __THROW __wur;\n      |                                               ^~~~~~\n/usr/include/stdio.h:309:20: error: expected declaration specifiers or \u2018...\u2019 before \u2018size_t\u2019\n  309 |       int __modes, size_t __n) __THROW;\n      |                    ^~~~~~\n/usr/include/stdio.h:315:10: error: expected declaration specifiers or \u2018...\u2019 before \u2018size_t\u2019\n  315 |          size_t __size) __THROW;\n      |          ^~~~~~\n/usr/include/stdio.h:354:44: error: expected declaration specifiers or \u2018...\u2019 before \u2018size_t\u2019\n  354 | extern int snprintf (char *__restrict __s, size_t __maxlen,\n      |                                            ^~~~~~\n/usr/include/stdio.h:358:45: error: expected declaration specifiers or \u2018...\u2019 before \u2018size_t\u2019\n  358 | extern int vsnprintf (char *__restrict __s, size_t __maxlen,\n      |                                             ^~~~~~\n/usr/include/stdio.h:604:30: error: expected declaration specifiers or \u2018...\u2019 before \u2018size_t\u2019\n  604 |                              size_t *__restrict __n, int __delimiter,\n      |                              ^~~~~~\n/usr/include/stdio.h:607:28: error: expected declaration specifiers or \u2018...\u2019 before \u2018size_t\u2019\n  607 |                            size_t *__restrict __n, int __delimiter,\n      |                            ^~~~~~\n/usr/include/stdio.h:617:27: error: expected declaration specifiers or \u2018...\u2019 before \u2018size_t\u2019\n  617 |                           size_t *__restrict __n,\n      |                           ^~~~~~\n/usr/include/stdio.h:646:15: error: expected \u2018=\u2019, \u2018,\u2019, \u2018;\u2019, \u2018asm\u2019 or \u2018__attribute__\u2019 before \u2018fread\u2019\n  646 | extern size_t fread (void *__restrict __ptr, size_t __size,\n      |               ^~~~~\n/usr/include/stdio.h:646:22: error: expected expression before \u2018void\u2019\n  646 | extern size_t fread (void *__restrict __ptr, size_t __size,\n      |                      ^~~~\n/usr/include/stdio.h:652:15: error: expected \u2018=\u2019, \u2018,\u2019, \u2018;\u2019, \u2018asm\u2019 or \u2018__attribute__\u2019 before \u2018fwrite\u2019\n  652 | extern size_t fwrite (const void *__restrict __ptr, size_t __size,\n      |               ^~~~~~\n/usr/include/stdio.h:652:23: error: expected expression before \u2018const\u2019\n  652 | extern size_t fwrite (const void *__restrict __ptr, size_t __size,\n      |                       ^~~~~\n/usr/include/stdio.h:673:15: error: expected \u2018=\u2019, \u2018,\u2019, \u2018;\u2019, \u2018asm\u2019 or \u2018__attribute__\u2019 before \u2018fread_unlocked\u2019\n  673 | extern size_t fread_unlocked (void *__restrict __ptr, size_t __size,\n      |               ^~~~~~~~~~~~~~\n/usr/include/stdio.h:673:31: error: expected expression before \u2018void\u2019\n  673 | extern size_t fread_unlocked (void *__restrict __ptr, size_t __size,\n      |                               ^~~~\n/usr/include/stdio.h:675:15: error: expected \u2018=\u2019, \u2018,\u2019, \u2018;\u2019, \u2018asm\u2019 or \u2018__attribute__\u2019 before \u2018fwrite_unlocked\u2019\n  675 | extern size_t fwrite_unlocked (const void *__restrict __ptr, size_t __size,\n      |               ^~~~~~~~~~~~~~~\n/usr/include/stdio.h:675:32: error: expected expression before \u2018const\u2019\n  675 | extern size_t fwrite_unlocked (const void *__restrict __ptr, size_t __size,\n      |                                ^~~~~\nmake[2]: *** [WordCompletion/CMakeFiles/WordCompletion.dir/build.make:63: WordCompletion/CMakeFiles/WordCompletion.dir/src/main.c.o] Error 1\nmake[1]: *** [CMakeFiles/Makefile2:270: WordCompletion/CMakeFiles/WordCompletion.dir/all] Error 2\nmake: *** [Makefile:84: all] Error 2\n"
      ]
    },
    "5088dc6f": {
      "compiles": [
        1
      ],
      "msg": [
        "In file included from /usr/include/stdio.h:33,\n                 from /data/SOSRepair/WordCompletion_0/WordCompletion/src/main.c:325:\n/usr/lib/gcc/x86_64-linux-gnu/9/include/stddef.h: In function \u2018cgc_scramble\u2019:\n/usr/lib/gcc/x86_64-linux-gnu/9/include/stddef.h:209:1: error: expected expression before \u2018typedef\u2019\n  209 | typedef __SIZE_TYPE__ size_t;\n      | ^~~~~~~\nIn file included from /usr/include/stdio.h:43,\n                 from /data/SOSRepair/WordCompletion_0/WordCompletion/src/main.c:325:\n/usr/include/bits/types/struct_FILE.h:95:3: error: unknown type name \u2018size_t\u2019\n   95 |   size_t __pad5;\n      |   ^~~~~~\n/usr/include/bits/types/struct_FILE.h:98:67: error: \u2018size_t\u2019 undeclared (first use in this function)\n   98 |   char _unused2[15 * sizeof (int) - 4 * sizeof (void *) - sizeof (size_t)];\n      |                                                                   ^~~~~~\n/usr/include/bits/types/struct_FILE.h:1:1: note: \u2018size_t\u2019 is defined in header \u2018<stddef.h>\u2019; did you forget to \u2018#include <stddef.h>\u2019?\n  +++ |+#include <stddef.h>\n    1 | /* Copyright (C) 1991-2020 Free Software Foundation, Inc.\n/usr/include/bits/types/struct_FILE.h:98:67: note: each undeclared identifier is reported only once for each function it appears in\n   98 |   char _unused2[15 * sizeof (int) - 4 * sizeof (void *) - sizeof (size_t)];\n      |                                                                   ^~~~~~\nIn file included from /data/SOSRepair/WordCompletion_0/WordCompletion/src/main.c:325:\n/usr/include/stdio.h:292:35: error: expected declaration specifiers or \u2018...\u2019 before \u2018size_t\u2019\n  292 | extern FILE *fmemopen (void *__s, size_t __len, const char *__modes)\n      |                                   ^~~~~~\n/usr/include/stdio.h:298:47: error: expected declaration specifiers or \u2018...\u2019 before \u2018size_t\u2019\n  298 | extern FILE *open_memstream (char **__bufloc, size_t *__sizeloc) __THROW __wur;\n      |                                               ^~~~~~\n/usr/include/stdio.h:309:20: error: expected declaration specifiers or \u2018...\u2019 before \u2018size_t\u2019\n  309 |       int __modes, size_t __n) __THROW;\n      |                    ^~~~~~\n/usr/include/stdio.h:315:10: error: expected declaration specifiers or \u2018...\u2019 before \u2018size_t\u2019\n  315 |          size_t __size) __THROW;\n      |          ^~~~~~\n/usr/include/stdio.h:354:44: error: expected declaration specifiers or \u2018...\u2019 before \u2018size_t\u2019\n  354 | extern int snprintf (char *__restrict __s, size_t __maxlen,\n      |                                            ^~~~~~\n/usr/include/stdio.h:358:45: error: expected declaration specifiers or \u2018...\u2019 before \u2018size_t\u2019\n  358 | extern int vsnprintf (char *__restrict __s, size_t __maxlen,\n      |                                             ^~~~~~\n/usr/include/stdio.h:604:30: error: expected declaration specifiers or \u2018...\u2019 before \u2018size_t\u2019\n  604 |                              size_t *__restrict __n, int __delimiter,\n      |                              ^~~~~~\n/usr/include/stdio.h:607:28: error: expected declaration specifiers or \u2018...\u2019 before \u2018size_t\u2019\n  607 |                            size_t *__restrict __n, int __delimiter,\n      |                            ^~~~~~\n/usr/include/stdio.h:617:27: error: expected declaration specifiers or \u2018...\u2019 before \u2018size_t\u2019\n  617 |                           size_t *__restrict __n,\n      |                           ^~~~~~\n/usr/include/stdio.h:646:15: error: expected \u2018=\u2019, \u2018,\u2019, \u2018;\u2019, \u2018asm\u2019 or \u2018__attribute__\u2019 before \u2018fread\u2019\n  646 | extern size_t fread (void *__restrict __ptr, size_t __size,\n      |               ^~~~~\n/usr/include/stdio.h:646:22: error: expected expression before \u2018void\u2019\n  646 | extern size_t fread (void *__restrict __ptr, size_t __size,\n      |                      ^~~~\n/usr/include/stdio.h:652:15: error: expected \u2018=\u2019, \u2018,\u2019, \u2018;\u2019, \u2018asm\u2019 or \u2018__attribute__\u2019 before \u2018fwrite\u2019\n  652 | extern size_t fwrite (const void *__restrict __ptr, size_t __size,\n      |               ^~~~~~\n/usr/include/stdio.h:652:23: error: expected expression before \u2018const\u2019\n  652 | extern size_t fwrite (const void *__restrict __ptr, size_t __size,\n      |                       ^~~~~\n/usr/include/stdio.h:673:15: error: expected \u2018=\u2019, \u2018,\u2019, \u2018;\u2019, \u2018asm\u2019 or \u2018__attribute__\u2019 before \u2018fread_unlocked\u2019\n  673 | extern size_t fread_unlocked (void *__restrict __ptr, size_t __size,\n      |               ^~~~~~~~~~~~~~\n/usr/include/stdio.h:673:31: error: expected expression before \u2018void\u2019\n  673 | extern size_t fread_unlocked (void *__restrict __ptr, size_t __size,\n      |                               ^~~~\n/usr/include/stdio.h:675:15: error: expected \u2018=\u2019, \u2018,\u2019, \u2018;\u2019, \u2018asm\u2019 or \u2018__attribute__\u2019 before \u2018fwrite_unlocked\u2019\n  675 | extern size_t fwrite_unlocked (const void *__restrict __ptr, size_t __size,\n      |               ^~~~~~~~~~~~~~~\n/usr/include/stdio.h:675:32: error: expected expression before \u2018const\u2019\n  675 | extern size_t fwrite_unlocked (const void *__restrict __ptr, size_t __size,\n      |                                ^~~~~\nmake[2]: *** [WordCompletion/CMakeFiles/WordCompletion.dir/build.make:63: WordCompletion/CMakeFiles/WordCompletion.dir/src/main.c.o] Error 1\nmake[1]: *** [CMakeFiles/Makefile2:270: WordCompletion/CMakeFiles/WordCompletion.dir/all] Error 2\nmake: *** [Makefile:84: all] Error 2\n"
      ]
    },
    "e2ac221c": {
      "compiles": [
        0
      ],
      "pos_tests": {
        "p1": [
          {
            "outcome": 1,
            "code": 0,
            "duration": 1
          }
        ]
      },
      "neg_tests": {}
    },
    "402487a1": {
      "compiles": [
        0
      ],
      "pos_tests": {},
      "neg_tests": {
        "n1": [
          {
            "outcome": 0,
            "code": 0,
            "duration": 0
          }
        ]
      }
    },
    "7d23854b": {
      "compiles": [
        1
      ],
      "msg": [
        "In file included from /usr/include/stdio.h:33,\n                 from /data/SOSRepair/WordCompletion_0/WordCompletion/src/main.c:369:\n/usr/lib/gcc/x86_64-linux-gnu/9/include/stddef.h: In function \u2018main\u2019:\n/usr/lib/gcc/x86_64-linux-gnu/9/include/stddef.h:209:1: error: expected expression before \u2018typedef\u2019\n  209 | typedef __SIZE_TYPE__ size_t;\n      | ^~~~~~~\nIn file included from /usr/include/stdio.h:43,\n                 from /data/SOSRepair/WordCompletion_0/WordCompletion/src/main.c:369:\n/usr/include/bits/types/struct_FILE.h:95:3: error: unknown type name \u2018size_t\u2019\n   95 |   size_t __pad5;\n      |   ^~~~~~\n/usr/include/bits/types/struct_FILE.h:98:67: error: \u2018size_t\u2019 undeclared (first use in this function)\n   98 |   char _unused2[15 * sizeof (int) - 4 * sizeof (void *) - sizeof (size_t)];\n      |                                                                   ^~~~~~\n/usr/include/bits/types/struct_FILE.h:1:1: note: \u2018size_t\u2019 is defined in header \u2018<stddef.h>\u2019; did you forget to \u2018#include <stddef.h>\u2019?\n  +++ |+#include <stddef.h>\n    1 | /* Copyright (C) 1991-2020 Free Software Foundation, Inc.\n/usr/include/bits/types/struct_FILE.h:98:67: note: each undeclared identifier is reported only once for each function it appears in\n   98 |   char _unused2[15 * sizeof (int) - 4 * sizeof (void *) - sizeof (size_t)];\n      |                                                                   ^~~~~~\nIn file included from /data/SOSRepair/WordCompletion_0/WordCompletion/src/main.c:369:\n/usr/include/stdio.h:292:35: error: expected declaration specifiers or \u2018...\u2019 before \u2018size_t\u2019\n  292 | extern FILE *fmemopen (void *__s, size_t __len, const char *__modes)\n      |                                   ^~~~~~\n/usr/include/stdio.h:298:47: error: expected declaration specifiers or \u2018...\u2019 before \u2018size_t\u2019\n  298 | extern FILE *open_memstream (char **__bufloc, size_t *__sizeloc) __THROW __wur;\n      |                                               ^~~~~~\n/usr/include/stdio.h:309:20: error: expected declaration specifiers or \u2018...\u2019 before \u2018size_t\u2019\n  309 |       int __modes, size_t __n) __THROW;\n      |                    ^~~~~~\n/usr/include/stdio.h:315:10: error: expected declaration specifiers or \u2018...\u2019 before \u2018size_t\u2019\n  315 |          size_t __size) __THROW;\n      |          ^~~~~~\n/usr/include/stdio.h:354:44: error: expected declaration specifiers or \u2018...\u2019 before \u2018size_t\u2019\n  354 | extern int snprintf (char *__restrict __s, size_t __maxlen,\n      |                                            ^~~~~~\n/usr/include/stdio.h:358:45: error: expected declaration specifiers or \u2018...\u2019 before \u2018size_t\u2019\n  358 | extern int vsnprintf (char *__restrict __s, size_t __maxlen,\n      |                                             ^~~~~~\n/usr/include/stdio.h:604:30: error: expected declaration specifiers or \u2018...\u2019 before \u2018size_t\u2019\n  604 |                              size_t *__restrict __n, int __delimiter,\n      |                              ^~~~~~\n/usr/include/stdio.h:607:28: error: expected declaration specifiers or \u2018...\u2019 before \u2018size_t\u2019\n  607 |                            size_t *__restrict __n, int __delimiter,\n      |                            ^~~~~~\n/usr/include/stdio.h:617:27: error: expected declaration specifiers or \u2018...\u2019 before \u2018size_t\u2019\n  617 |                           size_t *__restrict __n,\n      |                           ^~~~~~\n/usr/include/stdio.h:646:15: error: expected \u2018=\u2019, \u2018,\u2019, \u2018;\u2019, \u2018asm\u2019 or \u2018__attribute__\u2019 before \u2018fread\u2019\n  646 | extern size_t fread (void *__restrict __ptr, size_t __size,\n      |               ^~~~~\n/usr/include/stdio.h:646:22: error: expected expression before \u2018void\u2019\n  646 | extern size_t fread (void *__restrict __ptr, size_t __size,\n      |                      ^~~~\n/usr/include/stdio.h:652:15: error: expected \u2018=\u2019, \u2018,\u2019, \u2018;\u2019, \u2018asm\u2019 or \u2018__attribute__\u2019 before \u2018fwrite\u2019\n  652 | extern size_t fwrite (const void *__restrict __ptr, size_t __size,\n      |               ^~~~~~\n/usr/include/stdio.h:652:23: error: expected expression before \u2018const\u2019\n  652 | extern size_t fwrite (const void *__restrict __ptr, size_t __size,\n      |                       ^~~~~\n/usr/include/stdio.h:673:15: error: expected \u2018=\u2019, \u2018,\u2019, \u2018;\u2019, \u2018asm\u2019 or \u2018__attribute__\u2019 before \u2018fread_unlocked\u2019\n  673 | extern size_t fread_unlocked (void *__restrict __ptr, size_t __size,\n      |               ^~~~~~~~~~~~~~\n/usr/include/stdio.h:673:31: error: expected expression before \u2018void\u2019\n  673 | extern size_t fread_unlocked (void *__restrict __ptr, size_t __size,\n      |                               ^~~~\n/usr/include/stdio.h:675:15: error: expected \u2018=\u2019, \u2018,\u2019, \u2018;\u2019, \u2018asm\u2019 or \u2018__attribute__\u2019 before \u2018fwrite_unlocked\u2019\n  675 | extern size_t fwrite_unlocked (const void *__restrict __ptr, size_t __size,\n      |               ^~~~~~~~~~~~~~~\n/usr/include/stdio.h:675:32: error: expected expression before \u2018const\u2019\n  675 | extern size_t fwrite_unlocked (const void *__restrict __ptr, size_t __size,\n      |                                ^~~~~\nmake[2]: *** [WordCompletion/CMakeFiles/WordCompletion.dir/build.make:63: WordCompletion/CMakeFiles/WordCompletion.dir/src/main.c.o] Error 1\nmake[1]: *** [CMakeFiles/Makefile2:270: WordCompletion/CMakeFiles/WordCompletion.dir/all] Error 2\nmake: *** [Makefile:84: all] Error 2\n"
      ]
    },
    "ffc868a6": {
      "compiles": [
        1
      ],
      "msg": [
        "In file included from /usr/include/stdio.h:33,\n                 from /data/SOSRepair/WordCompletion_0/WordCompletion/src/main.c:369:\n/usr/lib/gcc/x86_64-linux-gnu/9/include/stddef.h: In function \u2018main\u2019:\n/usr/lib/gcc/x86_64-linux-gnu/9/include/stddef.h:209:1: error: expected expression before \u2018typedef\u2019\n  209 | typedef __SIZE_TYPE__ size_t;\n      | ^~~~~~~\nIn file included from /usr/include/stdio.h:43,\n                 from /data/SOSRepair/WordCompletion_0/WordCompletion/src/main.c:369:\n/usr/include/bits/types/struct_FILE.h:95:3: error: unknown type name \u2018size_t\u2019\n   95 |   size_t __pad5;\n      |   ^~~~~~\n/usr/include/bits/types/struct_FILE.h:98:67: error: \u2018size_t\u2019 undeclared (first use in this function)\n   98 |   char _unused2[15 * sizeof (int) - 4 * sizeof (void *) - sizeof (size_t)];\n      |                                                                   ^~~~~~\n/usr/include/bits/types/struct_FILE.h:1:1: note: \u2018size_t\u2019 is defined in header \u2018<stddef.h>\u2019; did you forget to \u2018#include <stddef.h>\u2019?\n  +++ |+#include <stddef.h>\n    1 | /* Copyright (C) 1991-2020 Free Software Foundation, Inc.\n/usr/include/bits/types/struct_FILE.h:98:67: note: each undeclared identifier is reported only once for each function it appears in\n   98 |   char _unused2[15 * sizeof (int) - 4 * sizeof (void *) - sizeof (size_t)];\n      |                                                                   ^~~~~~\nIn file included from /data/SOSRepair/WordCompletion_0/WordCompletion/src/main.c:369:\n/usr/include/stdio.h:292:35: error: expected declaration specifiers or \u2018...\u2019 before \u2018size_t\u2019\n  292 | extern FILE *fmemopen (void *__s, size_t __len, const char *__modes)\n      |                                   ^~~~~~\n/usr/include/stdio.h:298:47: error: expected declaration specifiers or \u2018...\u2019 before \u2018size_t\u2019\n  298 | extern FILE *open_memstream (char **__bufloc, size_t *__sizeloc) __THROW __wur;\n      |                                               ^~~~~~\n/usr/include/stdio.h:309:20: error: expected declaration specifiers or \u2018...\u2019 before \u2018size_t\u2019\n  309 |       int __modes, size_t __n) __THROW;\n      |                    ^~~~~~\n/usr/include/stdio.h:315:10: error: expected declaration specifiers or \u2018...\u2019 before \u2018size_t\u2019\n  315 |          size_t __size) __THROW;\n      |          ^~~~~~\n/usr/include/stdio.h:354:44: error: expected declaration specifiers or \u2018...\u2019 before \u2018size_t\u2019\n  354 | extern int snprintf (char *__restrict __s, size_t __maxlen,\n      |                                            ^~~~~~\n/usr/include/stdio.h:358:45: error: expected declaration specifiers or \u2018...\u2019 before \u2018size_t\u2019\n  358 | extern int vsnprintf (char *__restrict __s, size_t __maxlen,\n      |                                             ^~~~~~\n/usr/include/stdio.h:604:30: error: expected declaration specifiers or \u2018...\u2019 before \u2018size_t\u2019\n  604 |                              size_t *__restrict __n, int __delimiter,\n      |                              ^~~~~~\n/usr/include/stdio.h:607:28: error: expected declaration specifiers or \u2018...\u2019 before \u2018size_t\u2019\n  607 |                            size_t *__restrict __n, int __delimiter,\n      |                            ^~~~~~\n/usr/include/stdio.h:617:27: error: expected declaration specifiers or \u2018...\u2019 before \u2018size_t\u2019\n  617 |                           size_t *__restrict __n,\n      |                           ^~~~~~\n/usr/include/stdio.h:646:15: error: expected \u2018=\u2019, \u2018,\u2019, \u2018;\u2019, \u2018asm\u2019 or \u2018__attribute__\u2019 before \u2018fread\u2019\n  646 | extern size_t fread (void *__restrict __ptr, size_t __size,\n      |               ^~~~~\n/usr/include/stdio.h:646:22: error: expected expression before \u2018void\u2019\n  646 | extern size_t fread (void *__restrict __ptr, size_t __size,\n      |                      ^~~~\n/usr/include/stdio.h:652:15: error: expected \u2018=\u2019, \u2018,\u2019, \u2018;\u2019, \u2018asm\u2019 or \u2018__attribute__\u2019 before \u2018fwrite\u2019\n  652 | extern size_t fwrite (const void *__restrict __ptr, size_t __size,\n      |               ^~~~~~\n/usr/include/stdio.h:652:23: error: expected expression before \u2018const\u2019\n  652 | extern size_t fwrite (const void *__restrict __ptr, size_t __size,\n      |                       ^~~~~\n/usr/include/stdio.h:673:15: error: expected \u2018=\u2019, \u2018,\u2019, \u2018;\u2019, \u2018asm\u2019 or \u2018__attribute__\u2019 before \u2018fread_unlocked\u2019\n  673 | extern size_t fread_unlocked (void *__restrict __ptr, size_t __size,\n      |               ^~~~~~~~~~~~~~\n/usr/include/stdio.h:673:31: error: expected expression before \u2018void\u2019\n  673 | extern size_t fread_unlocked (void *__restrict __ptr, size_t __size,\n      |                               ^~~~\n/usr/include/stdio.h:675:15: error: expected \u2018=\u2019, \u2018,\u2019, \u2018;\u2019, \u2018asm\u2019 or \u2018__attribute__\u2019 before \u2018fwrite_unlocked\u2019\n  675 | extern size_t fwrite_unlocked (const void *__restrict __ptr, size_t __size,\n      |               ^~~~~~~~~~~~~~~\n/usr/include/stdio.h:675:32: error: expected expression before \u2018const\u2019\n  675 | extern size_t fwrite_unlocked (const void *__restrict __ptr, size_t __size,\n      |                                ^~~~~\nmake[2]: *** [WordCompletion/CMakeFiles/WordCompletion.dir/build.make:63: WordCompletion/CMakeFiles/WordCompletion.dir/src/main.c.o] Error 1\nmake[1]: *** [CMakeFiles/Makefile2:270: WordCompletion/CMakeFiles/WordCompletion.dir/all] Error 2\nmake: *** [Makefile:84: all] Error 2\n"
      ]
    },
    "52fcd950": {
      "compiles": [
        1
      ],
      "msg": [
        "In file included from /usr/include/stdio.h:33,\n                 from /data/SOSRepair/WordCompletion_0/WordCompletion/src/main.c:382:\n/usr/lib/gcc/x86_64-linux-gnu/9/include/stddef.h: In function \u2018main\u2019:\n/usr/lib/gcc/x86_64-linux-gnu/9/include/stddef.h:209:1: error: expected expression before \u2018typedef\u2019\n  209 | typedef __SIZE_TYPE__ size_t;\n      | ^~~~~~~\nIn file included from /usr/include/stdio.h:43,\n                 from /data/SOSRepair/WordCompletion_0/WordCompletion/src/main.c:382:\n/usr/include/bits/types/struct_FILE.h:95:3: error: unknown type name \u2018size_t\u2019\n   95 |   size_t __pad5;\n      |   ^~~~~~\n/usr/include/bits/types/struct_FILE.h:98:67: error: \u2018size_t\u2019 undeclared (first use in this function)\n   98 |   char _unused2[15 * sizeof (int) - 4 * sizeof (void *) - sizeof (size_t)];\n      |                                                                   ^~~~~~\n/usr/include/bits/types/struct_FILE.h:1:1: note: \u2018size_t\u2019 is defined in header \u2018<stddef.h>\u2019; did you forget to \u2018#include <stddef.h>\u2019?\n  +++ |+#include <stddef.h>\n    1 | /* Copyright (C) 1991-2020 Free Software Foundation, Inc.\n/usr/include/bits/types/struct_FILE.h:98:67: note: each undeclared identifier is reported only once for each function it appears in\n   98 |   char _unused2[15 * sizeof (int) - 4 * sizeof (void *) - sizeof (size_t)];\n      |                                                                   ^~~~~~\nIn file included from /data/SOSRepair/WordCompletion_0/WordCompletion/src/main.c:382:\n/usr/include/stdio.h:292:35: error: expected declaration specifiers or \u2018...\u2019 before \u2018size_t\u2019\n  292 | extern FILE *fmemopen (void *__s, size_t __len, const char *__modes)\n      |                                   ^~~~~~\n/usr/include/stdio.h:298:47: error: expected declaration specifiers or \u2018...\u2019 before \u2018size_t\u2019\n  298 | extern FILE *open_memstream (char **__bufloc, size_t *__sizeloc) __THROW __wur;\n      |                                               ^~~~~~\n/usr/include/stdio.h:309:20: error: expected declaration specifiers or \u2018...\u2019 before \u2018size_t\u2019\n  309 |       int __modes, size_t __n) __THROW;\n      |                    ^~~~~~\n/usr/include/stdio.h:315:10: error: expected declaration specifiers or \u2018...\u2019 before \u2018size_t\u2019\n  315 |          size_t __size) __THROW;\n      |          ^~~~~~\n/usr/include/stdio.h:354:44: error: expected declaration specifiers or \u2018...\u2019 before \u2018size_t\u2019\n  354 | extern int snprintf (char *__restrict __s, size_t __maxlen,\n      |                                            ^~~~~~\n/usr/include/stdio.h:358:45: error: expected declaration specifiers or \u2018...\u2019 before \u2018size_t\u2019\n  358 | extern int vsnprintf (char *__restrict __s, size_t __maxlen,\n      |                                             ^~~~~~\n/usr/include/stdio.h:604:30: error: expected declaration specifiers or \u2018...\u2019 before \u2018size_t\u2019\n  604 |                              size_t *__restrict __n, int __delimiter,\n      |                              ^~~~~~\n/usr/include/stdio.h:607:28: error: expected declaration specifiers or \u2018...\u2019 before \u2018size_t\u2019\n  607 |                            size_t *__restrict __n, int __delimiter,\n      |                            ^~~~~~\n/usr/include/stdio.h:617:27: error: expected declaration specifiers or \u2018...\u2019 before \u2018size_t\u2019\n  617 |                           size_t *__restrict __n,\n      |                           ^~~~~~\n/usr/include/stdio.h:646:15: error: expected \u2018=\u2019, \u2018,\u2019, \u2018;\u2019, \u2018asm\u2019 or \u2018__attribute__\u2019 before \u2018fread\u2019\n  646 | extern size_t fread (void *__restrict __ptr, size_t __size,\n      |               ^~~~~\n/usr/include/stdio.h:646:22: error: expected expression before \u2018void\u2019\n  646 | extern size_t fread (void *__restrict __ptr, size_t __size,\n      |                      ^~~~\n/usr/include/stdio.h:652:15: error: expected \u2018=\u2019, \u2018,\u2019, \u2018;\u2019, \u2018asm\u2019 or \u2018__attribute__\u2019 before \u2018fwrite\u2019\n  652 | extern size_t fwrite (const void *__restrict __ptr, size_t __size,\n      |               ^~~~~~\n/usr/include/stdio.h:652:23: error: expected expression before \u2018const\u2019\n  652 | extern size_t fwrite (const void *__restrict __ptr, size_t __size,\n      |                       ^~~~~\n/usr/include/stdio.h:673:15: error: expected \u2018=\u2019, \u2018,\u2019, \u2018;\u2019, \u2018asm\u2019 or \u2018__attribute__\u2019 before \u2018fread_unlocked\u2019\n  673 | extern size_t fread_unlocked (void *__restrict __ptr, size_t __size,\n      |               ^~~~~~~~~~~~~~\n/usr/include/stdio.h:673:31: error: expected expression before \u2018void\u2019\n  673 | extern size_t fread_unlocked (void *__restrict __ptr, size_t __size,\n      |                               ^~~~\n/usr/include/stdio.h:675:15: error: expected \u2018=\u2019, \u2018,\u2019, \u2018;\u2019, \u2018asm\u2019 or \u2018__attribute__\u2019 before \u2018fwrite_unlocked\u2019\n  675 | extern size_t fwrite_unlocked (const void *__restrict __ptr, size_t __size,\n      |               ^~~~~~~~~~~~~~~\n/usr/include/stdio.h:675:32: error: expected expression before \u2018const\u2019\n  675 | extern size_t fwrite_unlocked (const void *__restrict __ptr, size_t __size,\n      |                                ^~~~~\nmake[2]: *** [WordCompletion/CMakeFiles/WordCompletion.dir/build.make:63: WordCompletion/CMakeFiles/WordCompletion.dir/src/main.c.o] Error 1\nmake[1]: *** [CMakeFiles/Makefile2:270: WordCompletion/CMakeFiles/WordCompletion.dir/all] Error 2\nmake: *** [Makefile:84: all] Error 2\n"
      ]
    },
    "00fef138": {
      "compiles": [
        1
      ],
      "msg": [
        "In file included from /usr/include/stdio.h:33,\n                 from /data/SOSRepair/WordCompletion_0/WordCompletion/src/main.c:382:\n/usr/lib/gcc/x86_64-linux-gnu/9/include/stddef.h: In function \u2018main\u2019:\n/usr/lib/gcc/x86_64-linux-gnu/9/include/stddef.h:209:1: error: expected expression before \u2018typedef\u2019\n  209 | typedef __SIZE_TYPE__ size_t;\n      | ^~~~~~~\nIn file included from /usr/include/stdio.h:43,\n                 from /data/SOSRepair/WordCompletion_0/WordCompletion/src/main.c:382:\n/usr/include/bits/types/struct_FILE.h:95:3: error: unknown type name \u2018size_t\u2019\n   95 |   size_t __pad5;\n      |   ^~~~~~\n/usr/include/bits/types/struct_FILE.h:98:67: error: \u2018size_t\u2019 undeclared (first use in this function)\n   98 |   char _unused2[15 * sizeof (int) - 4 * sizeof (void *) - sizeof (size_t)];\n      |                                                                   ^~~~~~\n/usr/include/bits/types/struct_FILE.h:1:1: note: \u2018size_t\u2019 is defined in header \u2018<stddef.h>\u2019; did you forget to \u2018#include <stddef.h>\u2019?\n  +++ |+#include <stddef.h>\n    1 | /* Copyright (C) 1991-2020 Free Software Foundation, Inc.\n/usr/include/bits/types/struct_FILE.h:98:67: note: each undeclared identifier is reported only once for each function it appears in\n   98 |   char _unused2[15 * sizeof (int) - 4 * sizeof (void *) - sizeof (size_t)];\n      |                                                                   ^~~~~~\nIn file included from /data/SOSRepair/WordCompletion_0/WordCompletion/src/main.c:382:\n/usr/include/stdio.h:292:35: error: expected declaration specifiers or \u2018...\u2019 before \u2018size_t\u2019\n  292 | extern FILE *fmemopen (void *__s, size_t __len, const char *__modes)\n      |                                   ^~~~~~\n/usr/include/stdio.h:298:47: error: expected declaration specifiers or \u2018...\u2019 before \u2018size_t\u2019\n  298 | extern FILE *open_memstream (char **__bufloc, size_t *__sizeloc) __THROW __wur;\n      |                                               ^~~~~~\n/usr/include/stdio.h:309:20: error: expected declaration specifiers or \u2018...\u2019 before \u2018size_t\u2019\n  309 |       int __modes, size_t __n) __THROW;\n      |                    ^~~~~~\n/usr/include/stdio.h:315:10: error: expected declaration specifiers or \u2018...\u2019 before \u2018size_t\u2019\n  315 |          size_t __size) __THROW;\n      |          ^~~~~~\n/usr/include/stdio.h:354:44: error: expected declaration specifiers or \u2018...\u2019 before \u2018size_t\u2019\n  354 | extern int snprintf (char *__restrict __s, size_t __maxlen,\n      |                                            ^~~~~~\n/usr/include/stdio.h:358:45: error: expected declaration specifiers or \u2018...\u2019 before \u2018size_t\u2019\n  358 | extern int vsnprintf (char *__restrict __s, size_t __maxlen,\n      |                                             ^~~~~~\n/usr/include/stdio.h:604:30: error: expected declaration specifiers or \u2018...\u2019 before \u2018size_t\u2019\n  604 |                              size_t *__restrict __n, int __delimiter,\n      |                              ^~~~~~\n/usr/include/stdio.h:607:28: error: expected declaration specifiers or \u2018...\u2019 before \u2018size_t\u2019\n  607 |                            size_t *__restrict __n, int __delimiter,\n      |                            ^~~~~~\n/usr/include/stdio.h:617:27: error: expected declaration specifiers or \u2018...\u2019 before \u2018size_t\u2019\n  617 |                           size_t *__restrict __n,\n      |                           ^~~~~~\n/usr/include/stdio.h:646:15: error: expected \u2018=\u2019, \u2018,\u2019, \u2018;\u2019, \u2018asm\u2019 or \u2018__attribute__\u2019 before \u2018fread\u2019\n  646 | extern size_t fread (void *__restrict __ptr, size_t __size,\n      |               ^~~~~\n/usr/include/stdio.h:646:22: error: expected expression before \u2018void\u2019\n  646 | extern size_t fread (void *__restrict __ptr, size_t __size,\n      |                      ^~~~\n/usr/include/stdio.h:652:15: error: expected \u2018=\u2019, \u2018,\u2019, \u2018;\u2019, \u2018asm\u2019 or \u2018__attribute__\u2019 before \u2018fwrite\u2019\n  652 | extern size_t fwrite (const void *__restrict __ptr, size_t __size,\n      |               ^~~~~~\n/usr/include/stdio.h:652:23: error: expected expression before \u2018const\u2019\n  652 | extern size_t fwrite (const void *__restrict __ptr, size_t __size,\n      |                       ^~~~~\n/usr/include/stdio.h:673:15: error: expected \u2018=\u2019, \u2018,\u2019, \u2018;\u2019, \u2018asm\u2019 or \u2018__attribute__\u2019 before \u2018fread_unlocked\u2019\n  673 | extern size_t fread_unlocked (void *__restrict __ptr, size_t __size,\n      |               ^~~~~~~~~~~~~~\n/usr/include/stdio.h:673:31: error: expected expression before \u2018void\u2019\n  673 | extern size_t fread_unlocked (void *__restrict __ptr, size_t __size,\n      |                               ^~~~\n/usr/include/stdio.h:675:15: error: expected \u2018=\u2019, \u2018,\u2019, \u2018;\u2019, \u2018asm\u2019 or \u2018__attribute__\u2019 before \u2018fwrite_unlocked\u2019\n  675 | extern size_t fwrite_unlocked (const void *__restrict __ptr, size_t __size,\n      |               ^~~~~~~~~~~~~~~\n/usr/include/stdio.h:675:32: error: expected expression before \u2018const\u2019\n  675 | extern size_t fwrite_unlocked (const void *__restrict __ptr, size_t __size,\n      |                                ^~~~~\nmake[2]: *** [WordCompletion/CMakeFiles/WordCompletion.dir/build.make:63: WordCompletion/CMakeFiles/WordCompletion.dir/src/main.c.o] Error 1\nmake[1]: *** [CMakeFiles/Makefile2:270: WordCompletion/CMakeFiles/WordCompletion.dir/all] Error 2\nmake: *** [Makefile:84: all] Error 2\n"
      ]
    },
    "e69db422": {
      "compiles": [
        0
      ],
      "pos_tests": {
        "p1": [
          {
            "outcome": 1,
            "code": 0,
            "duration": 1
          }
        ]
      },
      "neg_tests": {}
    },
    "83d79f9b": {
      "compiles": [
        0
      ],
      "pos_tests": {},
      "neg_tests": {
        "n1": [
          {
            "outcome": 0,
            "code": 0,
            "duration": 0
          }
        ]
      }
    },
    "78562d96": {
      "compiles": [
        1
      ],
      "msg": [
        "/data/SOSRepair/WordCompletion_0/WordCompletion/src/main.c: In function \u2018cgc_scramble\u2019:\n/data/SOSRepair/WordCompletion_0/WordCompletion/src/main.c:339:5: error: \u2018else\u2019 without a previous \u2018if\u2019\n  339 |     else\n      |     ^~~~\nmake[2]: *** [WordCompletion/CMakeFiles/WordCompletion.dir/build.make:63: WordCompletion/CMakeFiles/WordCompletion.dir/src/main.c.o] Error 1\nmake[1]: *** [CMakeFiles/Makefile2:270: WordCompletion/CMakeFiles/WordCompletion.dir/all] Error 2\nmake: *** [Makefile:84: all] Error 2\n"
      ]
    },
    "ec3ab839": {
      "compiles": [
        1
      ],
      "msg": [
        "/data/SOSRepair/WordCompletion_0/WordCompletion/src/main.c: In function \u2018cgc_scramble\u2019:\n/data/SOSRepair/WordCompletion_0/WordCompletion/src/main.c:339:5: error: \u2018else\u2019 without a previous \u2018if\u2019\n  339 |     else\n      |     ^~~~\nmake[2]: *** [WordCompletion/CMakeFiles/WordCompletion.dir/build.make:63: WordCompletion/CMakeFiles/WordCompletion.dir/src/main.c.o] Error 1\nmake[1]: *** [CMakeFiles/Makefile2:270: WordCompletion/CMakeFiles/WordCompletion.dir/all] Error 2\nmake: *** [Makefile:84: all] Error 2\n"
      ]
    },
    "abbdb132": {
      "compiles": [
        1
      ],
      "msg": [
        "In file included from /usr/include/stdio.h:33,\n                 from /data/SOSRepair/WordCompletion_0/WordCompletion/src/main.c:330:\n/usr/lib/gcc/x86_64-linux-gnu/9/include/stddef.h: In function \u2018cgc_scramble\u2019:\n/usr/lib/gcc/x86_64-linux-gnu/9/include/stddef.h:209:1: error: expected expression before \u2018typedef\u2019\n  209 | typedef __SIZE_TYPE__ size_t;\n      | ^~~~~~~\nIn file included from /usr/include/stdio.h:43,\n                 from /data/SOSRepair/WordCompletion_0/WordCompletion/src/main.c:330:\n/usr/include/bits/types/struct_FILE.h:95:3: error: unknown type name \u2018size_t\u2019\n   95 |   size_t __pad5;\n      |   ^~~~~~\n/usr/include/bits/types/struct_FILE.h:98:67: error: \u2018size_t\u2019 undeclared (first use in this function)\n   98 |   char _unused2[15 * sizeof (int) - 4 * sizeof (void *) - sizeof (size_t)];\n      |                                                                   ^~~~~~\n/usr/include/bits/types/struct_FILE.h:1:1: note: \u2018size_t\u2019 is defined in header \u2018<stddef.h>\u2019; did you forget to \u2018#include <stddef.h>\u2019?\n  +++ |+#include <stddef.h>\n    1 | /* Copyright (C) 1991-2020 Free Software Foundation, Inc.\n/usr/include/bits/types/struct_FILE.h:98:67: note: each undeclared identifier is reported only once for each function it appears in\n   98 |   char _unused2[15 * sizeof (int) - 4 * sizeof (void *) - sizeof (size_t)];\n      |                                                                   ^~~~~~\nIn file included from /data/SOSRepair/WordCompletion_0/WordCompletion/src/main.c:330:\n/usr/include/stdio.h:292:35: error: expected declaration specifiers or \u2018...\u2019 before \u2018size_t\u2019\n  292 | extern FILE *fmemopen (void *__s, size_t __len, const char *__modes)\n      |                                   ^~~~~~\n/usr/include/stdio.h:298:47: error: expected declaration specifiers or \u2018...\u2019 before \u2018size_t\u2019\n  298 | extern FILE *open_memstream (char **__bufloc, size_t *__sizeloc) __THROW __wur;\n      |                                               ^~~~~~\n/usr/include/stdio.h:309:20: error: expected declaration specifiers or \u2018...\u2019 before \u2018size_t\u2019\n  309 |       int __modes, size_t __n) __THROW;\n      |                    ^~~~~~\n/usr/include/stdio.h:315:10: error: expected declaration specifiers or \u2018...\u2019 before \u2018size_t\u2019\n  315 |          size_t __size) __THROW;\n      |          ^~~~~~\n/usr/include/stdio.h:354:44: error: expected declaration specifiers or \u2018...\u2019 before \u2018size_t\u2019\n  354 | extern int snprintf (char *__restrict __s, size_t __maxlen,\n      |                                            ^~~~~~\n/usr/include/stdio.h:358:45: error: expected declaration specifiers or \u2018...\u2019 before \u2018size_t\u2019\n  358 | extern int vsnprintf (char *__restrict __s, size_t __maxlen,\n      |                                             ^~~~~~\n/usr/include/stdio.h:604:30: error: expected declaration specifiers or \u2018...\u2019 before \u2018size_t\u2019\n  604 |                              size_t *__restrict __n, int __delimiter,\n      |                              ^~~~~~\n/usr/include/stdio.h:607:28: error: expected declaration specifiers or \u2018...\u2019 before \u2018size_t\u2019\n  607 |                            size_t *__restrict __n, int __delimiter,\n      |                            ^~~~~~\n/usr/include/stdio.h:617:27: error: expected declaration specifiers or \u2018...\u2019 before \u2018size_t\u2019\n  617 |                           size_t *__restrict __n,\n      |                           ^~~~~~\n/usr/include/stdio.h:646:15: error: expected \u2018=\u2019, \u2018,\u2019, \u2018;\u2019, \u2018asm\u2019 or \u2018__attribute__\u2019 before \u2018fread\u2019\n  646 | extern size_t fread (void *__restrict __ptr, size_t __size,\n      |               ^~~~~\n/usr/include/stdio.h:646:22: error: expected expression before \u2018void\u2019\n  646 | extern size_t fread (void *__restrict __ptr, size_t __size,\n      |                      ^~~~\n/usr/include/stdio.h:652:15: error: expected \u2018=\u2019, \u2018,\u2019, \u2018;\u2019, \u2018asm\u2019 or \u2018__attribute__\u2019 before \u2018fwrite\u2019\n  652 | extern size_t fwrite (const void *__restrict __ptr, size_t __size,\n      |               ^~~~~~\n/usr/include/stdio.h:652:23: error: expected expression before \u2018const\u2019\n  652 | extern size_t fwrite (const void *__restrict __ptr, size_t __size,\n      |                       ^~~~~\n/usr/include/stdio.h:673:15: error: expected \u2018=\u2019, \u2018,\u2019, \u2018;\u2019, \u2018asm\u2019 or \u2018__attribute__\u2019 before \u2018fread_unlocked\u2019\n  673 | extern size_t fread_unlocked (void *__restrict __ptr, size_t __size,\n      |               ^~~~~~~~~~~~~~\n/usr/include/stdio.h:673:31: error: expected expression before \u2018void\u2019\n  673 | extern size_t fread_unlocked (void *__restrict __ptr, size_t __size,\n      |                               ^~~~\n/usr/include/stdio.h:675:15: error: expected \u2018=\u2019, \u2018,\u2019, \u2018;\u2019, \u2018asm\u2019 or \u2018__attribute__\u2019 before \u2018fwrite_unlocked\u2019\n  675 | extern size_t fwrite_unlocked (const void *__restrict __ptr, size_t __size,\n      |               ^~~~~~~~~~~~~~~\n/usr/include/stdio.h:675:32: error: expected expression before \u2018const\u2019\n  675 | extern size_t fwrite_unlocked (const void *__restrict __ptr, size_t __size,\n      |                                ^~~~~\nmake[2]: *** [WordCompletion/CMakeFiles/WordCompletion.dir/build.make:63: WordCompletion/CMakeFiles/WordCompletion.dir/src/main.c.o] Error 1\nmake[1]: *** [CMakeFiles/Makefile2:270: WordCompletion/CMakeFiles/WordCompletion.dir/all] Error 2\nmake: *** [Makefile:84: all] Error 2\n"
      ]
    },
    "e9dcaab3": {
      "compiles": [
        1
      ],
      "msg": [
        "In file included from /usr/include/stdio.h:33,\n                 from /data/SOSRepair/WordCompletion_0/WordCompletion/src/main.c:330:\n/usr/lib/gcc/x86_64-linux-gnu/9/include/stddef.h: In function \u2018cgc_scramble\u2019:\n/usr/lib/gcc/x86_64-linux-gnu/9/include/stddef.h:209:1: error: expected expression before \u2018typedef\u2019\n  209 | typedef __SIZE_TYPE__ size_t;\n      | ^~~~~~~\nIn file included from /usr/include/stdio.h:43,\n                 from /data/SOSRepair/WordCompletion_0/WordCompletion/src/main.c:330:\n/usr/include/bits/types/struct_FILE.h:95:3: error: unknown type name \u2018size_t\u2019\n   95 |   size_t __pad5;\n      |   ^~~~~~\n/usr/include/bits/types/struct_FILE.h:98:67: error: \u2018size_t\u2019 undeclared (first use in this function)\n   98 |   char _unused2[15 * sizeof (int) - 4 * sizeof (void *) - sizeof (size_t)];\n      |                                                                   ^~~~~~\n/usr/include/bits/types/struct_FILE.h:1:1: note: \u2018size_t\u2019 is defined in header \u2018<stddef.h>\u2019; did you forget to \u2018#include <stddef.h>\u2019?\n  +++ |+#include <stddef.h>\n    1 | /* Copyright (C) 1991-2020 Free Software Foundation, Inc.\n/usr/include/bits/types/struct_FILE.h:98:67: note: each undeclared identifier is reported only once for each function it appears in\n   98 |   char _unused2[15 * sizeof (int) - 4 * sizeof (void *) - sizeof (size_t)];\n      |                                                                   ^~~~~~\nIn file included from /data/SOSRepair/WordCompletion_0/WordCompletion/src/main.c:330:\n/usr/include/stdio.h:292:35: error: expected declaration specifiers or \u2018...\u2019 before \u2018size_t\u2019\n  292 | extern FILE *fmemopen (void *__s, size_t __len, const char *__modes)\n      |                                   ^~~~~~\n/usr/include/stdio.h:298:47: error: expected declaration specifiers or \u2018...\u2019 before \u2018size_t\u2019\n  298 | extern FILE *open_memstream (char **__bufloc, size_t *__sizeloc) __THROW __wur;\n      |                                               ^~~~~~\n/usr/include/stdio.h:309:20: error: expected declaration specifiers or \u2018...\u2019 before \u2018size_t\u2019\n  309 |       int __modes, size_t __n) __THROW;\n      |                    ^~~~~~\n/usr/include/stdio.h:315:10: error: expected declaration specifiers or \u2018...\u2019 before \u2018size_t\u2019\n  315 |          size_t __size) __THROW;\n      |          ^~~~~~\n/usr/include/stdio.h:354:44: error: expected declaration specifiers or \u2018...\u2019 before \u2018size_t\u2019\n  354 | extern int snprintf (char *__restrict __s, size_t __maxlen,\n      |                                            ^~~~~~\n/usr/include/stdio.h:358:45: error: expected declaration specifiers or \u2018...\u2019 before \u2018size_t\u2019\n  358 | extern int vsnprintf (char *__restrict __s, size_t __maxlen,\n      |                                             ^~~~~~\n/usr/include/stdio.h:604:30: error: expected declaration specifiers or \u2018...\u2019 before \u2018size_t\u2019\n  604 |                              size_t *__restrict __n, int __delimiter,\n      |                              ^~~~~~\n/usr/include/stdio.h:607:28: error: expected declaration specifiers or \u2018...\u2019 before \u2018size_t\u2019\n  607 |                            size_t *__restrict __n, int __delimiter,\n      |                            ^~~~~~\n/usr/include/stdio.h:617:27: error: expected declaration specifiers or \u2018...\u2019 before \u2018size_t\u2019\n  617 |                           size_t *__restrict __n,\n      |                           ^~~~~~\n/usr/include/stdio.h:646:15: error: expected \u2018=\u2019, \u2018,\u2019, \u2018;\u2019, \u2018asm\u2019 or \u2018__attribute__\u2019 before \u2018fread\u2019\n  646 | extern size_t fread (void *__restrict __ptr, size_t __size,\n      |               ^~~~~\n/usr/include/stdio.h:646:22: error: expected expression before \u2018void\u2019\n  646 | extern size_t fread (void *__restrict __ptr, size_t __size,\n      |                      ^~~~\n/usr/include/stdio.h:652:15: error: expected \u2018=\u2019, \u2018,\u2019, \u2018;\u2019, \u2018asm\u2019 or \u2018__attribute__\u2019 before \u2018fwrite\u2019\n  652 | extern size_t fwrite (const void *__restrict __ptr, size_t __size,\n      |               ^~~~~~\n/usr/include/stdio.h:652:23: error: expected expression before \u2018const\u2019\n  652 | extern size_t fwrite (const void *__restrict __ptr, size_t __size,\n      |                       ^~~~~\n/usr/include/stdio.h:673:15: error: expected \u2018=\u2019, \u2018,\u2019, \u2018;\u2019, \u2018asm\u2019 or \u2018__attribute__\u2019 before \u2018fread_unlocked\u2019\n  673 | extern size_t fread_unlocked (void *__restrict __ptr, size_t __size,\n      |               ^~~~~~~~~~~~~~\n/usr/include/stdio.h:673:31: error: expected expression before \u2018void\u2019\n  673 | extern size_t fread_unlocked (void *__restrict __ptr, size_t __size,\n      |                               ^~~~\n/usr/include/stdio.h:675:15: error: expected \u2018=\u2019, \u2018,\u2019, \u2018;\u2019, \u2018asm\u2019 or \u2018__attribute__\u2019 before \u2018fwrite_unlocked\u2019\n  675 | extern size_t fwrite_unlocked (const void *__restrict __ptr, size_t __size,\n      |               ^~~~~~~~~~~~~~~\n/usr/include/stdio.h:675:32: error: expected expression before \u2018const\u2019\n  675 | extern size_t fwrite_unlocked (const void *__restrict __ptr, size_t __size,\n      |                                ^~~~~\nmake[2]: *** [WordCompletion/CMakeFiles/WordCompletion.dir/build.make:63: WordCompletion/CMakeFiles/WordCompletion.dir/src/main.c.o] Error 1\nmake[1]: *** [CMakeFiles/Makefile2:270: WordCompletion/CMakeFiles/WordCompletion.dir/all] Error 2\nmake: *** [Makefile:84: all] Error 2\n"
      ]
    },
    "6dd07f20": {
      "compiles": [
        1
      ],
      "msg": [
        "/data/SOSRepair/WordCompletion_0/WordCompletion/src/main.c:300:12: error: initializer element is not constant\n  300 | FILE *fp = fopen(\"/data/SOSRepair/WordCompletion_0/outputs/main.c_output.txt\", \"w\");\n      |            ^~~~~\n/data/SOSRepair/WordCompletion_0/WordCompletion/src/main.c:303:12: error: expected \u2018)\u2019 before string constant\n  303 | fprintf(fp, \"input start:seed:%d:int_afs_gRandRegister:%d:int_afs_\\n\", seed, gRandRegister);\n      |            ^~~~~~~~~~~~~~~~~~~~~~~~~~~~~~~~~~~~~~~~~~~~~~~~~~~~~~~~~~\n      |            )\n/data/SOSRepair/WordCompletion_0/WordCompletion/src/main.c:304:12: error: expected \u2018)\u2019 before string constant\n  304 | fprintf(fp, \"--------------------------------\\n\");\n      |            ^~~~~~~~~~~~~~~~~~~~~~~~~~~~~~~~~~~~~\n      |            )\n/data/SOSRepair/WordCompletion_0/WordCompletion/src/main.c:310:12: error: expected \u2018)\u2019 before string constant\n  310 | fprintf(fp, \"input start:seed:%d:int_afs_gRandRegister:%d:int_afs_\\n\", seed, gRandRegister);\n      |            ^~~~~~~~~~~~~~~~~~~~~~~~~~~~~~~~~~~~~~~~~~~~~~~~~~~~~~~~~~\n      |            )\n/data/SOSRepair/WordCompletion_0/WordCompletion/src/main.c:312:1: error: expected identifier or \u2018(\u2019 before \u2018if\u2019\n  312 | if(0);\n      | ^~\nmake[2]: *** [WordCompletion/CMakeFiles/WordCompletion.dir/build.make:63: WordCompletion/CMakeFiles/WordCompletion.dir/src/main.c.o] Error 1\nmake[1]: *** [CMakeFiles/Makefile2:270: WordCompletion/CMakeFiles/WordCompletion.dir/all] Error 2\nmake: *** [Makefile:84: all] Error 2\n"
      ]
    },
    "8fbfbc15": {
      "compiles": [
        1
      ],
      "msg": [
        "/data/SOSRepair/WordCompletion_0/WordCompletion/src/main.c:300:12: error: initializer element is not constant\n  300 | FILE *fp = fopen(\"/data/SOSRepair/WordCompletion_0/outputs/main.c_output.txt\", \"w\");\n      |            ^~~~~\n/data/SOSRepair/WordCompletion_0/WordCompletion/src/main.c:303:12: error: expected \u2018)\u2019 before string constant\n  303 | fprintf(fp, \"input start:seed:%d:int_afs_gRandRegister:%d:int_afs_\\n\", seed, gRandRegister);\n      |            ^~~~~~~~~~~~~~~~~~~~~~~~~~~~~~~~~~~~~~~~~~~~~~~~~~~~~~~~~~\n      |            )\n/data/SOSRepair/WordCompletion_0/WordCompletion/src/main.c:304:12: error: expected \u2018)\u2019 before string constant\n  304 | fprintf(fp, \"--------------------------------\\n\");\n      |            ^~~~~~~~~~~~~~~~~~~~~~~~~~~~~~~~~~~~~\n      |            )\n/data/SOSRepair/WordCompletion_0/WordCompletion/src/main.c:310:12: error: expected \u2018)\u2019 before string constant\n  310 | fprintf(fp, \"input start:seed:%d:int_afs_gRandRegister:%d:int_afs_\\n\", seed, gRandRegister);\n      |            ^~~~~~~~~~~~~~~~~~~~~~~~~~~~~~~~~~~~~~~~~~~~~~~~~~~~~~~~~~\n      |            )\n/data/SOSRepair/WordCompletion_0/WordCompletion/src/main.c:312:1: error: expected identifier or \u2018(\u2019 before \u2018if\u2019\n  312 | if(0);\n      | ^~\nmake[2]: *** [WordCompletion/CMakeFiles/WordCompletion.dir/build.make:63: WordCompletion/CMakeFiles/WordCompletion.dir/src/main.c.o] Error 1\nmake[1]: *** [CMakeFiles/Makefile2:270: WordCompletion/CMakeFiles/WordCompletion.dir/all] Error 2\nmake: *** [Makefile:84: all] Error 2\n"
      ]
    },
    "06bf5210": {
      "compiles": [
        0
      ],
      "pos_tests": {
        "p1": [
          {
            "outcome": 0,
            "code": 6,
            "duration": 0
          }
        ],
        "p2": [
          {
            "outcome": 0,
            "code": 6,
            "duration": 0
          }
        ],
        "p3": [
          {
            "outcome": 0,
            "code": 6,
            "duration": 0
          }
        ],
        "p4": [
          {
            "outcome": 0,
            "code": 6,
            "duration": 0
          }
        ],
        "p5": [
          {
            "outcome": 0,
            "code": 6,
            "duration": 0
          }
        ],
        "p6": [
          {
            "outcome": 0,
            "code": 6,
            "duration": 0
          }
        ],
        "p7": [
          {
            "outcome": 0,
            "code": 6,
            "duration": 0
          }
        ],
        "p8": [
          {
            "outcome": 0,
            "code": 6,
            "duration": 0
          }
        ],
        "p9": [
          {
            "outcome": 0,
            "code": 6,
            "duration": 0
          }
        ],
        "p10": [
          {
            "outcome": 0,
            "code": 6,
            "duration": 0
          }
        ],
        "p11": [
          {
            "outcome": 0,
            "code": 6,
            "duration": 0
          }
        ],
        "p12": [
          {
            "outcome": 0,
            "code": 6,
            "duration": 0
          }
        ],
        "p13": [
          {
            "outcome": 0,
            "code": 6,
            "duration": 0
          }
        ],
        "p14": [
          {
            "outcome": 0,
            "code": 6,
            "duration": 0
          }
        ],
        "p15": [
          {
            "outcome": 0,
            "code": 6,
            "duration": 0
          }
        ],
        "p16": [
          {
            "outcome": 0,
            "code": 6,
            "duration": 0
          }
        ],
        "p17": [
          {
            "outcome": 0,
            "code": 6,
            "duration": 0
          }
        ],
        "p18": [
          {
            "outcome": 0,
            "code": 6,
            "duration": 0
          }
        ],
        "p19": [
          {
            "outcome": 0,
            "code": 6,
            "duration": 0
          }
        ],
        "p20": [
          {
            "outcome": 0,
            "code": 6,
            "duration": 0
          }
        ]
      },
      "neg_tests": {}
    },
    "dc4bd3f7": {
      "compiles": [
        0
      ],
      "pos_tests": {},
      "neg_tests": {
        "n1": [
          {
            "outcome": 1,
            "code": 0,
            "duration": 0
          }
        ]
      }
    },
    "95b953e6": {
      "compiles": [
        0
      ],
      "pos_tests": {
        "p1": [
          {
            "outcome": 1,
            "code": 0,
            "duration": 1
          }
        ],
        "p2": [
          {
            "outcome": 1,
            "code": 0,
            "duration": 1
          }
        ],
        "p3": [
          {
            "outcome": 1,
            "code": 0,
            "duration": 0
          }
        ],
        "p4": [
          {
            "outcome": 1,
            "code": 0,
            "duration": 0
          }
        ],
        "p5": [
          {
            "outcome": 1,
            "code": 0,
            "duration": 1
          }
        ],
        "p6": [
          {
            "outcome": 1,
            "code": 0,
            "duration": 0
          }
        ],
        "p7": [
          {
            "outcome": 1,
            "code": 0,
            "duration": 1
          }
        ],
        "p8": [
          {
            "outcome": 1,
            "code": 0,
            "duration": 0
          }
        ],
        "p9": [
          {
            "outcome": 1,
            "code": 0,
            "duration": 0
          }
        ],
        "p10": [
          {
            "outcome": 1,
            "code": 0,
            "duration": 0
          }
        ],
        "p11": [
          {
            "outcome": 1,
            "code": 0,
            "duration": 1
          }
        ],
        "p12": [
          {
            "outcome": 1,
            "code": 0,
            "duration": 0
          }
        ],
        "p13": [
          {
            "outcome": 1,
            "code": 0,
            "duration": 0
          }
        ],
        "p14": [
          {
            "outcome": 1,
            "code": 0,
            "duration": 1
          }
        ],
        "p15": [
          {
            "outcome": 1,
            "code": 0,
            "duration": 0
          }
        ],
        "p16": [
          {
            "outcome": 1,
            "code": 0,
            "duration": 0
          }
        ],
        "p17": [
          {
            "outcome": 1,
            "code": 0,
            "duration": 0
          }
        ],
        "p18": [
          {
            "outcome": 1,
            "code": 0,
            "duration": 0
          }
        ],
        "p19": [
          {
            "outcome": 1,
            "code": 0,
            "duration": 0
          }
        ],
        "p20": [
          {
            "outcome": 1,
            "code": 0,
            "duration": 0
          }
        ]
      },
      "neg_tests": {}
    }
  },
  "neg_tests": 1,
  "pos_tests": 20,
  "passed_neg_tests": 4,
  "passed_pos_tests": 123,
  "failed_neg_tests": 5,
  "failed_pos_tests": 23,
  "duration": 3600.027849,
  "errors": [
    "rm: cannot remove \u2018/data/SOSRepair/WordCompletion_0/build/WordCompletion/CMakeFiles/WordCompletion.dir/src/*.gcda\u2019: No such file or directory",
    "rm: cannot remove \u2018/data/SOSRepair/WordCompletion_0/build/WordCompletion/CMakeFiles/WordCompletion.dir/src/*.gcda\u2019: No such file or directory",
    "rm: cannot remove \u2018/data/SOSRepair/WordCompletion_0/build/WordCompletion/CMakeFiles/WordCompletion.dir/src/*.gcda\u2019: No such file or directory",
    "rm: cannot remove \u2018/data/SOSRepair/WordCompletion_0/build/WordCompletion/CMakeFiles/WordCompletion.dir/src/*.gcda\u2019: No such file or directory",
    "rm: cannot remove \u2018/data/SOSRepair/WordCompletion_0/build/WordCompletion/CMakeFiles/WordCompletion.dir/src/*.gcda\u2019: No such file or directory",
    "rm: cannot remove \u2018/data/SOSRepair/WordCompletion_0/build/WordCompletion/CMakeFiles/WordCompletion.dir/src/*.gcda\u2019: No such file or directory",
    "rm: cannot remove \u2018/data/SOSRepair/WordCompletion_0/build/WordCompletion/CMakeFiles/WordCompletion.dir/src/*.gcda\u2019: No such file or directory",
    "rm: cannot remove \u2018/data/SOSRepair/WordCompletion_0/build/WordCompletion/CMakeFiles/WordCompletion.dir/src/*.gcda\u2019: No such file or directory",
    "rm: cannot remove \u2018/data/SOSRepair/WordCompletion_0/build/WordCompletion/CMakeFiles/WordCompletion.dir/src/*.gcda\u2019: No such file or directory",
    "rm: cannot remove \u2018/data/SOSRepair/WordCompletion_0/build/WordCompletion/CMakeFiles/WordCompletion.dir/src/*.gcda\u2019: No such file or directory",
    "rm: cannot remove \u2018/data/SOSRepair/WordCompletion_0/build/WordCompletion/CMakeFiles/WordCompletion.dir/src/*.gcda\u2019: No such file or directory",
    "rm: cannot remove \u2018/data/SOSRepair/WordCompletion_0/build/WordCompletion/CMakeFiles/WordCompletion.dir/src/*.gcda\u2019: No such file or directory",
    "rm: cannot remove \u2018/data/SOSRepair/WordCompletion_0/build/WordCompletion/CMakeFiles/WordCompletion.dir/src/*.gcda\u2019: No such file or directory",
    "rm: cannot remove \u2018/data/SOSRepair/WordCompletion_0/build/WordCompletion/CMakeFiles/WordCompletion.dir/src/*.gcda\u2019: No such file or directory",
    "rm: cannot remove \u2018/data/SOSRepair/WordCompletion_0/build/WordCompletion/CMakeFiles/WordCompletion.dir/src/*.gcda\u2019: No such file or directory",
    "rm: cannot remove \u2018/data/SOSRepair/WordCompletion_0/build/WordCompletion/CMakeFiles/WordCompletion.dir/src/*.gcda\u2019: No such file or directory",
    "rm: cannot remove \u2018/data/SOSRepair/WordCompletion_0/build/WordCompletion/CMakeFiles/WordCompletion.dir/src/*.gcda\u2019: No such file or directory",
    "rm: cannot remove \u2018/data/SOSRepair/WordCompletion_0/build/WordCompletion/CMakeFiles/WordCompletion.dir/src/*.gcda\u2019: No such file or directory",
    "rm: cannot remove \u2018/data/SOSRepair/WordCompletion_0/build/WordCompletion/CMakeFiles/WordCompletion.dir/src/*.gcda\u2019: No such file or directory",
    "rm: cannot remove \u2018/data/SOSRepair/WordCompletion_0/build/WordCompletion/CMakeFiles/WordCompletion.dir/src/*.gcda\u2019: No such file or directory",
    "rm: cannot remove \u2018/data/SOSRepair/WordCompletion_0/build/WordCompletion/CMakeFiles/WordCompletion.dir/src/main.c.gcda\u2019: No such file or directory",
    "rm: cannot remove \u2018/data/SOSRepair/WordCompletion_0/build/WordCompletion/CMakeFiles/WordCompletion.dir/src/*.gcda\u2019: No such file or directory",
    "rm: cannot remove \u2018/data/SOSRepair/WordCompletion_0/build/WordCompletion/CMakeFiles/WordCompletion.dir/src/main.c.gcov\u2019: No such file or directory",
    "rm: cannot remove \u2018/data/SOSRepair/WordCompletion_0/build/WordCompletion/CMakeFiles/WordCompletion.dir/src/main.c.g*\u2019: No such file or directory",
    "In file included from snippet.c:29:",
    "/usr/include/libcgc.h:88:10: warning: 'FD_SETSIZE' macro redefined",
    "# define FD_SETSIZE CGC_FD_SETSIZE",
    "         ^",
    "/usr/include/x86_64-linux-gnu/sys/select.h:78:9: note: previous definition is here",
    "#define FD_SETSIZE              __FD_SETSIZE",
    "        ^",
    "In file included from snippet.c:29:",
    "/usr/include/libcgc.h:90:10: warning: 'FD_ZERO' macro redefined",
    "# define FD_ZERO CGC_FD_ZERO",
    "         ^",
    "/usr/include/x86_64-linux-gnu/sys/select.h:93:9: note: previous definition is here",
    "#define FD_ZERO(fdsetp)         __FD_ZERO (fdsetp)",
    "        ^",
    "In file included from snippet.c:29:",
    "/usr/include/libcgc.h:91:10: warning: 'FD_SET' macro redefined",
    "# define FD_SET CGC_FD_SET",
    "         ^",
    "/usr/include/x86_64-linux-gnu/sys/select.h:90:9: note: previous definition is here",
    "#define FD_SET(fd, fdsetp)      __FD_SET (fd, fdsetp)",
    "        ^",
    "In file included from snippet.c:29:",
    "/usr/include/libcgc.h:92:10: warning: 'FD_CLR' macro redefined",
    "# define FD_CLR CGC_FD_CLR",
    "         ^",
    "/usr/include/x86_64-linux-gnu/sys/select.h:91:9: note: previous definition is here",
    "#define FD_CLR(fd, fdsetp)      __FD_CLR (fd, fdsetp)",
    "        ^",
    "In file included from snippet.c:29:",
    "/usr/include/libcgc.h:93:10: warning: 'FD_ISSET' macro redefined",
    "# define FD_ISSET CGC_FD_ISSET",
    "         ^",
    "/usr/include/x86_64-linux-gnu/sys/select.h:92:9: note: previous definition is here",
    "#define FD_ISSET(fd, fdsetp)    __FD_ISSET (fd, fdsetp)",
    "        ^",
    "snippet.c:37:13: warning: control may reach end of non-void function [-Wreturn-type]",
    "            }",
    "            ^",
    "6 warnings generated.",
    "KLEE: KLEE: WATCHDOG: watching 18507",
    "",
    "KLEE: NOTE: Using klee-uclibc : /opt/sosrepair/lib/klee/runtime/klee-uclibc.bca",
    "KLEE: output directory is \"/opt/sosrepair/sosrepair/klee-out\"",
    "KLEE: Using STP solver backend",
    "KLEE: Logging all queries in .smt2 format to /opt/sosrepair/sosrepair/klee-out/all-queries.smt2",
    "",
    "KLEE: WARNING: undefined reference to function: fcntl",
    "KLEE: WARNING: undefined reference to function: fstat",
    "KLEE: WARNING: undefined reference to function: ioctl",
    "KLEE: WARNING: undefined reference to function: lseek64",
    "KLEE: WARNING: undefined reference to function: open",
    "KLEE: WARNING: undefined reference to function: write",
    "KLEE: WARNING ONCE: calling external: ioctl(0, 21505, 71288464) at /tmp/uclibc/libc/termios/tcgetattr.c:43",
    "KLEE: WARNING ONCE: calling __user_main with extra arguments.",
    "KLEE: WARNING ONCE: Alignment of memory from call \"malloc\" is not modelled. Using alignment of 8.",
    "KLEE: ERROR: /opt/sosrepair/sosrepair/snippet.c:47: invalid klee_assume call (provably false)",
    "KLEE: NOTE: now ignoring this error at this location",
    "",
    "KLEE: done: total instructions = 11403",
    "KLEE: done: completed paths = 2",
    "KLEE: done: generated tests = 2",
    "In file included from snippet.c:29:",
    "/usr/include/libcgc.h:88:10: warning: 'FD_SETSIZE' macro redefined",
    "# define FD_SETSIZE CGC_FD_SETSIZE",
    "         ^",
    "/usr/include/x86_64-linux-gnu/sys/select.h:78:9: note: previous definition is here",
    "#define FD_SETSIZE              __FD_SETSIZE",
    "        ^",
    "In file included from snippet.c:29:",
    "/usr/include/libcgc.h:90:10: warning: 'FD_ZERO' macro redefined",
    "# define FD_ZERO CGC_FD_ZERO",
    "         ^",
    "/usr/include/x86_64-linux-gnu/sys/select.h:93:9: note: previous definition is here",
    "#define FD_ZERO(fdsetp)         __FD_ZERO (fdsetp)",
    "        ^",
    "In file included from snippet.c:29:",
    "/usr/include/libcgc.h:91:10: warning: 'FD_SET' macro redefined",
    "# define FD_SET CGC_FD_SET",
    "         ^",
    "/usr/include/x86_64-linux-gnu/sys/select.h:90:9: note: previous definition is here",
    "#define FD_SET(fd, fdsetp)      __FD_SET (fd, fdsetp)",
    "        ^",
    "In file included from snippet.c:29:",
    "/usr/include/libcgc.h:92:10: warning: 'FD_CLR' macro redefined",
    "# define FD_CLR CGC_FD_CLR",
    "         ^",
    "/usr/include/x86_64-linux-gnu/sys/select.h:91:9: note: previous definition is here",
    "#define FD_CLR(fd, fdsetp)      __FD_CLR (fd, fdsetp)",
    "        ^",
    "In file included from snippet.c:29:",
    "/usr/include/libcgc.h:93:10: warning: 'FD_ISSET' macro redefined",
    "# define FD_ISSET CGC_FD_ISSET",
    "         ^",
    "/usr/include/x86_64-linux-gnu/sys/select.h:92:9: note: previous definition is here",
    "#define FD_ISSET(fd, fdsetp)    __FD_ISSET (fd, fdsetp)",
    "        ^",
    "snippet.c:32:6: warning: expression result unused [-Wunused-value]",
    "(str == NULL);",
    " ~~~ ^  ~~~~",
    "6 warnings generated.",
    "KLEE: KLEE: WATCHDOG: watching 18517",
    "",
    "KLEE: NOTE: Using klee-uclibc : /opt/sosrepair/lib/klee/runtime/klee-uclibc.bca",
    "KLEE: output directory is \"/opt/sosrepair/sosrepair/klee-out\"",
    "KLEE: Using STP solver backend",
    "KLEE: Logging all queries in .smt2 format to /opt/sosrepair/sosrepair/klee-out/all-queries.smt2",
    "",
    "KLEE: WARNING: undefined reference to function: fcntl",
    "KLEE: WARNING: undefined reference to function: fstat",
    "KLEE: WARNING: undefined reference to function: ioctl",
    "KLEE: WARNING: undefined reference to function: lseek64",
    "KLEE: WARNING: undefined reference to function: open",
    "KLEE: WARNING: undefined reference to function: write",
    "KLEE: WARNING ONCE: calling external: ioctl(0, 21505, 41404048) at /tmp/uclibc/libc/termios/tcgetattr.c:43",
    "KLEE: WARNING ONCE: calling __user_main with extra arguments.",
    "KLEE: WARNING ONCE: Alignment of memory from call \"malloc\" is not modelled. Using alignment of 8.",
    "KLEE: ERROR: /opt/sosrepair/sosrepair/snippet.c:43: invalid klee_assume call (provably false)",
    "KLEE: NOTE: now ignoring this error at this location",
    "",
    "KLEE: done: total instructions = 11393",
    "KLEE: done: completed paths = 2",
    "KLEE: done: generated tests = 2",
    "In file included from snippet.c:29:",
    "/usr/include/libcgc.h:88:10: warning: 'FD_SETSIZE' macro redefined",
    "# define FD_SETSIZE CGC_FD_SETSIZE",
    "         ^",
    "/usr/include/x86_64-linux-gnu/sys/select.h:78:9: note: previous definition is here",
    "#define FD_SETSIZE              __FD_SETSIZE",
    "        ^",
    "In file included from snippet.c:29:",
    "/usr/include/libcgc.h:90:10: warning: 'FD_ZERO' macro redefined",
    "# define FD_ZERO CGC_FD_ZERO",
    "         ^",
    "/usr/include/x86_64-linux-gnu/sys/select.h:93:9: note: previous definition is here",
    "#define FD_ZERO(fdsetp)         __FD_ZERO (fdsetp)",
    "        ^",
    "In file included from snippet.c:29:",
    "/usr/include/libcgc.h:91:10: warning: 'FD_SET' macro redefined",
    "# define FD_SET CGC_FD_SET",
    "         ^",
    "/usr/include/x86_64-linux-gnu/sys/select.h:90:9: note: previous definition is here",
    "#define FD_SET(fd, fdsetp)      __FD_SET (fd, fdsetp)",
    "        ^",
    "In file included from snippet.c:29:",
    "/usr/include/libcgc.h:92:10: warning: 'FD_CLR' macro redefined",
    "# define FD_CLR CGC_FD_CLR",
    "         ^",
    "/usr/include/x86_64-linux-gnu/sys/select.h:91:9: note: previous definition is here",
    "#define FD_CLR(fd, fdsetp)      __FD_CLR (fd, fdsetp)",
    "        ^",
    "In file included from snippet.c:29:",
    "/usr/include/libcgc.h:93:10: warning: 'FD_ISSET' macro redefined",
    "# define FD_ISSET CGC_FD_ISSET",
    "         ^",
    "/usr/include/x86_64-linux-gnu/sys/select.h:92:9: note: previous definition is here",
    "#define FD_ISSET(fd, fdsetp)    __FD_ISSET (fd, fdsetp)",
    "        ^",
    "snippet.c:32:6: error: expected ')'",
    "(str ;",
    "     ^",
    "snippet.c:32:1: note: to match this '('",
    "(str ;",
    "^",
    "snippet.c:32:2: warning: expression result unused [-Wunused-value]",
    "(str ;",
    " ^~~",
    "6 warnings and 1 error generated.",
    "In file included from snippet.c:29:",
    "/usr/include/libcgc.h:88:10: warning: 'FD_SETSIZE' macro redefined",
    "# define FD_SETSIZE CGC_FD_SETSIZE",
    "         ^",
    "/usr/include/x86_64-linux-gnu/sys/select.h:78:9: note: previous definition is here",
    "#define FD_SETSIZE              __FD_SETSIZE",
    "        ^",
    "In file included from snippet.c:29:",
    "/usr/include/libcgc.h:90:10: warning: 'FD_ZERO' macro redefined",
    "# define FD_ZERO CGC_FD_ZERO",
    "         ^",
    "/usr/include/x86_64-linux-gnu/sys/select.h:93:9: note: previous definition is here",
    "#define FD_ZERO(fdsetp)         __FD_ZERO (fdsetp)",
    "        ^",
    "In file included from snippet.c:29:",
    "/usr/include/libcgc.h:91:10: warning: 'FD_SET' macro redefined",
    "# define FD_SET CGC_FD_SET",
    "         ^",
    "/usr/include/x86_64-linux-gnu/sys/select.h:90:9: note: previous definition is here",
    "#define FD_SET(fd, fdsetp)      __FD_SET (fd, fdsetp)",
    "        ^",
    "In file included from snippet.c:29:",
    "/usr/include/libcgc.h:92:10: warning: 'FD_CLR' macro redefined",
    "# define FD_CLR CGC_FD_CLR",
    "         ^",
    "/usr/include/x86_64-linux-gnu/sys/select.h:91:9: note: previous definition is here",
    "#define FD_CLR(fd, fdsetp)      __FD_CLR (fd, fdsetp)",
    "        ^",
    "In file included from snippet.c:29:",
    "/usr/include/libcgc.h:93:10: warning: 'FD_ISSET' macro redefined",
    "# define FD_ISSET CGC_FD_ISSET",
    "         ^",
    "/usr/include/x86_64-linux-gnu/sys/select.h:92:9: note: previous definition is here",
    "#define FD_ISSET(fd, fdsetp)    __FD_ISSET (fd, fdsetp)",
    "        ^",
    "snippet.c:32:6: error: expected ')'",
    "(str ;",
    "     ^",
    "snippet.c:32:1: note: to match this '('",
    "(str ;",
    "^",
    "snippet.c:32:2: warning: expression result unused [-Wunused-value]",
    "(str ;",
    " ^~~",
    "6 warnings and 1 error generated.",
    "In file included from snippet.c:29:",
    "/usr/include/libcgc.h:88:10: warning: 'FD_SETSIZE' macro redefined",
    "# define FD_SETSIZE CGC_FD_SETSIZE",
    "         ^",
    "/usr/include/x86_64-linux-gnu/sys/select.h:78:9: note: previous definition is here",
    "#define FD_SETSIZE              __FD_SETSIZE",
    "        ^",
    "In file included from snippet.c:29:",
    "/usr/include/libcgc.h:90:10: warning: 'FD_ZERO' macro redefined",
    "# define FD_ZERO CGC_FD_ZERO",
    "         ^",
    "/usr/include/x86_64-linux-gnu/sys/select.h:93:9: note: previous definition is here",
    "#define FD_ZERO(fdsetp)         __FD_ZERO (fdsetp)",
    "        ^",
    "In file included from snippet.c:29:",
    "/usr/include/libcgc.h:91:10: warning: 'FD_SET' macro redefined",
    "# define FD_SET CGC_FD_SET",
    "         ^",
    "/usr/include/x86_64-linux-gnu/sys/select.h:90:9: note: previous definition is here",
    "#define FD_SET(fd, fdsetp)      __FD_SET (fd, fdsetp)",
    "        ^",
    "In file included from snippet.c:29:",
    "/usr/include/libcgc.h:92:10: warning: 'FD_CLR' macro redefined",
    "# define FD_CLR CGC_FD_CLR",
    "         ^",
    "/usr/include/x86_64-linux-gnu/sys/select.h:91:9: note: previous definition is here",
    "#define FD_CLR(fd, fdsetp)      __FD_CLR (fd, fdsetp)",
    "        ^",
    "In file included from snippet.c:29:",
    "/usr/include/libcgc.h:93:10: warning: 'FD_ISSET' macro redefined",
    "# define FD_ISSET CGC_FD_ISSET",
    "         ^",
    "/usr/include/x86_64-linux-gnu/sys/select.h:92:9: note: previous definition is here",
    "#define FD_ISSET(fd, fdsetp)    __FD_ISSET (fd, fdsetp)",
    "        ^",
    "5 warnings generated.",
    "KLEE: KLEE: WATCHDOG: watching 18532",
    "",
    "KLEE: NOTE: Using klee-uclibc : /opt/sosrepair/lib/klee/runtime/klee-uclibc.bca",
    "KLEE: output directory is \"/opt/sosrepair/sosrepair/klee-out\"",
    "KLEE: Using STP solver backend",
    "KLEE: Logging all queries in .smt2 format to /opt/sosrepair/sosrepair/klee-out/all-queries.smt2",
    "",
    "KLEE: WARNING: undefined reference to function: fcntl",
    "KLEE: WARNING: undefined reference to function: fstat",
    "KLEE: WARNING: undefined reference to function: ioctl",
    "KLEE: WARNING: undefined reference to function: lseek64",
    "KLEE: WARNING: undefined reference to function: open",
    "KLEE: WARNING: undefined reference to function: write",
    "KLEE: WARNING ONCE: calling external: ioctl(0, 21505, 69684080) at /tmp/uclibc/libc/termios/tcgetattr.c:43",
    "KLEE: WARNING ONCE: calling __user_main with extra arguments.",
    "KLEE: ERROR: /opt/sosrepair/sosrepair/snippet.c:44: invalid klee_assume call (provably false)",
    "KLEE: NOTE: now ignoring this error at this location",
    "",
    "KLEE: done: total instructions = 11390",
    "KLEE: done: completed paths = 2",
    "KLEE: done: generated tests = 2",
    "In file included from snippet.c:29:",
    "/usr/include/libcgc.h:88:10: warning: 'FD_SETSIZE' macro redefined",
    "# define FD_SETSIZE CGC_FD_SETSIZE",
    "         ^",
    "/usr/include/x86_64-linux-gnu/sys/select.h:78:9: note: previous definition is here",
    "#define FD_SETSIZE              __FD_SETSIZE",
    "        ^",
    "In file included from snippet.c:29:",
    "/usr/include/libcgc.h:90:10: warning: 'FD_ZERO' macro redefined",
    "# define FD_ZERO CGC_FD_ZERO",
    "         ^",
    "/usr/include/x86_64-linux-gnu/sys/select.h:93:9: note: previous definition is here",
    "#define FD_ZERO(fdsetp)         __FD_ZERO (fdsetp)",
    "        ^",
    "In file included from snippet.c:29:",
    "/usr/include/libcgc.h:91:10: warning: 'FD_SET' macro redefined",
    "# define FD_SET CGC_FD_SET",
    "         ^",
    "/usr/include/x86_64-linux-gnu/sys/select.h:90:9: note: previous definition is here",
    "#define FD_SET(fd, fdsetp)      __FD_SET (fd, fdsetp)",
    "        ^",
    "In file included from snippet.c:29:",
    "/usr/include/libcgc.h:92:10: warning: 'FD_CLR' macro redefined",
    "# define FD_CLR CGC_FD_CLR",
    "         ^",
    "/usr/include/x86_64-linux-gnu/sys/select.h:91:9: note: previous definition is here",
    "#define FD_CLR(fd, fdsetp)      __FD_CLR (fd, fdsetp)",
    "        ^",
    "In file included from snippet.c:29:",
    "/usr/include/libcgc.h:93:10: warning: 'FD_ISSET' macro redefined",
    "# define FD_ISSET CGC_FD_ISSET",
    "         ^",
    "/usr/include/x86_64-linux-gnu/sys/select.h:92:9: note: previous definition is here",
    "#define FD_ISSET(fd, fdsetp)    __FD_ISSET (fd, fdsetp)",
    "        ^",
    "5 warnings generated.",
    "KLEE: KLEE: WATCHDOG: watching 18543",
    "",
    "KLEE: NOTE: Using klee-uclibc : /opt/sosrepair/lib/klee/runtime/klee-uclibc.bca",
    "KLEE: output directory is \"/opt/sosrepair/sosrepair/klee-out\"",
    "KLEE: Using STP solver backend",
    "KLEE: Logging all queries in .smt2 format to /opt/sosrepair/sosrepair/klee-out/all-queries.smt2",
    "",
    "KLEE: WARNING: undefined reference to function: fcntl",
    "KLEE: WARNING: undefined reference to function: fstat",
    "KLEE: WARNING: undefined reference to function: ioctl",
    "KLEE: WARNING: undefined reference to function: lseek64",
    "KLEE: WARNING: undefined reference to function: open",
    "KLEE: WARNING: undefined reference to function: write",
    "KLEE: WARNING ONCE: calling external: ioctl(0, 21505, 61486480) at /tmp/uclibc/libc/termios/tcgetattr.c:43",
    "KLEE: WARNING ONCE: calling __user_main with extra arguments.",
    "KLEE: ERROR: /opt/sosrepair/sosrepair/snippet.c:41: invalid klee_assume call (provably false)",
    "KLEE: NOTE: now ignoring this error at this location",
    "",
    "KLEE: done: total instructions = 11390",
    "KLEE: done: completed paths = 2",
    "KLEE: done: generated tests = 2",
    "In file included from snippet.c:29:",
    "/usr/include/libcgc.h:88:10: warning: 'FD_SETSIZE' macro redefined",
    "# define FD_SETSIZE CGC_FD_SETSIZE",
    "         ^",
    "/usr/include/x86_64-linux-gnu/sys/select.h:78:9: note: previous definition is here",
    "#define FD_SETSIZE              __FD_SETSIZE",
    "        ^",
    "In file included from snippet.c:29:",
    "/usr/include/libcgc.h:90:10: warning: 'FD_ZERO' macro redefined",
    "# define FD_ZERO CGC_FD_ZERO",
    "         ^",
    "/usr/include/x86_64-linux-gnu/sys/select.h:93:9: note: previous definition is here",
    "#define FD_ZERO(fdsetp)         __FD_ZERO (fdsetp)",
    "        ^",
    "In file included from snippet.c:29:",
    "/usr/include/libcgc.h:91:10: warning: 'FD_SET' macro redefined",
    "# define FD_SET CGC_FD_SET",
    "         ^",
    "/usr/include/x86_64-linux-gnu/sys/select.h:90:9: note: previous definition is here",
    "#define FD_SET(fd, fdsetp)      __FD_SET (fd, fdsetp)",
    "        ^",
    "In file included from snippet.c:29:",
    "/usr/include/libcgc.h:92:10: warning: 'FD_CLR' macro redefined",
    "# define FD_CLR CGC_FD_CLR",
    "         ^",
    "/usr/include/x86_64-linux-gnu/sys/select.h:91:9: note: previous definition is here",
    "#define FD_CLR(fd, fdsetp)      __FD_CLR (fd, fdsetp)",
    "        ^",
    "In file included from snippet.c:29:",
    "/usr/include/libcgc.h:93:10: warning: 'FD_ISSET' macro redefined",
    "# define FD_ISSET CGC_FD_ISSET",
    "         ^",
    "/usr/include/x86_64-linux-gnu/sys/select.h:92:9: note: previous definition is here",
    "#define FD_ISSET(fd, fdsetp)    __FD_ISSET (fd, fdsetp)",
    "        ^",
    "snippet.c:44:12: error: redefinition of 'ret'",
    "cgc_size_t ret;",
    "           ^",
    "snippet.c:40:24: note: previous definition is here",
    "            cgc_size_t ret;",
    "                       ^",
    "5 warnings and 1 error generated.",
    "In file included from snippet.c:29:",
    "/usr/include/libcgc.h:88:10: warning: 'FD_SETSIZE' macro redefined",
    "# define FD_SETSIZE CGC_FD_SETSIZE",
    "         ^",
    "/usr/include/x86_64-linux-gnu/sys/select.h:78:9: note: previous definition is here",
    "#define FD_SETSIZE              __FD_SETSIZE",
    "        ^",
    "In file included from snippet.c:29:",
    "/usr/include/libcgc.h:90:10: warning: 'FD_ZERO' macro redefined",
    "# define FD_ZERO CGC_FD_ZERO",
    "         ^",
    "/usr/include/x86_64-linux-gnu/sys/select.h:93:9: note: previous definition is here",
    "#define FD_ZERO(fdsetp)         __FD_ZERO (fdsetp)",
    "        ^",
    "In file included from snippet.c:29:",
    "/usr/include/libcgc.h:91:10: warning: 'FD_SET' macro redefined",
    "# define FD_SET CGC_FD_SET",
    "         ^",
    "/usr/include/x86_64-linux-gnu/sys/select.h:90:9: note: previous definition is here",
    "#define FD_SET(fd, fdsetp)      __FD_SET (fd, fdsetp)",
    "        ^",
    "In file included from snippet.c:29:",
    "/usr/include/libcgc.h:92:10: warning: 'FD_CLR' macro redefined",
    "# define FD_CLR CGC_FD_CLR",
    "         ^",
    "/usr/include/x86_64-linux-gnu/sys/select.h:91:9: note: previous definition is here",
    "#define FD_CLR(fd, fdsetp)      __FD_CLR (fd, fdsetp)",
    "        ^",
    "In file included from snippet.c:29:",
    "/usr/include/libcgc.h:93:10: warning: 'FD_ISSET' macro redefined",
    "# define FD_ISSET CGC_FD_ISSET",
    "         ^",
    "/usr/include/x86_64-linux-gnu/sys/select.h:92:9: note: previous definition is here",
    "#define FD_ISSET(fd, fdsetp)    __FD_ISSET (fd, fdsetp)",
    "        ^",
    "snippet.c:32:9: error: expected ')'",
    "(ret = 0;return ret;",
    "        ^",
    "snippet.c:32:1: note: to match this '('",
    "(ret = 0;return ret;",
    "^",
    "snippet.c:39:12: error: redefinition of 'ret'",
    "cgc_size_t ret;",
    "           ^",
    "snippet.c:37:24: note: previous definition is here",
    "            cgc_size_t ret;",
    "                       ^",
    "5 warnings and 2 errors generated.",
    "In file included from snippet.c:29:",
    "/usr/include/libcgc.h:88:10: warning: 'FD_SETSIZE' macro redefined",
    "# define FD_SETSIZE CGC_FD_SETSIZE",
    "         ^",
    "/usr/include/x86_64-linux-gnu/sys/select.h:78:9: note: previous definition is here",
    "#define FD_SETSIZE              __FD_SETSIZE",
    "        ^",
    "In file included from snippet.c:29:",
    "/usr/include/libcgc.h:90:10: warning: 'FD_ZERO' macro redefined",
    "# define FD_ZERO CGC_FD_ZERO",
    "         ^",
    "/usr/include/x86_64-linux-gnu/sys/select.h:93:9: note: previous definition is here",
    "#define FD_ZERO(fdsetp)         __FD_ZERO (fdsetp)",
    "        ^",
    "In file included from snippet.c:29:",
    "/usr/include/libcgc.h:91:10: warning: 'FD_SET' macro redefined",
    "# define FD_SET CGC_FD_SET",
    "         ^",
    "/usr/include/x86_64-linux-gnu/sys/select.h:90:9: note: previous definition is here",
    "#define FD_SET(fd, fdsetp)      __FD_SET (fd, fdsetp)",
    "        ^",
    "In file included from snippet.c:29:",
    "/usr/include/libcgc.h:92:10: warning: 'FD_CLR' macro redefined",
    "# define FD_CLR CGC_FD_CLR",
    "         ^",
    "/usr/include/x86_64-linux-gnu/sys/select.h:91:9: note: previous definition is here",
    "#define FD_CLR(fd, fdsetp)      __FD_CLR (fd, fdsetp)",
    "        ^",
    "In file included from snippet.c:29:",
    "/usr/include/libcgc.h:93:10: warning: 'FD_ISSET' macro redefined",
    "# define FD_ISSET CGC_FD_ISSET",
    "         ^",
    "/usr/include/x86_64-linux-gnu/sys/select.h:92:9: note: previous definition is here",
    "#define FD_ISSET(fd, fdsetp)    __FD_ISSET (fd, fdsetp)",
    "        ^",
    "snippet.c:32:6: error: expected ')'",
    "(ret ;",
    "     ^",
    "snippet.c:32:1: note: to match this '('",
    "(ret ;",
    "^",
    "snippet.c:32:2: warning: expression result unused [-Wunused-value]",
    "(ret ;",
    " ^~~",
    "6 warnings and 1 error generated.",
    "In file included from snippet.c:29:",
    "/usr/include/libcgc.h:88:10: warning: 'FD_SETSIZE' macro redefined",
    "# define FD_SETSIZE CGC_FD_SETSIZE",
    "         ^",
    "/usr/include/x86_64-linux-gnu/sys/select.h:78:9: note: previous definition is here",
    "#define FD_SETSIZE              __FD_SETSIZE",
    "        ^",
    "In file included from snippet.c:29:",
    "/usr/include/libcgc.h:90:10: warning: 'FD_ZERO' macro redefined",
    "# define FD_ZERO CGC_FD_ZERO",
    "         ^",
    "/usr/include/x86_64-linux-gnu/sys/select.h:93:9: note: previous definition is here",
    "#define FD_ZERO(fdsetp)         __FD_ZERO (fdsetp)",
    "        ^",
    "In file included from snippet.c:29:",
    "/usr/include/libcgc.h:91:10: warning: 'FD_SET' macro redefined",
    "# define FD_SET CGC_FD_SET",
    "         ^",
    "/usr/include/x86_64-linux-gnu/sys/select.h:90:9: note: previous definition is here",
    "#define FD_SET(fd, fdsetp)      __FD_SET (fd, fdsetp)",
    "        ^",
    "In file included from snippet.c:29:",
    "/usr/include/libcgc.h:92:10: warning: 'FD_CLR' macro redefined",
    "# define FD_CLR CGC_FD_CLR",
    "         ^",
    "/usr/include/x86_64-linux-gnu/sys/select.h:91:9: note: previous definition is here",
    "#define FD_CLR(fd, fdsetp)      __FD_CLR (fd, fdsetp)",
    "        ^",
    "In file included from snippet.c:29:",
    "/usr/include/libcgc.h:93:10: warning: 'FD_ISSET' macro redefined",
    "# define FD_ISSET CGC_FD_ISSET",
    "         ^",
    "/usr/include/x86_64-linux-gnu/sys/select.h:92:9: note: previous definition is here",
    "#define FD_ISSET(fd, fdsetp)    __FD_ISSET (fd, fdsetp)",
    "        ^",
    "snippet.c:32:10: warning: inequality comparison result unused [-Wunused-comparison]",
    "str[ret] != '\\0';",
    "~~~~~~~~~^~~~~~~",
    "snippet.c:32:10: note: use '|=' to turn this inequality comparison into an or-assignment",
    "str[ret] != '\\0';",
    "         ^~",
    "         |=",
    "6 warnings generated.",
    "KLEE: KLEE: WATCHDOG: watching 18562",
    "",
    "KLEE: NOTE: Using klee-uclibc : /opt/sosrepair/lib/klee/runtime/klee-uclibc.bca",
    "KLEE: output directory is \"/opt/sosrepair/sosrepair/klee-out\"",
    "KLEE: Using STP solver backend",
    "KLEE: Logging all queries in .smt2 format to /opt/sosrepair/sosrepair/klee-out/all-queries.smt2",
    "",
    "KLEE: WARNING: undefined reference to function: fcntl",
    "KLEE: WARNING: undefined reference to function: fstat",
    "KLEE: WARNING: undefined reference to function: ioctl",
    "KLEE: WARNING: undefined reference to function: lseek64",
    "KLEE: WARNING: undefined reference to function: open",
    "KLEE: WARNING: undefined reference to function: write",
    "KLEE: WARNING ONCE: calling external: ioctl(0, 21505, 77386400) at /tmp/uclibc/libc/termios/tcgetattr.c:43",
    "KLEE: WARNING ONCE: calling __user_main with extra arguments.",
    "KLEE: WARNING ONCE: Alignment of memory from call \"malloc\" is not modelled. Using alignment of 8.",
    "KLEE: WARNING ONCE: flushing 255904 bytes on read, may be slow and/or crash: MO109[255904] allocated at global:locale_mmap",
    "KLEE: WARNING: KLEE: WATCHDOG: time expired, attempting halt via INT",
    "",
    "KLEE: ctrl-c detected, requesting interpreter to halt.",
    "KLEE: ERROR: /opt/sosrepair/sosrepair/snippet.c:32: memory error: out of bound pointer",
    "KLEE: NOTE: now ignoring this error at this location",
    "KLEE: HaltTimer invoked",
    "KLEE: halting execution, dumping remaining states",
    "",
    "KLEE: done: total instructions = 11515",
    "KLEE: done: completed paths = 158",
    "KLEE: done: generated tests = 158",
    "In file included from snippet.c:29:",
    "/usr/include/libcgc.h:88:10: warning: 'FD_SETSIZE' macro redefined",
    "# define FD_SETSIZE CGC_FD_SETSIZE",
    "         ^",
    "/usr/include/x86_64-linux-gnu/sys/select.h:78:9: note: previous definition is here",
    "#define FD_SETSIZE              __FD_SETSIZE",
    "        ^",
    "In file included from snippet.c:29:",
    "/usr/include/libcgc.h:90:10: warning: 'FD_ZERO' macro redefined",
    "# define FD_ZERO CGC_FD_ZERO",
    "         ^",
    "/usr/include/x86_64-linux-gnu/sys/select.h:93:9: note: previous definition is here",
    "#define FD_ZERO(fdsetp)         __FD_ZERO (fdsetp)",
    "        ^",
    "In file included from snippet.c:29:",
    "/usr/include/libcgc.h:91:10: warning: 'FD_SET' macro redefined",
    "# define FD_SET CGC_FD_SET",
    "         ^",
    "/usr/include/x86_64-linux-gnu/sys/select.h:90:9: note: previous definition is here",
    "#define FD_SET(fd, fdsetp)      __FD_SET (fd, fdsetp)",
    "        ^",
    "In file included from snippet.c:29:",
    "/usr/include/libcgc.h:92:10: warning: 'FD_CLR' macro redefined",
    "# define FD_CLR CGC_FD_CLR",
    "         ^",
    "/usr/include/x86_64-linux-gnu/sys/select.h:91:9: note: previous definition is here",
    "#define FD_CLR(fd, fdsetp)      __FD_CLR (fd, fdsetp)",
    "        ^",
    "In file included from snippet.c:29:",
    "/usr/include/libcgc.h:93:10: warning: 'FD_ISSET' macro redefined",
    "# define FD_ISSET CGC_FD_ISSET",
    "         ^",
    "/usr/include/x86_64-linux-gnu/sys/select.h:92:9: note: previous definition is here",
    "#define FD_ISSET(fd, fdsetp)    __FD_ISSET (fd, fdsetp)",
    "        ^",
    "snippet.c:32:8: warning: expression result unused [-Wunused-value]",
    "str[ret] ;",
    "~~~ ~~~^",
    "6 warnings generated.",
    "KLEE: KLEE: WATCHDOG: watching 18961",
    "",
    "KLEE: NOTE: Using klee-uclibc : /opt/sosrepair/lib/klee/runtime/klee-uclibc.bca",
    "KLEE: output directory is \"/opt/sosrepair/sosrepair/klee-out\"",
    "KLEE: Using STP solver backend",
    "KLEE: Logging all queries in .smt2 format to /opt/sosrepair/sosrepair/klee-out/all-queries.smt2",
    "",
    "KLEE: WARNING: undefined reference to function: fcntl",
    "KLEE: WARNING: undefined reference to function: fstat",
    "KLEE: WARNING: undefined reference to function: ioctl",
    "KLEE: WARNING: undefined reference to function: lseek64",
    "KLEE: WARNING: undefined reference to function: open",
    "KLEE: WARNING: undefined reference to function: write",
    "KLEE: WARNING ONCE: calling external: ioctl(0, 21505, 45528032) at /tmp/uclibc/libc/termios/tcgetattr.c:43",
    "KLEE: WARNING ONCE: calling __user_main with extra arguments.",
    "KLEE: WARNING ONCE: Alignment of memory from call \"malloc\" is not modelled. Using alignment of 8.",
    "KLEE: WARNING: KLEE: WATCHDOG: time expired, attempting halt via INT",
    "",
    "KLEE: ctrl-c detected, requesting interpreter to halt.",
    "KLEE: WARNING ONCE: flushing 255904 bytes on read, may be slow and/or crash: MO109[255904] allocated at global:locale_mmap",
    "KLEE: ERROR: /opt/sosrepair/sosrepair/snippet.c:32: memory error: out of bound pointer",
    "KLEE: NOTE: now ignoring this error at this location",
    "KLEE: HaltTimer invoked",
    "KLEE: halting execution, dumping remaining states",
    "",
    "KLEE: done: total instructions = 11515",
    "KLEE: done: completed paths = 158",
    "KLEE: done: generated tests = 158",
    "In file included from snippet.c:29:",
    "/usr/include/libcgc.h:88:10: warning: 'FD_SETSIZE' macro redefined",
    "# define FD_SETSIZE CGC_FD_SETSIZE",
    "         ^",
    "/usr/include/x86_64-linux-gnu/sys/select.h:78:9: note: previous definition is here",
    "#define FD_SETSIZE              __FD_SETSIZE",
    "        ^",
    "In file included from snippet.c:29:",
    "/usr/include/libcgc.h:90:10: warning: 'FD_ZERO' macro redefined",
    "# define FD_ZERO CGC_FD_ZERO",
    "         ^",
    "/usr/include/x86_64-linux-gnu/sys/select.h:93:9: note: previous definition is here",
    "#define FD_ZERO(fdsetp)         __FD_ZERO (fdsetp)",
    "        ^",
    "In file included from snippet.c:29:",
    "/usr/include/libcgc.h:91:10: warning: 'FD_SET' macro redefined",
    "# define FD_SET CGC_FD_SET",
    "         ^",
    "/usr/include/x86_64-linux-gnu/sys/select.h:90:9: note: previous definition is here",
    "#define FD_SET(fd, fdsetp)      __FD_SET (fd, fdsetp)",
    "        ^",
    "In file included from snippet.c:29:",
    "/usr/include/libcgc.h:92:10: warning: 'FD_CLR' macro redefined",
    "# define FD_CLR CGC_FD_CLR",
    "         ^",
    "/usr/include/x86_64-linux-gnu/sys/select.h:91:9: note: previous definition is here",
    "#define FD_CLR(fd, fdsetp)      __FD_CLR (fd, fdsetp)",
    "        ^",
    "In file included from snippet.c:29:",
    "/usr/include/libcgc.h:93:10: warning: 'FD_ISSET' macro redefined",
    "# define FD_ISSET CGC_FD_ISSET",
    "         ^",
    "/usr/include/x86_64-linux-gnu/sys/select.h:92:9: note: previous definition is here",
    "#define FD_ISSET(fd, fdsetp)    __FD_ISSET (fd, fdsetp)",
    "        ^",
    "snippet.c:32:8: warning: expression result unused [-Wunused-value]",
    "str[ret] ;",
    "~~~ ~~~^",
    "6 warnings generated.",
    "KLEE: KLEE: WATCHDOG: watching 19362",
    "",
    "KLEE: NOTE: Using klee-uclibc : /opt/sosrepair/lib/klee/runtime/klee-uclibc.bca",
    "KLEE: output directory is \"/opt/sosrepair/sosrepair/klee-out\"",
    "KLEE: Using STP solver backend",
    "KLEE: Logging all queries in .smt2 format to /opt/sosrepair/sosrepair/klee-out/all-queries.smt2",
    "",
    "KLEE: WARNING: undefined reference to function: fcntl",
    "KLEE: WARNING: undefined reference to function: fstat",
    "KLEE: WARNING: undefined reference to function: ioctl",
    "KLEE: WARNING: undefined reference to function: lseek64",
    "KLEE: WARNING: undefined reference to function: open",
    "KLEE: WARNING: undefined reference to function: write",
    "KLEE: WARNING ONCE: calling external: ioctl(0, 21505, 49302752) at /tmp/uclibc/libc/termios/tcgetattr.c:43",
    "KLEE: WARNING ONCE: calling __user_main with extra arguments.",
    "KLEE: WARNING ONCE: Alignment of memory from call \"malloc\" is not modelled. Using alignment of 8.",
    "KLEE: WARNING ONCE: flushing 255904 bytes on read, may be slow and/or crash: MO109[255904] allocated at global:locale_mmap",
    "KLEE: WARNING: KLEE: WATCHDOG: time expired, attempting halt via INT",
    "",
    "KLEE: ctrl-c detected, requesting interpreter to halt.",
    "KLEE: ERROR: /opt/sosrepair/sosrepair/snippet.c:32: memory error: out of bound pointer",
    "KLEE: NOTE: now ignoring this error at this location",
    "KLEE: HaltTimer invoked",
    "KLEE: halting execution, dumping remaining states",
    "",
    "KLEE: done: total instructions = 11515",
    "KLEE: done: completed paths = 158",
    "KLEE: done: generated tests = 158",
    "In file included from snippet.c:29:",
    "/usr/include/libcgc.h:88:10: warning: 'FD_SETSIZE' macro redefined",
    "# define FD_SETSIZE CGC_FD_SETSIZE",
    "         ^",
    "/usr/include/x86_64-linux-gnu/sys/select.h:78:9: note: previous definition is here",
    "#define FD_SETSIZE              __FD_SETSIZE",
    "        ^",
    "In file included from snippet.c:29:",
    "/usr/include/libcgc.h:90:10: warning: 'FD_ZERO' macro redefined",
    "# define FD_ZERO CGC_FD_ZERO",
    "         ^",
    "/usr/include/x86_64-linux-gnu/sys/select.h:93:9: note: previous definition is here",
    "#define FD_ZERO(fdsetp)         __FD_ZERO (fdsetp)",
    "        ^",
    "In file included from snippet.c:29:",
    "/usr/include/libcgc.h:91:10: warning: 'FD_SET' macro redefined",
    "# define FD_SET CGC_FD_SET",
    "         ^",
    "/usr/include/x86_64-linux-gnu/sys/select.h:90:9: note: previous definition is here",
    "#define FD_SET(fd, fdsetp)      __FD_SET (fd, fdsetp)",
    "        ^",
    "In file included from snippet.c:29:",
    "/usr/include/libcgc.h:92:10: warning: 'FD_CLR' macro redefined",
    "# define FD_CLR CGC_FD_CLR",
    "         ^",
    "/usr/include/x86_64-linux-gnu/sys/select.h:91:9: note: previous definition is here",
    "#define FD_CLR(fd, fdsetp)      __FD_CLR (fd, fdsetp)",
    "        ^",
    "In file included from snippet.c:29:",
    "/usr/include/libcgc.h:93:10: warning: 'FD_ISSET' macro redefined",
    "# define FD_ISSET CGC_FD_ISSET",
    "         ^",
    "/usr/include/x86_64-linux-gnu/sys/select.h:92:9: note: previous definition is here",
    "#define FD_ISSET(fd, fdsetp)    __FD_ISSET (fd, fdsetp)",
    "        ^",
    "snippet.c:32:8: warning: expression result unused [-Wunused-value]",
    "str[ret] ;",
    "~~~ ~~~^",
    "6 warnings generated.",
    "KLEE: KLEE: WATCHDOG: watching 19759",
    "",
    "KLEE: NOTE: Using klee-uclibc : /opt/sosrepair/lib/klee/runtime/klee-uclibc.bca",
    "KLEE: output directory is \"/opt/sosrepair/sosrepair/klee-out\"",
    "KLEE: Using STP solver backend",
    "KLEE: Logging all queries in .smt2 format to /opt/sosrepair/sosrepair/klee-out/all-queries.smt2",
    "",
    "KLEE: WARNING: undefined reference to function: fcntl",
    "KLEE: WARNING: undefined reference to function: fstat",
    "KLEE: WARNING: undefined reference to function: ioctl",
    "KLEE: WARNING: undefined reference to function: lseek64",
    "KLEE: WARNING: undefined reference to function: open",
    "KLEE: WARNING: undefined reference to function: write",
    "KLEE: WARNING ONCE: calling external: ioctl(0, 21505, 52569952) at /tmp/uclibc/libc/termios/tcgetattr.c:43",
    "KLEE: WARNING ONCE: calling __user_main with extra arguments.",
    "KLEE: WARNING ONCE: Alignment of memory from call \"malloc\" is not modelled. Using alignment of 8.",
    "KLEE: WARNING ONCE: flushing 255904 bytes on read, may be slow and/or crash: MO109[255904] allocated at global:locale_mmap",
    "KLEE: WARNING: KLEE: WATCHDOG: time expired, attempting halt via INT",
    "",
    "KLEE: ctrl-c detected, requesting interpreter to halt.",
    "KLEE: ERROR: /opt/sosrepair/sosrepair/snippet.c:32: memory error: out of bound pointer",
    "KLEE: NOTE: now ignoring this error at this location",
    "KLEE: HaltTimer invoked",
    "KLEE: halting execution, dumping remaining states",
    "",
    "KLEE: done: total instructions = 11515",
    "KLEE: done: completed paths = 158",
    "KLEE: done: generated tests = 158",
    "In file included from snippet.c:29:",
    "/usr/include/libcgc.h:88:10: warning: 'FD_SETSIZE' macro redefined",
    "# define FD_SETSIZE CGC_FD_SETSIZE",
    "         ^",
    "/usr/include/x86_64-linux-gnu/sys/select.h:78:9: note: previous definition is here",
    "#define FD_SETSIZE              __FD_SETSIZE",
    "        ^",
    "In file included from snippet.c:29:",
    "/usr/include/libcgc.h:90:10: warning: 'FD_ZERO' macro redefined",
    "# define FD_ZERO CGC_FD_ZERO",
    "         ^",
    "/usr/include/x86_64-linux-gnu/sys/select.h:93:9: note: previous definition is here",
    "#define FD_ZERO(fdsetp)         __FD_ZERO (fdsetp)",
    "        ^",
    "In file included from snippet.c:29:",
    "/usr/include/libcgc.h:91:10: warning: 'FD_SET' macro redefined",
    "# define FD_SET CGC_FD_SET",
    "         ^",
    "/usr/include/x86_64-linux-gnu/sys/select.h:90:9: note: previous definition is here",
    "#define FD_SET(fd, fdsetp)      __FD_SET (fd, fdsetp)",
    "        ^",
    "In file included from snippet.c:29:",
    "/usr/include/libcgc.h:92:10: warning: 'FD_CLR' macro redefined",
    "# define FD_CLR CGC_FD_CLR",
    "         ^",
    "/usr/include/x86_64-linux-gnu/sys/select.h:91:9: note: previous definition is here",
    "#define FD_CLR(fd, fdsetp)      __FD_CLR (fd, fdsetp)",
    "        ^",
    "In file included from snippet.c:29:",
    "/usr/include/libcgc.h:93:10: warning: 'FD_ISSET' macro redefined",
    "# define FD_ISSET CGC_FD_ISSET",
    "         ^",
    "/usr/include/x86_64-linux-gnu/sys/select.h:92:9: note: previous definition is here",
    "#define FD_ISSET(fd, fdsetp)    __FD_ISSET (fd, fdsetp)",
    "        ^",
    "snippet.c:32:5: error: expected expression",
    "str[;",
    "    ^",
    "snippet.c:32:5: error: expected ']'",
    "snippet.c:32:4: note: to match this '['",
    "str[;",
    "   ^",
    "5 warnings and 2 errors generated.",
    "In file included from snippet.c:29:",
    "/usr/include/libcgc.h:88:10: warning: 'FD_SETSIZE' macro redefined",
    "# define FD_SETSIZE CGC_FD_SETSIZE",
    "         ^",
    "/usr/include/x86_64-linux-gnu/sys/select.h:78:9: note: previous definition is here",
    "#define FD_SETSIZE              __FD_SETSIZE",
    "        ^",
    "In file included from snippet.c:29:",
    "/usr/include/libcgc.h:90:10: warning: 'FD_ZERO' macro redefined",
    "# define FD_ZERO CGC_FD_ZERO",
    "         ^",
    "/usr/include/x86_64-linux-gnu/sys/select.h:93:9: note: previous definition is here",
    "#define FD_ZERO(fdsetp)         __FD_ZERO (fdsetp)",
    "        ^",
    "In file included from snippet.c:29:",
    "/usr/include/libcgc.h:91:10: warning: 'FD_SET' macro redefined",
    "# define FD_SET CGC_FD_SET",
    "         ^",
    "/usr/include/x86_64-linux-gnu/sys/select.h:90:9: note: previous definition is here",
    "#define FD_SET(fd, fdsetp)      __FD_SET (fd, fdsetp)",
    "        ^",
    "In file included from snippet.c:29:",
    "/usr/include/libcgc.h:92:10: warning: 'FD_CLR' macro redefined",
    "# define FD_CLR CGC_FD_CLR",
    "         ^",
    "/usr/include/x86_64-linux-gnu/sys/select.h:91:9: note: previous definition is here",
    "#define FD_CLR(fd, fdsetp)      __FD_CLR (fd, fdsetp)",
    "        ^",
    "In file included from snippet.c:29:",
    "/usr/include/libcgc.h:93:10: warning: 'FD_ISSET' macro redefined",
    "# define FD_ISSET CGC_FD_ISSET",
    "         ^",
    "/usr/include/x86_64-linux-gnu/sys/select.h:92:9: note: previous definition is here",
    "#define FD_ISSET(fd, fdsetp)    __FD_ISSET (fd, fdsetp)",
    "        ^",
    "snippet.c:32:5: error: expected expression",
    "str[;",
    "    ^",
    "snippet.c:32:5: error: expected ']'",
    "snippet.c:32:4: note: to match this '['",
    "str[;",
    "   ^",
    "5 warnings and 2 errors generated.",
    "In file included from snippet.c:29:",
    "/usr/include/libcgc.h:88:10: warning: 'FD_SETSIZE' macro redefined",
    "# define FD_SETSIZE CGC_FD_SETSIZE",
    "         ^",
    "/usr/include/x86_64-linux-gnu/sys/select.h:78:9: note: previous definition is here",
    "#define FD_SETSIZE              __FD_SETSIZE",
    "        ^",
    "In file included from snippet.c:29:",
    "/usr/include/libcgc.h:90:10: warning: 'FD_ZERO' macro redefined",
    "# define FD_ZERO CGC_FD_ZERO",
    "         ^",
    "/usr/include/x86_64-linux-gnu/sys/select.h:93:9: note: previous definition is here",
    "#define FD_ZERO(fdsetp)         __FD_ZERO (fdsetp)",
    "        ^",
    "In file included from snippet.c:29:",
    "/usr/include/libcgc.h:91:10: warning: 'FD_SET' macro redefined",
    "# define FD_SET CGC_FD_SET",
    "         ^",
    "/usr/include/x86_64-linux-gnu/sys/select.h:90:9: note: previous definition is here",
    "#define FD_SET(fd, fdsetp)      __FD_SET (fd, fdsetp)",
    "        ^",
    "In file included from snippet.c:29:",
    "/usr/include/libcgc.h:92:10: warning: 'FD_CLR' macro redefined",
    "# define FD_CLR CGC_FD_CLR",
    "         ^",
    "/usr/include/x86_64-linux-gnu/sys/select.h:91:9: note: previous definition is here",
    "#define FD_CLR(fd, fdsetp)      __FD_CLR (fd, fdsetp)",
    "        ^",
    "In file included from snippet.c:29:",
    "/usr/include/libcgc.h:93:10: warning: 'FD_ISSET' macro redefined",
    "# define FD_ISSET CGC_FD_ISSET",
    "         ^",
    "/usr/include/x86_64-linux-gnu/sys/select.h:92:9: note: previous definition is here",
    "#define FD_ISSET(fd, fdsetp)    __FD_ISSET (fd, fdsetp)",
    "        ^",
    "snippet.c:32:4: error: extraneous ']' before ';'",
    "ret];",
    "   ^",
    "snippet.c:32:1: warning: expression result unused [-Wunused-value]",
    "ret];",
    "^~~",
    "6 warnings and 1 error generated.",
    "In file included from snippet.c:29:",
    "/usr/include/libcgc.h:88:10: warning: 'FD_SETSIZE' macro redefined",
    "# define FD_SETSIZE CGC_FD_SETSIZE",
    "         ^",
    "/usr/include/x86_64-linux-gnu/sys/select.h:78:9: note: previous definition is here",
    "#define FD_SETSIZE              __FD_SETSIZE",
    "        ^",
    "In file included from snippet.c:29:",
    "/usr/include/libcgc.h:90:10: warning: 'FD_ZERO' macro redefined",
    "# define FD_ZERO CGC_FD_ZERO",
    "         ^",
    "/usr/include/x86_64-linux-gnu/sys/select.h:93:9: note: previous definition is here",
    "#define FD_ZERO(fdsetp)         __FD_ZERO (fdsetp)",
    "        ^",
    "In file included from snippet.c:29:",
    "/usr/include/libcgc.h:91:10: warning: 'FD_SET' macro redefined",
    "# define FD_SET CGC_FD_SET",
    "         ^",
    "/usr/include/x86_64-linux-gnu/sys/select.h:90:9: note: previous definition is here",
    "#define FD_SET(fd, fdsetp)      __FD_SET (fd, fdsetp)",
    "        ^",
    "In file included from snippet.c:29:",
    "/usr/include/libcgc.h:92:10: warning: 'FD_CLR' macro redefined",
    "# define FD_CLR CGC_FD_CLR",
    "         ^",
    "/usr/include/x86_64-linux-gnu/sys/select.h:91:9: note: previous definition is here",
    "#define FD_CLR(fd, fdsetp)      __FD_CLR (fd, fdsetp)",
    "        ^",
    "In file included from snippet.c:29:",
    "/usr/include/libcgc.h:93:10: warning: 'FD_ISSET' macro redefined",
    "# define FD_ISSET CGC_FD_ISSET",
    "         ^",
    "/usr/include/x86_64-linux-gnu/sys/select.h:92:9: note: previous definition is here",
    "#define FD_ISSET(fd, fdsetp)    __FD_ISSET (fd, fdsetp)",
    "        ^",
    "snippet.c:32:4: error: extraneous ']' before ';'",
    "ret];",
    "   ^",
    "snippet.c:32:1: warning: expression result unused [-Wunused-value]",
    "ret];",
    "^~~",
    "6 warnings and 1 error generated.",
    "In file included from snippet.c:29:",
    "/usr/include/libcgc.h:88:10: warning: 'FD_SETSIZE' macro redefined",
    "# define FD_SETSIZE CGC_FD_SETSIZE",
    "         ^",
    "/usr/include/x86_64-linux-gnu/sys/select.h:78:9: note: previous definition is here",
    "#define FD_SETSIZE              __FD_SETSIZE",
    "        ^",
    "In file included from snippet.c:29:",
    "/usr/include/libcgc.h:90:10: warning: 'FD_ZERO' macro redefined",
    "# define FD_ZERO CGC_FD_ZERO",
    "         ^",
    "/usr/include/x86_64-linux-gnu/sys/select.h:93:9: note: previous definition is here",
    "#define FD_ZERO(fdsetp)         __FD_ZERO (fdsetp)",
    "        ^",
    "In file included from snippet.c:29:",
    "/usr/include/libcgc.h:91:10: warning: 'FD_SET' macro redefined",
    "# define FD_SET CGC_FD_SET",
    "         ^",
    "/usr/include/x86_64-linux-gnu/sys/select.h:90:9: note: previous definition is here",
    "#define FD_SET(fd, fdsetp)      __FD_SET (fd, fdsetp)",
    "        ^",
    "In file included from snippet.c:29:",
    "/usr/include/libcgc.h:92:10: warning: 'FD_CLR' macro redefined",
    "# define FD_CLR CGC_FD_CLR",
    "         ^",
    "/usr/include/x86_64-linux-gnu/sys/select.h:91:9: note: previous definition is here",
    "#define FD_CLR(fd, fdsetp)      __FD_CLR (fd, fdsetp)",
    "        ^",
    "In file included from snippet.c:29:",
    "/usr/include/libcgc.h:93:10: warning: 'FD_ISSET' macro redefined",
    "# define FD_ISSET CGC_FD_ISSET",
    "         ^",
    "/usr/include/x86_64-linux-gnu/sys/select.h:92:9: note: previous definition is here",
    "#define FD_ISSET(fd, fdsetp)    __FD_ISSET (fd, fdsetp)",
    "        ^",
    "snippet.c:32:6: error: extraneous ')' before ';'",
    "ret++);",
    "     ^",
    "5 warnings and 1 error generated.",
    "In file included from snippet.c:29:",
    "/usr/include/libcgc.h:88:10: warning: 'FD_SETSIZE' macro redefined",
    "# define FD_SETSIZE CGC_FD_SETSIZE",
    "         ^",
    "/usr/include/x86_64-linux-gnu/sys/select.h:78:9: note: previous definition is here",
    "#define FD_SETSIZE              __FD_SETSIZE",
    "        ^",
    "In file included from snippet.c:29:",
    "/usr/include/libcgc.h:90:10: warning: 'FD_ZERO' macro redefined",
    "# define FD_ZERO CGC_FD_ZERO",
    "         ^",
    "/usr/include/x86_64-linux-gnu/sys/select.h:93:9: note: previous definition is here",
    "#define FD_ZERO(fdsetp)         __FD_ZERO (fdsetp)",
    "        ^",
    "In file included from snippet.c:29:",
    "/usr/include/libcgc.h:91:10: warning: 'FD_SET' macro redefined",
    "# define FD_SET CGC_FD_SET",
    "         ^",
    "/usr/include/x86_64-linux-gnu/sys/select.h:90:9: note: previous definition is here",
    "#define FD_SET(fd, fdsetp)      __FD_SET (fd, fdsetp)",
    "        ^",
    "In file included from snippet.c:29:",
    "/usr/include/libcgc.h:92:10: warning: 'FD_CLR' macro redefined",
    "# define FD_CLR CGC_FD_CLR",
    "         ^",
    "/usr/include/x86_64-linux-gnu/sys/select.h:91:9: note: previous definition is here",
    "#define FD_CLR(fd, fdsetp)      __FD_CLR (fd, fdsetp)",
    "        ^",
    "In file included from snippet.c:29:",
    "/usr/include/libcgc.h:93:10: warning: 'FD_ISSET' macro redefined",
    "# define FD_ISSET CGC_FD_ISSET",
    "         ^",
    "/usr/include/x86_64-linux-gnu/sys/select.h:92:9: note: previous definition is here",
    "#define FD_ISSET(fd, fdsetp)    __FD_ISSET (fd, fdsetp)",
    "        ^",
    "snippet.c:32:5: error: expected expression",
    "ret+;",
    "    ^",
    "5 warnings and 1 error generated.",
    "In file included from snippet.c:29:",
    "/usr/include/libcgc.h:88:10: warning: 'FD_SETSIZE' macro redefined",
    "# define FD_SETSIZE CGC_FD_SETSIZE",
    "         ^",
    "/usr/include/x86_64-linux-gnu/sys/select.h:78:9: note: previous definition is here",
    "#define FD_SETSIZE              __FD_SETSIZE",
    "        ^",
    "In file included from snippet.c:29:",
    "/usr/include/libcgc.h:90:10: warning: 'FD_ZERO' macro redefined",
    "# define FD_ZERO CGC_FD_ZERO",
    "         ^",
    "/usr/include/x86_64-linux-gnu/sys/select.h:93:9: note: previous definition is here",
    "#define FD_ZERO(fdsetp)         __FD_ZERO (fdsetp)",
    "        ^",
    "In file included from snippet.c:29:",
    "/usr/include/libcgc.h:91:10: warning: 'FD_SET' macro redefined",
    "# define FD_SET CGC_FD_SET",
    "         ^",
    "/usr/include/x86_64-linux-gnu/sys/select.h:90:9: note: previous definition is here",
    "#define FD_SET(fd, fdsetp)      __FD_SET (fd, fdsetp)",
    "        ^",
    "In file included from snippet.c:29:",
    "/usr/include/libcgc.h:92:10: warning: 'FD_CLR' macro redefined",
    "# define FD_CLR CGC_FD_CLR",
    "         ^",
    "/usr/include/x86_64-linux-gnu/sys/select.h:91:9: note: previous definition is here",
    "#define FD_CLR(fd, fdsetp)      __FD_CLR (fd, fdsetp)",
    "        ^",
    "In file included from snippet.c:29:",
    "/usr/include/libcgc.h:93:10: warning: 'FD_ISSET' macro redefined",
    "# define FD_ISSET CGC_FD_ISSET",
    "         ^",
    "/usr/include/x86_64-linux-gnu/sys/select.h:92:9: note: previous definition is here",
    "#define FD_ISSET(fd, fdsetp)    __FD_ISSET (fd, fdsetp)",
    "        ^",
    "snippet.c:37:12: error: redefinition of 'ret'",
    "cgc_size_t ret;",
    "           ^",
    "snippet.c:35:24: note: previous definition is here",
    "            cgc_size_t ret;",
    "                       ^",
    "5 warnings and 1 error generated.",
    "In file included from snippet.c:29:",
    "/usr/include/libcgc.h:88:10: warning: 'FD_SETSIZE' macro redefined",
    "# define FD_SETSIZE CGC_FD_SETSIZE",
    "         ^",
    "/usr/include/x86_64-linux-gnu/sys/select.h:78:9: note: previous definition is here",
    "#define FD_SETSIZE              __FD_SETSIZE",
    "        ^",
    "In file included from snippet.c:29:",
    "/usr/include/libcgc.h:90:10: warning: 'FD_ZERO' macro redefined",
    "# define FD_ZERO CGC_FD_ZERO",
    "         ^",
    "/usr/include/x86_64-linux-gnu/sys/select.h:93:9: note: previous definition is here",
    "#define FD_ZERO(fdsetp)         __FD_ZERO (fdsetp)",
    "        ^",
    "In file included from snippet.c:29:",
    "/usr/include/libcgc.h:91:10: warning: 'FD_SET' macro redefined",
    "# define FD_SET CGC_FD_SET",
    "         ^",
    "/usr/include/x86_64-linux-gnu/sys/select.h:90:9: note: previous definition is here",
    "#define FD_SET(fd, fdsetp)      __FD_SET (fd, fdsetp)",
    "        ^",
    "In file included from snippet.c:29:",
    "/usr/include/libcgc.h:92:10: warning: 'FD_CLR' macro redefined",
    "# define FD_CLR CGC_FD_CLR",
    "         ^",
    "/usr/include/x86_64-linux-gnu/sys/select.h:91:9: note: previous definition is here",
    "#define FD_CLR(fd, fdsetp)      __FD_CLR (fd, fdsetp)",
    "        ^",
    "In file included from snippet.c:29:",
    "/usr/include/libcgc.h:93:10: warning: 'FD_ISSET' macro redefined",
    "# define FD_ISSET CGC_FD_ISSET",
    "         ^",
    "/usr/include/x86_64-linux-gnu/sys/select.h:92:9: note: previous definition is here",
    "#define FD_ISSET(fd, fdsetp)    __FD_ISSET (fd, fdsetp)",
    "        ^",
    "snippet.c:32:2: warning: expression result unused [-Wunused-value]",
    "(ret);",
    " ^~~",
    "6 warnings generated.",
    "KLEE: KLEE: WATCHDOG: watching 20184",
    "",
    "KLEE: NOTE: Using klee-uclibc : /opt/sosrepair/lib/klee/runtime/klee-uclibc.bca",
    "KLEE: output directory is \"/opt/sosrepair/sosrepair/klee-out\"",
    "KLEE: Using STP solver backend",
    "KLEE: Logging all queries in .smt2 format to /opt/sosrepair/sosrepair/klee-out/all-queries.smt2",
    "",
    "KLEE: WARNING: undefined reference to function: fcntl",
    "KLEE: WARNING: undefined reference to function: fstat",
    "KLEE: WARNING: undefined reference to function: ioctl",
    "KLEE: WARNING: undefined reference to function: lseek64",
    "KLEE: WARNING: undefined reference to function: open",
    "KLEE: WARNING: undefined reference to function: write",
    "KLEE: WARNING ONCE: calling external: ioctl(0, 21505, 78542224) at /tmp/uclibc/libc/termios/tcgetattr.c:43",
    "KLEE: WARNING ONCE: calling __user_main with extra arguments.",
    "KLEE: ERROR: /opt/sosrepair/sosrepair/snippet.c:42: invalid klee_assume call (provably false)",
    "KLEE: NOTE: now ignoring this error at this location",
    "",
    "KLEE: done: total instructions = 11389",
    "KLEE: done: completed paths = 2",
    "KLEE: done: generated tests = 2",
    "In file included from snippet.c:29:",
    "/usr/include/libcgc.h:88:10: warning: 'FD_SETSIZE' macro redefined",
    "# define FD_SETSIZE CGC_FD_SETSIZE",
    "         ^",
    "/usr/include/x86_64-linux-gnu/sys/select.h:78:9: note: previous definition is here",
    "#define FD_SETSIZE              __FD_SETSIZE",
    "        ^",
    "In file included from snippet.c:29:",
    "/usr/include/libcgc.h:90:10: warning: 'FD_ZERO' macro redefined",
    "# define FD_ZERO CGC_FD_ZERO",
    "         ^",
    "/usr/include/x86_64-linux-gnu/sys/select.h:93:9: note: previous definition is here",
    "#define FD_ZERO(fdsetp)         __FD_ZERO (fdsetp)",
    "        ^",
    "In file included from snippet.c:29:",
    "/usr/include/libcgc.h:91:10: warning: 'FD_SET' macro redefined",
    "# define FD_SET CGC_FD_SET",
    "         ^",
    "/usr/include/x86_64-linux-gnu/sys/select.h:90:9: note: previous definition is here",
    "#define FD_SET(fd, fdsetp)      __FD_SET (fd, fdsetp)",
    "        ^",
    "In file included from snippet.c:29:",
    "/usr/include/libcgc.h:92:10: warning: 'FD_CLR' macro redefined",
    "# define FD_CLR CGC_FD_CLR",
    "         ^",
    "/usr/include/x86_64-linux-gnu/sys/select.h:91:9: note: previous definition is here",
    "#define FD_CLR(fd, fdsetp)      __FD_CLR (fd, fdsetp)",
    "        ^",
    "In file included from snippet.c:29:",
    "/usr/include/libcgc.h:93:10: warning: 'FD_ISSET' macro redefined",
    "# define FD_ISSET CGC_FD_ISSET",
    "         ^",
    "/usr/include/x86_64-linux-gnu/sys/select.h:92:9: note: previous definition is here",
    "#define FD_ISSET(fd, fdsetp)    __FD_ISSET (fd, fdsetp)",
    "        ^",
    "snippet.c:32:2: warning: expression result unused [-Wunused-value]",
    "(ret);",
    " ^~~",
    "6 warnings generated.",
    "KLEE: KLEE: WATCHDOG: watching 20193",
    "",
    "KLEE: NOTE: Using klee-uclibc : /opt/sosrepair/lib/klee/runtime/klee-uclibc.bca",
    "KLEE: output directory is \"/opt/sosrepair/sosrepair/klee-out\"",
    "KLEE: Using STP solver backend",
    "KLEE: Logging all queries in .smt2 format to /opt/sosrepair/sosrepair/klee-out/all-queries.smt2",
    "",
    "KLEE: WARNING: undefined reference to function: fcntl",
    "KLEE: WARNING: undefined reference to function: fstat",
    "KLEE: WARNING: undefined reference to function: ioctl",
    "KLEE: WARNING: undefined reference to function: lseek64",
    "KLEE: WARNING: undefined reference to function: open",
    "KLEE: WARNING: undefined reference to function: write",
    "KLEE: WARNING ONCE: calling external: ioctl(0, 21505, 61755776) at /tmp/uclibc/libc/termios/tcgetattr.c:43",
    "KLEE: WARNING ONCE: calling __user_main with extra arguments.",
    "KLEE: ERROR: /opt/sosrepair/sosrepair/snippet.c:42: invalid klee_assume call (provably false)",
    "KLEE: NOTE: now ignoring this error at this location",
    "",
    "KLEE: done: total instructions = 11389",
    "KLEE: done: completed paths = 2",
    "KLEE: done: generated tests = 2",
    "In file included from snippet.c:29:",
    "/usr/include/libcgc.h:88:10: warning: 'FD_SETSIZE' macro redefined",
    "# define FD_SETSIZE CGC_FD_SETSIZE",
    "         ^",
    "/usr/include/x86_64-linux-gnu/sys/select.h:78:9: note: previous definition is here",
    "#define FD_SETSIZE              __FD_SETSIZE",
    "        ^",
    "In file included from snippet.c:29:",
    "/usr/include/libcgc.h:90:10: warning: 'FD_ZERO' macro redefined",
    "# define FD_ZERO CGC_FD_ZERO",
    "         ^",
    "/usr/include/x86_64-linux-gnu/sys/select.h:93:9: note: previous definition is here",
    "#define FD_ZERO(fdsetp)         __FD_ZERO (fdsetp)",
    "        ^",
    "In file included from snippet.c:29:",
    "/usr/include/libcgc.h:91:10: warning: 'FD_SET' macro redefined",
    "# define FD_SET CGC_FD_SET",
    "         ^",
    "/usr/include/x86_64-linux-gnu/sys/select.h:90:9: note: previous definition is here",
    "#define FD_SET(fd, fdsetp)      __FD_SET (fd, fdsetp)",
    "        ^",
    "In file included from snippet.c:29:",
    "/usr/include/libcgc.h:92:10: warning: 'FD_CLR' macro redefined",
    "# define FD_CLR CGC_FD_CLR",
    "         ^",
    "/usr/include/x86_64-linux-gnu/sys/select.h:91:9: note: previous definition is here",
    "#define FD_CLR(fd, fdsetp)      __FD_CLR (fd, fdsetp)",
    "        ^",
    "In file included from snippet.c:29:",
    "/usr/include/libcgc.h:93:10: warning: 'FD_ISSET' macro redefined",
    "# define FD_ISSET CGC_FD_ISSET",
    "         ^",
    "/usr/include/x86_64-linux-gnu/sys/select.h:92:9: note: previous definition is here",
    "#define FD_ISSET(fd, fdsetp)    __FD_ISSET (fd, fdsetp)",
    "        ^",
    "snippet.c:32:2: warning: expression result unused [-Wunused-value]",
    "(ret);",
    " ^~~",
    "6 warnings generated.",
    "KLEE: KLEE: WATCHDOG: watching 20202",
    "",
    "KLEE: NOTE: Using klee-uclibc : /opt/sosrepair/lib/klee/runtime/klee-uclibc.bca",
    "KLEE: output directory is \"/opt/sosrepair/sosrepair/klee-out\"",
    "KLEE: Using STP solver backend",
    "KLEE: Logging all queries in .smt2 format to /opt/sosrepair/sosrepair/klee-out/all-queries.smt2",
    "",
    "KLEE: WARNING: undefined reference to function: fcntl",
    "KLEE: WARNING: undefined reference to function: fstat",
    "KLEE: WARNING: undefined reference to function: ioctl",
    "KLEE: WARNING: undefined reference to function: lseek64",
    "KLEE: WARNING: undefined reference to function: open",
    "KLEE: WARNING: undefined reference to function: write",
    "KLEE: WARNING ONCE: calling external: ioctl(0, 21505, 66745008) at /tmp/uclibc/libc/termios/tcgetattr.c:43",
    "KLEE: WARNING ONCE: calling __user_main with extra arguments.",
    "KLEE: ERROR: /opt/sosrepair/sosrepair/snippet.c:43: invalid klee_assume call (provably false)",
    "KLEE: NOTE: now ignoring this error at this location",
    "",
    "KLEE: done: total instructions = 11389",
    "KLEE: done: completed paths = 2",
    "KLEE: done: generated tests = 2",
    "In file included from snippet.c:29:",
    "/usr/include/libcgc.h:88:10: warning: 'FD_SETSIZE' macro redefined",
    "# define FD_SETSIZE CGC_FD_SETSIZE",
    "         ^",
    "/usr/include/x86_64-linux-gnu/sys/select.h:78:9: note: previous definition is here",
    "#define FD_SETSIZE              __FD_SETSIZE",
    "        ^",
    "In file included from snippet.c:29:",
    "/usr/include/libcgc.h:90:10: warning: 'FD_ZERO' macro redefined",
    "# define FD_ZERO CGC_FD_ZERO",
    "         ^",
    "/usr/include/x86_64-linux-gnu/sys/select.h:93:9: note: previous definition is here",
    "#define FD_ZERO(fdsetp)         __FD_ZERO (fdsetp)",
    "        ^",
    "In file included from snippet.c:29:",
    "/usr/include/libcgc.h:91:10: warning: 'FD_SET' macro redefined",
    "# define FD_SET CGC_FD_SET",
    "         ^",
    "/usr/include/x86_64-linux-gnu/sys/select.h:90:9: note: previous definition is here",
    "#define FD_SET(fd, fdsetp)      __FD_SET (fd, fdsetp)",
    "        ^",
    "In file included from snippet.c:29:",
    "/usr/include/libcgc.h:92:10: warning: 'FD_CLR' macro redefined",
    "# define FD_CLR CGC_FD_CLR",
    "         ^",
    "/usr/include/x86_64-linux-gnu/sys/select.h:91:9: note: previous definition is here",
    "#define FD_CLR(fd, fdsetp)      __FD_CLR (fd, fdsetp)",
    "        ^",
    "In file included from snippet.c:29:",
    "/usr/include/libcgc.h:93:10: warning: 'FD_ISSET' macro redefined",
    "# define FD_ISSET CGC_FD_ISSET",
    "         ^",
    "/usr/include/x86_64-linux-gnu/sys/select.h:92:9: note: previous definition is here",
    "#define FD_ISSET(fd, fdsetp)    __FD_ISSET (fd, fdsetp)",
    "        ^",
    "snippet.c:37:13: warning: control may reach end of non-void function [-Wreturn-type]",
    "            }",
    "            ^",
    "6 warnings generated.",
    "KLEE: KLEE: WATCHDOG: watching 20211",
    "",
    "KLEE: NOTE: Using klee-uclibc : /opt/sosrepair/lib/klee/runtime/klee-uclibc.bca",
    "KLEE: output directory is \"/opt/sosrepair/sosrepair/klee-out\"",
    "KLEE: Using STP solver backend",
    "KLEE: Logging all queries in .smt2 format to /opt/sosrepair/sosrepair/klee-out/all-queries.smt2",
    "",
    "KLEE: WARNING: undefined reference to function: fcntl",
    "KLEE: WARNING: undefined reference to function: fstat",
    "KLEE: WARNING: undefined reference to function: ioctl",
    "KLEE: WARNING: undefined reference to function: lseek64",
    "KLEE: WARNING: undefined reference to function: open",
    "KLEE: WARNING: undefined reference to function: write",
    "KLEE: WARNING ONCE: calling external: ioctl(0, 21505, 70711616) at /tmp/uclibc/libc/termios/tcgetattr.c:43",
    "KLEE: WARNING ONCE: calling __user_main with extra arguments.",
    "KLEE: WARNING ONCE: Alignment of memory from call \"malloc\" is not modelled. Using alignment of 8.",
    "KLEE: ERROR: /opt/sosrepair/sosrepair/snippet.c:47: invalid klee_assume call (provably false)",
    "KLEE: NOTE: now ignoring this error at this location",
    "",
    "KLEE: done: total instructions = 11403",
    "KLEE: done: completed paths = 2",
    "KLEE: done: generated tests = 2",
    "In file included from snippet.c:29:",
    "/usr/include/libcgc.h:88:10: warning: 'FD_SETSIZE' macro redefined",
    "# define FD_SETSIZE CGC_FD_SETSIZE",
    "         ^",
    "/usr/include/x86_64-linux-gnu/sys/select.h:78:9: note: previous definition is here",
    "#define FD_SETSIZE              __FD_SETSIZE",
    "        ^",
    "In file included from snippet.c:29:",
    "/usr/include/libcgc.h:90:10: warning: 'FD_ZERO' macro redefined",
    "# define FD_ZERO CGC_FD_ZERO",
    "         ^",
    "/usr/include/x86_64-linux-gnu/sys/select.h:93:9: note: previous definition is here",
    "#define FD_ZERO(fdsetp)         __FD_ZERO (fdsetp)",
    "        ^",
    "In file included from snippet.c:29:",
    "/usr/include/libcgc.h:91:10: warning: 'FD_SET' macro redefined",
    "# define FD_SET CGC_FD_SET",
    "         ^",
    "/usr/include/x86_64-linux-gnu/sys/select.h:90:9: note: previous definition is here",
    "#define FD_SET(fd, fdsetp)      __FD_SET (fd, fdsetp)",
    "        ^",
    "In file included from snippet.c:29:",
    "/usr/include/libcgc.h:92:10: warning: 'FD_CLR' macro redefined",
    "# define FD_CLR CGC_FD_CLR",
    "         ^",
    "/usr/include/x86_64-linux-gnu/sys/select.h:91:9: note: previous definition is here",
    "#define FD_CLR(fd, fdsetp)      __FD_CLR (fd, fdsetp)",
    "        ^",
    "In file included from snippet.c:29:",
    "/usr/include/libcgc.h:93:10: warning: 'FD_ISSET' macro redefined",
    "# define FD_ISSET CGC_FD_ISSET",
    "         ^",
    "/usr/include/x86_64-linux-gnu/sys/select.h:92:9: note: previous definition is here",
    "#define FD_ISSET(fd, fdsetp)    __FD_ISSET (fd, fdsetp)",
    "        ^",
    "snippet.c:32:6: warning: expression result unused [-Wunused-value]",
    "(buf == NULL);",
    " ~~~ ^  ~~~~",
    "6 warnings generated.",
    "KLEE: KLEE: WATCHDOG: watching 20221",
    "",
    "KLEE: NOTE: Using klee-uclibc : /opt/sosrepair/lib/klee/runtime/klee-uclibc.bca",
    "KLEE: output directory is \"/opt/sosrepair/sosrepair/klee-out\"",
    "KLEE: Using STP solver backend",
    "KLEE: Logging all queries in .smt2 format to /opt/sosrepair/sosrepair/klee-out/all-queries.smt2",
    "",
    "KLEE: WARNING: undefined reference to function: fcntl",
    "KLEE: WARNING: undefined reference to function: fstat",
    "KLEE: WARNING: undefined reference to function: ioctl",
    "KLEE: WARNING: undefined reference to function: lseek64",
    "KLEE: WARNING: undefined reference to function: open",
    "KLEE: WARNING: undefined reference to function: write",
    "Unexpected crash",
    "Unexpected crash",
    "Unexpected crash",
    "Unexpected crash",
    "Unexpected crash",
    "Unexpected crash",
    "Unexpected crash",
    "Unexpected crash",
    "Unexpected crash",
    "Unexpected crash",
    "Unexpected crash",
    "Unexpected crash",
    "Unexpected crash",
    "Unexpected crash",
    "Unexpected crash",
    "Unexpected crash",
    "Unexpected crash",
    "Unexpected crash",
    "Unexpected crash",
    "Unexpected crash",
    "Unexpected crash",
    "Unexpected crash",
    "Unexpected crash",
    "Unexpected crash",
    "Unexpected crash",
    "Unexpected crash",
    "Unexpected crash"
  ]
}