{
  "repair_begin": "2021-05-07 11:43:26.371897",
  "repair_end": "2021-05-07 12:43:26.415421",
  "patches": [
    {
      "target_file": "src/expression_parser.c",
      "fix": "",
      "edits": [
        "71c71,72\n< \n---\n> if(!cgc_g_memoryGlobal(cgc_g_memoryGlobal))\n> ( cgc_g_parseStackSize);\n81c82,83\n< \n---\n> if(!cgc_g_memoryGlobal(cgc_g_memoryGlobal))\n> ( temp);\n",
        "71c71,72\n< \n---\n> if(temp==0 )\n> ( cgc_g_memoryGlobal);\n81c82,83\n< \n---\n> if(temp==0 )\n> ( cgc_g_memoryGlobal);\n",
        "71c71\n< \n---\n> return\n81c81\n< \n---\n> void(( cgc_g_parseStackSize);\n",
        "71c71\n< \n---\n> void temp(tItemStack);\n81c81\n< \n---\n> void(( cgc_g_memoryGlobal);\n",
        "71c71\n< \n---\n> void temp=0 ;\n76a77\n> \n",
        "71c71,74\n< \n---\n> if(cgc_g_memoryGlobal==0)\n> {\n> return(;\n> }\n81c84,85\n< \n---\n> if(!cgc_g_memoryGlobal(cgc_g_memoryGlobal))\n> ( cgc_g_parseStackSize);\n",
        "71c71\n< \n---\n> return ;\n81c81\n< \n---\n> temp)\n",
        "71c71,72\n< \n---\n> if(cgc_g_parseStackSize==0 )\n> ( cgc_g_memoryGlobal);\n81c82,83\n< \n---\n> if(temp<0)\n> ( temp); \n",
        "71c71\n< \n---\n> void temp(temp);\n81c81\n< \n---\n> temp=0 ;\n",
        "71c71\n< \n---\n> tParserSymbolTable(cgc_g_memoryGlobal);\n81c81\n< \n---\n> return true ;\n",
        "71c71,74\n< \n---\n> if(temp<0)\n> {\n> return false ; \n> }\n81c84,85\n< \n---\n> if(!cgc_g_memoryGlobal(cgc_g_memoryGlobal))\n> ( cgc_g_memoryGlobal);\n",
        "71c71,72\n< \n---\n> if(!cgc_g_memoryGlobal(cgc_g_memoryGlobal))\n> ( temp);\n80a82,85\n> if(temp<0)\n> {\n> return(; \n> }\n",
        "71c71,72\n< \n---\n> if(temp==0 )\n> ( temp);\n81c82,83\n< \n---\n> if(temp==0 )\n> ( cgc_g_parseStackSize);\n",
        "71c71\n< \n---\n> return(;\n81c81\n< \n---\n> void(;\n",
        "71c71,74\n< \n---\n> if(cgc_g_parseStackSize==0)\n> {\n> return(;\n> }\n81c84,87\n< \n---\n> if(temp<0)\n> {\n> return(; \n> }\n",
        "71c71\n< \n---\n> void temp(void);\n81a82\n> (cgc_g_memoryGlobal);\n",
        "71c71,72\n< \n---\n> if(temp==0 )\n> ( cgc_g_memoryGlobal);\n81c82,83\n< \n---\n> if(temp==0 )\n> ( cgc_g_parseStackSize);\n",
        "71a72\n> (cgc_g_memoryGlobal);\n81a83\n> (temp);\n",
        "71c71,73\n< \n---\n> if(temp<0){\n> return(; \n> }\n81c83,85\n< \n---\n> if(cgc_g_parseStackSize==0)\n> {\n> }\n",
        "71c71\n< \n---\n> temp scriptBlocker ;\n81c81\n< \n---\n> }\n",
        "71c71,72\n< \n---\n> if(temp==0 )\n> ( temp);\n81c82,84\n< \n---\n> if(temp==0)\n> {\n> }\n",
        "71c71\n< \n---\n> return(( cgc_g_parseStackSize);\n81c81\n< \n---\n> return(\n",
        "71c71,72\n< \n---\n> if(temp<0)\n> ( temp); \n80a82,84\n> if(temp==0)\n> {\n> }\n",
        "71c71,72\n< \n---\n> if(temp )\n> ( cgc_g_memoryGlobal);\n81c82\n< \n---\n> void(( item);\n",
        "70a71,73\n> if(temp<0){\n> return(; \n> }\n80a84,86\n> if(temp<0){\n> return(; \n> }\n",
        "71c71,72\n< \n---\n> if(temp<0)\n> {\n81c82,83\n< \n---\n> if(cgc_g_parseStackSize==0 )\n> ( cgc_g_memoryGlobal);\n",
        "71c71\n< \n---\n> void temp(cgc_g_memoryGlobal);\n81c81\n< \n---\n> return(( cgc_g_parseStackSize);\n",
        "71c71\n< \n---\n> void temp ;\n81c81\n< \n---\n> void\n",
        "72a73\n> \n81c82\n< \n---\n> {\n",
        "71c71,72\n< \n---\n> if(!cgc_g_memoryGlobal(cgc_g_memoryGlobal))\n> ( cgc_g_memoryGlobal);\n81c82,83\n< \n---\n> if(!cgc_g_memoryGlobal(cgc_g_memoryGlobal))\n> (]);\n",
        "71c71,73\n< \n---\n> if(temp<0){\n> return false ; \n> }\n81c83,84\n< \n---\n> if(temp==0 )\n> ( tItemStack);\n",
        "71c71,73\n< \n---\n> if(temp<0){\n> * g_parseTable ; \n> }\n81c83,84\n< \n---\n> if(!cgc_g_memoryGlobal(cgc_g_memoryGlobal))\n> ( tItemStack);\n",
        "71c71\n< \n---\n> return temp ;\n81a82\n> (temp);\n",
        "71c71,74\n< \n---\n> if(cgc_g_parseStackSize<0)\n> {\n> return(; \n> }\n81c84,85\n< \n---\n> if(!cgc_g_memoryGlobal(cgc_g_memoryGlobal))\n> (];\n",
        "71c71\n< \n---\n> cgc_g_parseStackSize(cgc_g_memoryGlobal);\n81c81\n< \n---\n> return(( cgc_g_memoryGlobal);\n",
        "71c71,73\n< \n---\n> {\n> (;\n> }\n81c83,85\n< \n---\n> {\n> / ;\n> }\n",
        "70a71,73\n> if(temp<0){\n> return false ; \n> }\n80a84,87\n> if(temp==0)\n> {\n> return(;\n> }\n",
        "71c71,72\n< \n---\n> if(temp<0)\n> return E_FILE_FORMAT_INVALID ; \n81c82\n< \n---\n> void((]=item ;\n",
        "71c71\n< \n---\n> void temp(\n81c81\n< \n---\n> void(( void);\n",
        "71c71\n< \n---\n> void temp(]{\n81c81\n< \n---\n> void(( \");\n",
        "71c71,74\n< \n---\n> if(temp==0)\n> {\n> return(;\n> }\n81c84,85\n< \n---\n> if(temp==0 )\n> ( temp);\n",
        "70a71,74\n> if(temp==0)\n> {\n> return(;\n> }\n81c85,87\n< \n---\n> if(temp<0 ){\n> ( temp); \n> }\n",
        "71c71\n< \n---\n> void temp(cgc_g_parseStackSize);\n81c81\n< \n---\n> cgc_g_memoryGlobal(temp);\n",
        "71c71,73\n< \n---\n> {\n> (\n> }\n81c83\n< \n---\n> void(temp);\n",
        "71c71,73\n< \n---\n> if(temp<0)\n> {\n> }\n81c83,84\n< \n---\n> if(temp<0)\n> ( cgc_g_memoryGlobal); \n",
        "71c71\n< \n---\n> temp)\n81c81\n< \n---\n> void((\n",
        "71c71\n< \n---\n> void temp\n81c81\n< \n---\n> void(\n",
        "71c71,72\n< \n---\n> if(temp==0 )\n> ( cgc_g_parseStackSize);\n81c82,84\n< \n---\n> if(temp<0){\n> return(; \n> }\n",
        "71c71\n< \n---\n> return(cgc_g_memoryGlobal)0 ;\n81c81\n< \n---\n> return(( tItemStack);\n",
        "71c71\n< \n---\n> void temp ;\n81c81\n< \n---\n> return(;\n",
        "71c71\n< \n---\n> item scriptBlocker ;\n81c81\n< \n---\n> tParserSymbolTable(temp);\n",
        "71c71\n< \n---\n> cgc_g_memoryGlobal(cgc_g_memoryGlobal);\n81c81\n< \n---\n> return\n",
        "71c71,72\n< \n---\n> if(temp==0 )\n> ( cgc_g_memoryGlobal);\n81c82,84\n< \n---\n> if(temp==0)\n> {\n> }\n",
        "71c71\n< \n---\n> return(( tItemStack);\n81c81\n< \n---\n> return(( temp);\n",
        "71c71\n< \n---\n> static\n81c81\n< \n---\n> return ;\n",
        "71c71,72\n< \n---\n> if(temp)\n> ;\n81c82\n< \n---\n> return(( void);\n",
        "70a71,74\n> if(cgc_g_parseStackSize<0)\n> {\n> return(; \n> }\n81c85,87\n< \n---\n> if(!cgc_g_memoryGlobal.parseStack(cgc_g_memoryGlobal))\n> {\n> }\n",
        "70a71,74\n> if(cgc_g_parseStackSize==0)\n> {\n> return(;\n> }\n81c85,87\n< \n---\n> if(!cgc_g_memoryGlobal.parseStack ())\n> {\n> }\n",
        "71c71,72\n< \n---\n> {\n> }\n76a78\n> \n",
        "71c71,74\n< \n---\n> if(temp<0)\n> {\n> return(; \n> }\n81c84,85\n< \n---\n> if(cgc_g_memoryGlobal==0 )\n> ( cgc_g_memoryGlobal);\n",
        "71c71,73\n< \n---\n> if(temp==0)\n> {\n> }\n81c83,85\n< \n---\n> {\n> (temp);\n> }\n",
        "71c71\n< \n---\n> void temp(]=item ;\n81c81\n< \n---\n> bool temp(tItemStack);\n",
        "71c71\n< \n---\n> void temp(];\n81c81\n< \n---\n> cgc_g_parseStackSize(temp);\n",
        "71c71,73\n< \n---\n> if(temp<0)\n> {\n> }\n81c83,84\n< \n---\n> if(temp==0 )\n> ( cgc_g_memoryGlobal);\n",
        "71c71\n< \n---\n> {\n81c81\n< \n---\n> temp scriptBlocker ;\n",
        "71c71,74\n< \n---\n> if(temp<0)\n> {\n> * g_parseTable ; \n> }\n81c84,87\n< \n---\n> if(temp<0){\n> return(; \n> }\n> }\n",
        "71c71,73\n< \n---\n> if(temp==0)\n> {\n> }\n80a83,85\n> {\n> (temp);\n> }\n",
        "71c71,72\n< \n---\n> if(temp==0 )\n> ( cgc_g_parseStackSize);\n81c82,83\n< \n---\n> if(temp==0 )\n> ( cgc_g_parseStackSize);\n",
        "71c71\n< \n---\n> void temp[]=item ;\n81c81\n< \n---\n> void((]{\n",
        "70a71,74\n> if(cgc_g_memoryGlobal==0)\n> {\n> return(;\n> }\n80a85,87\n> if(temp<0 ){\n> ( temp); \n> }\n",
        "71c71,72\n< \n---\n> if(temp==0 )\n> ( cgc_g_memoryGlobal);\n81c82,84\n< \n---\n> if(cgc_g_memoryGlobal==0)\n> {\n> }\n",
        "71c71,73\n< \n---\n> if(cgc_g_parseStackSize==0)\n> {\n> }\n81c83,84\n< \n---\n> if(temp){\n> }\n",
        "71c71,72\n< \n---\n> if(temp==0 )\n> ( cgc_g_memoryGlobal);\n81c82,83\n< \n---\n> if(temp==0 )\n> ( cgc_g_memoryGlobal);\n",
        "70a71,72\n> {\n> }\n81c83\n< \n---\n> static\n",
        "71c71\n< \n---\n> return(\n81c81\n< \n---\n> tItemStack(temp);\n",
        "71c71\n< \n---\n> void\n81c81,83\n< \n---\n> {\n> /\n> }\n",
        "71c71,72\n< \n---\n> void temp ;\n> }\n81c82\n< \n---\n> return(( tItemStack);\n",
        "71c71,72\n< \n---\n> if(temp==0 )\n> ( cgc_g_parseStackSize);\n81c82,83\n< \n---\n> if(temp==0 )\n> ( cgc_g_memoryGlobal);\n",
        "71c71\n< \n---\n> void temp(pulling);\n81c81,82\n< \n---\n> void(;\n> }\n",
        "71c71,74\n< \n---\n> if(temp<0){\n> return false ; \n> }\n> }\n81c84,86\n< \n---\n> if(!cgc_g_memoryGlobal.parseStack(cgc_g_parseStackSize))\n> {\n> }\n",
        "70a71,74\n> if(temp<0)\n> {\n> return false ; \n> }\n80a85,87\n> if(temp<0){\n> * g_parseTable ; \n> }\n",
        "70a71,74\n> if(temp<0)\n> {\n> return(; \n> }\n81c85,87\n< \n---\n> if(temp<0 ){\n> return(temp); \n> }\n",
        "71c71,73\n< \n---\n> if(cgc_g_memoryGlobal==0)\n> {\n> }\n81c83,84\n< \n---\n> if(temp==0)\n> {\n",
        "70a71,74\n> if(temp<0)\n> {\n> return(; \n> }\n81c85,87\n< \n---\n> if(temp==0 ){\n> ( temp);\n> }\n",
        "71c71,72\n< \n---\n> if(temp )\n> ( cgc_g_parseStackSize);\n80a82,84\n> {\n> / ;\n> }\n",
        "71c71\n< \n---\n> return(( cgc_g_memoryGlobal);\n81c81\n< \n---\n> void((]);\n",
        "70a71,73\n> if(cgc_g_parseStackSize==0)\n> {\n> }\n81c84,86\n< \n---\n> if(temp<0){\n> * g_parseTable ; \n> }\n",
        "71c71,72\n< \n---\n> if(temp){\n> }\n81c82\n< \n---\n> return(temp)0 ;\n",
        "71c71,72\n< \n---\n> if(temp==0 )\n> ( cgc_g_memoryGlobal);\n81c82,83\n< \n---\n> if(temp==0 )\n> ( tItemStack);\n",
        "",
        "71c71\n< \n---\n> void temp(item);\n81c81\n< \n---\n> void(( pulling);\n",
        "71c71,74\n< \n---\n> if(temp<0)\n> {\n> return(; \n> }\n81c84\n< \n---\n> void([]=item ;\n",
        "71c71,72\n< \n---\n> if(temp<0)\n> ( temp); \n81c82,85\n< \n---\n> if(temp==0)\n> {\n> return(;\n> }\n",
        "71c71\n< \n---\n> void temp(]);\n81c81\n< \n---\n> void(( tItemStack);\n",
        "70a71,73\n> if(temp==0)\n> {\n> }\n81c84,85\n< \n---\n> if(temp<0)\n> ( temp); \n",
        "71c71\n< \n---\n> return(( temp);\n81c81\n< \n---\n> void(( temp);\n",
        "71c71,72\n< \n---\n> if(temp==0)\n> {\n81c82\n< \n---\n> if(temp ){( cgc_g_memoryGlobal);\n",
        "71c71\n< \n---\n> temp=0 ;\n80a81,82\n> {\n> }\n",
        "71c71\n< \n---\n> }\n81c81,82\n< \n---\n> {\n> }\n",
        "71c71\n< \n---\n> tItemStack(cgc_g_memoryGlobal);\n81c81\n< \n---\n> void((];\n"
      ]
    }
  ],
  "compilations": 4,
  "failed_compilations": 97,
  "outcomes": {
    "sanity_check": {
      "compiles": [
        0
      ],
      "pos_tests": {
        "p1": [
          {
            "outcome": 1,
            "code": 0,
            "duration": 1
          }
        ],
        "p2": [
          {
            "outcome": 1,
            "code": 0,
            "duration": 3
          }
        ],
        "p3": [
          {
            "outcome": 1,
            "code": 0,
            "duration": 5
          }
        ],
        "p4": [
          {
            "outcome": 1,
            "code": 0,
            "duration": 3
          }
        ],
        "p5": [
          {
            "outcome": 1,
            "code": 0,
            "duration": 1
          }
        ],
        "p6": [
          {
            "outcome": 1,
            "code": 0,
            "duration": 5
          }
        ],
        "p7": [
          {
            "outcome": 1,
            "code": 0,
            "duration": 6
          }
        ],
        "p8": [
          {
            "outcome": 1,
            "code": 0,
            "duration": 3
          }
        ],
        "p9": [
          {
            "outcome": 1,
            "code": 0,
            "duration": 1
          }
        ],
        "p10": [
          {
            "outcome": 1,
            "code": 0,
            "duration": 1
          }
        ],
        "p11": [
          {
            "outcome": 1,
            "code": 0,
            "duration": 2
          }
        ],
        "p12": [
          {
            "outcome": 1,
            "code": 0,
            "duration": 3
          }
        ],
        "p13": [
          {
            "outcome": 1,
            "code": 0,
            "duration": 0
          }
        ],
        "p14": [
          {
            "outcome": 1,
            "code": 0,
            "duration": 3
          }
        ],
        "p15": [
          {
            "outcome": 1,
            "code": 0,
            "duration": 8
          }
        ],
        "p16": [
          {
            "outcome": 1,
            "code": 0,
            "duration": 2
          }
        ],
        "p17": [
          {
            "outcome": 1,
            "code": 0,
            "duration": 0
          }
        ],
        "p18": [
          {
            "outcome": 1,
            "code": 0,
            "duration": 7
          }
        ],
        "p19": [
          {
            "outcome": 1,
            "code": 0,
            "duration": 0
          }
        ],
        "p20": [
          {
            "outcome": 1,
            "code": 0,
            "duration": 2
          }
        ]
      },
      "neg_tests": {
        "n1": [
          {
            "outcome": 0,
            "code": 0,
            "duration": 0
          }
        ]
      }
    },
    "2603f780": {
      "compiles": [
        0
      ],
      "pos_tests": {},
      "neg_tests": {
        "n1": [
          {
            "outcome": 0,
            "code": 0,
            "duration": 0
          }
        ]
      }
    },
    "06e13abb": {
      "compiles": [
        1
      ],
      "msg": [
        "/data/CquenceR/expression_database_0/patches/000001/src/expression_parser.c:108:1: error: function definition is not allowed here\n{\n^\n/data/CquenceR/expression_database_0/patches/000001/src/expression_parser.c:130:1: error: function definition is not allowed here\n{\n^\n/data/CquenceR/expression_database_0/patches/000001/src/expression_parser.c:165:1: error: function definition is not allowed here\n{\n^\n/data/CquenceR/expression_database_0/patches/000001/src/expression_parser.c:173:1: error: function definition is not allowed here\n{\n^\n/data/CquenceR/expression_database_0/patches/000001/src/expression_parser.c:181:1: error: function definition is not allowed here\n{\n^\n/data/CquenceR/expression_database_0/patches/000001/src/expression_parser.c:196:1: error: function definition is not allowed here\n{\n^\n/data/CquenceR/expression_database_0/patches/000001/src/expression_parser.c:213:1: error: function definition is not allowed here\n{\n^\n/data/CquenceR/expression_database_0/patches/000001/src/expression_parser.c:230:1: error: function definition is not allowed here\n{\n^\n/data/CquenceR/expression_database_0/patches/000001/src/expression_parser.c:238:1: error: function definition is not allowed here\n{\n^\n/data/CquenceR/expression_database_0/patches/000001/src/expression_parser.c:289:1: error: function definition is not allowed here\n{\n^\n/data/CquenceR/expression_database_0/patches/000001/src/expression_parser.c:359:1: error: function definition is not allowed here\n{\n^\n/data/CquenceR/expression_database_0/patches/000001/src/expression_parser.c:439:1: error: function definition is not allowed here\n{\n^\n/data/CquenceR/expression_database_0/patches/000001/src/expression_parser.c:462:1: error: function definition is not allowed here\n{\n^\n/data/CquenceR/expression_database_0/patches/000001/src/expression_parser.c:672:1: error: expected '}'\n^\n/data/CquenceR/expression_database_0/patches/000001/src/expression_parser.c:69:1: note: to match this '{'\n{\n^\n14 errors generated.\n"
      ]
    },
    "2a3ba918": {
      "compiles": [
        0
      ],
      "pos_tests": {},
      "neg_tests": {
        "n1": [
          {
            "outcome": 0,
            "code": 0,
            "duration": 0
          }
        ]
      }
    },
    "662a0c96": {
      "compiles": [
        1
      ],
      "msg": [
        "/data/CquenceR/expression_database_0/patches/000003/src/expression_parser.c:73:5: error: expected identifier or '('\n    {\n    ^\n/data/CquenceR/expression_database_0/patches/000003/src/expression_parser.c:84:1: error: extraneous closing brace ('}')\n}\n^\n2 errors generated.\n"
      ]
    },
    "3643afed": {
      "compiles": [
        1
      ],
      "msg": [
        "/data/CquenceR/expression_database_0/patches/000004/src/expression_parser.c:71:1: error: use of undeclared identifier 'temp'\ntemp scriptBlocker ;\n^\n/data/CquenceR/expression_database_0/patches/000004/src/expression_parser.c:83:1: error: extraneous closing brace ('}')\n}\n^\n2 errors generated.\n"
      ]
    },
    "3c94471a": {
      "compiles": [
        1
      ],
      "msg": [
        "/data/CquenceR/expression_database_0/patches/000005/src/expression_parser.c:71:6: error: variable has incomplete type 'void'\nvoid temp ;\n     ^\n/data/CquenceR/expression_database_0/patches/000005/src/expression_parser.c:81:8: error: expected expression\nreturn(;\n       ^\n2 errors generated.\n"
      ]
    },
    "d3fcf5d5": {
      "compiles": [
        1
      ],
      "msg": [
        "/data/CquenceR/expression_database_0/patches/000006/src/expression_parser.c:71:8: error: expected expression\nreturn(;\n       ^\n/data/CquenceR/expression_database_0/patches/000006/src/expression_parser.c:81:6: error: expected identifier or '('\nvoid(;\n     ^\n/data/CquenceR/expression_database_0/patches/000006/src/expression_parser.c:81:6: error: expected ')'\n/data/CquenceR/expression_database_0/patches/000006/src/expression_parser.c:81:5: note: to match this '('\nvoid(;\n    ^\n3 errors generated.\n"
      ]
    },
    "a2dd9da0": {
      "compiles": [
        1
      ],
      "msg": [
        "/data/CquenceR/expression_database_0/patches/000007/src/expression_parser.c:81:1: error: use of undeclared identifier 'temp'\ntemp scriptBlocker ;\n^\n/data/CquenceR/expression_database_0/patches/000007/src/expression_parser.c:107:1: error: function definition is not allowed here\n{\n^\n/data/CquenceR/expression_database_0/patches/000007/src/expression_parser.c:129:1: error: function definition is not allowed here\n{\n^\n/data/CquenceR/expression_database_0/patches/000007/src/expression_parser.c:164:1: error: function definition is not allowed here\n{\n^\n/data/CquenceR/expression_database_0/patches/000007/src/expression_parser.c:172:1: error: function definition is not allowed here\n{\n^\n/data/CquenceR/expression_database_0/patches/000007/src/expression_parser.c:180:1: error: function definition is not allowed here\n{\n^\n/data/CquenceR/expression_database_0/patches/000007/src/expression_parser.c:195:1: error: function definition is not allowed here\n{\n^\n/data/CquenceR/expression_database_0/patches/000007/src/expression_parser.c:212:1: error: function definition is not allowed here\n{\n^\n/data/CquenceR/expression_database_0/patches/000007/src/expression_parser.c:229:1: error: function definition is not allowed here\n{\n^\n/data/CquenceR/expression_database_0/patches/000007/src/expression_parser.c:237:1: error: function definition is not allowed here\n{\n^\n/data/CquenceR/expression_database_0/patches/000007/src/expression_parser.c:288:1: error: function definition is not allowed here\n{\n^\n/data/CquenceR/expression_database_0/patches/000007/src/expression_parser.c:358:1: error: function definition is not allowed here\n{\n^\n/data/CquenceR/expression_database_0/patches/000007/src/expression_parser.c:438:1: error: function definition is not allowed here\n{\n^\n/data/CquenceR/expression_database_0/patches/000007/src/expression_parser.c:461:1: error: function definition is not allowed here\n{\n^\n/data/CquenceR/expression_database_0/patches/000007/src/expression_parser.c:671:1: error: expected '}'\n^\n/data/CquenceR/expression_database_0/patches/000007/src/expression_parser.c:69:1: note: to match this '{'\n{\n^\n15 errors generated.\n"
      ]
    },
    "3b631a80": {
      "compiles": [
        1
      ],
      "msg": [
        "/data/CquenceR/expression_database_0/patches/000008/src/expression_parser.c:85:1: error: expected identifier or '('\n}\n^\n1 error generated.\n"
      ]
    },
    "2a408b9d": {
      "compiles": [
        1
      ],
      "msg": [
        "/data/CquenceR/expression_database_0/patches/000009/src/expression_parser.c:71:1: error: use of undeclared identifier 'temp'\ntemp=0 ;\n^\n1 error generated.\n"
      ]
    },
    "be2a8ca9": {
      "compiles": [
        1
      ],
      "msg": [
        "/data/CquenceR/expression_database_0/patches/000010/src/expression_parser.c:71:6: error: variable has incomplete type 'void'\nvoid temp\n     ^\n/data/CquenceR/expression_database_0/patches/000010/src/expression_parser.c:71:10: error: expected ';' at end of declaration\nvoid temp\n         ^\n         ;\n/data/CquenceR/expression_database_0/patches/000010/src/expression_parser.c:671:1: error: expected '}'\n^\n/data/CquenceR/expression_database_0/patches/000010/src/expression_parser.c:69:1: note: to match this '{'\n{\n^\n3 errors generated.\n"
      ]
    },
    "fcc20192": {
      "compiles": [
        1
      ],
      "msg": [
        "/data/CquenceR/expression_database_0/patches/000011/src/expression_parser.c:71:8: error: use of undeclared identifier 'temp'; did you mean 'item'?\nreturn temp ;\n       ^~~~\n       item\n/data/CquenceR/expression_database_0/patches/000011/src/expression_parser.c:68:40: note: 'item' declared here\nvoid cgc_push_parser_stack( tItemStack item )\n                                       ^\n/data/CquenceR/expression_database_0/patches/000011/src/expression_parser.c:71:1: error: void function 'cgc_push_parser_stack' should not return a value [-Wreturn-type]\nreturn temp ;\n^      ~~~~\n/data/CquenceR/expression_database_0/patches/000011/src/expression_parser.c:82:2: error: use of undeclared identifier 'temp'; did you mean 'item'?\n(temp);\n ^~~~\n item\n/data/CquenceR/expression_database_0/patches/000011/src/expression_parser.c:68:40: note: 'item' declared here\nvoid cgc_push_parser_stack( tItemStack item )\n                                       ^\n3 errors generated.\n"
      ]
    },
    "4de92c13": {
      "compiles": [
        1
      ],
      "msg": [
        "/data/CquenceR/expression_database_0/patches/000012/src/expression_parser.c:71:21: error: called object type 'uint8_t' (aka 'unsigned char') is not a function or function pointer\ncgc_g_parseStackSize(cgc_g_memoryGlobal);\n~~~~~~~~~~~~~~~~~~~~^\n/data/CquenceR/expression_database_0/patches/000012/src/expression_parser.c:81:29: error: expected ')'\nreturn(( cgc_g_memoryGlobal);\n                            ^\n/data/CquenceR/expression_database_0/patches/000012/src/expression_parser.c:81:7: note: to match this '('\nreturn(( cgc_g_memoryGlobal);\n      ^\n/data/CquenceR/expression_database_0/patches/000012/src/expression_parser.c:81:1: error: void function 'cgc_push_parser_stack' should not return a value [-Wreturn-type]\nreturn(( cgc_g_memoryGlobal);\n^      ~~~~~~~~~~~~~~~~~~~~~\n3 errors generated.\n"
      ]
    },
    "26fa2251": {
      "compiles": [
        1
      ],
      "msg": [
        "/data/CquenceR/expression_database_0/patches/000013/src/expression_parser.c:71:19: error: called object type 'tGlobalMemoryLayout' (aka 'struct _GLOBAL_MEMORY_LAYOUT') is not a function or function pointer\ncgc_g_memoryGlobal(cgc_g_memoryGlobal);\n~~~~~~~~~~~~~~~~~~^\n/data/CquenceR/expression_database_0/patches/000013/src/expression_parser.c:83:1: error: expected expression\n}\n^\n2 errors generated.\n"
      ]
    },
    "9d9fa772": {
      "compiles": [
        1
      ],
      "msg": [
        "/data/CquenceR/expression_database_0/patches/000014/src/expression_parser.c:71:11: error: a parameter list without types is only allowed in a function definition\nvoid temp(cgc_g_parseStackSize);\n          ^\n1 error generated.\n"
      ]
    },
    "28921e56": {
      "compiles": [
        1
      ],
      "msg": [
        "/data/CquenceR/expression_database_0/patches/000015/src/expression_parser.c:71:29: error: expected ')'\nreturn(( cgc_g_memoryGlobal);\n                            ^\n/data/CquenceR/expression_database_0/patches/000015/src/expression_parser.c:71:7: note: to match this '('\nreturn(( cgc_g_memoryGlobal);\n      ^\n/data/CquenceR/expression_database_0/patches/000015/src/expression_parser.c:71:1: error: void function 'cgc_push_parser_stack' should not return a value [-Wreturn-type]\nreturn(( cgc_g_memoryGlobal);\n^      ~~~~~~~~~~~~~~~~~~~~~\n/data/CquenceR/expression_database_0/patches/000015/src/expression_parser.c:81:7: error: expected identifier or '('\nvoid((]);\n      ^\n/data/CquenceR/expression_database_0/patches/000015/src/expression_parser.c:81:7: error: expected ')'\n/data/CquenceR/expression_database_0/patches/000015/src/expression_parser.c:81:6: note: to match this '('\nvoid((]);\n     ^\n/data/CquenceR/expression_database_0/patches/000015/src/expression_parser.c:81:7: error: expected ')'\nvoid((]);\n      ^\n/data/CquenceR/expression_database_0/patches/000015/src/expression_parser.c:81:5: note: to match this '('\nvoid((]);\n    ^\n5 errors generated.\n"
      ]
    },
    "94b79510": {
      "compiles": [
        1
      ],
      "msg": [
        "/data/CquenceR/expression_database_0/patches/000016/src/expression_parser.c:71:11: error: expected parameter declarator\nvoid temp(]);\n          ^\n/data/CquenceR/expression_database_0/patches/000016/src/expression_parser.c:71:11: error: expected ')'\n/data/CquenceR/expression_database_0/patches/000016/src/expression_parser.c:71:10: note: to match this '('\nvoid temp(]);\n         ^\n/data/CquenceR/expression_database_0/patches/000016/src/expression_parser.c:71:11: error: expected ';' at end of declaration\nvoid temp(]);\n          ^\n          ;\n/data/CquenceR/expression_database_0/patches/000016/src/expression_parser.c:71:12: error: expected expression\nvoid temp(]);\n           ^\n/data/CquenceR/expression_database_0/patches/000016/src/expression_parser.c:81:19: error: expected ')'\nvoid(( tItemStack);\n                  ^\n/data/CquenceR/expression_database_0/patches/000016/src/expression_parser.c:81:5: note: to match this '('\nvoid(( tItemStack);\n    ^\n/data/CquenceR/expression_database_0/patches/000016/src/expression_parser.c:81:8: error: variable has incomplete type 'void'\nvoid(( tItemStack);\n       ^\n6 errors generated.\n"
      ]
    },
    "d8cec451": {
      "compiles": [
        1
      ],
      "msg": [
        "/data/CquenceR/expression_database_0/patches/000017/src/expression_parser.c:73:5: error: expected expression\n    {\n    ^\n1 error generated.\n"
      ]
    },
    "00604155": {
      "compiles": [
        1
      ],
      "msg": [
        "/data/CquenceR/expression_database_0/patches/000018/src/expression_parser.c:71:11: error: expected parameter declarator\nvoid temp(];\n          ^\n/data/CquenceR/expression_database_0/patches/000018/src/expression_parser.c:71:11: error: expected ')'\n/data/CquenceR/expression_database_0/patches/000018/src/expression_parser.c:71:10: note: to match this '('\nvoid temp(];\n         ^\n/data/CquenceR/expression_database_0/patches/000018/src/expression_parser.c:71:11: error: extraneous ']' before ';'\nvoid temp(];\n          ^\n/data/CquenceR/expression_database_0/patches/000018/src/expression_parser.c:81:21: error: called object type 'uint8_t' (aka 'unsigned char') is not a function or function pointer\ncgc_g_parseStackSize(temp);\n~~~~~~~~~~~~~~~~~~~~^\n4 errors generated.\n"
      ]
    },
    "5ed40ea7": {
      "compiles": [
        1
      ],
      "msg": [
        "/data/CquenceR/expression_database_0/patches/000019/src/expression_parser.c:81:27: error: expected ')'\nvoid(( cgc_g_memoryGlobal);\n                          ^\n/data/CquenceR/expression_database_0/patches/000019/src/expression_parser.c:81:5: note: to match this '('\nvoid(( cgc_g_memoryGlobal);\n    ^\n/data/CquenceR/expression_database_0/patches/000019/src/expression_parser.c:81:8: error: variable has incomplete type 'void'\nvoid(( cgc_g_memoryGlobal);\n       ^\n2 errors generated.\n"
      ]
    },
    "c3865b61": {
      "compiles": [
        1
      ],
      "msg": [
        "/data/CquenceR/expression_database_0/patches/000020/src/expression_parser.c:74:28: error: no member named 'parseStack' in 'struct _RESULT_ITEM_STACK'\n        cgc_g_memoryGlobal.parseStack[cgc_g_parseStackSize] = item;\n        ~~~~~~~~~~~~~~~~~~ ^\n/data/CquenceR/expression_database_0/patches/000020/src/expression_parser.c:81:7: error: expected identifier or '('\nvoid((];\n      ^\n/data/CquenceR/expression_database_0/patches/000020/src/expression_parser.c:81:7: error: expected ')'\n/data/CquenceR/expression_database_0/patches/000020/src/expression_parser.c:81:6: note: to match this '('\nvoid((];\n     ^\n/data/CquenceR/expression_database_0/patches/000020/src/expression_parser.c:81:7: error: expected ')'\nvoid((];\n      ^\n/data/CquenceR/expression_database_0/patches/000020/src/expression_parser.c:81:5: note: to match this '('\nvoid((];\n    ^\n4 errors generated.\n"
      ]
    },
    "39812ee3": {
      "compiles": [
        1
      ],
      "msg": [
        "/data/CquenceR/expression_database_0/patches/000021/src/expression_parser.c:71:31: error: expected ')'\nreturn(( cgc_g_parseStackSize);\n                              ^\n/data/CquenceR/expression_database_0/patches/000021/src/expression_parser.c:71:7: note: to match this '('\nreturn(( cgc_g_parseStackSize);\n      ^\n/data/CquenceR/expression_database_0/patches/000021/src/expression_parser.c:71:1: error: void function 'cgc_push_parser_stack' should not return a value [-Wreturn-type]\nreturn(( cgc_g_parseStackSize);\n^      ~~~~~~~~~~~~~~~~~~~~~~~\n/data/CquenceR/expression_database_0/patches/000021/src/expression_parser.c:83:1: error: expected expression\n}\n^\n/data/CquenceR/expression_database_0/patches/000021/src/expression_parser.c:107:1: error: function definition is not allowed here\n{\n^\n/data/CquenceR/expression_database_0/patches/000021/src/expression_parser.c:129:1: error: function definition is not allowed here\n{\n^\n/data/CquenceR/expression_database_0/patches/000021/src/expression_parser.c:164:1: error: function definition is not allowed here\n{\n^\n/data/CquenceR/expression_database_0/patches/000021/src/expression_parser.c:172:1: error: function definition is not allowed here\n{\n^\n/data/CquenceR/expression_database_0/patches/000021/src/expression_parser.c:180:1: error: function definition is not allowed here\n{\n^\n/data/CquenceR/expression_database_0/patches/000021/src/expression_parser.c:195:1: error: function definition is not allowed here\n{\n^\n/data/CquenceR/expression_database_0/patches/000021/src/expression_parser.c:212:1: error: function definition is not allowed here\n{\n^\n/data/CquenceR/expression_database_0/patches/000021/src/expression_parser.c:229:1: error: function definition is not allowed here\n{\n^\n/data/CquenceR/expression_database_0/patches/000021/src/expression_parser.c:237:1: error: function definition is not allowed here\n{\n^\n/data/CquenceR/expression_database_0/patches/000021/src/expression_parser.c:288:1: error: function definition is not allowed here\n{\n^\n/data/CquenceR/expression_database_0/patches/000021/src/expression_parser.c:358:1: error: function definition is not allowed here\n{\n^\n/data/CquenceR/expression_database_0/patches/000021/src/expression_parser.c:438:1: error: function definition is not allowed here\n{\n^\n/data/CquenceR/expression_database_0/patches/000021/src/expression_parser.c:461:1: error: function definition is not allowed here\n{\n^\n/data/CquenceR/expression_database_0/patches/000021/src/expression_parser.c:671:1: error: expected '}'\n^\n/data/CquenceR/expression_database_0/patches/000021/src/expression_parser.c:69:1: note: to match this '{'\n{\n^\n17 errors generated.\n"
      ]
    },
    "6169b66d": {
      "compiles": [
        1
      ],
      "msg": [
        "/data/CquenceR/expression_database_0/patches/000022/src/expression_parser.c:81:1: error: use of undeclared identifier 'temp'\ntemp)\n^\n1 error generated.\n"
      ]
    },
    "d60a7704": {
      "compiles": [
        1
      ],
      "msg": [
        "/data/CquenceR/expression_database_0/patches/000023/src/expression_parser.c:81:1: error: expected ')'\ntItemStack(temp);\n^\n/data/CquenceR/expression_database_0/patches/000023/src/expression_parser.c:71:7: note: to match this '('\nreturn(\n      ^\n/data/CquenceR/expression_database_0/patches/000023/src/expression_parser.c:71:1: error: void function 'cgc_push_parser_stack' should not return a value [-Wreturn-type]\nreturn(\n^     ~\n2 errors generated.\n"
      ]
    },
    "ec5d67db": {
      "compiles": [
        1
      ],
      "msg": [
        "/data/CquenceR/expression_database_0/patches/000024/src/expression_parser.c:71:6: error: variable has incomplete type 'void'\nvoid temp ;\n     ^\n/data/CquenceR/expression_database_0/patches/000024/src/expression_parser.c:83:1: error: expected identifier or '('\n}\n^\n2 errors generated.\n"
      ]
    },
    "e7869da2": {
      "compiles": [
        1
      ],
      "msg": [
        "/data/CquenceR/expression_database_0/patches/000025/src/expression_parser.c:71:11: error: a parameter list without types is only allowed in a function definition\nvoid temp(cgc_g_memoryGlobal);\n          ^\n/data/CquenceR/expression_database_0/patches/000025/src/expression_parser.c:81:31: error: expected ')'\nreturn(( cgc_g_parseStackSize);\n                              ^\n/data/CquenceR/expression_database_0/patches/000025/src/expression_parser.c:81:7: note: to match this '('\nreturn(( cgc_g_parseStackSize);\n      ^\n/data/CquenceR/expression_database_0/patches/000025/src/expression_parser.c:81:1: error: void function 'cgc_push_parser_stack' should not return a value [-Wreturn-type]\nreturn(( cgc_g_parseStackSize);\n^      ~~~~~~~~~~~~~~~~~~~~~~~\n3 errors generated.\n"
      ]
    },
    "b4666220": {
      "compiles": [
        1
      ],
      "msg": [
        "/data/CquenceR/expression_database_0/patches/000026/src/expression_parser.c:73:5: error: expected identifier or '('\n    {\n    ^\n1 error generated.\n"
      ]
    },
    "acc0b3ab": {
      "compiles": [
        1
      ],
      "msg": [
        "/data/CquenceR/expression_database_0/patches/000027/src/expression_parser.c:71:6: error: variable has incomplete type 'void'\nvoid temp ;\n     ^\n/data/CquenceR/expression_database_0/patches/000027/src/expression_parser.c:74:5: error: expected identifier or '('\n    {\n    ^\n/data/CquenceR/expression_database_0/patches/000027/src/expression_parser.c:82:1: error: expected identifier or '('\nreturn(( tItemStack);\n^\n3 errors generated.\n"
      ]
    },
    "dc5b4230": {
      "compiles": [
        1
      ],
      "msg": [
        "/data/CquenceR/expression_database_0/patches/000028/src/expression_parser.c:71:11: error: a parameter list without types is only allowed in a function definition\nvoid temp(temp);\n          ^\n1 error generated.\n"
      ]
    },
    "8b087688": {
      "compiles": [
        1
      ],
      "msg": [
        "/data/CquenceR/expression_database_0/patches/000029/src/expression_parser.c:71:10: error: use of undeclared identifier 'temp'; did you mean 'item'?\nreturn(( temp);\n         ^~~~\n         item\n/data/CquenceR/expression_database_0/patches/000029/src/expression_parser.c:68:40: note: 'item' declared here\nvoid cgc_push_parser_stack( tItemStack item )\n                                       ^\n/data/CquenceR/expression_database_0/patches/000029/src/expression_parser.c:71:15: error: expected ')'\nreturn(( temp);\n              ^\n/data/CquenceR/expression_database_0/patches/000029/src/expression_parser.c:71:7: note: to match this '('\nreturn(( temp);\n      ^\n/data/CquenceR/expression_database_0/patches/000029/src/expression_parser.c:71:1: error: void function 'cgc_push_parser_stack' should not return a value [-Wreturn-type]\nreturn(( temp);\n^      ~~~~~~~\n/data/CquenceR/expression_database_0/patches/000029/src/expression_parser.c:81:13: error: expected ')'\nvoid(( temp);\n            ^\n/data/CquenceR/expression_database_0/patches/000029/src/expression_parser.c:81:5: note: to match this '('\nvoid(( temp);\n    ^\n/data/CquenceR/expression_database_0/patches/000029/src/expression_parser.c:81:8: error: variable has incomplete type 'void'\nvoid(( temp);\n       ^\n5 errors generated.\n"
      ]
    },
    "cca18878": {
      "compiles": [
        1
      ],
      "msg": [
        "/data/CquenceR/expression_database_0/patches/000030/src/expression_parser.c:72:2: error: expected expression\n(;\n ^\n/data/CquenceR/expression_database_0/patches/000030/src/expression_parser.c:84:1: error: expected expression\n/ ;\n^\n/data/CquenceR/expression_database_0/patches/000030/src/expression_parser.c:84:3: error: expected expression\n/ ;\n  ^\n3 errors generated.\n"
      ]
    },
    "a8ea0df0": {
      "compiles": [
        1
      ],
      "msg": [
        "/data/CquenceR/expression_database_0/patches/000031/src/expression_parser.c:73:5: error: expected identifier or '('\n    {\n    ^\n1 error generated.\n"
      ]
    },
    "6781c090": {
      "compiles": [
        1
      ],
      "msg": [
        "/data/CquenceR/expression_database_0/patches/000032/src/expression_parser.c:71:21: error: expected expression\nreturn(( tItemStack);\n                    ^\n/data/CquenceR/expression_database_0/patches/000032/src/expression_parser.c:81:10: error: use of undeclared identifier 'temp'; did you mean 'item'?\nreturn(( temp);\n         ^~~~\n         item\n/data/CquenceR/expression_database_0/patches/000032/src/expression_parser.c:68:40: note: 'item' declared here\nvoid cgc_push_parser_stack( tItemStack item )\n                                       ^\n/data/CquenceR/expression_database_0/patches/000032/src/expression_parser.c:81:15: error: expected ')'\nreturn(( temp);\n              ^\n/data/CquenceR/expression_database_0/patches/000032/src/expression_parser.c:81:7: note: to match this '('\nreturn(( temp);\n      ^\n/data/CquenceR/expression_database_0/patches/000032/src/expression_parser.c:81:1: error: void function 'cgc_push_parser_stack' should not return a value [-Wreturn-type]\nreturn(( temp);\n^      ~~~~~~~\n4 errors generated.\n"
      ]
    },
    "ebf8a6da": {
      "compiles": [
        1
      ],
      "msg": [
        "/data/CquenceR/expression_database_0/patches/000033/src/expression_parser.c:71:1: error: use of undeclared identifier 'temp'\ntemp)\n^\n/data/CquenceR/expression_database_0/patches/000033/src/expression_parser.c:671:1: error: expected '}'\n^\n/data/CquenceR/expression_database_0/patches/000033/src/expression_parser.c:69:1: note: to match this '{'\n{\n^\n2 errors generated.\n"
      ]
    },
    "a2293b01": {
      "compiles": [
        1
      ],
      "msg": [
        "/data/CquenceR/expression_database_0/patches/000034/src/expression_parser.c:73:5: error: expected parameter declarator\n    {\n    ^\n/data/CquenceR/expression_database_0/patches/000034/src/expression_parser.c:73:5: error: expected ')'\n/data/CquenceR/expression_database_0/patches/000034/src/expression_parser.c:71:10: note: to match this '('\nvoid temp(\n         ^\n/data/CquenceR/expression_database_0/patches/000034/src/expression_parser.c:81:14: error: expected ';' at end of declaration\nvoid(( void);\n             ^\n             ;\n3 errors generated.\n"
      ]
    },
    "ba96a574": {
      "compiles": [
        1
      ],
      "msg": [
        "/data/CquenceR/expression_database_0/patches/000035/src/expression_parser.c:74:28: error: no member named 'parseStack' in 'struct _PARSER_SYMBOL_TABLE'\n        cgc_g_memoryGlobal.parseStack[cgc_g_parseStackSize] = item;\n        ~~~~~~~~~~~~~~~~~~ ^\n/data/CquenceR/expression_database_0/patches/000035/src/expression_parser.c:81:8: error: use of undeclared identifier 'true'\nreturn true ;\n       ^\n2 errors generated.\n"
      ]
    },
    "2bf55004": {
      "compiles": [
        1
      ],
      "msg": [
        "/data/CquenceR/expression_database_0/patches/000036/src/expression_parser.c:71:6: error: variable has incomplete type 'void'\nvoid temp=0 ;\n     ^\n1 error generated.\n"
      ]
    },
    "8df0bd8f": {
      "compiles": [
        1
      ],
      "msg": [
        "/data/CquenceR/expression_database_0/patches/000037/src/expression_parser.c:71:5: error: expected ';' after expression\nitem scriptBlocker ;\n    ^\n    ;\n/data/CquenceR/expression_database_0/patches/000037/src/expression_parser.c:71:6: error: use of undeclared identifier 'scriptBlocker'\nitem scriptBlocker ;\n     ^\n2 errors generated.\n"
      ]
    },
    "cd9091ce": {
      "compiles": [
        0
      ],
      "pos_tests": {},
      "neg_tests": {
        "n1": [
          {
            "outcome": 0,
            "code": 0,
            "duration": 0
          }
        ]
      }
    },
    "cc5f98e8": {
      "compiles": [
        1
      ],
      "msg": [
        "/data/CquenceR/expression_database_0/patches/000039/src/expression_parser.c:83:2: error: use of undeclared identifier 'temp'; did you mean 'item'?\n(temp);\n ^~~~\n item\n/data/CquenceR/expression_database_0/patches/000039/src/expression_parser.c:68:40: note: 'item' declared here\nvoid cgc_push_parser_stack( tItemStack item )\n                                       ^\n1 error generated.\n"
      ]
    },
    "f27661de": {
      "compiles": [
        1
      ],
      "msg": [
        "/data/CquenceR/expression_database_0/patches/000040/src/expression_parser.c:73:1: error: expected expression\n}\n^\n/data/CquenceR/expression_database_0/patches/000040/src/expression_parser.c:109:1: error: function definition is not allowed here\n{\n^\n/data/CquenceR/expression_database_0/patches/000040/src/expression_parser.c:131:1: error: function definition is not allowed here\n{\n^\n/data/CquenceR/expression_database_0/patches/000040/src/expression_parser.c:166:1: error: function definition is not allowed here\n{\n^\n/data/CquenceR/expression_database_0/patches/000040/src/expression_parser.c:174:1: error: function definition is not allowed here\n{\n^\n/data/CquenceR/expression_database_0/patches/000040/src/expression_parser.c:182:1: error: function definition is not allowed here\n{\n^\n/data/CquenceR/expression_database_0/patches/000040/src/expression_parser.c:197:1: error: function definition is not allowed here\n{\n^\n/data/CquenceR/expression_database_0/patches/000040/src/expression_parser.c:214:1: error: function definition is not allowed here\n{\n^\n/data/CquenceR/expression_database_0/patches/000040/src/expression_parser.c:231:1: error: function definition is not allowed here\n{\n^\n/data/CquenceR/expression_database_0/patches/000040/src/expression_parser.c:239:1: error: function definition is not allowed here\n{\n^\n/data/CquenceR/expression_database_0/patches/000040/src/expression_parser.c:290:1: error: function definition is not allowed here\n{\n^\n/data/CquenceR/expression_database_0/patches/000040/src/expression_parser.c:360:1: error: function definition is not allowed here\n{\n^\n/data/CquenceR/expression_database_0/patches/000040/src/expression_parser.c:440:1: error: function definition is not allowed here\n{\n^\n/data/CquenceR/expression_database_0/patches/000040/src/expression_parser.c:463:1: error: function definition is not allowed here\n{\n^\n/data/CquenceR/expression_database_0/patches/000040/src/expression_parser.c:673:1: error: expected '}'\n^\n/data/CquenceR/expression_database_0/patches/000040/src/expression_parser.c:69:1: note: to match this '{'\n{\n^\n15 errors generated.\n"
      ]
    },
    "c98efd03": {
      "compiles": [
        1
      ],
      "msg": [
        "/data/CquenceR/expression_database_0/patches/000041/src/expression_parser.c:71:11: error: a parameter list without types is only allowed in a function definition\nvoid temp(item);\n          ^\n/data/CquenceR/expression_database_0/patches/000041/src/expression_parser.c:81:16: error: expected ')'\nvoid(( pulling);\n               ^\n/data/CquenceR/expression_database_0/patches/000041/src/expression_parser.c:81:5: note: to match this '('\nvoid(( pulling);\n    ^\n/data/CquenceR/expression_database_0/patches/000041/src/expression_parser.c:81:8: error: variable has incomplete type 'void'\nvoid(( pulling);\n       ^\n3 errors generated.\n"
      ]
    },
    "e98068e5": {
      "compiles": [
        1
      ],
      "msg": [
        "/data/CquenceR/expression_database_0/patches/000042/src/expression_parser.c:71:11: error: a parameter list without types is only allowed in a function definition\nvoid temp(pulling);\n          ^\n/data/CquenceR/expression_database_0/patches/000042/src/expression_parser.c:81:6: error: expected identifier or '('\nvoid(;\n     ^\n/data/CquenceR/expression_database_0/patches/000042/src/expression_parser.c:81:6: error: expected ')'\n/data/CquenceR/expression_database_0/patches/000042/src/expression_parser.c:81:5: note: to match this '('\nvoid(;\n    ^\n/data/CquenceR/expression_database_0/patches/000042/src/expression_parser.c:84:1: error: extraneous closing brace ('}')\n}\n^\n4 errors generated.\n"
      ]
    },
    "29f316e6": {
      "compiles": [
        1
      ],
      "msg": [
        "/data/CquenceR/expression_database_0/patches/000043/src/expression_parser.c:71:1: error: void function 'cgc_push_parser_stack' should not return a value [-Wreturn-type]\nreturn(cgc_g_memoryGlobal)0 ;\n^     ~~~~~~~~~~~~~~~~~~~~\n/data/CquenceR/expression_database_0/patches/000043/src/expression_parser.c:71:27: error: expected ';' after return statement\nreturn(cgc_g_memoryGlobal)0 ;\n                          ^\n                          ;\n/data/CquenceR/expression_database_0/patches/000043/src/expression_parser.c:81:21: error: expected expression\nreturn(( tItemStack);\n                    ^\n3 errors generated.\n"
      ]
    },
    "ec45f208": {
      "compiles": [
        1
      ],
      "msg": [
        "/data/CquenceR/expression_database_0/patches/000044/src/expression_parser.c:71:11: error: expected parameter declarator\nvoid temp(]{\n          ^\n/data/CquenceR/expression_database_0/patches/000044/src/expression_parser.c:71:11: error: expected ')'\n/data/CquenceR/expression_database_0/patches/000044/src/expression_parser.c:71:10: note: to match this '('\nvoid temp(]{\n         ^\n/data/CquenceR/expression_database_0/patches/000044/src/expression_parser.c:71:11: error: expected ';' at end of declaration\nvoid temp(]{\n          ^\n          ;\n/data/CquenceR/expression_database_0/patches/000044/src/expression_parser.c:107:1: error: function definition is not allowed here\n{\n^\n/data/CquenceR/expression_database_0/patches/000044/src/expression_parser.c:129:1: error: function definition is not allowed here\n{\n^\n/data/CquenceR/expression_database_0/patches/000044/src/expression_parser.c:164:1: error: function definition is not allowed here\n{\n^\n/data/CquenceR/expression_database_0/patches/000044/src/expression_parser.c:172:1: error: function definition is not allowed here\n{\n^\n/data/CquenceR/expression_database_0/patches/000044/src/expression_parser.c:180:1: error: function definition is not allowed here\n{\n^\n/data/CquenceR/expression_database_0/patches/000044/src/expression_parser.c:195:1: error: function definition is not allowed here\n{\n^\n/data/CquenceR/expression_database_0/patches/000044/src/expression_parser.c:212:1: error: function definition is not allowed here\n{\n^\n/data/CquenceR/expression_database_0/patches/000044/src/expression_parser.c:229:1: error: function definition is not allowed here\n{\n^\n/data/CquenceR/expression_database_0/patches/000044/src/expression_parser.c:237:1: error: function definition is not allowed here\n{\n^\n/data/CquenceR/expression_database_0/patches/000044/src/expression_parser.c:288:1: error: function definition is not allowed here\n{\n^\n/data/CquenceR/expression_database_0/patches/000044/src/expression_parser.c:358:1: error: function definition is not allowed here\n{\n^\n/data/CquenceR/expression_database_0/patches/000044/src/expression_parser.c:438:1: error: function definition is not allowed here\n{\n^\n/data/CquenceR/expression_database_0/patches/000044/src/expression_parser.c:461:1: error: function definition is not allowed here\n{\n^\n/data/CquenceR/expression_database_0/patches/000044/src/expression_parser.c:671:1: error: expected '}'\n^\n/data/CquenceR/expression_database_0/patches/000044/src/expression_parser.c:69:1: note: to match this '{'\n{\n^\n17 errors generated.\n"
      ]
    },
    "1b6d2164": {
      "compiles": [
        1
      ],
      "msg": [
        "/data/CquenceR/expression_database_0/patches/000045/src/expression_parser.c:71:4: error: use of undeclared identifier 'temp'; did you mean 'item'?\nif(temp){\n   ^~~~\n   item\n/data/CquenceR/expression_database_0/patches/000045/src/expression_parser.c:68:40: note: 'item' declared here\nvoid cgc_push_parser_stack( tItemStack item )\n                                       ^\n/data/CquenceR/expression_database_0/patches/000045/src/expression_parser.c:71:1: error: statement requires expression of scalar type ('tItemStack' (aka 'struct _RESULT_ITEM_STACK') invalid)\nif(temp){\n^  ~~~~\n/data/CquenceR/expression_database_0/patches/000045/src/expression_parser.c:82:8: error: use of undeclared identifier 'temp'; did you mean 'item'?\nreturn(temp)0 ;\n       ^~~~\n       item\n/data/CquenceR/expression_database_0/patches/000045/src/expression_parser.c:68:40: note: 'item' declared here\nvoid cgc_push_parser_stack( tItemStack item )\n                                       ^\n/data/CquenceR/expression_database_0/patches/000045/src/expression_parser.c:82:1: error: void function 'cgc_push_parser_stack' should not return a value [-Wreturn-type]\nreturn(temp)0 ;\n^     ~~~~~~\n/data/CquenceR/expression_database_0/patches/000045/src/expression_parser.c:82:13: error: expected ';' after return statement\nreturn(temp)0 ;\n            ^\n            ;\n5 errors generated.\n"
      ]
    },
    "a2824e80": {
      "compiles": [
        1
      ],
      "msg": [
        "/data/CquenceR/expression_database_0/patches/000046/src/expression_parser.c:71:4: error: use of undeclared identifier 'temp'; did you mean 'item'?\nif(temp)\n   ^~~~\n   item\n/data/CquenceR/expression_database_0/patches/000046/src/expression_parser.c:68:40: note: 'item' declared here\nvoid cgc_push_parser_stack( tItemStack item )\n                                       ^\n/data/CquenceR/expression_database_0/patches/000046/src/expression_parser.c:71:1: error: statement requires expression of scalar type ('tItemStack' (aka 'struct _RESULT_ITEM_STACK') invalid)\nif(temp)\n^  ~~~~\n/data/CquenceR/expression_database_0/patches/000046/src/expression_parser.c:82:15: error: expected expression\nreturn(( void);\n              ^\n3 errors generated.\n"
      ]
    },
    "5986518f": {
      "compiles": [
        1
      ],
      "msg": [
        "/data/CquenceR/expression_database_0/patches/000047/src/expression_parser.c:71:11: error: expected parameter declarator\nvoid temp(]=item ;\n          ^\n/data/CquenceR/expression_database_0/patches/000047/src/expression_parser.c:71:11: error: expected ')'\n/data/CquenceR/expression_database_0/patches/000047/src/expression_parser.c:71:10: note: to match this '('\nvoid temp(]=item ;\n         ^\n/data/CquenceR/expression_database_0/patches/000047/src/expression_parser.c:71:11: error: expected ';' at end of declaration\nvoid temp(]=item ;\n          ^\n          ;\n/data/CquenceR/expression_database_0/patches/000047/src/expression_parser.c:81:1: error: use of undeclared identifier 'bool'\nbool temp(tItemStack);\n^\n4 errors generated.\n"
      ]
    },
    "71fbf3ca": {
      "compiles": [
        1
      ],
      "msg": [
        "/data/CquenceR/expression_database_0/patches/000048/src/expression_parser.c:71:10: error: array has incomplete element type 'void'\nvoid temp[]=item ;\n         ^\n/data/CquenceR/expression_database_0/patches/000048/src/expression_parser.c:81:7: error: expected identifier or '('\nvoid((]{\n      ^\n/data/CquenceR/expression_database_0/patches/000048/src/expression_parser.c:81:7: error: expected ')'\n/data/CquenceR/expression_database_0/patches/000048/src/expression_parser.c:81:6: note: to match this '('\nvoid((]{\n     ^\n/data/CquenceR/expression_database_0/patches/000048/src/expression_parser.c:81:7: error: expected ')'\nvoid((]{\n      ^\n/data/CquenceR/expression_database_0/patches/000048/src/expression_parser.c:81:5: note: to match this '('\nvoid((]{\n    ^\n/data/CquenceR/expression_database_0/patches/000048/src/expression_parser.c:107:1: error: function definition is not allowed here\n{\n^\n/data/CquenceR/expression_database_0/patches/000048/src/expression_parser.c:129:1: error: function definition is not allowed here\n{\n^\n/data/CquenceR/expression_database_0/patches/000048/src/expression_parser.c:164:1: error: function definition is not allowed here\n{\n^\n/data/CquenceR/expression_database_0/patches/000048/src/expression_parser.c:172:1: error: function definition is not allowed here\n{\n^\n/data/CquenceR/expression_database_0/patches/000048/src/expression_parser.c:180:1: error: function definition is not allowed here\n{\n^\n/data/CquenceR/expression_database_0/patches/000048/src/expression_parser.c:195:1: error: function definition is not allowed here\n{\n^\n/data/CquenceR/expression_database_0/patches/000048/src/expression_parser.c:212:1: error: function definition is not allowed here\n{\n^\n/data/CquenceR/expression_database_0/patches/000048/src/expression_parser.c:229:1: error: function definition is not allowed here\n{\n^\n/data/CquenceR/expression_database_0/patches/000048/src/expression_parser.c:237:1: error: function definition is not allowed here\n{\n^\n/data/CquenceR/expression_database_0/patches/000048/src/expression_parser.c:288:1: error: function definition is not allowed here\n{\n^\n/data/CquenceR/expression_database_0/patches/000048/src/expression_parser.c:358:1: error: function definition is not allowed here\n{\n^\n/data/CquenceR/expression_database_0/patches/000048/src/expression_parser.c:438:1: error: function definition is not allowed here\n{\n^\n/data/CquenceR/expression_database_0/patches/000048/src/expression_parser.c:461:1: error: function definition is not allowed here\n{\n^\n/data/CquenceR/expression_database_0/patches/000048/src/expression_parser.c:671:1: error: expected '}'\n^\n/data/CquenceR/expression_database_0/patches/000048/src/expression_parser.c:69:1: note: to match this '{'\n{\n^\n18 errors generated.\n"
      ]
    },
    "8435db15": {
      "compiles": [
        1
      ],
      "msg": [
        "/data/CquenceR/expression_database_0/patches/000049/src/expression_parser.c:71:4: error: use of undeclared identifier 'temp'; did you mean 'item'?\nif(temp==0)\n   ^~~~\n   item\n/data/CquenceR/expression_database_0/patches/000049/src/expression_parser.c:68:40: note: 'item' declared here\nvoid cgc_push_parser_stack( tItemStack item )\n                                       ^\n/data/CquenceR/expression_database_0/patches/000049/src/expression_parser.c:71:8: error: invalid operands to binary expression ('tItemStack' (aka 'struct _RESULT_ITEM_STACK') and 'int')\nif(temp==0)\n   ~~~~^ ~\n/data/CquenceR/expression_database_0/patches/000049/src/expression_parser.c:84:2: error: use of undeclared identifier 'temp'; did you mean 'item'?\n(temp);\n ^~~~\n item\n/data/CquenceR/expression_database_0/patches/000049/src/expression_parser.c:68:40: note: 'item' declared here\nvoid cgc_push_parser_stack( tItemStack item )\n                                       ^\n3 errors generated.\n"
      ]
    },
    "c0ded532": {
      "compiles": [
        1
      ],
      "msg": [
        "/data/CquenceR/expression_database_0/patches/000050/src/expression_parser.c:71:4: error: use of undeclared identifier 'temp'; did you mean 'item'?\nif(temp )\n   ^~~~\n   item\n/data/CquenceR/expression_database_0/patches/000050/src/expression_parser.c:68:40: note: 'item' declared here\nvoid cgc_push_parser_stack( tItemStack item )\n                                       ^\n/data/CquenceR/expression_database_0/patches/000050/src/expression_parser.c:71:1: error: statement requires expression of scalar type ('tItemStack' (aka 'struct _RESULT_ITEM_STACK') invalid)\nif(temp )\n^  ~~~~\n/data/CquenceR/expression_database_0/patches/000050/src/expression_parser.c:82:13: error: expected ')'\nvoid(( item);\n            ^\n/data/CquenceR/expression_database_0/patches/000050/src/expression_parser.c:82:5: note: to match this '('\nvoid(( item);\n    ^\n/data/CquenceR/expression_database_0/patches/000050/src/expression_parser.c:82:8: error: variable has incomplete type 'void'\nvoid(( item);\n       ^\n4 errors generated.\n"
      ]
    },
    "35ecfd16": {
      "compiles": [
        1
      ],
      "msg": [
        "/data/CquenceR/expression_database_0/patches/000051/src/expression_parser.c:71:4: error: use of undeclared identifier 'temp'; did you mean 'item'?\nif(temp )\n   ^~~~\n   item\n/data/CquenceR/expression_database_0/patches/000051/src/expression_parser.c:68:40: note: 'item' declared here\nvoid cgc_push_parser_stack( tItemStack item )\n                                       ^\n/data/CquenceR/expression_database_0/patches/000051/src/expression_parser.c:71:1: error: statement requires expression of scalar type ('tItemStack' (aka 'struct _RESULT_ITEM_STACK') invalid)\nif(temp )\n^  ~~~~\n/data/CquenceR/expression_database_0/patches/000051/src/expression_parser.c:83:1: error: expected expression\n/ ;\n^\n/data/CquenceR/expression_database_0/patches/000051/src/expression_parser.c:83:3: error: expected expression\n/ ;\n  ^\n4 errors generated.\n"
      ]
    },
    "68204c1e": {
      "compiles": [
        1
      ],
      "msg": [
        "/data/CquenceR/expression_database_0/patches/000052/src/expression_parser.c:71:4: error: use of undeclared identifier 'temp'; did you mean 'item'?\nif(temp<0)\n   ^~~~\n   item\n/data/CquenceR/expression_database_0/patches/000052/src/expression_parser.c:68:40: note: 'item' declared here\nvoid cgc_push_parser_stack( tItemStack item )\n                                       ^\n/data/CquenceR/expression_database_0/patches/000052/src/expression_parser.c:71:8: error: invalid operands to binary expression ('tItemStack' (aka 'struct _RESULT_ITEM_STACK') and 'int')\nif(temp<0)\n   ~~~~^~\n/data/CquenceR/expression_database_0/patches/000052/src/expression_parser.c:72:8: error: use of undeclared identifier 'E_FILE_FORMAT_INVALID'\nreturn E_FILE_FORMAT_INVALID ; \n       ^\n/data/CquenceR/expression_database_0/patches/000052/src/expression_parser.c:82:7: error: expected identifier or '('\nvoid((]=item ;\n      ^\n/data/CquenceR/expression_database_0/patches/000052/src/expression_parser.c:82:7: error: expected ')'\n/data/CquenceR/expression_database_0/patches/000052/src/expression_parser.c:82:6: note: to match this '('\nvoid((]=item ;\n     ^\n/data/CquenceR/expression_database_0/patches/000052/src/expression_parser.c:82:7: error: expected ')'\nvoid((]=item ;\n      ^\n/data/CquenceR/expression_database_0/patches/000052/src/expression_parser.c:82:5: note: to match this '('\nvoid((]=item ;\n    ^\n6 errors generated.\n"
      ]
    },
    "2702461e": {
      "compiles": [
        1
      ],
      "msg": [
        "/data/CquenceR/expression_database_0/patches/000053/src/expression_parser.c:71:4: error: use of undeclared identifier 'temp'; did you mean 'item'?\nif(temp<0)\n   ^~~~\n   item\n/data/CquenceR/expression_database_0/patches/000053/src/expression_parser.c:68:40: note: 'item' declared here\nvoid cgc_push_parser_stack( tItemStack item )\n                                       ^\n/data/CquenceR/expression_database_0/patches/000053/src/expression_parser.c:71:8: error: invalid operands to binary expression ('tItemStack' (aka 'struct _RESULT_ITEM_STACK') and 'int')\nif(temp<0)\n   ~~~~^~\n/data/CquenceR/expression_database_0/patches/000053/src/expression_parser.c:73:8: error: expected expression\nreturn(; \n       ^\n/data/CquenceR/expression_database_0/patches/000053/src/expression_parser.c:84:8: error: expected identifier or '('\nvoid([]=item ;\n       ^\n/data/CquenceR/expression_database_0/patches/000053/src/expression_parser.c:84:8: error: expected ')'\n/data/CquenceR/expression_database_0/patches/000053/src/expression_parser.c:84:5: note: to match this '('\nvoid([]=item ;\n    ^\n5 errors generated.\n"
      ]
    },
    "3d23d10b": {
      "compiles": [
        1
      ],
      "msg": [
        "/data/CquenceR/expression_database_0/patches/000054/src/expression_parser.c:83:4: error: use of undeclared identifier 'temp'; did you mean 'item'?\nif(temp){\n   ^~~~\n   item\n/data/CquenceR/expression_database_0/patches/000054/src/expression_parser.c:68:40: note: 'item' declared here\nvoid cgc_push_parser_stack( tItemStack item )\n                                       ^\n/data/CquenceR/expression_database_0/patches/000054/src/expression_parser.c:83:1: error: statement requires expression of scalar type ('tItemStack' (aka 'struct _RESULT_ITEM_STACK') invalid)\nif(temp){\n^  ~~~~\n2 errors generated.\n"
      ]
    },
    "12ea7033": {
      "compiles": [
        1
      ],
      "msg": [
        "/data/CquenceR/expression_database_0/patches/000055/src/expression_parser.c:71:4: error: use of undeclared identifier 'temp'; did you mean 'item'?\nif(temp==0)\n   ^~~~\n   item\n/data/CquenceR/expression_database_0/patches/000055/src/expression_parser.c:68:40: note: 'item' declared here\nvoid cgc_push_parser_stack( tItemStack item )\n                                       ^\n/data/CquenceR/expression_database_0/patches/000055/src/expression_parser.c:71:8: error: invalid operands to binary expression ('tItemStack' (aka 'struct _RESULT_ITEM_STACK') and 'int')\nif(temp==0)\n   ~~~~^ ~\n/data/CquenceR/expression_database_0/patches/000055/src/expression_parser.c:82:4: error: use of undeclared identifier 'temp'; did you mean 'item'?\nif(temp ){( cgc_g_memoryGlobal);\n   ^~~~\n   item\n/data/CquenceR/expression_database_0/patches/000055/src/expression_parser.c:68:40: note: 'item' declared here\nvoid cgc_push_parser_stack( tItemStack item )\n                                       ^\n/data/CquenceR/expression_database_0/patches/000055/src/expression_parser.c:82:1: error: statement requires expression of scalar type ('tItemStack' (aka 'struct _RESULT_ITEM_STACK') invalid)\nif(temp ){( cgc_g_memoryGlobal);\n^  ~~~~\n/data/CquenceR/expression_database_0/patches/000055/src/expression_parser.c:108:1: error: function definition is not allowed here\n{\n^\n/data/CquenceR/expression_database_0/patches/000055/src/expression_parser.c:130:1: error: function definition is not allowed here\n{\n^\n/data/CquenceR/expression_database_0/patches/000055/src/expression_parser.c:165:1: error: function definition is not allowed here\n{\n^\n/data/CquenceR/expression_database_0/patches/000055/src/expression_parser.c:173:1: error: function definition is not allowed here\n{\n^\n/data/CquenceR/expression_database_0/patches/000055/src/expression_parser.c:181:1: error: function definition is not allowed here\n{\n^\n/data/CquenceR/expression_database_0/patches/000055/src/expression_parser.c:196:1: error: function definition is not allowed here\n{\n^\n/data/CquenceR/expression_database_0/patches/000055/src/expression_parser.c:213:1: error: function definition is not allowed here\n{\n^\n/data/CquenceR/expression_database_0/patches/000055/src/expression_parser.c:230:1: error: function definition is not allowed here\n{\n^\n/data/CquenceR/expression_database_0/patches/000055/src/expression_parser.c:238:1: error: function definition is not allowed here\n{\n^\n/data/CquenceR/expression_database_0/patches/000055/src/expression_parser.c:289:1: error: function definition is not allowed here\n{\n^\n/data/CquenceR/expression_database_0/patches/000055/src/expression_parser.c:359:1: error: function definition is not allowed here\n{\n^\n/data/CquenceR/expression_database_0/patches/000055/src/expression_parser.c:439:1: error: function definition is not allowed here\n{\n^\n/data/CquenceR/expression_database_0/patches/000055/src/expression_parser.c:462:1: error: function definition is not allowed here\n{\n^\n/data/CquenceR/expression_database_0/patches/000055/src/expression_parser.c:672:1: error: expected '}'\n^\n/data/CquenceR/expression_database_0/patches/000055/src/expression_parser.c:72:1: note: to match this '{'\n{\n^\n/data/CquenceR/expression_database_0/patches/000055/src/expression_parser.c:672:1: error: expected '}'\n^\n/data/CquenceR/expression_database_0/patches/000055/src/expression_parser.c:69:1: note: to match this '{'\n{\n^\n19 errors generated.\n"
      ]
    },
    "742ec29b": {
      "compiles": [
        1
      ],
      "msg": [
        "/data/CquenceR/expression_database_0/patches/000056/src/expression_parser.c:71:4: error: use of undeclared identifier 'temp'; did you mean 'item'?\nif(temp==0 )\n   ^~~~\n   item\n/data/CquenceR/expression_database_0/patches/000056/src/expression_parser.c:68:40: note: 'item' declared here\nvoid cgc_push_parser_stack( tItemStack item )\n                                       ^\n/data/CquenceR/expression_database_0/patches/000056/src/expression_parser.c:71:8: error: invalid operands to binary expression ('tItemStack' (aka 'struct _RESULT_ITEM_STACK') and 'int')\nif(temp==0 )\n   ~~~~^ ~\n/data/CquenceR/expression_database_0/patches/000056/src/expression_parser.c:72:3: error: use of undeclared identifier 'temp'; did you mean 'item'?\n( temp);\n  ^~~~\n  item\n/data/CquenceR/expression_database_0/patches/000056/src/expression_parser.c:68:40: note: 'item' declared here\nvoid cgc_push_parser_stack( tItemStack item )\n                                       ^\n/data/CquenceR/expression_database_0/patches/000056/src/expression_parser.c:82:4: error: use of undeclared identifier 'temp'; did you mean 'item'?\nif(temp==0)\n   ^~~~\n   item\n/data/CquenceR/expression_database_0/patches/000056/src/expression_parser.c:68:40: note: 'item' declared here\nvoid cgc_push_parser_stack( tItemStack item )\n                                       ^\n/data/CquenceR/expression_database_0/patches/000056/src/expression_parser.c:82:8: error: invalid operands to binary expression ('tItemStack' (aka 'struct _RESULT_ITEM_STACK') and 'int')\nif(temp==0)\n   ~~~~^ ~\n5 errors generated.\n"
      ]
    },
    "9de291bf": {
      "compiles": [
        1
      ],
      "msg": [
        "/data/CquenceR/expression_database_0/patches/000057/src/expression_parser.c:71:4: error: use of undeclared identifier 'temp'; did you mean 'item'?\nif(temp==0)\n   ^~~~\n   item\n/data/CquenceR/expression_database_0/patches/000057/src/expression_parser.c:68:40: note: 'item' declared here\nvoid cgc_push_parser_stack( tItemStack item )\n                                       ^\n/data/CquenceR/expression_database_0/patches/000057/src/expression_parser.c:71:8: error: invalid operands to binary expression ('tItemStack' (aka 'struct _RESULT_ITEM_STACK') and 'int')\nif(temp==0)\n   ~~~~^ ~\n/data/CquenceR/expression_database_0/patches/000057/src/expression_parser.c:84:2: error: use of undeclared identifier 'temp'; did you mean 'item'?\n(temp);\n ^~~~\n item\n/data/CquenceR/expression_database_0/patches/000057/src/expression_parser.c:68:40: note: 'item' declared here\nvoid cgc_push_parser_stack( tItemStack item )\n                                       ^\n3 errors generated.\n"
      ]
    },
    "e4c9c176": {
      "compiles": [
        1
      ],
      "msg": [
        "/data/CquenceR/expression_database_0/patches/000058/src/expression_parser.c:71:4: error: use of undeclared identifier 'temp'; did you mean 'item'?\nif(temp==0 )\n   ^~~~\n   item\n/data/CquenceR/expression_database_0/patches/000058/src/expression_parser.c:68:40: note: 'item' declared here\nvoid cgc_push_parser_stack( tItemStack item )\n                                       ^\n/data/CquenceR/expression_database_0/patches/000058/src/expression_parser.c:71:8: error: invalid operands to binary expression ('tItemStack' (aka 'struct _RESULT_ITEM_STACK') and 'int')\nif(temp==0 )\n   ~~~~^ ~\n/data/CquenceR/expression_database_0/patches/000058/src/expression_parser.c:82:4: error: use of undeclared identifier 'temp'; did you mean 'item'?\nif(temp==0 )\n   ^~~~\n   item\n/data/CquenceR/expression_database_0/patches/000058/src/expression_parser.c:68:40: note: 'item' declared here\nvoid cgc_push_parser_stack( tItemStack item )\n                                       ^\n/data/CquenceR/expression_database_0/patches/000058/src/expression_parser.c:82:8: error: invalid operands to binary expression ('tItemStack' (aka 'struct _RESULT_ITEM_STACK') and 'int')\nif(temp==0 )\n   ~~~~^ ~\n4 errors generated.\n"
      ]
    },
    "b6136972": {
      "compiles": [
        1
      ],
      "msg": [
        "/data/CquenceR/expression_database_0/patches/000059/src/expression_parser.c:71:4: error: use of undeclared identifier 'temp'; did you mean 'item'?\nif(temp==0)\n   ^~~~\n   item\n/data/CquenceR/expression_database_0/patches/000059/src/expression_parser.c:68:40: note: 'item' declared here\nvoid cgc_push_parser_stack( tItemStack item )\n                                       ^\n/data/CquenceR/expression_database_0/patches/000059/src/expression_parser.c:71:8: error: invalid operands to binary expression ('tItemStack' (aka 'struct _RESULT_ITEM_STACK') and 'int')\nif(temp==0)\n   ~~~~^ ~\n/data/CquenceR/expression_database_0/patches/000059/src/expression_parser.c:73:8: error: expected expression\nreturn(;\n       ^\n/data/CquenceR/expression_database_0/patches/000059/src/expression_parser.c:84:4: error: use of undeclared identifier 'temp'; did you mean 'item'?\nif(temp==0 )\n   ^~~~\n   item\n/data/CquenceR/expression_database_0/patches/000059/src/expression_parser.c:68:40: note: 'item' declared here\nvoid cgc_push_parser_stack( tItemStack item )\n                                       ^\n/data/CquenceR/expression_database_0/patches/000059/src/expression_parser.c:84:8: error: invalid operands to binary expression ('tItemStack' (aka 'struct _RESULT_ITEM_STACK') and 'int')\nif(temp==0 )\n   ~~~~^ ~\n/data/CquenceR/expression_database_0/patches/000059/src/expression_parser.c:85:3: error: use of undeclared identifier 'temp'; did you mean 'item'?\n( temp);\n  ^~~~\n  item\n/data/CquenceR/expression_database_0/patches/000059/src/expression_parser.c:68:40: note: 'item' declared here\nvoid cgc_push_parser_stack( tItemStack item )\n                                       ^\n6 errors generated.\n"
      ]
    },
    "acb9580e": {
      "compiles": [
        1
      ],
      "msg": [
        "/data/CquenceR/expression_database_0/patches/000060/src/expression_parser.c:71:4: error: use of undeclared identifier 'temp'; did you mean 'item'?\nif(temp==0 )\n   ^~~~\n   item\n/data/CquenceR/expression_database_0/patches/000060/src/expression_parser.c:68:40: note: 'item' declared here\nvoid cgc_push_parser_stack( tItemStack item )\n                                       ^\n/data/CquenceR/expression_database_0/patches/000060/src/expression_parser.c:71:8: error: invalid operands to binary expression ('tItemStack' (aka 'struct _RESULT_ITEM_STACK') and 'int')\nif(temp==0 )\n   ~~~~^ ~\n/data/CquenceR/expression_database_0/patches/000060/src/expression_parser.c:82:4: error: use of undeclared identifier 'temp'; did you mean 'item'?\nif(temp==0 )\n   ^~~~\n   item\n/data/CquenceR/expression_database_0/patches/000060/src/expression_parser.c:68:40: note: 'item' declared here\nvoid cgc_push_parser_stack( tItemStack item )\n                                       ^\n/data/CquenceR/expression_database_0/patches/000060/src/expression_parser.c:82:8: error: invalid operands to binary expression ('tItemStack' (aka 'struct _RESULT_ITEM_STACK') and 'int')\nif(temp==0 )\n   ~~~~^ ~\n4 errors generated.\n"
      ]
    },
    "919c6ef0": {
      "compiles": [
        1
      ],
      "msg": [
        "/data/CquenceR/expression_database_0/patches/000061/src/expression_parser.c:71:4: error: use of undeclared identifier 'temp'; did you mean 'item'?\nif(temp==0 )\n   ^~~~\n   item\n/data/CquenceR/expression_database_0/patches/000061/src/expression_parser.c:68:40: note: 'item' declared here\nvoid cgc_push_parser_stack( tItemStack item )\n                                       ^\n/data/CquenceR/expression_database_0/patches/000061/src/expression_parser.c:71:8: error: invalid operands to binary expression ('tItemStack' (aka 'struct _RESULT_ITEM_STACK') and 'int')\nif(temp==0 )\n   ~~~~^ ~\n/data/CquenceR/expression_database_0/patches/000061/src/expression_parser.c:82:4: error: use of undeclared identifier 'temp'; did you mean 'item'?\nif(temp==0 )\n   ^~~~\n   item\n/data/CquenceR/expression_database_0/patches/000061/src/expression_parser.c:68:40: note: 'item' declared here\nvoid cgc_push_parser_stack( tItemStack item )\n                                       ^\n/data/CquenceR/expression_database_0/patches/000061/src/expression_parser.c:82:8: error: invalid operands to binary expression ('tItemStack' (aka 'struct _RESULT_ITEM_STACK') and 'int')\nif(temp==0 )\n   ~~~~^ ~\n4 errors generated.\n"
      ]
    },
    "eb4605e4": {
      "compiles": [
        1
      ],
      "msg": [
        "/data/CquenceR/expression_database_0/patches/000062/src/expression_parser.c:71:22: error: invalid operands to binary expression ('tGlobalMemoryLayout' (aka 'struct _GLOBAL_MEMORY_LAYOUT') and 'int')\nif(cgc_g_memoryGlobal==0)\n   ~~~~~~~~~~~~~~~~~~^ ~\n/data/CquenceR/expression_database_0/patches/000062/src/expression_parser.c:83:4: error: use of undeclared identifier 'temp'; did you mean 'item'?\nif(temp==0)\n   ^~~~\n   item\n/data/CquenceR/expression_database_0/patches/000062/src/expression_parser.c:68:40: note: 'item' declared here\nvoid cgc_push_parser_stack( tItemStack item )\n                                       ^\n/data/CquenceR/expression_database_0/patches/000062/src/expression_parser.c:83:8: error: invalid operands to binary expression ('tItemStack' (aka 'struct _RESULT_ITEM_STACK') and 'int')\nif(temp==0)\n   ~~~~^ ~\n/data/CquenceR/expression_database_0/patches/000062/src/expression_parser.c:110:1: error: function definition is not allowed here\n{\n^\n/data/CquenceR/expression_database_0/patches/000062/src/expression_parser.c:132:1: error: function definition is not allowed here\n{\n^\n/data/CquenceR/expression_database_0/patches/000062/src/expression_parser.c:167:1: error: function definition is not allowed here\n{\n^\n/data/CquenceR/expression_database_0/patches/000062/src/expression_parser.c:175:1: error: function definition is not allowed here\n{\n^\n/data/CquenceR/expression_database_0/patches/000062/src/expression_parser.c:183:1: error: function definition is not allowed here\n{\n^\n/data/CquenceR/expression_database_0/patches/000062/src/expression_parser.c:198:1: error: function definition is not allowed here\n{\n^\n/data/CquenceR/expression_database_0/patches/000062/src/expression_parser.c:215:1: error: function definition is not allowed here\n{\n^\n/data/CquenceR/expression_database_0/patches/000062/src/expression_parser.c:232:1: error: function definition is not allowed here\n{\n^\n/data/CquenceR/expression_database_0/patches/000062/src/expression_parser.c:240:1: error: function definition is not allowed here\n{\n^\n/data/CquenceR/expression_database_0/patches/000062/src/expression_parser.c:291:1: error: function definition is not allowed here\n{\n^\n/data/CquenceR/expression_database_0/patches/000062/src/expression_parser.c:361:1: error: function definition is not allowed here\n{\n^\n/data/CquenceR/expression_database_0/patches/000062/src/expression_parser.c:441:1: error: function definition is not allowed here\n{\n^\n/data/CquenceR/expression_database_0/patches/000062/src/expression_parser.c:464:1: error: function definition is not allowed here\n{\n^\n/data/CquenceR/expression_database_0/patches/000062/src/expression_parser.c:674:1: error: expected '}'\n^\n/data/CquenceR/expression_database_0/patches/000062/src/expression_parser.c:69:1: note: to match this '{'\n{\n^\n17 errors generated.\n"
      ]
    },
    "5b6708ea": {
      "compiles": [
        1
      ],
      "msg": [
        "/data/CquenceR/expression_database_0/patches/000063/src/expression_parser.c:71:4: error: use of undeclared identifier 'temp'; did you mean 'item'?\nif(temp==0 )\n   ^~~~\n   item\n/data/CquenceR/expression_database_0/patches/000063/src/expression_parser.c:68:40: note: 'item' declared here\nvoid cgc_push_parser_stack( tItemStack item )\n                                       ^\n/data/CquenceR/expression_database_0/patches/000063/src/expression_parser.c:71:8: error: invalid operands to binary expression ('tItemStack' (aka 'struct _RESULT_ITEM_STACK') and 'int')\nif(temp==0 )\n   ~~~~^ ~\n/data/CquenceR/expression_database_0/patches/000063/src/expression_parser.c:82:4: error: use of undeclared identifier 'temp'; did you mean 'item'?\nif(temp==0 )\n   ^~~~\n   item\n/data/CquenceR/expression_database_0/patches/000063/src/expression_parser.c:68:40: note: 'item' declared here\nvoid cgc_push_parser_stack( tItemStack item )\n                                       ^\n/data/CquenceR/expression_database_0/patches/000063/src/expression_parser.c:82:8: error: invalid operands to binary expression ('tItemStack' (aka 'struct _RESULT_ITEM_STACK') and 'int')\nif(temp==0 )\n   ~~~~^ ~\n4 errors generated.\n"
      ]
    },
    "c76c1150": {
      "compiles": [
        1
      ],
      "msg": [
        "/data/CquenceR/expression_database_0/patches/000064/src/expression_parser.c:71:4: error: use of undeclared identifier 'temp'; did you mean 'item'?\nif(temp==0 )\n   ^~~~\n   item\n/data/CquenceR/expression_database_0/patches/000064/src/expression_parser.c:68:40: note: 'item' declared here\nvoid cgc_push_parser_stack( tItemStack item )\n                                       ^\n/data/CquenceR/expression_database_0/patches/000064/src/expression_parser.c:71:8: error: invalid operands to binary expression ('tItemStack' (aka 'struct _RESULT_ITEM_STACK') and 'int')\nif(temp==0 )\n   ~~~~^ ~\n/data/CquenceR/expression_database_0/patches/000064/src/expression_parser.c:82:22: error: invalid operands to binary expression ('tGlobalMemoryLayout' (aka 'struct _GLOBAL_MEMORY_LAYOUT') and 'int')\nif(cgc_g_memoryGlobal==0)\n   ~~~~~~~~~~~~~~~~~~^ ~\n3 errors generated.\n"
      ]
    },
    "9fba0170": {
      "compiles": [
        1
      ],
      "msg": [
        "/data/CquenceR/expression_database_0/patches/000065/src/expression_parser.c:71:4: error: use of undeclared identifier 'temp'; did you mean 'item'?\nif(temp==0 )\n   ^~~~\n   item\n/data/CquenceR/expression_database_0/patches/000065/src/expression_parser.c:68:40: note: 'item' declared here\nvoid cgc_push_parser_stack( tItemStack item )\n                                       ^\n/data/CquenceR/expression_database_0/patches/000065/src/expression_parser.c:71:8: error: invalid operands to binary expression ('tItemStack' (aka 'struct _RESULT_ITEM_STACK') and 'int')\nif(temp==0 )\n   ~~~~^ ~\n/data/CquenceR/expression_database_0/patches/000065/src/expression_parser.c:82:4: error: use of undeclared identifier 'temp'; did you mean 'item'?\nif(temp<0){\n   ^~~~\n   item\n/data/CquenceR/expression_database_0/patches/000065/src/expression_parser.c:68:40: note: 'item' declared here\nvoid cgc_push_parser_stack( tItemStack item )\n                                       ^\n/data/CquenceR/expression_database_0/patches/000065/src/expression_parser.c:82:8: error: invalid operands to binary expression ('tItemStack' (aka 'struct _RESULT_ITEM_STACK') and 'int')\nif(temp<0){\n   ~~~~^~\n/data/CquenceR/expression_database_0/patches/000065/src/expression_parser.c:83:8: error: expected expression\nreturn(; \n       ^\n5 errors generated.\n"
      ]
    },
    "2b1d2000": {
      "compiles": [
        1
      ],
      "msg": [
        "/data/CquenceR/expression_database_0/patches/000066/src/expression_parser.c:71:4: error: use of undeclared identifier 'temp'; did you mean 'item'?\nif(temp<0)\n   ^~~~\n   item\n/data/CquenceR/expression_database_0/patches/000066/src/expression_parser.c:68:40: note: 'item' declared here\nvoid cgc_push_parser_stack( tItemStack item )\n                                       ^\n/data/CquenceR/expression_database_0/patches/000066/src/expression_parser.c:71:8: error: invalid operands to binary expression ('tItemStack' (aka 'struct _RESULT_ITEM_STACK') and 'int')\nif(temp<0)\n   ~~~~^~\n/data/CquenceR/expression_database_0/patches/000066/src/expression_parser.c:83:4: error: use of undeclared identifier 'temp'; did you mean 'item'?\nif(temp==0 )\n   ^~~~\n   item\n/data/CquenceR/expression_database_0/patches/000066/src/expression_parser.c:68:40: note: 'item' declared here\nvoid cgc_push_parser_stack( tItemStack item )\n                                       ^\n/data/CquenceR/expression_database_0/patches/000066/src/expression_parser.c:83:8: error: invalid operands to binary expression ('tItemStack' (aka 'struct _RESULT_ITEM_STACK') and 'int')\nif(temp==0 )\n   ~~~~^ ~\n4 errors generated.\n"
      ]
    },
    "e984a636": {
      "compiles": [
        1
      ],
      "msg": [
        "/data/CquenceR/expression_database_0/patches/000067/src/expression_parser.c:71:4: error: use of undeclared identifier 'temp'; did you mean 'item'?\nif(temp<0){\n   ^~~~\n   item\n/data/CquenceR/expression_database_0/patches/000067/src/expression_parser.c:68:40: note: 'item' declared here\nvoid cgc_push_parser_stack( tItemStack item )\n                                       ^\n/data/CquenceR/expression_database_0/patches/000067/src/expression_parser.c:71:8: error: invalid operands to binary expression ('tItemStack' (aka 'struct _RESULT_ITEM_STACK') and 'int')\nif(temp<0){\n   ~~~~^~\n/data/CquenceR/expression_database_0/patches/000067/src/expression_parser.c:72:8: error: use of undeclared identifier 'false'; did you mean 'else'?\nreturn false ; \n       ^~~~~\n       else\n/data/CquenceR/expression_database_0/patches/000067/src/expression_parser.c:72:8: error: expected expression\n/data/CquenceR/expression_database_0/patches/000067/src/expression_parser.c:83:4: error: use of undeclared identifier 'temp'; did you mean 'item'?\nif(temp==0 )\n   ^~~~\n   item\n/data/CquenceR/expression_database_0/patches/000067/src/expression_parser.c:68:40: note: 'item' declared here\nvoid cgc_push_parser_stack( tItemStack item )\n                                       ^\n/data/CquenceR/expression_database_0/patches/000067/src/expression_parser.c:83:8: error: invalid operands to binary expression ('tItemStack' (aka 'struct _RESULT_ITEM_STACK') and 'int')\nif(temp==0 )\n   ~~~~^ ~\n/data/CquenceR/expression_database_0/patches/000067/src/expression_parser.c:84:14: error: expected expression\n( tItemStack);\n             ^\n7 errors generated.\n"
      ]
    },
    "721b4b80": {
      "compiles": [
        1
      ],
      "msg": [
        "/data/CquenceR/expression_database_0/patches/000068/src/expression_parser.c:71:4: error: use of undeclared identifier 'temp'; did you mean 'item'?\nif(temp<0){\n   ^~~~\n   item\n/data/CquenceR/expression_database_0/patches/000068/src/expression_parser.c:68:40: note: 'item' declared here\nvoid cgc_push_parser_stack( tItemStack item )\n                                       ^\n/data/CquenceR/expression_database_0/patches/000068/src/expression_parser.c:71:8: error: invalid operands to binary expression ('tItemStack' (aka 'struct _RESULT_ITEM_STACK') and 'int')\nif(temp<0){\n   ~~~~^~\n/data/CquenceR/expression_database_0/patches/000068/src/expression_parser.c:72:8: error: expected expression\nreturn(; \n       ^\n3 errors generated.\n"
      ]
    },
    "100c0c6a": {
      "compiles": [
        1
      ],
      "msg": [
        "/data/CquenceR/expression_database_0/patches/000069/src/expression_parser.c:71:4: error: use of undeclared identifier 'temp'; did you mean 'item'?\nif(temp<0)\n   ^~~~\n   item\n/data/CquenceR/expression_database_0/patches/000069/src/expression_parser.c:68:40: note: 'item' declared here\nvoid cgc_push_parser_stack( tItemStack item )\n                                       ^\n/data/CquenceR/expression_database_0/patches/000069/src/expression_parser.c:71:8: error: invalid operands to binary expression ('tItemStack' (aka 'struct _RESULT_ITEM_STACK') and 'int')\nif(temp<0)\n   ~~~~^~\n/data/CquenceR/expression_database_0/patches/000069/src/expression_parser.c:73:8: error: expected expression\nreturn(; \n       ^\n/data/CquenceR/expression_database_0/patches/000069/src/expression_parser.c:84:22: error: invalid operands to binary expression ('tGlobalMemoryLayout' (aka 'struct _GLOBAL_MEMORY_LAYOUT') and 'int')\nif(cgc_g_memoryGlobal==0 )\n   ~~~~~~~~~~~~~~~~~~^ ~\n4 errors generated.\n"
      ]
    },
    "65045f2a": {
      "compiles": [
        1
      ],
      "msg": [
        "/data/CquenceR/expression_database_0/patches/000070/src/expression_parser.c:71:4: error: use of undeclared identifier 'temp'; did you mean 'item'?\nif(temp==0 )\n   ^~~~\n   item\n/data/CquenceR/expression_database_0/patches/000070/src/expression_parser.c:68:40: note: 'item' declared here\nvoid cgc_push_parser_stack( tItemStack item )\n                                       ^\n/data/CquenceR/expression_database_0/patches/000070/src/expression_parser.c:71:8: error: invalid operands to binary expression ('tItemStack' (aka 'struct _RESULT_ITEM_STACK') and 'int')\nif(temp==0 )\n   ~~~~^ ~\n/data/CquenceR/expression_database_0/patches/000070/src/expression_parser.c:72:3: error: use of undeclared identifier 'temp'; did you mean 'item'?\n( temp);\n  ^~~~\n  item\n/data/CquenceR/expression_database_0/patches/000070/src/expression_parser.c:68:40: note: 'item' declared here\nvoid cgc_push_parser_stack( tItemStack item )\n                                       ^\n/data/CquenceR/expression_database_0/patches/000070/src/expression_parser.c:82:4: error: use of undeclared identifier 'temp'; did you mean 'item'?\nif(temp==0 )\n   ^~~~\n   item\n/data/CquenceR/expression_database_0/patches/000070/src/expression_parser.c:68:40: note: 'item' declared here\nvoid cgc_push_parser_stack( tItemStack item )\n                                       ^\n/data/CquenceR/expression_database_0/patches/000070/src/expression_parser.c:82:8: error: invalid operands to binary expression ('tItemStack' (aka 'struct _RESULT_ITEM_STACK') and 'int')\nif(temp==0 )\n   ~~~~^ ~\n5 errors generated.\n"
      ]
    },
    "3aa350c3": {
      "compiles": [
        1
      ],
      "msg": [
        "/data/CquenceR/expression_database_0/patches/000071/src/expression_parser.c:71:4: error: use of undeclared identifier 'temp'; did you mean 'item'?\nif(temp==0)\n   ^~~~\n   item\n/data/CquenceR/expression_database_0/patches/000071/src/expression_parser.c:68:40: note: 'item' declared here\nvoid cgc_push_parser_stack( tItemStack item )\n                                       ^\n/data/CquenceR/expression_database_0/patches/000071/src/expression_parser.c:71:8: error: invalid operands to binary expression ('tItemStack' (aka 'struct _RESULT_ITEM_STACK') and 'int')\nif(temp==0)\n   ~~~~^ ~\n/data/CquenceR/expression_database_0/patches/000071/src/expression_parser.c:84:4: error: use of undeclared identifier 'temp'; did you mean 'item'?\nif(temp<0)\n   ^~~~\n   item\n/data/CquenceR/expression_database_0/patches/000071/src/expression_parser.c:68:40: note: 'item' declared here\nvoid cgc_push_parser_stack( tItemStack item )\n                                       ^\n/data/CquenceR/expression_database_0/patches/000071/src/expression_parser.c:84:8: error: invalid operands to binary expression ('tItemStack' (aka 'struct _RESULT_ITEM_STACK') and 'int')\nif(temp<0)\n   ~~~~^~\n/data/CquenceR/expression_database_0/patches/000071/src/expression_parser.c:85:3: error: use of undeclared identifier 'temp'; did you mean 'item'?\n( temp); \n  ^~~~\n  item\n/data/CquenceR/expression_database_0/patches/000071/src/expression_parser.c:68:40: note: 'item' declared here\nvoid cgc_push_parser_stack( tItemStack item )\n                                       ^\n5 errors generated.\n"
      ]
    },
    "258ef092": {
      "compiles": [
        1
      ],
      "msg": [
        "/data/CquenceR/expression_database_0/patches/000072/src/expression_parser.c:71:4: error: use of undeclared identifier 'temp'; did you mean 'item'?\nif(temp<0)\n   ^~~~\n   item\n/data/CquenceR/expression_database_0/patches/000072/src/expression_parser.c:68:40: note: 'item' declared here\nvoid cgc_push_parser_stack( tItemStack item )\n                                       ^\n/data/CquenceR/expression_database_0/patches/000072/src/expression_parser.c:71:8: error: invalid operands to binary expression ('tItemStack' (aka 'struct _RESULT_ITEM_STACK') and 'int')\nif(temp<0)\n   ~~~~^~\n/data/CquenceR/expression_database_0/patches/000072/src/expression_parser.c:83:4: error: use of undeclared identifier 'temp'; did you mean 'item'?\nif(temp<0)\n   ^~~~\n   item\n/data/CquenceR/expression_database_0/patches/000072/src/expression_parser.c:68:40: note: 'item' declared here\nvoid cgc_push_parser_stack( tItemStack item )\n                                       ^\n/data/CquenceR/expression_database_0/patches/000072/src/expression_parser.c:83:8: error: invalid operands to binary expression ('tItemStack' (aka 'struct _RESULT_ITEM_STACK') and 'int')\nif(temp<0)\n   ~~~~^~\n4 errors generated.\n"
      ]
    },
    "da88d652": {
      "compiles": [
        1
      ],
      "msg": [
        "/data/CquenceR/expression_database_0/patches/000073/src/expression_parser.c:71:4: error: use of undeclared identifier 'temp'; did you mean 'item'?\nif(temp<0)\n   ^~~~\n   item\n/data/CquenceR/expression_database_0/patches/000073/src/expression_parser.c:68:40: note: 'item' declared here\nvoid cgc_push_parser_stack( tItemStack item )\n                                       ^\n/data/CquenceR/expression_database_0/patches/000073/src/expression_parser.c:71:8: error: invalid operands to binary expression ('tItemStack' (aka 'struct _RESULT_ITEM_STACK') and 'int')\nif(temp<0)\n   ~~~~^~\n/data/CquenceR/expression_database_0/patches/000073/src/expression_parser.c:109:1: error: function definition is not allowed here\n{\n^\n/data/CquenceR/expression_database_0/patches/000073/src/expression_parser.c:131:1: error: function definition is not allowed here\n{\n^\n/data/CquenceR/expression_database_0/patches/000073/src/expression_parser.c:166:1: error: function definition is not allowed here\n{\n^\n/data/CquenceR/expression_database_0/patches/000073/src/expression_parser.c:174:1: error: function definition is not allowed here\n{\n^\n/data/CquenceR/expression_database_0/patches/000073/src/expression_parser.c:182:1: error: function definition is not allowed here\n{\n^\n/data/CquenceR/expression_database_0/patches/000073/src/expression_parser.c:197:1: error: function definition is not allowed here\n{\n^\n/data/CquenceR/expression_database_0/patches/000073/src/expression_parser.c:214:1: error: function definition is not allowed here\n{\n^\n/data/CquenceR/expression_database_0/patches/000073/src/expression_parser.c:231:1: error: function definition is not allowed here\n{\n^\n/data/CquenceR/expression_database_0/patches/000073/src/expression_parser.c:239:1: error: function definition is not allowed here\n{\n^\n/data/CquenceR/expression_database_0/patches/000073/src/expression_parser.c:290:1: error: function definition is not allowed here\n{\n^\n/data/CquenceR/expression_database_0/patches/000073/src/expression_parser.c:360:1: error: function definition is not allowed here\n{\n^\n/data/CquenceR/expression_database_0/patches/000073/src/expression_parser.c:440:1: error: function definition is not allowed here\n{\n^\n/data/CquenceR/expression_database_0/patches/000073/src/expression_parser.c:463:1: error: function definition is not allowed here\n{\n^\n/data/CquenceR/expression_database_0/patches/000073/src/expression_parser.c:673:1: error: expected '}'\n^\n/data/CquenceR/expression_database_0/patches/000073/src/expression_parser.c:69:1: note: to match this '{'\n{\n^\n16 errors generated.\n"
      ]
    },
    "0d9f8657": {
      "compiles": [
        1
      ],
      "msg": [
        "/data/CquenceR/expression_database_0/patches/000074/src/expression_parser.c:71:4: error: use of undeclared identifier 'temp'; did you mean 'item'?\nif(temp==0 )\n   ^~~~\n   item\n/data/CquenceR/expression_database_0/patches/000074/src/expression_parser.c:68:40: note: 'item' declared here\nvoid cgc_push_parser_stack( tItemStack item )\n                                       ^\n/data/CquenceR/expression_database_0/patches/000074/src/expression_parser.c:71:8: error: invalid operands to binary expression ('tItemStack' (aka 'struct _RESULT_ITEM_STACK') and 'int')\nif(temp==0 )\n   ~~~~^ ~\n/data/CquenceR/expression_database_0/patches/000074/src/expression_parser.c:82:4: error: use of undeclared identifier 'temp'; did you mean 'item'?\nif(temp==0)\n   ^~~~\n   item\n/data/CquenceR/expression_database_0/patches/000074/src/expression_parser.c:68:40: note: 'item' declared here\nvoid cgc_push_parser_stack( tItemStack item )\n                                       ^\n/data/CquenceR/expression_database_0/patches/000074/src/expression_parser.c:82:8: error: invalid operands to binary expression ('tItemStack' (aka 'struct _RESULT_ITEM_STACK') and 'int')\nif(temp==0)\n   ~~~~^ ~\n4 errors generated.\n"
      ]
    },
    "fa4c70e5": {
      "compiles": [
        1
      ],
      "msg": [
        "/data/CquenceR/expression_database_0/patches/000075/src/expression_parser.c:71:4: error: use of undeclared identifier 'temp'; did you mean 'item'?\nif(temp==0 )\n   ^~~~\n   item\n/data/CquenceR/expression_database_0/patches/000075/src/expression_parser.c:68:40: note: 'item' declared here\nvoid cgc_push_parser_stack( tItemStack item )\n                                       ^\n/data/CquenceR/expression_database_0/patches/000075/src/expression_parser.c:71:8: error: invalid operands to binary expression ('tItemStack' (aka 'struct _RESULT_ITEM_STACK') and 'int')\nif(temp==0 )\n   ~~~~^ ~\n/data/CquenceR/expression_database_0/patches/000075/src/expression_parser.c:82:4: error: use of undeclared identifier 'temp'; did you mean 'item'?\nif(temp==0 )\n   ^~~~\n   item\n/data/CquenceR/expression_database_0/patches/000075/src/expression_parser.c:68:40: note: 'item' declared here\nvoid cgc_push_parser_stack( tItemStack item )\n                                       ^\n/data/CquenceR/expression_database_0/patches/000075/src/expression_parser.c:82:8: error: invalid operands to binary expression ('tItemStack' (aka 'struct _RESULT_ITEM_STACK') and 'int')\nif(temp==0 )\n   ~~~~^ ~\n/data/CquenceR/expression_database_0/patches/000075/src/expression_parser.c:83:14: error: expected expression\n( tItemStack);\n             ^\n5 errors generated.\n"
      ]
    },
    "dcd26207": {
      "compiles": [
        1
      ],
      "msg": [
        "/data/CquenceR/expression_database_0/patches/000076/src/expression_parser.c:71:4: error: use of undeclared identifier 'temp'; did you mean 'item'?\nif(temp==0 )\n   ^~~~\n   item\n/data/CquenceR/expression_database_0/patches/000076/src/expression_parser.c:68:40: note: 'item' declared here\nvoid cgc_push_parser_stack( tItemStack item )\n                                       ^\n/data/CquenceR/expression_database_0/patches/000076/src/expression_parser.c:71:8: error: invalid operands to binary expression ('tItemStack' (aka 'struct _RESULT_ITEM_STACK') and 'int')\nif(temp==0 )\n   ~~~~^ ~\n/data/CquenceR/expression_database_0/patches/000076/src/expression_parser.c:82:4: error: use of undeclared identifier 'temp'; did you mean 'item'?\nif(temp==0 )\n   ^~~~\n   item\n/data/CquenceR/expression_database_0/patches/000076/src/expression_parser.c:68:40: note: 'item' declared here\nvoid cgc_push_parser_stack( tItemStack item )\n                                       ^\n/data/CquenceR/expression_database_0/patches/000076/src/expression_parser.c:82:8: error: invalid operands to binary expression ('tItemStack' (aka 'struct _RESULT_ITEM_STACK') and 'int')\nif(temp==0 )\n   ~~~~^ ~\n4 errors generated.\n"
      ]
    },
    "d61dfa93": {
      "compiles": [
        1
      ],
      "msg": [
        "/data/CquenceR/expression_database_0/patches/000077/src/expression_parser.c:71:4: error: use of undeclared identifier 'temp'; did you mean 'item'?\nif(temp<0)\n   ^~~~\n   item\n/data/CquenceR/expression_database_0/patches/000077/src/expression_parser.c:68:40: note: 'item' declared here\nvoid cgc_push_parser_stack( tItemStack item )\n                                       ^\n/data/CquenceR/expression_database_0/patches/000077/src/expression_parser.c:71:8: error: invalid operands to binary expression ('tItemStack' (aka 'struct _RESULT_ITEM_STACK') and 'int')\nif(temp<0)\n   ~~~~^~\n/data/CquenceR/expression_database_0/patches/000077/src/expression_parser.c:72:3: error: use of undeclared identifier 'temp'; did you mean 'item'?\n( temp); \n  ^~~~\n  item\n/data/CquenceR/expression_database_0/patches/000077/src/expression_parser.c:68:40: note: 'item' declared here\nvoid cgc_push_parser_stack( tItemStack item )\n                                       ^\n/data/CquenceR/expression_database_0/patches/000077/src/expression_parser.c:82:4: error: use of undeclared identifier 'temp'; did you mean 'item'?\nif(temp==0)\n   ^~~~\n   item\n/data/CquenceR/expression_database_0/patches/000077/src/expression_parser.c:68:40: note: 'item' declared here\nvoid cgc_push_parser_stack( tItemStack item )\n                                       ^\n/data/CquenceR/expression_database_0/patches/000077/src/expression_parser.c:82:8: error: invalid operands to binary expression ('tItemStack' (aka 'struct _RESULT_ITEM_STACK') and 'int')\nif(temp==0)\n   ~~~~^ ~\n5 errors generated.\n"
      ]
    },
    "a5a2f94b": {
      "compiles": [
        1
      ],
      "msg": [
        "/data/CquenceR/expression_database_0/patches/000078/src/expression_parser.c:82:4: error: use of undeclared identifier 'temp'; did you mean 'item'?\nif(temp<0)\n   ^~~~\n   item\n/data/CquenceR/expression_database_0/patches/000078/src/expression_parser.c:68:40: note: 'item' declared here\nvoid cgc_push_parser_stack( tItemStack item )\n                                       ^\n/data/CquenceR/expression_database_0/patches/000078/src/expression_parser.c:82:8: error: invalid operands to binary expression ('tItemStack' (aka 'struct _RESULT_ITEM_STACK') and 'int')\nif(temp<0)\n   ~~~~^~\n/data/CquenceR/expression_database_0/patches/000078/src/expression_parser.c:83:3: error: use of undeclared identifier 'temp'; did you mean 'item'?\n( temp); \n  ^~~~\n  item\n/data/CquenceR/expression_database_0/patches/000078/src/expression_parser.c:68:40: note: 'item' declared here\nvoid cgc_push_parser_stack( tItemStack item )\n                                       ^\n3 errors generated.\n"
      ]
    },
    "0f15171a": {
      "compiles": [
        1
      ],
      "msg": [
        "/data/CquenceR/expression_database_0/patches/000079/src/expression_parser.c:73:8: error: expected expression\nreturn(;\n       ^\n/data/CquenceR/expression_database_0/patches/000079/src/expression_parser.c:84:4: error: use of undeclared identifier 'temp'; did you mean 'item'?\nif(temp<0)\n   ^~~~\n   item\n/data/CquenceR/expression_database_0/patches/000079/src/expression_parser.c:68:40: note: 'item' declared here\nvoid cgc_push_parser_stack( tItemStack item )\n                                       ^\n/data/CquenceR/expression_database_0/patches/000079/src/expression_parser.c:84:8: error: invalid operands to binary expression ('tItemStack' (aka 'struct _RESULT_ITEM_STACK') and 'int')\nif(temp<0)\n   ~~~~^~\n/data/CquenceR/expression_database_0/patches/000079/src/expression_parser.c:86:8: error: expected expression\nreturn(; \n       ^\n4 errors generated.\n"
      ]
    },
    "b4d59fd9": {
      "compiles": [
        1
      ],
      "msg": [
        "/data/CquenceR/expression_database_0/patches/000080/src/expression_parser.c:71:4: error: use of undeclared identifier 'temp'; did you mean 'item'?\nif(temp<0)\n   ^~~~\n   item\n/data/CquenceR/expression_database_0/patches/000080/src/expression_parser.c:68:40: note: 'item' declared here\nvoid cgc_push_parser_stack( tItemStack item )\n                                       ^\n/data/CquenceR/expression_database_0/patches/000080/src/expression_parser.c:71:8: error: invalid operands to binary expression ('tItemStack' (aka 'struct _RESULT_ITEM_STACK') and 'int')\nif(temp<0)\n   ~~~~^~\n/data/CquenceR/expression_database_0/patches/000080/src/expression_parser.c:72:3: error: use of undeclared identifier 'temp'; did you mean 'item'?\n( temp); \n  ^~~~\n  item\n/data/CquenceR/expression_database_0/patches/000080/src/expression_parser.c:68:40: note: 'item' declared here\nvoid cgc_push_parser_stack( tItemStack item )\n                                       ^\n/data/CquenceR/expression_database_0/patches/000080/src/expression_parser.c:82:4: error: use of undeclared identifier 'temp'; did you mean 'item'?\nif(temp==0)\n   ^~~~\n   item\n/data/CquenceR/expression_database_0/patches/000080/src/expression_parser.c:68:40: note: 'item' declared here\nvoid cgc_push_parser_stack( tItemStack item )\n                                       ^\n/data/CquenceR/expression_database_0/patches/000080/src/expression_parser.c:82:8: error: invalid operands to binary expression ('tItemStack' (aka 'struct _RESULT_ITEM_STACK') and 'int')\nif(temp==0)\n   ~~~~^ ~\n/data/CquenceR/expression_database_0/patches/000080/src/expression_parser.c:84:8: error: expected expression\nreturn(;\n       ^\n6 errors generated.\n"
      ]
    },
    "cdd95aa1": {
      "compiles": [
        1
      ],
      "msg": [
        "/data/CquenceR/expression_database_0/patches/000081/src/expression_parser.c:71:4: error: use of undeclared identifier 'temp'; did you mean 'item'?\nif(temp<0)\n   ^~~~\n   item\n/data/CquenceR/expression_database_0/patches/000081/src/expression_parser.c:68:40: note: 'item' declared here\nvoid cgc_push_parser_stack( tItemStack item )\n                                       ^\n/data/CquenceR/expression_database_0/patches/000081/src/expression_parser.c:71:8: error: invalid operands to binary expression ('tItemStack' (aka 'struct _RESULT_ITEM_STACK') and 'int')\nif(temp<0)\n   ~~~~^~\n/data/CquenceR/expression_database_0/patches/000081/src/expression_parser.c:73:8: error: use of undeclared identifier 'false'; did you mean 'else'?\nreturn false ; \n       ^~~~~\n       else\n/data/CquenceR/expression_database_0/patches/000081/src/expression_parser.c:73:8: error: expected expression\n/data/CquenceR/expression_database_0/patches/000081/src/expression_parser.c:84:23: error: called object type 'tGlobalMemoryLayout' (aka 'struct _GLOBAL_MEMORY_LAYOUT') is not a function or function pointer\nif(!cgc_g_memoryGlobal(cgc_g_memoryGlobal))\n    ~~~~~~~~~~~~~~~~~~^\n5 errors generated.\n"
      ]
    },
    "d1f2ed40": {
      "compiles": [
        1
      ],
      "msg": [
        "/data/CquenceR/expression_database_0/patches/000082/src/expression_parser.c:73:8: error: expected expression\nreturn(; \n       ^\n/data/CquenceR/expression_database_0/patches/000082/src/expression_parser.c:84:23: error: called object type 'tGlobalMemoryLayout' (aka 'struct _GLOBAL_MEMORY_LAYOUT') is not a function or function pointer\nif(!cgc_g_memoryGlobal(cgc_g_memoryGlobal))\n    ~~~~~~~~~~~~~~~~~~^\n/data/CquenceR/expression_database_0/patches/000082/src/expression_parser.c:85:2: error: expected expression\n(];\n ^\n3 errors generated.\n"
      ]
    },
    "83119a58": {
      "compiles": [
        1
      ],
      "msg": [
        "/data/CquenceR/expression_database_0/patches/000083/src/expression_parser.c:84:4: error: use of undeclared identifier 'temp'; did you mean 'item'?\nif(temp<0){\n   ^~~~\n   item\n/data/CquenceR/expression_database_0/patches/000083/src/expression_parser.c:68:40: note: 'item' declared here\nvoid cgc_push_parser_stack( tItemStack item )\n                                       ^\n/data/CquenceR/expression_database_0/patches/000083/src/expression_parser.c:84:8: error: invalid operands to binary expression ('tItemStack' (aka 'struct _RESULT_ITEM_STACK') and 'int')\nif(temp<0){\n   ~~~~^~\n/data/CquenceR/expression_database_0/patches/000083/src/expression_parser.c:85:3: error: use of undeclared identifier 'g_parseTable'\n* g_parseTable ; \n  ^\n3 errors generated.\n"
      ]
    },
    "6987edfe": {
      "compiles": [
        1
      ],
      "msg": [
        "/data/CquenceR/expression_database_0/patches/000084/src/expression_parser.c:71:22: error: invalid operands to binary expression ('tGlobalMemoryLayout' (aka 'struct _GLOBAL_MEMORY_LAYOUT') and 'int')\nif(cgc_g_memoryGlobal==0)\n   ~~~~~~~~~~~~~~~~~~^ ~\n/data/CquenceR/expression_database_0/patches/000084/src/expression_parser.c:73:8: error: expected expression\nreturn(;\n       ^\n/data/CquenceR/expression_database_0/patches/000084/src/expression_parser.c:84:23: error: called object type 'tGlobalMemoryLayout' (aka 'struct _GLOBAL_MEMORY_LAYOUT') is not a function or function pointer\nif(!cgc_g_memoryGlobal(cgc_g_memoryGlobal))\n    ~~~~~~~~~~~~~~~~~~^\n3 errors generated.\n"
      ]
    },
    "d2285721": {
      "compiles": [
        1
      ],
      "msg": [
        "/data/CquenceR/expression_database_0/patches/000085/src/expression_parser.c:71:4: error: use of undeclared identifier 'temp'; did you mean 'item'?\nif(temp<0){\n   ^~~~\n   item\n/data/CquenceR/expression_database_0/patches/000085/src/expression_parser.c:68:40: note: 'item' declared here\nvoid cgc_push_parser_stack( tItemStack item )\n                                       ^\n/data/CquenceR/expression_database_0/patches/000085/src/expression_parser.c:71:8: error: invalid operands to binary expression ('tItemStack' (aka 'struct _RESULT_ITEM_STACK') and 'int')\nif(temp<0){\n   ~~~~^~\n/data/CquenceR/expression_database_0/patches/000085/src/expression_parser.c:72:3: error: use of undeclared identifier 'g_parseTable'\n* g_parseTable ; \n  ^\n/data/CquenceR/expression_database_0/patches/000085/src/expression_parser.c:83:23: error: called object type 'tGlobalMemoryLayout' (aka 'struct _GLOBAL_MEMORY_LAYOUT') is not a function or function pointer\nif(!cgc_g_memoryGlobal(cgc_g_memoryGlobal))\n    ~~~~~~~~~~~~~~~~~~^\n/data/CquenceR/expression_database_0/patches/000085/src/expression_parser.c:84:14: error: expected expression\n( tItemStack);\n             ^\n5 errors generated.\n"
      ]
    },
    "45a8b019": {
      "compiles": [
        1
      ],
      "msg": [
        "/data/CquenceR/expression_database_0/patches/000086/src/expression_parser.c:71:4: error: use of undeclared identifier 'temp'; did you mean 'item'?\nif(temp<0)\n   ^~~~\n   item\n/data/CquenceR/expression_database_0/patches/000086/src/expression_parser.c:68:40: note: 'item' declared here\nvoid cgc_push_parser_stack( tItemStack item )\n                                       ^\n/data/CquenceR/expression_database_0/patches/000086/src/expression_parser.c:71:8: error: invalid operands to binary expression ('tItemStack' (aka 'struct _RESULT_ITEM_STACK') and 'int')\nif(temp<0)\n   ~~~~^~\n/data/CquenceR/expression_database_0/patches/000086/src/expression_parser.c:73:8: error: expected expression\nreturn(; \n       ^\n/data/CquenceR/expression_database_0/patches/000086/src/expression_parser.c:85:4: error: use of undeclared identifier 'temp'; did you mean 'item'?\nif(temp<0 ){\n   ^~~~\n   item\n/data/CquenceR/expression_database_0/patches/000086/src/expression_parser.c:68:40: note: 'item' declared here\nvoid cgc_push_parser_stack( tItemStack item )\n                                       ^\n/data/CquenceR/expression_database_0/patches/000086/src/expression_parser.c:85:8: error: invalid operands to binary expression ('tItemStack' (aka 'struct _RESULT_ITEM_STACK') and 'int')\nif(temp<0 ){\n   ~~~~^~\n/data/CquenceR/expression_database_0/patches/000086/src/expression_parser.c:86:8: error: use of undeclared identifier 'temp'; did you mean 'item'?\nreturn(temp); \n       ^~~~\n       item\n/data/CquenceR/expression_database_0/patches/000086/src/expression_parser.c:68:40: note: 'item' declared here\nvoid cgc_push_parser_stack( tItemStack item )\n                                       ^\n/data/CquenceR/expression_database_0/patches/000086/src/expression_parser.c:86:1: error: void function 'cgc_push_parser_stack' should not return a value [-Wreturn-type]\nreturn(temp); \n^     ~~~~~~\n7 errors generated.\n"
      ]
    },
    "d11c4ad5": {
      "compiles": [
        1
      ],
      "msg": [
        "/data/CquenceR/expression_database_0/patches/000087/src/expression_parser.c:71:4: error: use of undeclared identifier 'temp'; did you mean 'item'?\nif(temp==0)\n   ^~~~\n   item\n/data/CquenceR/expression_database_0/patches/000087/src/expression_parser.c:68:40: note: 'item' declared here\nvoid cgc_push_parser_stack( tItemStack item )\n                                       ^\n/data/CquenceR/expression_database_0/patches/000087/src/expression_parser.c:71:8: error: invalid operands to binary expression ('tItemStack' (aka 'struct _RESULT_ITEM_STACK') and 'int')\nif(temp==0)\n   ~~~~^ ~\n/data/CquenceR/expression_database_0/patches/000087/src/expression_parser.c:73:8: error: expected expression\nreturn(;\n       ^\n/data/CquenceR/expression_database_0/patches/000087/src/expression_parser.c:85:4: error: use of undeclared identifier 'temp'; did you mean 'item'?\nif(temp<0 ){\n   ^~~~\n   item\n/data/CquenceR/expression_database_0/patches/000087/src/expression_parser.c:68:40: note: 'item' declared here\nvoid cgc_push_parser_stack( tItemStack item )\n                                       ^\n/data/CquenceR/expression_database_0/patches/000087/src/expression_parser.c:85:8: error: invalid operands to binary expression ('tItemStack' (aka 'struct _RESULT_ITEM_STACK') and 'int')\nif(temp<0 ){\n   ~~~~^~\n/data/CquenceR/expression_database_0/patches/000087/src/expression_parser.c:86:3: error: use of undeclared identifier 'temp'; did you mean 'item'?\n( temp); \n  ^~~~\n  item\n/data/CquenceR/expression_database_0/patches/000087/src/expression_parser.c:68:40: note: 'item' declared here\nvoid cgc_push_parser_stack( tItemStack item )\n                                       ^\n6 errors generated.\n"
      ]
    },
    "351a20a5": {
      "compiles": [
        1
      ],
      "msg": [
        "/data/CquenceR/expression_database_0/patches/000088/src/expression_parser.c:71:23: error: called object type 'tGlobalMemoryLayout' (aka 'struct _GLOBAL_MEMORY_LAYOUT') is not a function or function pointer\nif(!cgc_g_memoryGlobal(cgc_g_memoryGlobal))\n    ~~~~~~~~~~~~~~~~~~^\n/data/CquenceR/expression_database_0/patches/000088/src/expression_parser.c:82:23: error: called object type 'tGlobalMemoryLayout' (aka 'struct _GLOBAL_MEMORY_LAYOUT') is not a function or function pointer\nif(!cgc_g_memoryGlobal(cgc_g_memoryGlobal))\n    ~~~~~~~~~~~~~~~~~~^\n/data/CquenceR/expression_database_0/patches/000088/src/expression_parser.c:83:3: error: use of undeclared identifier 'temp'; did you mean 'item'?\n( temp);\n  ^~~~\n  item\n/data/CquenceR/expression_database_0/patches/000088/src/expression_parser.c:68:40: note: 'item' declared here\nvoid cgc_push_parser_stack( tItemStack item )\n                                       ^\n3 errors generated.\n"
      ]
    },
    "1be8d602": {
      "compiles": [
        1
      ],
      "msg": [
        "/data/CquenceR/expression_database_0/patches/000089/src/expression_parser.c:71:23: error: called object type 'tGlobalMemoryLayout' (aka 'struct _GLOBAL_MEMORY_LAYOUT') is not a function or function pointer\nif(!cgc_g_memoryGlobal(cgc_g_memoryGlobal))\n    ~~~~~~~~~~~~~~~~~~^\n/data/CquenceR/expression_database_0/patches/000089/src/expression_parser.c:82:23: error: called object type 'tGlobalMemoryLayout' (aka 'struct _GLOBAL_MEMORY_LAYOUT') is not a function or function pointer\nif(!cgc_g_memoryGlobal(cgc_g_memoryGlobal))\n    ~~~~~~~~~~~~~~~~~~^\n/data/CquenceR/expression_database_0/patches/000089/src/expression_parser.c:83:2: error: expected expression\n(]);\n ^\n3 errors generated.\n"
      ]
    },
    "870ac40c": {
      "compiles": [
        1
      ],
      "msg": [
        "/data/CquenceR/expression_database_0/patches/000090/src/expression_parser.c:71:4: error: use of undeclared identifier 'temp'; did you mean 'item'?\nif(temp<0)\n   ^~~~\n   item\n/data/CquenceR/expression_database_0/patches/000090/src/expression_parser.c:68:40: note: 'item' declared here\nvoid cgc_push_parser_stack( tItemStack item )\n                                       ^\n/data/CquenceR/expression_database_0/patches/000090/src/expression_parser.c:71:8: error: invalid operands to binary expression ('tItemStack' (aka 'struct _RESULT_ITEM_STACK') and 'int')\nif(temp<0)\n   ~~~~^~\n/data/CquenceR/expression_database_0/patches/000090/src/expression_parser.c:73:8: error: expected expression\nreturn(; \n       ^\n/data/CquenceR/expression_database_0/patches/000090/src/expression_parser.c:85:4: error: use of undeclared identifier 'temp'; did you mean 'item'?\nif(temp==0 ){\n   ^~~~\n   item\n/data/CquenceR/expression_database_0/patches/000090/src/expression_parser.c:68:40: note: 'item' declared here\nvoid cgc_push_parser_stack( tItemStack item )\n                                       ^\n/data/CquenceR/expression_database_0/patches/000090/src/expression_parser.c:85:8: error: invalid operands to binary expression ('tItemStack' (aka 'struct _RESULT_ITEM_STACK') and 'int')\nif(temp==0 ){\n   ~~~~^ ~\n/data/CquenceR/expression_database_0/patches/000090/src/expression_parser.c:86:3: error: use of undeclared identifier 'temp'; did you mean 'item'?\n( temp);\n  ^~~~\n  item\n/data/CquenceR/expression_database_0/patches/000090/src/expression_parser.c:68:40: note: 'item' declared here\nvoid cgc_push_parser_stack( tItemStack item )\n                                       ^\n6 errors generated.\n"
      ]
    },
    "4699335c": {
      "compiles": [
        1
      ],
      "msg": [
        "/data/CquenceR/expression_database_0/patches/000091/src/expression_parser.c:71:4: error: use of undeclared identifier 'temp'; did you mean 'item'?\nif(temp<0){\n   ^~~~\n   item\n/data/CquenceR/expression_database_0/patches/000091/src/expression_parser.c:68:40: note: 'item' declared here\nvoid cgc_push_parser_stack( tItemStack item )\n                                       ^\n/data/CquenceR/expression_database_0/patches/000091/src/expression_parser.c:71:8: error: invalid operands to binary expression ('tItemStack' (aka 'struct _RESULT_ITEM_STACK') and 'int')\nif(temp<0){\n   ~~~~^~\n/data/CquenceR/expression_database_0/patches/000091/src/expression_parser.c:72:8: error: expected expression\nreturn(; \n       ^\n/data/CquenceR/expression_database_0/patches/000091/src/expression_parser.c:84:4: error: use of undeclared identifier 'temp'; did you mean 'item'?\nif(temp<0){\n   ^~~~\n   item\n/data/CquenceR/expression_database_0/patches/000091/src/expression_parser.c:68:40: note: 'item' declared here\nvoid cgc_push_parser_stack( tItemStack item )\n                                       ^\n/data/CquenceR/expression_database_0/patches/000091/src/expression_parser.c:84:8: error: invalid operands to binary expression ('tItemStack' (aka 'struct _RESULT_ITEM_STACK') and 'int')\nif(temp<0){\n   ~~~~^~\n/data/CquenceR/expression_database_0/patches/000091/src/expression_parser.c:85:8: error: expected expression\nreturn(; \n       ^\n6 errors generated.\n"
      ]
    },
    "dbff8b4d": {
      "compiles": [
        1
      ],
      "msg": [
        "/data/CquenceR/expression_database_0/patches/000092/src/expression_parser.c:71:23: error: called object type 'tGlobalMemoryLayout' (aka 'struct _GLOBAL_MEMORY_LAYOUT') is not a function or function pointer\nif(!cgc_g_memoryGlobal(cgc_g_memoryGlobal))\n    ~~~~~~~~~~~~~~~~~~^\n/data/CquenceR/expression_database_0/patches/000092/src/expression_parser.c:72:3: error: use of undeclared identifier 'temp'; did you mean 'item'?\n( temp);\n  ^~~~\n  item\n/data/CquenceR/expression_database_0/patches/000092/src/expression_parser.c:68:40: note: 'item' declared here\nvoid cgc_push_parser_stack( tItemStack item )\n                                       ^\n/data/CquenceR/expression_database_0/patches/000092/src/expression_parser.c:82:4: error: use of undeclared identifier 'temp'; did you mean 'item'?\nif(temp<0)\n   ^~~~\n   item\n/data/CquenceR/expression_database_0/patches/000092/src/expression_parser.c:68:40: note: 'item' declared here\nvoid cgc_push_parser_stack( tItemStack item )\n                                       ^\n/data/CquenceR/expression_database_0/patches/000092/src/expression_parser.c:82:8: error: invalid operands to binary expression ('tItemStack' (aka 'struct _RESULT_ITEM_STACK') and 'int')\nif(temp<0)\n   ~~~~^~\n/data/CquenceR/expression_database_0/patches/000092/src/expression_parser.c:84:8: error: expected expression\nreturn(; \n       ^\n5 errors generated.\n"
      ]
    },
    "0c0b627f": {
      "compiles": [
        1
      ],
      "msg": [
        "/data/CquenceR/expression_database_0/patches/000093/src/expression_parser.c:71:4: error: use of undeclared identifier 'temp'; did you mean 'item'?\nif(temp<0){\n   ^~~~\n   item\n/data/CquenceR/expression_database_0/patches/000093/src/expression_parser.c:68:40: note: 'item' declared here\nvoid cgc_push_parser_stack( tItemStack item )\n                                       ^\n/data/CquenceR/expression_database_0/patches/000093/src/expression_parser.c:71:8: error: invalid operands to binary expression ('tItemStack' (aka 'struct _RESULT_ITEM_STACK') and 'int')\nif(temp<0){\n   ~~~~^~\n/data/CquenceR/expression_database_0/patches/000093/src/expression_parser.c:72:8: error: use of undeclared identifier 'false'; did you mean 'else'?\nreturn false ; \n       ^~~~~\n       else\n/data/CquenceR/expression_database_0/patches/000093/src/expression_parser.c:72:8: error: expected expression\n/data/CquenceR/expression_database_0/patches/000093/src/expression_parser.c:84:4: error: use of undeclared identifier 'temp'; did you mean 'item'?\nif(temp==0)\n   ^~~~\n   item\n/data/CquenceR/expression_database_0/patches/000093/src/expression_parser.c:68:40: note: 'item' declared here\nvoid cgc_push_parser_stack( tItemStack item )\n                                       ^\n/data/CquenceR/expression_database_0/patches/000093/src/expression_parser.c:84:8: error: invalid operands to binary expression ('tItemStack' (aka 'struct _RESULT_ITEM_STACK') and 'int')\nif(temp==0)\n   ~~~~^ ~\n/data/CquenceR/expression_database_0/patches/000093/src/expression_parser.c:86:8: error: expected expression\nreturn(;\n       ^\n7 errors generated.\n"
      ]
    },
    "0f502651": {
      "compiles": [
        1
      ],
      "msg": [
        "/data/CquenceR/expression_database_0/patches/000094/src/expression_parser.c:73:8: error: expected expression\nreturn(;\n       ^\n/data/CquenceR/expression_database_0/patches/000094/src/expression_parser.c:85:35: error: called object type 'tItemStack [20]' is not a function or function pointer\nif(!cgc_g_memoryGlobal.parseStack ())\n    ~~~~~~~~~~~~~~~~~~~~~~~~~~~~~ ^\n2 errors generated.\n"
      ]
    },
    "0bca281a": {
      "compiles": [
        1
      ],
      "msg": [
        "/data/CquenceR/expression_database_0/patches/000095/src/expression_parser.c:71:4: error: use of undeclared identifier 'temp'; did you mean 'item'?\nif(temp<0)\n   ^~~~\n   item\n/data/CquenceR/expression_database_0/patches/000095/src/expression_parser.c:68:40: note: 'item' declared here\nvoid cgc_push_parser_stack( tItemStack item )\n                                       ^\n/data/CquenceR/expression_database_0/patches/000095/src/expression_parser.c:71:8: error: invalid operands to binary expression ('tItemStack' (aka 'struct _RESULT_ITEM_STACK') and 'int')\nif(temp<0)\n   ~~~~^~\n/data/CquenceR/expression_database_0/patches/000095/src/expression_parser.c:73:3: error: use of undeclared identifier 'g_parseTable'\n* g_parseTable ; \n  ^\n/data/CquenceR/expression_database_0/patches/000095/src/expression_parser.c:84:4: error: use of undeclared identifier 'temp'; did you mean 'item'?\nif(temp<0){\n   ^~~~\n   item\n/data/CquenceR/expression_database_0/patches/000095/src/expression_parser.c:68:40: note: 'item' declared here\nvoid cgc_push_parser_stack( tItemStack item )\n                                       ^\n/data/CquenceR/expression_database_0/patches/000095/src/expression_parser.c:84:8: error: invalid operands to binary expression ('tItemStack' (aka 'struct _RESULT_ITEM_STACK') and 'int')\nif(temp<0){\n   ~~~~^~\n/data/CquenceR/expression_database_0/patches/000095/src/expression_parser.c:85:8: error: expected expression\nreturn(; \n       ^\n/data/CquenceR/expression_database_0/patches/000095/src/expression_parser.c:89:1: error: extraneous closing brace ('}')\n}\n^\n7 errors generated.\n"
      ]
    },
    "5362a1c9": {
      "compiles": [
        1
      ],
      "msg": [
        "/data/CquenceR/expression_database_0/patches/000096/src/expression_parser.c:71:4: error: use of undeclared identifier 'temp'; did you mean 'item'?\nif(temp<0){\n   ^~~~\n   item\n/data/CquenceR/expression_database_0/patches/000096/src/expression_parser.c:68:40: note: 'item' declared here\nvoid cgc_push_parser_stack( tItemStack item )\n                                       ^\n/data/CquenceR/expression_database_0/patches/000096/src/expression_parser.c:71:8: error: invalid operands to binary expression ('tItemStack' (aka 'struct _RESULT_ITEM_STACK') and 'int')\nif(temp<0){\n   ~~~~^~\n/data/CquenceR/expression_database_0/patches/000096/src/expression_parser.c:72:8: error: use of undeclared identifier 'false'; did you mean 'else'?\nreturn false ; \n       ^~~~~\n       else\n/data/CquenceR/expression_database_0/patches/000096/src/expression_parser.c:72:8: error: expected expression\n/data/CquenceR/expression_database_0/patches/000096/src/expression_parser.c:76:5: error: expected identifier or '('\n    {\n    ^\n/data/CquenceR/expression_database_0/patches/000096/src/expression_parser.c:84:1: error: expected identifier or '('\nif(!cgc_g_memoryGlobal.parseStack(cgc_g_parseStackSize))\n^\n/data/CquenceR/expression_database_0/patches/000096/src/expression_parser.c:88:1: error: extraneous closing brace ('}')\n}\n^\n7 errors generated.\n"
      ]
    },
    "1ec4428e": {
      "compiles": [
        1
      ],
      "msg": [
        "/data/CquenceR/expression_database_0/patches/000097/src/expression_parser.c:73:8: error: expected expression\nreturn(; \n       ^\n/data/CquenceR/expression_database_0/patches/000097/src/expression_parser.c:85:34: error: called object type 'tItemStack [20]' is not a function or function pointer\nif(!cgc_g_memoryGlobal.parseStack(cgc_g_memoryGlobal))\n    ~~~~~~~~~~~~~~~~~~~~~~~~~~~~~^\n2 errors generated.\n"
      ]
    },
    "48b1d0de": {
      "compiles": [
        1
      ],
      "msg": [
        "/data/CquenceR/expression_database_0/patches/000098/src/expression_parser.c:71:4: error: use of undeclared identifier 'temp'; did you mean 'item'?\nif(temp<0)\n   ^~~~\n   item\n/data/CquenceR/expression_database_0/patches/000098/src/expression_parser.c:68:40: note: 'item' declared here\nvoid cgc_push_parser_stack( tItemStack item )\n                                       ^\n/data/CquenceR/expression_database_0/patches/000098/src/expression_parser.c:71:8: error: invalid operands to binary expression ('tItemStack' (aka 'struct _RESULT_ITEM_STACK') and 'int')\nif(temp<0)\n   ~~~~^~\n/data/CquenceR/expression_database_0/patches/000098/src/expression_parser.c:73:8: error: use of undeclared identifier 'false'; did you mean 'else'?\nreturn false ; \n       ^~~~~\n       else\n/data/CquenceR/expression_database_0/patches/000098/src/expression_parser.c:73:8: error: expected expression\n/data/CquenceR/expression_database_0/patches/000098/src/expression_parser.c:85:4: error: use of undeclared identifier 'temp'; did you mean 'item'?\nif(temp<0){\n   ^~~~\n   item\n/data/CquenceR/expression_database_0/patches/000098/src/expression_parser.c:68:40: note: 'item' declared here\nvoid cgc_push_parser_stack( tItemStack item )\n                                       ^\n/data/CquenceR/expression_database_0/patches/000098/src/expression_parser.c:85:8: error: invalid operands to binary expression ('tItemStack' (aka 'struct _RESULT_ITEM_STACK') and 'int')\nif(temp<0){\n   ~~~~^~\n/data/CquenceR/expression_database_0/patches/000098/src/expression_parser.c:86:3: error: use of undeclared identifier 'g_parseTable'\n* g_parseTable ; \n  ^\n7 errors generated.\n"
      ]
    },
    "a060070d": {
      "compiles": [
        1
      ],
      "msg": [
        "/data/CquenceR/expression_database_0/patches/000099/src/expression_parser.c:71:22: error: invalid operands to binary expression ('tGlobalMemoryLayout' (aka 'struct _GLOBAL_MEMORY_LAYOUT') and 'int')\nif(cgc_g_memoryGlobal==0)\n   ~~~~~~~~~~~~~~~~~~^ ~\n/data/CquenceR/expression_database_0/patches/000099/src/expression_parser.c:73:8: error: expected expression\nreturn(;\n       ^\n/data/CquenceR/expression_database_0/patches/000099/src/expression_parser.c:85:4: error: use of undeclared identifier 'temp'; did you mean 'item'?\nif(temp<0 ){\n   ^~~~\n   item\n/data/CquenceR/expression_database_0/patches/000099/src/expression_parser.c:68:40: note: 'item' declared here\nvoid cgc_push_parser_stack( tItemStack item )\n                                       ^\n/data/CquenceR/expression_database_0/patches/000099/src/expression_parser.c:85:8: error: invalid operands to binary expression ('tItemStack' (aka 'struct _RESULT_ITEM_STACK') and 'int')\nif(temp<0 ){\n   ~~~~^~\n/data/CquenceR/expression_database_0/patches/000099/src/expression_parser.c:86:3: error: use of undeclared identifier 'temp'; did you mean 'item'?\n( temp); \n  ^~~~\n  item\n/data/CquenceR/expression_database_0/patches/000099/src/expression_parser.c:68:40: note: 'item' declared here\nvoid cgc_push_parser_stack( tItemStack item )\n                                       ^\n5 errors generated.\n"
      ]
    }
  },
  "neg_tests": 1,
  "pos_tests": 20,
  "passed_neg_tests": 0,
  "passed_pos_tests": 20,
  "failed_neg_tests": 4,
  "failed_pos_tests": 0,
  "duration": 3600.043524,
  "errors": [
    "Return code: 1",
    "Return code: 1",
    "\u001b[1;31m/data/CquenceR/expression_database_0/patches/000001/src/expression_parser.c:108:1: error: function definition is not allowed here",
    "{",
    "^",
    "/data/CquenceR/expression_database_0/patches/000001/src/expression_parser.c:130:1: error: function definition is not allowed here",
    "{",
    "^",
    "/data/CquenceR/expression_database_0/patches/000001/src/expression_parser.c:165:1: error: function definition is not allowed here",
    "{",
    "^",
    "/data/CquenceR/expression_database_0/patches/000001/src/expression_parser.c:173:1: error: function definition is not allowed here",
    "{",
    "^",
    "/data/CquenceR/expression_database_0/patches/000001/src/expression_parser.c:181:1: error: function definition is not allowed here",
    "{",
    "^",
    "/data/CquenceR/expression_database_0/patches/000001/src/expression_parser.c:196:1: error: function definition is not allowed here",
    "{",
    "^",
    "/data/CquenceR/expression_database_0/patches/000001/src/expression_parser.c:213:1: error: function definition is not allowed here",
    "{",
    "^",
    "/data/CquenceR/expression_database_0/patches/000001/src/expression_parser.c:230:1: error: function definition is not allowed here",
    "{",
    "^",
    "/data/CquenceR/expression_database_0/patches/000001/src/expression_parser.c:238:1: error: function definition is not allowed here",
    "{",
    "^",
    "/data/CquenceR/expression_database_0/patches/000001/src/expression_parser.c:289:1: error: function definition is not allowed here",
    "{",
    "^",
    "/data/CquenceR/expression_database_0/patches/000001/src/expression_parser.c:359:1: error: function definition is not allowed here",
    "{",
    "^",
    "/data/CquenceR/expression_database_0/patches/000001/src/expression_parser.c:439:1: error: function definition is not allowed here",
    "{",
    "^",
    "/data/CquenceR/expression_database_0/patches/000001/src/expression_parser.c:462:1: error: function definition is not allowed here",
    "{",
    "^",
    "/data/CquenceR/expression_database_0/patches/000001/src/expression_parser.c:672:1: error: expected '}'",
    "^",
    "/data/CquenceR/expression_database_0/patches/000001/src/expression_parser.c:69:1: note: to match this '{'",
    "{",
    "^",
    "14 errors generated.\u001b[0m",
    "",
    "Return code: 1",
    "\u001b[1;31m/data/CquenceR/expression_database_0/patches/000003/src/expression_parser.c:73:5: error: expected identifier or '('",
    "    {",
    "    ^",
    "/data/CquenceR/expression_database_0/patches/000003/src/expression_parser.c:84:1: error: extraneous closing brace ('}')",
    "}",
    "^",
    "2 errors generated.\u001b[0m",
    "",
    "\u001b[1;31m/data/CquenceR/expression_database_0/patches/000004/src/expression_parser.c:71:1: error: use of undeclared identifier 'temp'",
    "temp scriptBlocker ;",
    "^",
    "/data/CquenceR/expression_database_0/patches/000004/src/expression_parser.c:83:1: error: extraneous closing brace ('}')",
    "}",
    "^",
    "2 errors generated.\u001b[0m",
    "",
    "\u001b[1;31m/data/CquenceR/expression_database_0/patches/000005/src/expression_parser.c:71:6: error: variable has incomplete type 'void'",
    "void temp ;",
    "     ^",
    "/data/CquenceR/expression_database_0/patches/000005/src/expression_parser.c:81:8: error: expected expression",
    "return(;",
    "       ^",
    "2 errors generated.\u001b[0m",
    "",
    "\u001b[1;31m/data/CquenceR/expression_database_0/patches/000006/src/expression_parser.c:71:8: error: expected expression",
    "return(;",
    "       ^",
    "/data/CquenceR/expression_database_0/patches/000006/src/expression_parser.c:81:6: error: expected identifier or '('",
    "void(;",
    "     ^",
    "/data/CquenceR/expression_database_0/patches/000006/src/expression_parser.c:81:6: error: expected ')'",
    "/data/CquenceR/expression_database_0/patches/000006/src/expression_parser.c:81:5: note: to match this '('",
    "void(;",
    "    ^",
    "3 errors generated.\u001b[0m",
    "",
    "\u001b[1;31m/data/CquenceR/expression_database_0/patches/000007/src/expression_parser.c:81:1: error: use of undeclared identifier 'temp'",
    "temp scriptBlocker ;",
    "^",
    "/data/CquenceR/expression_database_0/patches/000007/src/expression_parser.c:107:1: error: function definition is not allowed here",
    "{",
    "^",
    "/data/CquenceR/expression_database_0/patches/000007/src/expression_parser.c:129:1: error: function definition is not allowed here",
    "{",
    "^",
    "/data/CquenceR/expression_database_0/patches/000007/src/expression_parser.c:164:1: error: function definition is not allowed here",
    "{",
    "^",
    "/data/CquenceR/expression_database_0/patches/000007/src/expression_parser.c:172:1: error: function definition is not allowed here",
    "{",
    "^",
    "/data/CquenceR/expression_database_0/patches/000007/src/expression_parser.c:180:1: error: function definition is not allowed here",
    "{",
    "^",
    "/data/CquenceR/expression_database_0/patches/000007/src/expression_parser.c:195:1: error: function definition is not allowed here",
    "{",
    "^",
    "/data/CquenceR/expression_database_0/patches/000007/src/expression_parser.c:212:1: error: function definition is not allowed here",
    "{",
    "^",
    "/data/CquenceR/expression_database_0/patches/000007/src/expression_parser.c:229:1: error: function definition is not allowed here",
    "{",
    "^",
    "/data/CquenceR/expression_database_0/patches/000007/src/expression_parser.c:237:1: error: function definition is not allowed here",
    "{",
    "^",
    "/data/CquenceR/expression_database_0/patches/000007/src/expression_parser.c:288:1: error: function definition is not allowed here",
    "{",
    "^",
    "/data/CquenceR/expression_database_0/patches/000007/src/expression_parser.c:358:1: error: function definition is not allowed here",
    "{",
    "^",
    "/data/CquenceR/expression_database_0/patches/000007/src/expression_parser.c:438:1: error: function definition is not allowed here",
    "{",
    "^",
    "/data/CquenceR/expression_database_0/patches/000007/src/expression_parser.c:461:1: error: function definition is not allowed here",
    "{",
    "^",
    "/data/CquenceR/expression_database_0/patches/000007/src/expression_parser.c:671:1: error: expected '}'",
    "^",
    "/data/CquenceR/expression_database_0/patches/000007/src/expression_parser.c:69:1: note: to match this '{'",
    "{",
    "^",
    "15 errors generated.\u001b[0m",
    "",
    "\u001b[1;31m/data/CquenceR/expression_database_0/patches/000008/src/expression_parser.c:85:1: error: expected identifier or '('",
    "}",
    "^",
    "1 error generated.\u001b[0m",
    "",
    "\u001b[1;31m/data/CquenceR/expression_database_0/patches/000009/src/expression_parser.c:71:1: error: use of undeclared identifier 'temp'",
    "temp=0 ;",
    "^",
    "1 error generated.\u001b[0m",
    "",
    "\u001b[1;31m/data/CquenceR/expression_database_0/patches/000010/src/expression_parser.c:71:6: error: variable has incomplete type 'void'",
    "void temp",
    "     ^",
    "/data/CquenceR/expression_database_0/patches/000010/src/expression_parser.c:71:10: error: expected ';' at end of declaration",
    "void temp",
    "         ^",
    "         ;",
    "/data/CquenceR/expression_database_0/patches/000010/src/expression_parser.c:671:1: error: expected '}'",
    "^",
    "/data/CquenceR/expression_database_0/patches/000010/src/expression_parser.c:69:1: note: to match this '{'",
    "{",
    "^",
    "3 errors generated.\u001b[0m",
    "",
    "\u001b[1;31m/data/CquenceR/expression_database_0/patches/000011/src/expression_parser.c:71:8: error: use of undeclared identifier 'temp'; did you mean 'item'?",
    "return temp ;",
    "       ^~~~",
    "       item",
    "/data/CquenceR/expression_database_0/patches/000011/src/expression_parser.c:68:40: note: 'item' declared here",
    "void cgc_push_parser_stack( tItemStack item )",
    "                                       ^",
    "/data/CquenceR/expression_database_0/patches/000011/src/expression_parser.c:71:1: error: void function 'cgc_push_parser_stack' should not return a value [-Wreturn-type]",
    "return temp ;",
    "^      ~~~~",
    "/data/CquenceR/expression_database_0/patches/000011/src/expression_parser.c:82:2: error: use of undeclared identifier 'temp'; did you mean 'item'?",
    "(temp);",
    " ^~~~",
    " item",
    "/data/CquenceR/expression_database_0/patches/000011/src/expression_parser.c:68:40: note: 'item' declared here",
    "void cgc_push_parser_stack( tItemStack item )",
    "                                       ^",
    "3 errors generated.\u001b[0m",
    "",
    "\u001b[1;31m/data/CquenceR/expression_database_0/patches/000012/src/expression_parser.c:71:21: error: called object type 'uint8_t' (aka 'unsigned char') is not a function or function pointer",
    "cgc_g_parseStackSize(cgc_g_memoryGlobal);",
    "~~~~~~~~~~~~~~~~~~~~^",
    "/data/CquenceR/expression_database_0/patches/000012/src/expression_parser.c:81:29: error: expected ')'",
    "return(( cgc_g_memoryGlobal);",
    "                            ^",
    "/data/CquenceR/expression_database_0/patches/000012/src/expression_parser.c:81:7: note: to match this '('",
    "return(( cgc_g_memoryGlobal);",
    "      ^",
    "/data/CquenceR/expression_database_0/patches/000012/src/expression_parser.c:81:1: error: void function 'cgc_push_parser_stack' should not return a value [-Wreturn-type]",
    "return(( cgc_g_memoryGlobal);",
    "^      ~~~~~~~~~~~~~~~~~~~~~",
    "3 errors generated.\u001b[0m",
    "",
    "\u001b[1;31m/data/CquenceR/expression_database_0/patches/000013/src/expression_parser.c:71:19: error: called object type 'tGlobalMemoryLayout' (aka 'struct _GLOBAL_MEMORY_LAYOUT') is not a function or function pointer",
    "cgc_g_memoryGlobal(cgc_g_memoryGlobal);",
    "~~~~~~~~~~~~~~~~~~^",
    "/data/CquenceR/expression_database_0/patches/000013/src/expression_parser.c:83:1: error: expected expression",
    "}",
    "^",
    "2 errors generated.\u001b[0m",
    "",
    "\u001b[1;31m/data/CquenceR/expression_database_0/patches/000014/src/expression_parser.c:71:11: error: a parameter list without types is only allowed in a function definition",
    "void temp(cgc_g_parseStackSize);",
    "          ^",
    "1 error generated.\u001b[0m",
    "",
    "\u001b[1;31m/data/CquenceR/expression_database_0/patches/000015/src/expression_parser.c:71:29: error: expected ')'",
    "return(( cgc_g_memoryGlobal);",
    "                            ^",
    "/data/CquenceR/expression_database_0/patches/000015/src/expression_parser.c:71:7: note: to match this '('",
    "return(( cgc_g_memoryGlobal);",
    "      ^",
    "/data/CquenceR/expression_database_0/patches/000015/src/expression_parser.c:71:1: error: void function 'cgc_push_parser_stack' should not return a value [-Wreturn-type]",
    "return(( cgc_g_memoryGlobal);",
    "^      ~~~~~~~~~~~~~~~~~~~~~",
    "/data/CquenceR/expression_database_0/patches/000015/src/expression_parser.c:81:7: error: expected identifier or '('",
    "void((]);",
    "      ^",
    "/data/CquenceR/expression_database_0/patches/000015/src/expression_parser.c:81:7: error: expected ')'",
    "/data/CquenceR/expression_database_0/patches/000015/src/expression_parser.c:81:6: note: to match this '('",
    "void((]);",
    "     ^",
    "/data/CquenceR/expression_database_0/patches/000015/src/expression_parser.c:81:7: error: expected ')'",
    "void((]);",
    "      ^",
    "/data/CquenceR/expression_database_0/patches/000015/src/expression_parser.c:81:5: note: to match this '('",
    "void((]);",
    "    ^",
    "5 errors generated.\u001b[0m",
    "",
    "\u001b[1;31m/data/CquenceR/expression_database_0/patches/000016/src/expression_parser.c:71:11: error: expected parameter declarator",
    "void temp(]);",
    "          ^",
    "/data/CquenceR/expression_database_0/patches/000016/src/expression_parser.c:71:11: error: expected ')'",
    "/data/CquenceR/expression_database_0/patches/000016/src/expression_parser.c:71:10: note: to match this '('",
    "void temp(]);",
    "         ^",
    "/data/CquenceR/expression_database_0/patches/000016/src/expression_parser.c:71:11: error: expected ';' at end of declaration",
    "void temp(]);",
    "          ^",
    "          ;",
    "/data/CquenceR/expression_database_0/patches/000016/src/expression_parser.c:71:12: error: expected expression",
    "void temp(]);",
    "           ^",
    "/data/CquenceR/expression_database_0/patches/000016/src/expression_parser.c:81:19: error: expected ')'",
    "void(( tItemStack);",
    "                  ^",
    "/data/CquenceR/expression_database_0/patches/000016/src/expression_parser.c:81:5: note: to match this '('",
    "void(( tItemStack);",
    "    ^",
    "/data/CquenceR/expression_database_0/patches/000016/src/expression_parser.c:81:8: error: variable has incomplete type 'void'",
    "void(( tItemStack);",
    "       ^",
    "6 errors generated.\u001b[0m",
    "",
    "\u001b[1;31m/data/CquenceR/expression_database_0/patches/000017/src/expression_parser.c:73:5: error: expected expression",
    "    {",
    "    ^",
    "1 error generated.\u001b[0m",
    "",
    "\u001b[1;31m/data/CquenceR/expression_database_0/patches/000018/src/expression_parser.c:71:11: error: expected parameter declarator",
    "void temp(];",
    "          ^",
    "/data/CquenceR/expression_database_0/patches/000018/src/expression_parser.c:71:11: error: expected ')'",
    "/data/CquenceR/expression_database_0/patches/000018/src/expression_parser.c:71:10: note: to match this '('",
    "void temp(];",
    "         ^",
    "/data/CquenceR/expression_database_0/patches/000018/src/expression_parser.c:71:11: error: extraneous ']' before ';'",
    "void temp(];",
    "          ^",
    "/data/CquenceR/expression_database_0/patches/000018/src/expression_parser.c:81:21: error: called object type 'uint8_t' (aka 'unsigned char') is not a function or function pointer",
    "cgc_g_parseStackSize(temp);",
    "~~~~~~~~~~~~~~~~~~~~^",
    "4 errors generated.\u001b[0m",
    "",
    "\u001b[1;31m/data/CquenceR/expression_database_0/patches/000019/src/expression_parser.c:81:27: error: expected ')'",
    "void(( cgc_g_memoryGlobal);",
    "                          ^",
    "/data/CquenceR/expression_database_0/patches/000019/src/expression_parser.c:81:5: note: to match this '('",
    "void(( cgc_g_memoryGlobal);",
    "    ^",
    "/data/CquenceR/expression_database_0/patches/000019/src/expression_parser.c:81:8: error: variable has incomplete type 'void'",
    "void(( cgc_g_memoryGlobal);",
    "       ^",
    "2 errors generated.\u001b[0m",
    "",
    "\u001b[1;31m/data/CquenceR/expression_database_0/patches/000020/src/expression_parser.c:74:28: error: no member named 'parseStack' in 'struct _RESULT_ITEM_STACK'",
    "        cgc_g_memoryGlobal.parseStack[cgc_g_parseStackSize] = item;",
    "        ~~~~~~~~~~~~~~~~~~ ^",
    "/data/CquenceR/expression_database_0/patches/000020/src/expression_parser.c:81:7: error: expected identifier or '('",
    "void((];",
    "      ^",
    "/data/CquenceR/expression_database_0/patches/000020/src/expression_parser.c:81:7: error: expected ')'",
    "/data/CquenceR/expression_database_0/patches/000020/src/expression_parser.c:81:6: note: to match this '('",
    "void((];",
    "     ^",
    "/data/CquenceR/expression_database_0/patches/000020/src/expression_parser.c:81:7: error: expected ')'",
    "void((];",
    "      ^",
    "/data/CquenceR/expression_database_0/patches/000020/src/expression_parser.c:81:5: note: to match this '('",
    "void((];",
    "    ^",
    "4 errors generated.\u001b[0m",
    "",
    "\u001b[1;31m/data/CquenceR/expression_database_0/patches/000021/src/expression_parser.c:71:31: error: expected ')'",
    "return(( cgc_g_parseStackSize);",
    "                              ^",
    "/data/CquenceR/expression_database_0/patches/000021/src/expression_parser.c:71:7: note: to match this '('",
    "return(( cgc_g_parseStackSize);",
    "      ^",
    "/data/CquenceR/expression_database_0/patches/000021/src/expression_parser.c:71:1: error: void function 'cgc_push_parser_stack' should not return a value [-Wreturn-type]",
    "return(( cgc_g_parseStackSize);",
    "^      ~~~~~~~~~~~~~~~~~~~~~~~",
    "/data/CquenceR/expression_database_0/patches/000021/src/expression_parser.c:83:1: error: expected expression",
    "}",
    "^",
    "/data/CquenceR/expression_database_0/patches/000021/src/expression_parser.c:107:1: error: function definition is not allowed here",
    "{",
    "^",
    "/data/CquenceR/expression_database_0/patches/000021/src/expression_parser.c:129:1: error: function definition is not allowed here",
    "{",
    "^",
    "/data/CquenceR/expression_database_0/patches/000021/src/expression_parser.c:164:1: error: function definition is not allowed here",
    "{",
    "^",
    "/data/CquenceR/expression_database_0/patches/000021/src/expression_parser.c:172:1: error: function definition is not allowed here",
    "{",
    "^",
    "/data/CquenceR/expression_database_0/patches/000021/src/expression_parser.c:180:1: error: function definition is not allowed here",
    "{",
    "^",
    "/data/CquenceR/expression_database_0/patches/000021/src/expression_parser.c:195:1: error: function definition is not allowed here",
    "{",
    "^",
    "/data/CquenceR/expression_database_0/patches/000021/src/expression_parser.c:212:1: error: function definition is not allowed here",
    "{",
    "^",
    "/data/CquenceR/expression_database_0/patches/000021/src/expression_parser.c:229:1: error: function definition is not allowed here",
    "{",
    "^",
    "/data/CquenceR/expression_database_0/patches/000021/src/expression_parser.c:237:1: error: function definition is not allowed here",
    "{",
    "^",
    "/data/CquenceR/expression_database_0/patches/000021/src/expression_parser.c:288:1: error: function definition is not allowed here",
    "{",
    "^",
    "/data/CquenceR/expression_database_0/patches/000021/src/expression_parser.c:358:1: error: function definition is not allowed here",
    "{",
    "^",
    "/data/CquenceR/expression_database_0/patches/000021/src/expression_parser.c:438:1: error: function definition is not allowed here",
    "{",
    "^",
    "/data/CquenceR/expression_database_0/patches/000021/src/expression_parser.c:461:1: error: function definition is not allowed here",
    "{",
    "^",
    "/data/CquenceR/expression_database_0/patches/000021/src/expression_parser.c:671:1: error: expected '}'",
    "^",
    "/data/CquenceR/expression_database_0/patches/000021/src/expression_parser.c:69:1: note: to match this '{'",
    "{",
    "^",
    "17 errors generated.\u001b[0m",
    "",
    "\u001b[1;31m/data/CquenceR/expression_database_0/patches/000022/src/expression_parser.c:81:1: error: use of undeclared identifier 'temp'",
    "temp)",
    "^",
    "1 error generated.\u001b[0m",
    "",
    "\u001b[1;31m/data/CquenceR/expression_database_0/patches/000023/src/expression_parser.c:81:1: error: expected ')'",
    "tItemStack(temp);",
    "^",
    "/data/CquenceR/expression_database_0/patches/000023/src/expression_parser.c:71:7: note: to match this '('",
    "return(",
    "      ^",
    "/data/CquenceR/expression_database_0/patches/000023/src/expression_parser.c:71:1: error: void function 'cgc_push_parser_stack' should not return a value [-Wreturn-type]",
    "return(",
    "^     ~",
    "2 errors generated.\u001b[0m",
    "",
    "\u001b[1;31m/data/CquenceR/expression_database_0/patches/000024/src/expression_parser.c:71:6: error: variable has incomplete type 'void'",
    "void temp ;",
    "     ^",
    "/data/CquenceR/expression_database_0/patches/000024/src/expression_parser.c:83:1: error: expected identifier or '('",
    "}",
    "^",
    "2 errors generated.\u001b[0m",
    "",
    "\u001b[1;31m/data/CquenceR/expression_database_0/patches/000025/src/expression_parser.c:71:11: error: a parameter list without types is only allowed in a function definition",
    "void temp(cgc_g_memoryGlobal);",
    "          ^",
    "/data/CquenceR/expression_database_0/patches/000025/src/expression_parser.c:81:31: error: expected ')'",
    "return(( cgc_g_parseStackSize);",
    "                              ^",
    "/data/CquenceR/expression_database_0/patches/000025/src/expression_parser.c:81:7: note: to match this '('",
    "return(( cgc_g_parseStackSize);",
    "      ^",
    "/data/CquenceR/expression_database_0/patches/000025/src/expression_parser.c:81:1: error: void function 'cgc_push_parser_stack' should not return a value [-Wreturn-type]",
    "return(( cgc_g_parseStackSize);",
    "^      ~~~~~~~~~~~~~~~~~~~~~~~",
    "3 errors generated.\u001b[0m",
    "",
    "\u001b[1;31m/data/CquenceR/expression_database_0/patches/000026/src/expression_parser.c:73:5: error: expected identifier or '('",
    "    {",
    "    ^",
    "1 error generated.\u001b[0m",
    "",
    "\u001b[1;31m/data/CquenceR/expression_database_0/patches/000027/src/expression_parser.c:71:6: error: variable has incomplete type 'void'",
    "void temp ;",
    "     ^",
    "/data/CquenceR/expression_database_0/patches/000027/src/expression_parser.c:74:5: error: expected identifier or '('",
    "    {",
    "    ^",
    "/data/CquenceR/expression_database_0/patches/000027/src/expression_parser.c:82:1: error: expected identifier or '('",
    "return(( tItemStack);",
    "^",
    "3 errors generated.\u001b[0m",
    "",
    "\u001b[1;31m/data/CquenceR/expression_database_0/patches/000028/src/expression_parser.c:71:11: error: a parameter list without types is only allowed in a function definition",
    "void temp(temp);",
    "          ^",
    "1 error generated.\u001b[0m",
    "",
    "\u001b[1;31m/data/CquenceR/expression_database_0/patches/000029/src/expression_parser.c:71:10: error: use of undeclared identifier 'temp'; did you mean 'item'?",
    "return(( temp);",
    "         ^~~~",
    "         item",
    "/data/CquenceR/expression_database_0/patches/000029/src/expression_parser.c:68:40: note: 'item' declared here",
    "void cgc_push_parser_stack( tItemStack item )",
    "                                       ^",
    "/data/CquenceR/expression_database_0/patches/000029/src/expression_parser.c:71:15: error: expected ')'",
    "return(( temp);",
    "              ^",
    "/data/CquenceR/expression_database_0/patches/000029/src/expression_parser.c:71:7: note: to match this '('",
    "return(( temp);",
    "      ^",
    "/data/CquenceR/expression_database_0/patches/000029/src/expression_parser.c:71:1: error: void function 'cgc_push_parser_stack' should not return a value [-Wreturn-type]",
    "return(( temp);",
    "^      ~~~~~~~",
    "/data/CquenceR/expression_database_0/patches/000029/src/expression_parser.c:81:13: error: expected ')'",
    "void(( temp);",
    "            ^",
    "/data/CquenceR/expression_database_0/patches/000029/src/expression_parser.c:81:5: note: to match this '('",
    "void(( temp);",
    "    ^",
    "/data/CquenceR/expression_database_0/patches/000029/src/expression_parser.c:81:8: error: variable has incomplete type 'void'",
    "void(( temp);",
    "       ^",
    "5 errors generated.\u001b[0m",
    "",
    "\u001b[1;31m/data/CquenceR/expression_database_0/patches/000030/src/expression_parser.c:72:2: error: expected expression",
    "(;",
    " ^",
    "/data/CquenceR/expression_database_0/patches/000030/src/expression_parser.c:84:1: error: expected expression",
    "/ ;",
    "^",
    "/data/CquenceR/expression_database_0/patches/000030/src/expression_parser.c:84:3: error: expected expression",
    "/ ;",
    "  ^",
    "3 errors generated.\u001b[0m",
    "",
    "\u001b[1;31m/data/CquenceR/expression_database_0/patches/000031/src/expression_parser.c:73:5: error: expected identifier or '('",
    "    {",
    "    ^",
    "1 error generated.\u001b[0m",
    "",
    "\u001b[1;31m/data/CquenceR/expression_database_0/patches/000032/src/expression_parser.c:71:21: error: expected expression",
    "return(( tItemStack);",
    "                    ^",
    "/data/CquenceR/expression_database_0/patches/000032/src/expression_parser.c:81:10: error: use of undeclared identifier 'temp'; did you mean 'item'?",
    "return(( temp);",
    "         ^~~~",
    "         item",
    "/data/CquenceR/expression_database_0/patches/000032/src/expression_parser.c:68:40: note: 'item' declared here",
    "void cgc_push_parser_stack( tItemStack item )",
    "                                       ^",
    "/data/CquenceR/expression_database_0/patches/000032/src/expression_parser.c:81:15: error: expected ')'",
    "return(( temp);",
    "              ^",
    "/data/CquenceR/expression_database_0/patches/000032/src/expression_parser.c:81:7: note: to match this '('",
    "return(( temp);",
    "      ^",
    "/data/CquenceR/expression_database_0/patches/000032/src/expression_parser.c:81:1: error: void function 'cgc_push_parser_stack' should not return a value [-Wreturn-type]",
    "return(( temp);",
    "^      ~~~~~~~",
    "4 errors generated.\u001b[0m",
    "",
    "\u001b[1;31m/data/CquenceR/expression_database_0/patches/000033/src/expression_parser.c:71:1: error: use of undeclared identifier 'temp'",
    "temp)",
    "^",
    "/data/CquenceR/expression_database_0/patches/000033/src/expression_parser.c:671:1: error: expected '}'",
    "^",
    "/data/CquenceR/expression_database_0/patches/000033/src/expression_parser.c:69:1: note: to match this '{'",
    "{",
    "^",
    "2 errors generated.\u001b[0m",
    "",
    "\u001b[1;31m/data/CquenceR/expression_database_0/patches/000034/src/expression_parser.c:73:5: error: expected parameter declarator",
    "    {",
    "    ^",
    "/data/CquenceR/expression_database_0/patches/000034/src/expression_parser.c:73:5: error: expected ')'",
    "/data/CquenceR/expression_database_0/patches/000034/src/expression_parser.c:71:10: note: to match this '('",
    "void temp(",
    "         ^",
    "/data/CquenceR/expression_database_0/patches/000034/src/expression_parser.c:81:14: error: expected ';' at end of declaration",
    "void(( void);",
    "             ^",
    "             ;",
    "3 errors generated.\u001b[0m",
    "",
    "\u001b[1;31m/data/CquenceR/expression_database_0/patches/000035/src/expression_parser.c:74:28: error: no member named 'parseStack' in 'struct _PARSER_SYMBOL_TABLE'",
    "        cgc_g_memoryGlobal.parseStack[cgc_g_parseStackSize] = item;",
    "        ~~~~~~~~~~~~~~~~~~ ^",
    "/data/CquenceR/expression_database_0/patches/000035/src/expression_parser.c:81:8: error: use of undeclared identifier 'true'",
    "return true ;",
    "       ^",
    "2 errors generated.\u001b[0m",
    "",
    "\u001b[1;31m/data/CquenceR/expression_database_0/patches/000036/src/expression_parser.c:71:6: error: variable has incomplete type 'void'",
    "void temp=0 ;",
    "     ^",
    "1 error generated.\u001b[0m",
    "",
    "\u001b[1;31m/data/CquenceR/expression_database_0/patches/000037/src/expression_parser.c:71:5: error: expected ';' after expression",
    "item scriptBlocker ;",
    "    ^",
    "    ;",
    "/data/CquenceR/expression_database_0/patches/000037/src/expression_parser.c:71:6: error: use of undeclared identifier 'scriptBlocker'",
    "item scriptBlocker ;",
    "     ^",
    "2 errors generated.\u001b[0m",
    "",
    "Return code: 1",
    "\u001b[1;31m/data/CquenceR/expression_database_0/patches/000039/src/expression_parser.c:83:2: error: use of undeclared identifier 'temp'; did you mean 'item'?",
    "(temp);",
    " ^~~~",
    " item",
    "/data/CquenceR/expression_database_0/patches/000039/src/expression_parser.c:68:40: note: 'item' declared here",
    "void cgc_push_parser_stack( tItemStack item )",
    "                                       ^",
    "1 error generated.\u001b[0m",
    "",
    "\u001b[1;31m/data/CquenceR/expression_database_0/patches/000040/src/expression_parser.c:73:1: error: expected expression",
    "}",
    "^",
    "/data/CquenceR/expression_database_0/patches/000040/src/expression_parser.c:109:1: error: function definition is not allowed here",
    "{",
    "^",
    "/data/CquenceR/expression_database_0/patches/000040/src/expression_parser.c:131:1: error: function definition is not allowed here",
    "{",
    "^",
    "/data/CquenceR/expression_database_0/patches/000040/src/expression_parser.c:166:1: error: function definition is not allowed here",
    "{",
    "^",
    "/data/CquenceR/expression_database_0/patches/000040/src/expression_parser.c:174:1: error: function definition is not allowed here",
    "{",
    "^",
    "/data/CquenceR/expression_database_0/patches/000040/src/expression_parser.c:182:1: error: function definition is not allowed here",
    "{",
    "^",
    "/data/CquenceR/expression_database_0/patches/000040/src/expression_parser.c:197:1: error: function definition is not allowed here",
    "{",
    "^",
    "/data/CquenceR/expression_database_0/patches/000040/src/expression_parser.c:214:1: error: function definition is not allowed here",
    "{",
    "^",
    "/data/CquenceR/expression_database_0/patches/000040/src/expression_parser.c:231:1: error: function definition is not allowed here",
    "{",
    "^",
    "/data/CquenceR/expression_database_0/patches/000040/src/expression_parser.c:239:1: error: function definition is not allowed here",
    "{",
    "^",
    "/data/CquenceR/expression_database_0/patches/000040/src/expression_parser.c:290:1: error: function definition is not allowed here",
    "{",
    "^",
    "/data/CquenceR/expression_database_0/patches/000040/src/expression_parser.c:360:1: error: function definition is not allowed here",
    "{",
    "^",
    "/data/CquenceR/expression_database_0/patches/000040/src/expression_parser.c:440:1: error: function definition is not allowed here",
    "{",
    "^",
    "/data/CquenceR/expression_database_0/patches/000040/src/expression_parser.c:463:1: error: function definition is not allowed here",
    "{",
    "^",
    "/data/CquenceR/expression_database_0/patches/000040/src/expression_parser.c:673:1: error: expected '}'",
    "^",
    "/data/CquenceR/expression_database_0/patches/000040/src/expression_parser.c:69:1: note: to match this '{'",
    "{",
    "^",
    "15 errors generated.\u001b[0m",
    "",
    "\u001b[1;31m/data/CquenceR/expression_database_0/patches/000041/src/expression_parser.c:71:11: error: a parameter list without types is only allowed in a function definition",
    "void temp(item);",
    "          ^",
    "/data/CquenceR/expression_database_0/patches/000041/src/expression_parser.c:81:16: error: expected ')'",
    "void(( pulling);",
    "               ^",
    "/data/CquenceR/expression_database_0/patches/000041/src/expression_parser.c:81:5: note: to match this '('",
    "void(( pulling);",
    "    ^",
    "/data/CquenceR/expression_database_0/patches/000041/src/expression_parser.c:81:8: error: variable has incomplete type 'void'",
    "void(( pulling);",
    "       ^",
    "3 errors generated.\u001b[0m",
    "",
    "\u001b[1;31m/data/CquenceR/expression_database_0/patches/000042/src/expression_parser.c:71:11: error: a parameter list without types is only allowed in a function definition",
    "void temp(pulling);",
    "          ^",
    "/data/CquenceR/expression_database_0/patches/000042/src/expression_parser.c:81:6: error: expected identifier or '('",
    "void(;",
    "     ^",
    "/data/CquenceR/expression_database_0/patches/000042/src/expression_parser.c:81:6: error: expected ')'",
    "/data/CquenceR/expression_database_0/patches/000042/src/expression_parser.c:81:5: note: to match this '('",
    "void(;",
    "    ^",
    "/data/CquenceR/expression_database_0/patches/000042/src/expression_parser.c:84:1: error: extraneous closing brace ('}')",
    "}",
    "^",
    "4 errors generated.\u001b[0m",
    "",
    "\u001b[1;31m/data/CquenceR/expression_database_0/patches/000043/src/expression_parser.c:71:1: error: void function 'cgc_push_parser_stack' should not return a value [-Wreturn-type]",
    "return(cgc_g_memoryGlobal)0 ;",
    "^     ~~~~~~~~~~~~~~~~~~~~",
    "/data/CquenceR/expression_database_0/patches/000043/src/expression_parser.c:71:27: error: expected ';' after return statement",
    "return(cgc_g_memoryGlobal)0 ;",
    "                          ^",
    "                          ;",
    "/data/CquenceR/expression_database_0/patches/000043/src/expression_parser.c:81:21: error: expected expression",
    "return(( tItemStack);",
    "                    ^",
    "3 errors generated.\u001b[0m",
    "",
    "\u001b[1;31m/data/CquenceR/expression_database_0/patches/000044/src/expression_parser.c:71:11: error: expected parameter declarator",
    "void temp(]{",
    "          ^",
    "/data/CquenceR/expression_database_0/patches/000044/src/expression_parser.c:71:11: error: expected ')'",
    "/data/CquenceR/expression_database_0/patches/000044/src/expression_parser.c:71:10: note: to match this '('",
    "void temp(]{",
    "         ^",
    "/data/CquenceR/expression_database_0/patches/000044/src/expression_parser.c:71:11: error: expected ';' at end of declaration",
    "void temp(]{",
    "          ^",
    "          ;",
    "/data/CquenceR/expression_database_0/patches/000044/src/expression_parser.c:107:1: error: function definition is not allowed here",
    "{",
    "^",
    "/data/CquenceR/expression_database_0/patches/000044/src/expression_parser.c:129:1: error: function definition is not allowed here",
    "{",
    "^",
    "/data/CquenceR/expression_database_0/patches/000044/src/expression_parser.c:164:1: error: function definition is not allowed here",
    "{",
    "^",
    "/data/CquenceR/expression_database_0/patches/000044/src/expression_parser.c:172:1: error: function definition is not allowed here",
    "{",
    "^",
    "/data/CquenceR/expression_database_0/patches/000044/src/expression_parser.c:180:1: error: function definition is not allowed here",
    "{",
    "^",
    "/data/CquenceR/expression_database_0/patches/000044/src/expression_parser.c:195:1: error: function definition is not allowed here",
    "{",
    "^",
    "/data/CquenceR/expression_database_0/patches/000044/src/expression_parser.c:212:1: error: function definition is not allowed here",
    "{",
    "^",
    "/data/CquenceR/expression_database_0/patches/000044/src/expression_parser.c:229:1: error: function definition is not allowed here",
    "{",
    "^",
    "/data/CquenceR/expression_database_0/patches/000044/src/expression_parser.c:237:1: error: function definition is not allowed here",
    "{",
    "^",
    "/data/CquenceR/expression_database_0/patches/000044/src/expression_parser.c:288:1: error: function definition is not allowed here",
    "{",
    "^",
    "/data/CquenceR/expression_database_0/patches/000044/src/expression_parser.c:358:1: error: function definition is not allowed here",
    "{",
    "^",
    "/data/CquenceR/expression_database_0/patches/000044/src/expression_parser.c:438:1: error: function definition is not allowed here",
    "{",
    "^",
    "/data/CquenceR/expression_database_0/patches/000044/src/expression_parser.c:461:1: error: function definition is not allowed here",
    "{",
    "^",
    "/data/CquenceR/expression_database_0/patches/000044/src/expression_parser.c:671:1: error: expected '}'",
    "^",
    "/data/CquenceR/expression_database_0/patches/000044/src/expression_parser.c:69:1: note: to match this '{'",
    "{",
    "^",
    "17 errors generated.\u001b[0m",
    "",
    "\u001b[1;31m/data/CquenceR/expression_database_0/patches/000045/src/expression_parser.c:71:4: error: use of undeclared identifier 'temp'; did you mean 'item'?",
    "if(temp){",
    "   ^~~~",
    "   item",
    "/data/CquenceR/expression_database_0/patches/000045/src/expression_parser.c:68:40: note: 'item' declared here",
    "void cgc_push_parser_stack( tItemStack item )",
    "                                       ^",
    "/data/CquenceR/expression_database_0/patches/000045/src/expression_parser.c:71:1: error: statement requires expression of scalar type ('tItemStack' (aka 'struct _RESULT_ITEM_STACK') invalid)",
    "if(temp){",
    "^  ~~~~",
    "/data/CquenceR/expression_database_0/patches/000045/src/expression_parser.c:82:8: error: use of undeclared identifier 'temp'; did you mean 'item'?",
    "return(temp)0 ;",
    "       ^~~~",
    "       item",
    "/data/CquenceR/expression_database_0/patches/000045/src/expression_parser.c:68:40: note: 'item' declared here",
    "void cgc_push_parser_stack( tItemStack item )",
    "                                       ^",
    "/data/CquenceR/expression_database_0/patches/000045/src/expression_parser.c:82:1: error: void function 'cgc_push_parser_stack' should not return a value [-Wreturn-type]",
    "return(temp)0 ;",
    "^     ~~~~~~",
    "/data/CquenceR/expression_database_0/patches/000045/src/expression_parser.c:82:13: error: expected ';' after return statement",
    "return(temp)0 ;",
    "            ^",
    "            ;",
    "5 errors generated.\u001b[0m",
    "",
    "\u001b[1;31m/data/CquenceR/expression_database_0/patches/000046/src/expression_parser.c:71:4: error: use of undeclared identifier 'temp'; did you mean 'item'?",
    "if(temp)",
    "   ^~~~",
    "   item",
    "/data/CquenceR/expression_database_0/patches/000046/src/expression_parser.c:68:40: note: 'item' declared here",
    "void cgc_push_parser_stack( tItemStack item )",
    "                                       ^",
    "/data/CquenceR/expression_database_0/patches/000046/src/expression_parser.c:71:1: error: statement requires expression of scalar type ('tItemStack' (aka 'struct _RESULT_ITEM_STACK') invalid)",
    "if(temp)",
    "^  ~~~~",
    "/data/CquenceR/expression_database_0/patches/000046/src/expression_parser.c:82:15: error: expected expression",
    "return(( void);",
    "              ^",
    "3 errors generated.\u001b[0m",
    "",
    "\u001b[1;31m/data/CquenceR/expression_database_0/patches/000047/src/expression_parser.c:71:11: error: expected parameter declarator",
    "void temp(]=item ;",
    "          ^",
    "/data/CquenceR/expression_database_0/patches/000047/src/expression_parser.c:71:11: error: expected ')'",
    "/data/CquenceR/expression_database_0/patches/000047/src/expression_parser.c:71:10: note: to match this '('",
    "void temp(]=item ;",
    "         ^",
    "/data/CquenceR/expression_database_0/patches/000047/src/expression_parser.c:71:11: error: expected ';' at end of declaration",
    "void temp(]=item ;",
    "          ^",
    "          ;",
    "/data/CquenceR/expression_database_0/patches/000047/src/expression_parser.c:81:1: error: use of undeclared identifier 'bool'",
    "bool temp(tItemStack);",
    "^",
    "4 errors generated.\u001b[0m",
    "",
    "\u001b[1;31m/data/CquenceR/expression_database_0/patches/000048/src/expression_parser.c:71:10: error: array has incomplete element type 'void'",
    "void temp[]=item ;",
    "         ^",
    "/data/CquenceR/expression_database_0/patches/000048/src/expression_parser.c:81:7: error: expected identifier or '('",
    "void((]{",
    "      ^",
    "/data/CquenceR/expression_database_0/patches/000048/src/expression_parser.c:81:7: error: expected ')'",
    "/data/CquenceR/expression_database_0/patches/000048/src/expression_parser.c:81:6: note: to match this '('",
    "void((]{",
    "     ^",
    "/data/CquenceR/expression_database_0/patches/000048/src/expression_parser.c:81:7: error: expected ')'",
    "void((]{",
    "      ^",
    "/data/CquenceR/expression_database_0/patches/000048/src/expression_parser.c:81:5: note: to match this '('",
    "void((]{",
    "    ^",
    "/data/CquenceR/expression_database_0/patches/000048/src/expression_parser.c:107:1: error: function definition is not allowed here",
    "{",
    "^",
    "/data/CquenceR/expression_database_0/patches/000048/src/expression_parser.c:129:1: error: function definition is not allowed here",
    "{",
    "^",
    "/data/CquenceR/expression_database_0/patches/000048/src/expression_parser.c:164:1: error: function definition is not allowed here",
    "{",
    "^",
    "/data/CquenceR/expression_database_0/patches/000048/src/expression_parser.c:172:1: error: function definition is not allowed here",
    "{",
    "^",
    "/data/CquenceR/expression_database_0/patches/000048/src/expression_parser.c:180:1: error: function definition is not allowed here",
    "{",
    "^",
    "/data/CquenceR/expression_database_0/patches/000048/src/expression_parser.c:195:1: error: function definition is not allowed here",
    "{",
    "^",
    "/data/CquenceR/expression_database_0/patches/000048/src/expression_parser.c:212:1: error: function definition is not allowed here",
    "{",
    "^",
    "/data/CquenceR/expression_database_0/patches/000048/src/expression_parser.c:229:1: error: function definition is not allowed here",
    "{",
    "^",
    "/data/CquenceR/expression_database_0/patches/000048/src/expression_parser.c:237:1: error: function definition is not allowed here",
    "{",
    "^",
    "/data/CquenceR/expression_database_0/patches/000048/src/expression_parser.c:288:1: error: function definition is not allowed here",
    "{",
    "^",
    "/data/CquenceR/expression_database_0/patches/000048/src/expression_parser.c:358:1: error: function definition is not allowed here",
    "{",
    "^",
    "/data/CquenceR/expression_database_0/patches/000048/src/expression_parser.c:438:1: error: function definition is not allowed here",
    "{",
    "^",
    "/data/CquenceR/expression_database_0/patches/000048/src/expression_parser.c:461:1: error: function definition is not allowed here",
    "{",
    "^",
    "/data/CquenceR/expression_database_0/patches/000048/src/expression_parser.c:671:1: error: expected '}'",
    "^",
    "/data/CquenceR/expression_database_0/patches/000048/src/expression_parser.c:69:1: note: to match this '{'",
    "{",
    "^",
    "18 errors generated.\u001b[0m",
    "",
    "\u001b[1;31m/data/CquenceR/expression_database_0/patches/000049/src/expression_parser.c:71:4: error: use of undeclared identifier 'temp'; did you mean 'item'?",
    "if(temp==0)",
    "   ^~~~",
    "   item",
    "/data/CquenceR/expression_database_0/patches/000049/src/expression_parser.c:68:40: note: 'item' declared here",
    "void cgc_push_parser_stack( tItemStack item )",
    "                                       ^",
    "/data/CquenceR/expression_database_0/patches/000049/src/expression_parser.c:71:8: error: invalid operands to binary expression ('tItemStack' (aka 'struct _RESULT_ITEM_STACK') and 'int')",
    "if(temp==0)",
    "   ~~~~^ ~",
    "/data/CquenceR/expression_database_0/patches/000049/src/expression_parser.c:84:2: error: use of undeclared identifier 'temp'; did you mean 'item'?",
    "(temp);",
    " ^~~~",
    " item",
    "/data/CquenceR/expression_database_0/patches/000049/src/expression_parser.c:68:40: note: 'item' declared here",
    "void cgc_push_parser_stack( tItemStack item )",
    "                                       ^",
    "3 errors generated.\u001b[0m",
    "",
    "\u001b[1;31m/data/CquenceR/expression_database_0/patches/000050/src/expression_parser.c:71:4: error: use of undeclared identifier 'temp'; did you mean 'item'?",
    "if(temp )",
    "   ^~~~",
    "   item",
    "/data/CquenceR/expression_database_0/patches/000050/src/expression_parser.c:68:40: note: 'item' declared here",
    "void cgc_push_parser_stack( tItemStack item )",
    "                                       ^",
    "/data/CquenceR/expression_database_0/patches/000050/src/expression_parser.c:71:1: error: statement requires expression of scalar type ('tItemStack' (aka 'struct _RESULT_ITEM_STACK') invalid)",
    "if(temp )",
    "^  ~~~~",
    "/data/CquenceR/expression_database_0/patches/000050/src/expression_parser.c:82:13: error: expected ')'",
    "void(( item);",
    "            ^",
    "/data/CquenceR/expression_database_0/patches/000050/src/expression_parser.c:82:5: note: to match this '('",
    "void(( item);",
    "    ^",
    "/data/CquenceR/expression_database_0/patches/000050/src/expression_parser.c:82:8: error: variable has incomplete type 'void'",
    "void(( item);",
    "       ^",
    "4 errors generated.\u001b[0m",
    "",
    "\u001b[1;31m/data/CquenceR/expression_database_0/patches/000051/src/expression_parser.c:71:4: error: use of undeclared identifier 'temp'; did you mean 'item'?",
    "if(temp )",
    "   ^~~~",
    "   item",
    "/data/CquenceR/expression_database_0/patches/000051/src/expression_parser.c:68:40: note: 'item' declared here",
    "void cgc_push_parser_stack( tItemStack item )",
    "                                       ^",
    "/data/CquenceR/expression_database_0/patches/000051/src/expression_parser.c:71:1: error: statement requires expression of scalar type ('tItemStack' (aka 'struct _RESULT_ITEM_STACK') invalid)",
    "if(temp )",
    "^  ~~~~",
    "/data/CquenceR/expression_database_0/patches/000051/src/expression_parser.c:83:1: error: expected expression",
    "/ ;",
    "^",
    "/data/CquenceR/expression_database_0/patches/000051/src/expression_parser.c:83:3: error: expected expression",
    "/ ;",
    "  ^",
    "4 errors generated.\u001b[0m",
    "",
    "\u001b[1;31m/data/CquenceR/expression_database_0/patches/000052/src/expression_parser.c:71:4: error: use of undeclared identifier 'temp'; did you mean 'item'?",
    "if(temp<0)",
    "   ^~~~",
    "   item",
    "/data/CquenceR/expression_database_0/patches/000052/src/expression_parser.c:68:40: note: 'item' declared here",
    "void cgc_push_parser_stack( tItemStack item )",
    "                                       ^",
    "/data/CquenceR/expression_database_0/patches/000052/src/expression_parser.c:71:8: error: invalid operands to binary expression ('tItemStack' (aka 'struct _RESULT_ITEM_STACK') and 'int')",
    "if(temp<0)",
    "   ~~~~^~",
    "/data/CquenceR/expression_database_0/patches/000052/src/expression_parser.c:72:8: error: use of undeclared identifier 'E_FILE_FORMAT_INVALID'",
    "return E_FILE_FORMAT_INVALID ; ",
    "       ^",
    "/data/CquenceR/expression_database_0/patches/000052/src/expression_parser.c:82:7: error: expected identifier or '('",
    "void((]=item ;",
    "      ^",
    "/data/CquenceR/expression_database_0/patches/000052/src/expression_parser.c:82:7: error: expected ')'",
    "/data/CquenceR/expression_database_0/patches/000052/src/expression_parser.c:82:6: note: to match this '('",
    "void((]=item ;",
    "     ^",
    "/data/CquenceR/expression_database_0/patches/000052/src/expression_parser.c:82:7: error: expected ')'",
    "void((]=item ;",
    "      ^",
    "/data/CquenceR/expression_database_0/patches/000052/src/expression_parser.c:82:5: note: to match this '('",
    "void((]=item ;",
    "    ^",
    "6 errors generated.\u001b[0m",
    "",
    "\u001b[1;31m/data/CquenceR/expression_database_0/patches/000053/src/expression_parser.c:71:4: error: use of undeclared identifier 'temp'; did you mean 'item'?",
    "if(temp<0)",
    "   ^~~~",
    "   item",
    "/data/CquenceR/expression_database_0/patches/000053/src/expression_parser.c:68:40: note: 'item' declared here",
    "void cgc_push_parser_stack( tItemStack item )",
    "                                       ^",
    "/data/CquenceR/expression_database_0/patches/000053/src/expression_parser.c:71:8: error: invalid operands to binary expression ('tItemStack' (aka 'struct _RESULT_ITEM_STACK') and 'int')",
    "if(temp<0)",
    "   ~~~~^~",
    "/data/CquenceR/expression_database_0/patches/000053/src/expression_parser.c:73:8: error: expected expression",
    "return(; ",
    "       ^",
    "/data/CquenceR/expression_database_0/patches/000053/src/expression_parser.c:84:8: error: expected identifier or '('",
    "void([]=item ;",
    "       ^",
    "/data/CquenceR/expression_database_0/patches/000053/src/expression_parser.c:84:8: error: expected ')'",
    "/data/CquenceR/expression_database_0/patches/000053/src/expression_parser.c:84:5: note: to match this '('",
    "void([]=item ;",
    "    ^",
    "5 errors generated.\u001b[0m",
    "",
    "\u001b[1;31m/data/CquenceR/expression_database_0/patches/000054/src/expression_parser.c:83:4: error: use of undeclared identifier 'temp'; did you mean 'item'?",
    "if(temp){",
    "   ^~~~",
    "   item",
    "/data/CquenceR/expression_database_0/patches/000054/src/expression_parser.c:68:40: note: 'item' declared here",
    "void cgc_push_parser_stack( tItemStack item )",
    "                                       ^",
    "/data/CquenceR/expression_database_0/patches/000054/src/expression_parser.c:83:1: error: statement requires expression of scalar type ('tItemStack' (aka 'struct _RESULT_ITEM_STACK') invalid)",
    "if(temp){",
    "^  ~~~~",
    "2 errors generated.\u001b[0m",
    "",
    "\u001b[1;31m/data/CquenceR/expression_database_0/patches/000055/src/expression_parser.c:71:4: error: use of undeclared identifier 'temp'; did you mean 'item'?",
    "if(temp==0)",
    "   ^~~~",
    "   item",
    "/data/CquenceR/expression_database_0/patches/000055/src/expression_parser.c:68:40: note: 'item' declared here",
    "void cgc_push_parser_stack( tItemStack item )",
    "                                       ^",
    "/data/CquenceR/expression_database_0/patches/000055/src/expression_parser.c:71:8: error: invalid operands to binary expression ('tItemStack' (aka 'struct _RESULT_ITEM_STACK') and 'int')",
    "if(temp==0)",
    "   ~~~~^ ~",
    "/data/CquenceR/expression_database_0/patches/000055/src/expression_parser.c:82:4: error: use of undeclared identifier 'temp'; did you mean 'item'?",
    "if(temp ){( cgc_g_memoryGlobal);",
    "   ^~~~",
    "   item",
    "/data/CquenceR/expression_database_0/patches/000055/src/expression_parser.c:68:40: note: 'item' declared here",
    "void cgc_push_parser_stack( tItemStack item )",
    "                                       ^",
    "/data/CquenceR/expression_database_0/patches/000055/src/expression_parser.c:82:1: error: statement requires expression of scalar type ('tItemStack' (aka 'struct _RESULT_ITEM_STACK') invalid)",
    "if(temp ){( cgc_g_memoryGlobal);",
    "^  ~~~~",
    "/data/CquenceR/expression_database_0/patches/000055/src/expression_parser.c:108:1: error: function definition is not allowed here",
    "{",
    "^",
    "/data/CquenceR/expression_database_0/patches/000055/src/expression_parser.c:130:1: error: function definition is not allowed here",
    "{",
    "^",
    "/data/CquenceR/expression_database_0/patches/000055/src/expression_parser.c:165:1: error: function definition is not allowed here",
    "{",
    "^",
    "/data/CquenceR/expression_database_0/patches/000055/src/expression_parser.c:173:1: error: function definition is not allowed here",
    "{",
    "^",
    "/data/CquenceR/expression_database_0/patches/000055/src/expression_parser.c:181:1: error: function definition is not allowed here",
    "{",
    "^",
    "/data/CquenceR/expression_database_0/patches/000055/src/expression_parser.c:196:1: error: function definition is not allowed here",
    "{",
    "^",
    "/data/CquenceR/expression_database_0/patches/000055/src/expression_parser.c:213:1: error: function definition is not allowed here",
    "{",
    "^",
    "/data/CquenceR/expression_database_0/patches/000055/src/expression_parser.c:230:1: error: function definition is not allowed here",
    "{",
    "^",
    "/data/CquenceR/expression_database_0/patches/000055/src/expression_parser.c:238:1: error: function definition is not allowed here",
    "{",
    "^",
    "/data/CquenceR/expression_database_0/patches/000055/src/expression_parser.c:289:1: error: function definition is not allowed here",
    "{",
    "^",
    "/data/CquenceR/expression_database_0/patches/000055/src/expression_parser.c:359:1: error: function definition is not allowed here",
    "{",
    "^",
    "/data/CquenceR/expression_database_0/patches/000055/src/expression_parser.c:439:1: error: function definition is not allowed here",
    "{",
    "^",
    "/data/CquenceR/expression_database_0/patches/000055/src/expression_parser.c:462:1: error: function definition is not allowed here",
    "{",
    "^",
    "/data/CquenceR/expression_database_0/patches/000055/src/expression_parser.c:672:1: error: expected '}'",
    "^",
    "/data/CquenceR/expression_database_0/patches/000055/src/expression_parser.c:72:1: note: to match this '{'",
    "{",
    "^",
    "/data/CquenceR/expression_database_0/patches/000055/src/expression_parser.c:672:1: error: expected '}'",
    "^",
    "/data/CquenceR/expression_database_0/patches/000055/src/expression_parser.c:69:1: note: to match this '{'",
    "{",
    "^",
    "19 errors generated.\u001b[0m",
    "",
    "\u001b[1;31m/data/CquenceR/expression_database_0/patches/000056/src/expression_parser.c:71:4: error: use of undeclared identifier 'temp'; did you mean 'item'?",
    "if(temp==0 )",
    "   ^~~~",
    "   item",
    "/data/CquenceR/expression_database_0/patches/000056/src/expression_parser.c:68:40: note: 'item' declared here",
    "void cgc_push_parser_stack( tItemStack item )",
    "                                       ^",
    "/data/CquenceR/expression_database_0/patches/000056/src/expression_parser.c:71:8: error: invalid operands to binary expression ('tItemStack' (aka 'struct _RESULT_ITEM_STACK') and 'int')",
    "if(temp==0 )",
    "   ~~~~^ ~",
    "/data/CquenceR/expression_database_0/patches/000056/src/expression_parser.c:72:3: error: use of undeclared identifier 'temp'; did you mean 'item'?",
    "( temp);",
    "  ^~~~",
    "  item",
    "/data/CquenceR/expression_database_0/patches/000056/src/expression_parser.c:68:40: note: 'item' declared here",
    "void cgc_push_parser_stack( tItemStack item )",
    "                                       ^",
    "/data/CquenceR/expression_database_0/patches/000056/src/expression_parser.c:82:4: error: use of undeclared identifier 'temp'; did you mean 'item'?",
    "if(temp==0)",
    "   ^~~~",
    "   item",
    "/data/CquenceR/expression_database_0/patches/000056/src/expression_parser.c:68:40: note: 'item' declared here",
    "void cgc_push_parser_stack( tItemStack item )",
    "                                       ^",
    "/data/CquenceR/expression_database_0/patches/000056/src/expression_parser.c:82:8: error: invalid operands to binary expression ('tItemStack' (aka 'struct _RESULT_ITEM_STACK') and 'int')",
    "if(temp==0)",
    "   ~~~~^ ~",
    "5 errors generated.\u001b[0m",
    "",
    "\u001b[1;31m/data/CquenceR/expression_database_0/patches/000057/src/expression_parser.c:71:4: error: use of undeclared identifier 'temp'; did you mean 'item'?",
    "if(temp==0)",
    "   ^~~~",
    "   item",
    "/data/CquenceR/expression_database_0/patches/000057/src/expression_parser.c:68:40: note: 'item' declared here",
    "void cgc_push_parser_stack( tItemStack item )",
    "                                       ^",
    "/data/CquenceR/expression_database_0/patches/000057/src/expression_parser.c:71:8: error: invalid operands to binary expression ('tItemStack' (aka 'struct _RESULT_ITEM_STACK') and 'int')",
    "if(temp==0)",
    "   ~~~~^ ~",
    "/data/CquenceR/expression_database_0/patches/000057/src/expression_parser.c:84:2: error: use of undeclared identifier 'temp'; did you mean 'item'?",
    "(temp);",
    " ^~~~",
    " item",
    "/data/CquenceR/expression_database_0/patches/000057/src/expression_parser.c:68:40: note: 'item' declared here",
    "void cgc_push_parser_stack( tItemStack item )",
    "                                       ^",
    "3 errors generated.\u001b[0m",
    "",
    "\u001b[1;31m/data/CquenceR/expression_database_0/patches/000058/src/expression_parser.c:71:4: error: use of undeclared identifier 'temp'; did you mean 'item'?",
    "if(temp==0 )",
    "   ^~~~",
    "   item",
    "/data/CquenceR/expression_database_0/patches/000058/src/expression_parser.c:68:40: note: 'item' declared here",
    "void cgc_push_parser_stack( tItemStack item )",
    "                                       ^",
    "/data/CquenceR/expression_database_0/patches/000058/src/expression_parser.c:71:8: error: invalid operands to binary expression ('tItemStack' (aka 'struct _RESULT_ITEM_STACK') and 'int')",
    "if(temp==0 )",
    "   ~~~~^ ~",
    "/data/CquenceR/expression_database_0/patches/000058/src/expression_parser.c:82:4: error: use of undeclared identifier 'temp'; did you mean 'item'?",
    "if(temp==0 )",
    "   ^~~~",
    "   item",
    "/data/CquenceR/expression_database_0/patches/000058/src/expression_parser.c:68:40: note: 'item' declared here",
    "void cgc_push_parser_stack( tItemStack item )",
    "                                       ^",
    "/data/CquenceR/expression_database_0/patches/000058/src/expression_parser.c:82:8: error: invalid operands to binary expression ('tItemStack' (aka 'struct _RESULT_ITEM_STACK') and 'int')",
    "if(temp==0 )",
    "   ~~~~^ ~",
    "4 errors generated.\u001b[0m",
    "",
    "\u001b[1;31m/data/CquenceR/expression_database_0/patches/000059/src/expression_parser.c:71:4: error: use of undeclared identifier 'temp'; did you mean 'item'?",
    "if(temp==0)",
    "   ^~~~",
    "   item",
    "/data/CquenceR/expression_database_0/patches/000059/src/expression_parser.c:68:40: note: 'item' declared here",
    "void cgc_push_parser_stack( tItemStack item )",
    "                                       ^",
    "/data/CquenceR/expression_database_0/patches/000059/src/expression_parser.c:71:8: error: invalid operands to binary expression ('tItemStack' (aka 'struct _RESULT_ITEM_STACK') and 'int')",
    "if(temp==0)",
    "   ~~~~^ ~",
    "/data/CquenceR/expression_database_0/patches/000059/src/expression_parser.c:73:8: error: expected expression",
    "return(;",
    "       ^",
    "/data/CquenceR/expression_database_0/patches/000059/src/expression_parser.c:84:4: error: use of undeclared identifier 'temp'; did you mean 'item'?",
    "if(temp==0 )",
    "   ^~~~",
    "   item",
    "/data/CquenceR/expression_database_0/patches/000059/src/expression_parser.c:68:40: note: 'item' declared here",
    "void cgc_push_parser_stack( tItemStack item )",
    "                                       ^",
    "/data/CquenceR/expression_database_0/patches/000059/src/expression_parser.c:84:8: error: invalid operands to binary expression ('tItemStack' (aka 'struct _RESULT_ITEM_STACK') and 'int')",
    "if(temp==0 )",
    "   ~~~~^ ~",
    "/data/CquenceR/expression_database_0/patches/000059/src/expression_parser.c:85:3: error: use of undeclared identifier 'temp'; did you mean 'item'?",
    "( temp);",
    "  ^~~~",
    "  item",
    "/data/CquenceR/expression_database_0/patches/000059/src/expression_parser.c:68:40: note: 'item' declared here",
    "void cgc_push_parser_stack( tItemStack item )",
    "                                       ^",
    "6 errors generated.\u001b[0m",
    "",
    "\u001b[1;31m/data/CquenceR/expression_database_0/patches/000060/src/expression_parser.c:71:4: error: use of undeclared identifier 'temp'; did you mean 'item'?",
    "if(temp==0 )",
    "   ^~~~",
    "   item",
    "/data/CquenceR/expression_database_0/patches/000060/src/expression_parser.c:68:40: note: 'item' declared here",
    "void cgc_push_parser_stack( tItemStack item )",
    "                                       ^",
    "/data/CquenceR/expression_database_0/patches/000060/src/expression_parser.c:71:8: error: invalid operands to binary expression ('tItemStack' (aka 'struct _RESULT_ITEM_STACK') and 'int')",
    "if(temp==0 )",
    "   ~~~~^ ~",
    "/data/CquenceR/expression_database_0/patches/000060/src/expression_parser.c:82:4: error: use of undeclared identifier 'temp'; did you mean 'item'?",
    "if(temp==0 )",
    "   ^~~~",
    "   item",
    "/data/CquenceR/expression_database_0/patches/000060/src/expression_parser.c:68:40: note: 'item' declared here",
    "void cgc_push_parser_stack( tItemStack item )",
    "                                       ^",
    "/data/CquenceR/expression_database_0/patches/000060/src/expression_parser.c:82:8: error: invalid operands to binary expression ('tItemStack' (aka 'struct _RESULT_ITEM_STACK') and 'int')",
    "if(temp==0 )",
    "   ~~~~^ ~",
    "4 errors generated.\u001b[0m",
    "",
    "\u001b[1;31m/data/CquenceR/expression_database_0/patches/000061/src/expression_parser.c:71:4: error: use of undeclared identifier 'temp'; did you mean 'item'?",
    "if(temp==0 )",
    "   ^~~~",
    "   item",
    "/data/CquenceR/expression_database_0/patches/000061/src/expression_parser.c:68:40: note: 'item' declared here",
    "void cgc_push_parser_stack( tItemStack item )",
    "                                       ^",
    "/data/CquenceR/expression_database_0/patches/000061/src/expression_parser.c:71:8: error: invalid operands to binary expression ('tItemStack' (aka 'struct _RESULT_ITEM_STACK') and 'int')",
    "if(temp==0 )",
    "   ~~~~^ ~",
    "/data/CquenceR/expression_database_0/patches/000061/src/expression_parser.c:82:4: error: use of undeclared identifier 'temp'; did you mean 'item'?",
    "if(temp==0 )",
    "   ^~~~",
    "   item",
    "/data/CquenceR/expression_database_0/patches/000061/src/expression_parser.c:68:40: note: 'item' declared here",
    "void cgc_push_parser_stack( tItemStack item )",
    "                                       ^",
    "/data/CquenceR/expression_database_0/patches/000061/src/expression_parser.c:82:8: error: invalid operands to binary expression ('tItemStack' (aka 'struct _RESULT_ITEM_STACK') and 'int')",
    "if(temp==0 )",
    "   ~~~~^ ~",
    "4 errors generated.\u001b[0m",
    "",
    "\u001b[1;31m/data/CquenceR/expression_database_0/patches/000062/src/expression_parser.c:71:22: error: invalid operands to binary expression ('tGlobalMemoryLayout' (aka 'struct _GLOBAL_MEMORY_LAYOUT') and 'int')",
    "if(cgc_g_memoryGlobal==0)",
    "   ~~~~~~~~~~~~~~~~~~^ ~",
    "/data/CquenceR/expression_database_0/patches/000062/src/expression_parser.c:83:4: error: use of undeclared identifier 'temp'; did you mean 'item'?",
    "if(temp==0)",
    "   ^~~~",
    "   item",
    "/data/CquenceR/expression_database_0/patches/000062/src/expression_parser.c:68:40: note: 'item' declared here",
    "void cgc_push_parser_stack( tItemStack item )",
    "                                       ^",
    "/data/CquenceR/expression_database_0/patches/000062/src/expression_parser.c:83:8: error: invalid operands to binary expression ('tItemStack' (aka 'struct _RESULT_ITEM_STACK') and 'int')",
    "if(temp==0)",
    "   ~~~~^ ~",
    "/data/CquenceR/expression_database_0/patches/000062/src/expression_parser.c:110:1: error: function definition is not allowed here",
    "{",
    "^",
    "/data/CquenceR/expression_database_0/patches/000062/src/expression_parser.c:132:1: error: function definition is not allowed here",
    "{",
    "^",
    "/data/CquenceR/expression_database_0/patches/000062/src/expression_parser.c:167:1: error: function definition is not allowed here",
    "{",
    "^",
    "/data/CquenceR/expression_database_0/patches/000062/src/expression_parser.c:175:1: error: function definition is not allowed here",
    "{",
    "^",
    "/data/CquenceR/expression_database_0/patches/000062/src/expression_parser.c:183:1: error: function definition is not allowed here",
    "{",
    "^",
    "/data/CquenceR/expression_database_0/patches/000062/src/expression_parser.c:198:1: error: function definition is not allowed here",
    "{",
    "^",
    "/data/CquenceR/expression_database_0/patches/000062/src/expression_parser.c:215:1: error: function definition is not allowed here",
    "{",
    "^",
    "/data/CquenceR/expression_database_0/patches/000062/src/expression_parser.c:232:1: error: function definition is not allowed here",
    "{",
    "^",
    "/data/CquenceR/expression_database_0/patches/000062/src/expression_parser.c:240:1: error: function definition is not allowed here",
    "{",
    "^",
    "/data/CquenceR/expression_database_0/patches/000062/src/expression_parser.c:291:1: error: function definition is not allowed here",
    "{",
    "^",
    "/data/CquenceR/expression_database_0/patches/000062/src/expression_parser.c:361:1: error: function definition is not allowed here",
    "{",
    "^",
    "/data/CquenceR/expression_database_0/patches/000062/src/expression_parser.c:441:1: error: function definition is not allowed here",
    "{",
    "^",
    "/data/CquenceR/expression_database_0/patches/000062/src/expression_parser.c:464:1: error: function definition is not allowed here",
    "{",
    "^",
    "/data/CquenceR/expression_database_0/patches/000062/src/expression_parser.c:674:1: error: expected '}'",
    "^",
    "/data/CquenceR/expression_database_0/patches/000062/src/expression_parser.c:69:1: note: to match this '{'",
    "{",
    "^",
    "17 errors generated.\u001b[0m",
    "",
    "\u001b[1;31m/data/CquenceR/expression_database_0/patches/000063/src/expression_parser.c:71:4: error: use of undeclared identifier 'temp'; did you mean 'item'?",
    "if(temp==0 )",
    "   ^~~~",
    "   item",
    "/data/CquenceR/expression_database_0/patches/000063/src/expression_parser.c:68:40: note: 'item' declared here",
    "void cgc_push_parser_stack( tItemStack item )",
    "                                       ^",
    "/data/CquenceR/expression_database_0/patches/000063/src/expression_parser.c:71:8: error: invalid operands to binary expression ('tItemStack' (aka 'struct _RESULT_ITEM_STACK') and 'int')",
    "if(temp==0 )",
    "   ~~~~^ ~",
    "/data/CquenceR/expression_database_0/patches/000063/src/expression_parser.c:82:4: error: use of undeclared identifier 'temp'; did you mean 'item'?",
    "if(temp==0 )",
    "   ^~~~",
    "   item",
    "/data/CquenceR/expression_database_0/patches/000063/src/expression_parser.c:68:40: note: 'item' declared here",
    "void cgc_push_parser_stack( tItemStack item )",
    "                                       ^",
    "/data/CquenceR/expression_database_0/patches/000063/src/expression_parser.c:82:8: error: invalid operands to binary expression ('tItemStack' (aka 'struct _RESULT_ITEM_STACK') and 'int')",
    "if(temp==0 )",
    "   ~~~~^ ~",
    "4 errors generated.\u001b[0m",
    "",
    "\u001b[1;31m/data/CquenceR/expression_database_0/patches/000064/src/expression_parser.c:71:4: error: use of undeclared identifier 'temp'; did you mean 'item'?",
    "if(temp==0 )",
    "   ^~~~",
    "   item",
    "/data/CquenceR/expression_database_0/patches/000064/src/expression_parser.c:68:40: note: 'item' declared here",
    "void cgc_push_parser_stack( tItemStack item )",
    "                                       ^",
    "/data/CquenceR/expression_database_0/patches/000064/src/expression_parser.c:71:8: error: invalid operands to binary expression ('tItemStack' (aka 'struct _RESULT_ITEM_STACK') and 'int')",
    "if(temp==0 )",
    "   ~~~~^ ~",
    "/data/CquenceR/expression_database_0/patches/000064/src/expression_parser.c:82:22: error: invalid operands to binary expression ('tGlobalMemoryLayout' (aka 'struct _GLOBAL_MEMORY_LAYOUT') and 'int')",
    "if(cgc_g_memoryGlobal==0)",
    "   ~~~~~~~~~~~~~~~~~~^ ~",
    "3 errors generated.\u001b[0m",
    "",
    "\u001b[1;31m/data/CquenceR/expression_database_0/patches/000065/src/expression_parser.c:71:4: error: use of undeclared identifier 'temp'; did you mean 'item'?",
    "if(temp==0 )",
    "   ^~~~",
    "   item",
    "/data/CquenceR/expression_database_0/patches/000065/src/expression_parser.c:68:40: note: 'item' declared here",
    "void cgc_push_parser_stack( tItemStack item )",
    "                                       ^",
    "/data/CquenceR/expression_database_0/patches/000065/src/expression_parser.c:71:8: error: invalid operands to binary expression ('tItemStack' (aka 'struct _RESULT_ITEM_STACK') and 'int')",
    "if(temp==0 )",
    "   ~~~~^ ~",
    "/data/CquenceR/expression_database_0/patches/000065/src/expression_parser.c:82:4: error: use of undeclared identifier 'temp'; did you mean 'item'?",
    "if(temp<0){",
    "   ^~~~",
    "   item",
    "/data/CquenceR/expression_database_0/patches/000065/src/expression_parser.c:68:40: note: 'item' declared here",
    "void cgc_push_parser_stack( tItemStack item )",
    "                                       ^",
    "/data/CquenceR/expression_database_0/patches/000065/src/expression_parser.c:82:8: error: invalid operands to binary expression ('tItemStack' (aka 'struct _RESULT_ITEM_STACK') and 'int')",
    "if(temp<0){",
    "   ~~~~^~",
    "/data/CquenceR/expression_database_0/patches/000065/src/expression_parser.c:83:8: error: expected expression",
    "return(; ",
    "       ^",
    "5 errors generated.\u001b[0m",
    "",
    "\u001b[1;31m/data/CquenceR/expression_database_0/patches/000066/src/expression_parser.c:71:4: error: use of undeclared identifier 'temp'; did you mean 'item'?",
    "if(temp<0)",
    "   ^~~~",
    "   item",
    "/data/CquenceR/expression_database_0/patches/000066/src/expression_parser.c:68:40: note: 'item' declared here",
    "void cgc_push_parser_stack( tItemStack item )",
    "                                       ^",
    "/data/CquenceR/expression_database_0/patches/000066/src/expression_parser.c:71:8: error: invalid operands to binary expression ('tItemStack' (aka 'struct _RESULT_ITEM_STACK') and 'int')",
    "if(temp<0)",
    "   ~~~~^~",
    "/data/CquenceR/expression_database_0/patches/000066/src/expression_parser.c:83:4: error: use of undeclared identifier 'temp'",
    "Unexpected crash",
    "Unexpected crash",
    "Unexpected crash",
    "Unexpected crash",
    "Unexpected crash",
    "Unexpected crash",
    "Unexpected crash",
    "Unexpected crash",
    "Unexpected crash",
    "Unexpected crash",
    "Unexpected crash",
    "Unexpected crash",
    "Unexpected crash",
    "Unexpected crash",
    "Unexpected crash",
    "Unexpected crash",
    "Unexpected crash",
    "Unexpected crash",
    "Unexpected crash",
    "Unexpected crash",
    "Unexpected crash",
    "Unexpected crash",
    "Unexpected crash",
    "Unexpected crash",
    "Unexpected crash",
    "Unexpected crash",
    "Unexpected crash",
    "Unexpected crash",
    "Unexpected crash",
    "Unexpected crash",
    "Unexpected crash",
    "Unexpected crash",
    "Unexpected crash",
    "Unexpected crash",
    "Unexpected crash",
    "Unexpected crash",
    "Unexpected crash",
    "Unexpected crash",
    "Unexpected crash",
    "Unexpected crash",
    "Unexpected crash",
    "Unexpected crash",
    "Unexpected crash",
    "Unexpected crash",
    "Unexpected crash",
    "Unexpected crash",
    "Unexpected crash",
    "Unexpected crash",
    "Unexpected crash",
    "Unexpected crash",
    "Unexpected crash",
    "Unexpected crash",
    "Unexpected crash",
    "Unexpected crash",
    "Unexpected crash",
    "Unexpected crash",
    "Unexpected crash",
    "Unexpected crash",
    "Unexpected crash",
    "Unexpected crash",
    "Unexpected crash",
    "Unexpected crash",
    "Unexpected crash",
    "Unexpected crash",
    "Unexpected crash",
    "Unexpected crash",
    "Unexpected crash",
    "Unexpected crash",
    "Unexpected crash",
    "Unexpected crash",
    "Unexpected crash",
    "Unexpected crash",
    "Unexpected crash",
    "Unexpected crash",
    "Unexpected crash",
    "Unexpected crash",
    "Unexpected crash",
    "Unexpected crash",
    "Unexpected crash",
    "Unexpected crash",
    "Unexpected crash",
    "Unexpected crash",
    "Unexpected crash",
    "Unexpected crash",
    "Unexpected crash",
    "Unexpected crash",
    "Unexpected crash",
    "Unexpected crash",
    "Unexpected crash",
    "Unexpected crash",
    "Unexpected crash",
    "Unexpected crash",
    "Unexpected crash",
    "Unexpected crash",
    "Unexpected crash",
    "Unexpected crash",
    "Unexpected crash",
    "Unexpected crash",
    "Unexpected crash"
  ]
}